3.4496 	WARNING 	We strongly recommend you activate the PTB sound engine in PsychoPy prefs as the preferred audio engine. Its timing is vastly superior. Your prefs are currently set to use ['sounddevice', 'PTB', 'pyo', 'pygame'] (in that order).
12.8088 	EXP 	Created window1 = Window(allowGUI=True, allowStencil=False, autoLog=True, backendConf=UNKNOWN, bitsMode=UNKNOWN, blendMode='avg', bpc=(8, 8, 8), color=array([0, 0, 0]), colorSpace='rgb', depthBits=8, fullscr=<method-wrapper '__getattribute__' of attributeSetter object at 0x00000220FBEAFD30>, gamma=None, gammaErrorPolicy='raise', lms=UNKNOWN, monitor=<psychopy.monitors.calibTools.Monitor object at 0x00000220FBF14390>, multiSample=False, name='window1', numSamples=2, pos=[810.0, 290.0], screen=0, size=array([300, 500]), stencilBits=0, stereo=False, units='height', useFBO=True, useRetina=False, viewOri=0.0, viewPos=None, viewScale=None, waitBlanking=True, winType='pyglet')
12.8091 	EXP 	window1: mouseVisible = True
12.8092 	EXP 	window1: recordFrameIntervals = False
12.9737 	EXP 	window1: recordFrameIntervals = True
13.1578 	EXP 	window1: recordFrameIntervals = False
13.5972 	EXP 	Sound sound_exposure set volume 1.000
13.6049 	EXP 	Imported stimuli.xlsx as conditions, 50 conditions, 2 params
13.6057 	EXP 	Created sequence: random, trialTypes=50, nReps=1, seed=None
13.6059 	EXP 	New trial (rep=0, index=0): {'word_stimuli': 'sounds/droite.ogg', 'isi': 0.7}
15.0960 	EXP 	New trial (rep=0, index=1): {'word_stimuli': 'sounds/gauche.ogg', 'isi': 0.7}
16.5949 	EXP 	New trial (rep=0, index=2): {'word_stimuli': 'sounds/gauche.ogg', 'isi': 0.7}
17.6796 	WARNING 	Got keycode {} but that code isn't yet known
17.6796 	WARNING 	Keypress was given unknown key code (176)
18.0959 	EXP 	New trial (rep=0, index=3): {'word_stimuli': 'sounds/gauche.ogg', 'isi': 0.7}
18.2077 	WARNING 	Got keycode {} but that code isn't yet known
18.2078 	WARNING 	Keypress was given unknown key code (174)
18.5785 	WARNING 	Got keycode {} but that code isn't yet known
18.5786 	WARNING 	Keypress was given unknown key code (174)
19.6082 	EXP 	New trial (rep=0, index=4): {'word_stimuli': 'sounds/gauche.ogg', 'isi': 0.7}
21.0968 	EXP 	New trial (rep=0, index=5): {'word_stimuli': 'sounds/gauche.ogg', 'isi': 0.7}
21.9921 	WARNING 	Got keycode {} but that code isn't yet known
21.9922 	WARNING 	Keypress was given unknown key code (176)
22.2601 	WARNING 	Got keycode {} but that code isn't yet known
22.2602 	WARNING 	Keypress was given unknown key code (176)
22.5256 	WARNING 	Got keycode {} but that code isn't yet known
22.5257 	WARNING 	Keypress was given unknown key code (176)
22.6133 	EXP 	New trial (rep=0, index=6): {'word_stimuli': 'sounds/droite.ogg', 'isi': 0.7}
23.1322 	DATA 	Mouse: Left button down, pos=(98,259)
23.2453 	DATA 	Mouse:  Left button up, pos=(98,259)
23.6296 	DATA 	Keypress: space
24.1129 	EXP 	New trial (rep=0, index=7): {'word_stimuli': 'sounds/gauche.ogg', 'isi': 0.7}
24.1603 	DATA 	Mouse: Left button down, pos=(112,259)
24.2629 	DATA 	Mouse:  Left button up, pos=(112,259)
24.6472 	DATA 	Keypress: space
24.8810 	DATA 	Mouse: Left button down, pos=(113,263)
24.9995 	DATA 	Mouse:  Left button up, pos=(113,263)
25.2151 	DATA 	Keypress: space
25.6139 	EXP 	New trial (rep=0, index=8): {'word_stimuli': 'sounds/droite.ogg', 'isi': 0.7}
25.8788 	DATA 	Keypress: escape
26.1807 	EXP 	window1: mouseVisible = True
