4.0500 	WARNING 	We strongly recommend you activate the PTB sound engine in PsychoPy prefs as the preferred audio engine. Its timing is vastly superior. Your prefs are currently set to use ['sounddevice', 'PTB', 'pyo', 'pygame'] (in that order).
64.0558 	EXP 	Created window1 = Window(allowGUI=True, allowStencil=False, autoLog=True, backendConf=UNKNOWN, bitsMode=UNKNOWN, blendMode='avg', bpc=(8, 8, 8), color=array([0, 0, 0]), colorSpace='rgb', depthBits=8, fullscr=<method-wrapper '__getattribute__' of attributeSetter object at 0x00000133CC9DEF98>, gamma=None, gammaErrorPolicy='raise', lms=UNKNOWN, monitor=<psychopy.monitors.calibTools.Monitor object at 0x00000133CCA445C0>, multiSample=False, name='window1', numSamples=2, pos=[810.0, 290.0], screen=0, size=array([300, 500]), stencilBits=0, stereo=False, units='height', useFBO=True, useRetina=False, viewOri=0.0, viewPos=None, viewScale=None, waitBlanking=True, winType='pyglet')
64.0561 	EXP 	window1: mouseVisible = True
64.0562 	EXP 	window1: recordFrameIntervals = False
64.2214 	EXP 	window1: recordFrameIntervals = True
64.4054 	EXP 	window1: recordFrameIntervals = False
65.1644 	EXP 	Sound sound_exposure set volume 1.000
65.2254 	EXP 	Created text = TextStim(__class__=<class 'psychopy.visual.text.TextStim'>, alignHoriz=method-wrapper(...), alignText='center', alignVert=method-wrapper(...), anchorHoriz='center', anchorVert='center', antialias=True, autoLog=True, bold=False, color=array([1, 1, 1]), colorSpace='rgb', contrast=1.0, depth=0.0, flipHoriz=False, flipVert=False, font='Open Sans', fontFiles=[], height=0.1, italic=False, languageStyle='LTR', name='text', opacity=1, ori=0.0, pos=array([0., 0.]), rgb=UNKNOWN, text='', units='height', win=Window(...), wrapWidth=1)
65.2258 	EXP 	Created sequence: random, trialTypes=1, nReps=5, seed=None
65.2260 	EXP 	New trial (rep=0, index=0): None
65.2350 	EXP 	Imported stimuli.xlsx as conditions, 50 conditions, 2 params
65.2354 	EXP 	Created sequence: random, trialTypes=50, nReps=1, seed=None
65.2356 	EXP 	New trial (rep=0, index=0): {'word_stimuli': 'sounds/droite.ogg', 'isi': 0.7}
65.2633 	WARNING 	Got keycode {} but that code isn't yet known
65.2634 	WARNING 	Keypress was given unknown key code (176)
65.2904 	WARNING 	Got keycode {} but that code isn't yet known
65.2905 	WARNING 	Keypress was given unknown key code (176)
65.6728 	WARNING 	Got keycode {} but that code isn't yet known
65.6729 	WARNING 	Keypress was given unknown key code (174)
65.9398 	WARNING 	Got keycode {} but that code isn't yet known
65.9399 	WARNING 	Keypress was given unknown key code (174)
66.7255 	EXP 	New trial (rep=0, index=1): {'word_stimuli': 'sounds/gauche.ogg', 'isi': 0.7}
67.6587 	WARNING 	Got keycode {} but that code isn't yet known
67.6588 	WARNING 	Keypress was given unknown key code (176)
68.2264 	EXP 	New trial (rep=0, index=2): {'word_stimuli': 'sounds/gauche.ogg', 'isi': 0.7}
69.7272 	EXP 	New trial (rep=0, index=3): {'word_stimuli': 'sounds/droite.ogg', 'isi': 0.7}
71.2268 	EXP 	New trial (rep=0, index=4): {'word_stimuli': 'sounds/gauche.ogg', 'isi': 0.7}
72.7273 	EXP 	New trial (rep=0, index=5): {'word_stimuli': 'sounds/gauche.ogg', 'isi': 0.7}
74.2272 	EXP 	New trial (rep=0, index=6): {'word_stimuli': 'sounds/gauche.ogg', 'isi': 0.7}
75.7291 	EXP 	New trial (rep=0, index=7): {'word_stimuli': 'sounds/gauche.ogg', 'isi': 0.7}
77.2286 	EXP 	New trial (rep=0, index=8): {'word_stimuli': 'sounds/gauche.ogg', 'isi': 0.7}
78.7279 	EXP 	New trial (rep=0, index=9): {'word_stimuli': 'sounds/droite.ogg', 'isi': 0.7}
80.2300 	EXP 	New trial (rep=0, index=10): {'word_stimuli': 'sounds/droite.ogg', 'isi': 0.7}
81.7290 	EXP 	New trial (rep=0, index=11): {'word_stimuli': 'sounds/gauche.ogg', 'isi': 0.7}
83.2289 	EXP 	New trial (rep=0, index=12): {'word_stimuli': 'sounds/droite.ogg', 'isi': 0.7}
84.7290 	EXP 	New trial (rep=0, index=13): {'word_stimuli': 'sounds/gauche.ogg', 'isi': 0.7}
86.2307 	EXP 	New trial (rep=0, index=14): {'word_stimuli': 'sounds/gauche.ogg', 'isi': 0.7}
87.7311 	EXP 	New trial (rep=0, index=15): {'word_stimuli': 'sounds/gauche.ogg', 'isi': 0.7}
89.2310 	EXP 	New trial (rep=0, index=16): {'word_stimuli': 'sounds/gauche.ogg', 'isi': 0.7}
90.7311 	EXP 	New trial (rep=0, index=17): {'word_stimuli': 'sounds/droite.ogg', 'isi': 0.7}
92.2330 	EXP 	New trial (rep=0, index=18): {'word_stimuli': 'sounds/gauche.ogg', 'isi': 0.7}
93.7329 	EXP 	New trial (rep=0, index=19): {'word_stimuli': 'sounds/droite.ogg', 'isi': 0.7}
95.2331 	EXP 	New trial (rep=0, index=20): {'word_stimuli': 'sounds/droite.ogg', 'isi': 0.7}
96.7334 	EXP 	New trial (rep=0, index=21): {'word_stimuli': 'sounds/droite.ogg', 'isi': 0.7}
98.2324 	EXP 	New trial (rep=0, index=22): {'word_stimuli': 'sounds/droite.ogg', 'isi': 0.7}
99.7339 	EXP 	New trial (rep=0, index=23): {'word_stimuli': 'sounds/gauche.ogg', 'isi': 0.7}
101.2334 	EXP 	New trial (rep=0, index=24): {'word_stimuli': 'sounds/gauche.ogg', 'isi': 0.7}
102.7329 	EXP 	New trial (rep=0, index=25): {'word_stimuli': 'sounds/gauche.ogg', 'isi': 0.7}
104.2354 	EXP 	New trial (rep=0, index=26): {'word_stimuli': 'sounds/gauche.ogg', 'isi': 0.7}
105.7344 	EXP 	New trial (rep=0, index=27): {'word_stimuli': 'sounds/gauche.ogg', 'isi': 0.7}
107.2352 	EXP 	New trial (rep=0, index=28): {'word_stimuli': 'sounds/droite.ogg', 'isi': 0.7}
108.7352 	EXP 	New trial (rep=0, index=29): {'word_stimuli': 'sounds/droite.ogg', 'isi': 0.7}
110.2354 	EXP 	New trial (rep=0, index=30): {'word_stimuli': 'sounds/gauche.ogg', 'isi': 0.7}
111.7359 	EXP 	New trial (rep=0, index=31): {'word_stimuli': 'sounds/gauche.ogg', 'isi': 0.7}
113.2354 	EXP 	New trial (rep=0, index=32): {'word_stimuli': 'sounds/droite.ogg', 'isi': 0.7}
114.7361 	EXP 	New trial (rep=0, index=33): {'word_stimuli': 'sounds/droite.ogg', 'isi': 0.7}
116.2366 	EXP 	New trial (rep=0, index=34): {'word_stimuli': 'sounds/gauche.ogg', 'isi': 0.7}
117.7364 	EXP 	New trial (rep=0, index=35): {'word_stimuli': 'sounds/droite.ogg', 'isi': 0.7}
119.2365 	EXP 	New trial (rep=0, index=36): {'word_stimuli': 'sounds/droite.ogg', 'isi': 0.7}
120.7368 	EXP 	New trial (rep=0, index=37): {'word_stimuli': 'sounds/droite.ogg', 'isi': 0.7}
122.2377 	EXP 	New trial (rep=0, index=38): {'word_stimuli': 'sounds/droite.ogg', 'isi': 0.7}
123.7377 	EXP 	New trial (rep=0, index=39): {'word_stimuli': 'sounds/gauche.ogg', 'isi': 0.7}
125.2386 	EXP 	New trial (rep=0, index=40): {'word_stimuli': 'sounds/gauche.ogg', 'isi': 0.7}
126.7384 	EXP 	New trial (rep=0, index=41): {'word_stimuli': 'sounds/droite.ogg', 'isi': 0.7}
128.2385 	EXP 	New trial (rep=0, index=42): {'word_stimuli': 'sounds/droite.ogg', 'isi': 0.7}
129.7391 	EXP 	New trial (rep=0, index=43): {'word_stimuli': 'sounds/droite.ogg', 'isi': 0.7}
131.2390 	EXP 	New trial (rep=0, index=44): {'word_stimuli': 'sounds/droite.ogg', 'isi': 0.7}
132.7405 	EXP 	New trial (rep=0, index=45): {'word_stimuli': 'sounds/gauche.ogg', 'isi': 0.7}
134.2393 	EXP 	New trial (rep=0, index=46): {'word_stimuli': 'sounds/droite.ogg', 'isi': 0.7}
135.7401 	EXP 	New trial (rep=0, index=47): {'word_stimuli': 'sounds/droite.ogg', 'isi': 0.7}
137.2402 	EXP 	New trial (rep=0, index=48): {'word_stimuli': 'sounds/gauche.ogg', 'isi': 0.7}
138.7409 	EXP 	New trial (rep=0, index=49): {'word_stimuli': 'sounds/droite.ogg', 'isi': 0.7}
140.2702 	EXP 	Imported countdown.xlsx as conditions, 31 conditions, 1 params
140.2714 	EXP 	Created sequence: sequential, trialTypes=31, nReps=1, seed=None
140.2723 	EXP 	New trial (rep=0, index=0): {'countdown': 30}
140.3622 	EXP 	text: text = 30
140.3622 	EXP 	text: autoDraw = True
141.2566 	EXP 	New trial (rep=0, index=1): {'countdown': 29}
141.2871 	EXP 	text: autoDraw = False
141.2871 	EXP 	text: text = 29
141.2871 	EXP 	text: autoDraw = True
142.2563 	EXP 	New trial (rep=0, index=2): {'countdown': 28}
142.2874 	EXP 	text: autoDraw = False
142.2874 	EXP 	text: text = 28
142.2874 	EXP 	text: autoDraw = True
143.2562 	EXP 	New trial (rep=0, index=3): {'countdown': 27}
143.2879 	EXP 	text: autoDraw = False
143.2879 	EXP 	text: text = 27
143.2879 	EXP 	text: autoDraw = True
144.2566 	EXP 	New trial (rep=0, index=4): {'countdown': 26}
144.2880 	EXP 	text: autoDraw = False
144.2880 	EXP 	text: text = 26
144.2880 	EXP 	text: autoDraw = True
145.2575 	EXP 	New trial (rep=0, index=5): {'countdown': 25}
145.2885 	EXP 	text: autoDraw = False
145.2885 	EXP 	text: text = 25
145.2885 	EXP 	text: autoDraw = True
146.2570 	EXP 	New trial (rep=0, index=6): {'countdown': 24}
146.2892 	EXP 	text: autoDraw = False
146.2892 	EXP 	text: text = 24
146.2892 	EXP 	text: autoDraw = True
147.2572 	EXP 	New trial (rep=0, index=7): {'countdown': 23}
147.2898 	EXP 	text: autoDraw = False
147.2898 	EXP 	text: text = 23
147.2898 	EXP 	text: autoDraw = True
148.2568 	EXP 	New trial (rep=0, index=8): {'countdown': 22}
148.2888 	EXP 	text: autoDraw = False
148.2888 	EXP 	text: text = 22
148.2888 	EXP 	text: autoDraw = True
149.2579 	EXP 	New trial (rep=0, index=9): {'countdown': 21}
149.2891 	EXP 	text: autoDraw = False
149.2891 	EXP 	text: text = 21
149.2891 	EXP 	text: autoDraw = True
150.2579 	EXP 	New trial (rep=0, index=10): {'countdown': 20}
150.2909 	EXP 	text: autoDraw = False
150.2909 	EXP 	text: text = 20
150.2909 	EXP 	text: autoDraw = True
151.2582 	EXP 	New trial (rep=0, index=11): {'countdown': 19}
151.2891 	EXP 	text: autoDraw = False
151.2891 	EXP 	text: text = 19
151.2891 	EXP 	text: autoDraw = True
152.2578 	EXP 	New trial (rep=0, index=12): {'countdown': 18}
152.2903 	EXP 	text: autoDraw = False
152.2903 	EXP 	text: text = 18
152.2903 	EXP 	text: autoDraw = True
153.2584 	EXP 	New trial (rep=0, index=13): {'countdown': 17}
153.2898 	EXP 	text: autoDraw = False
153.2898 	EXP 	text: text = 17
153.2898 	EXP 	text: autoDraw = True
154.2587 	EXP 	New trial (rep=0, index=14): {'countdown': 16}
154.2896 	EXP 	text: autoDraw = False
154.2896 	EXP 	text: text = 16
154.2896 	EXP 	text: autoDraw = True
155.2588 	EXP 	New trial (rep=0, index=15): {'countdown': 15}
155.2914 	EXP 	text: autoDraw = False
155.2914 	EXP 	text: text = 15
155.2914 	EXP 	text: autoDraw = True
156.2593 	EXP 	New trial (rep=0, index=16): {'countdown': 14}
156.2902 	EXP 	text: autoDraw = False
156.2902 	EXP 	text: text = 14
156.2902 	EXP 	text: autoDraw = True
157.2422 	EXP 	New trial (rep=0, index=17): {'countdown': 13}
157.2738 	EXP 	text: autoDraw = False
157.2738 	EXP 	text: text = 13
157.2738 	EXP 	text: autoDraw = True
158.2424 	EXP 	New trial (rep=0, index=18): {'countdown': 12}
158.2730 	EXP 	text: autoDraw = False
158.2730 	EXP 	text: text = 12
158.2730 	EXP 	text: autoDraw = True
159.2574 	EXP 	New trial (rep=0, index=19): {'countdown': 11}
159.2729 	EXP 	text: autoDraw = False
159.2729 	EXP 	text: text = 11
159.2729 	EXP 	text: autoDraw = True
160.2430 	EXP 	New trial (rep=0, index=20): {'countdown': 10}
160.2746 	EXP 	text: autoDraw = False
160.2746 	EXP 	text: text = 10
160.2746 	EXP 	text: autoDraw = True
161.2431 	EXP 	New trial (rep=0, index=21): {'countdown': 9}
161.2739 	EXP 	text: autoDraw = False
161.2739 	EXP 	text: text = 9
161.2739 	EXP 	text: autoDraw = True
162.2432 	EXP 	New trial (rep=0, index=22): {'countdown': 8}
162.2755 	EXP 	text: autoDraw = False
162.2755 	EXP 	text: text = 8
162.2755 	EXP 	text: autoDraw = True
163.2435 	EXP 	New trial (rep=0, index=23): {'countdown': 7}
163.2748 	EXP 	text: autoDraw = False
163.2748 	EXP 	text: text = 7
163.2748 	EXP 	text: autoDraw = True
164.2433 	EXP 	New trial (rep=0, index=24): {'countdown': 6}
164.2757 	EXP 	text: autoDraw = False
164.2757 	EXP 	text: text = 6
164.2757 	EXP 	text: autoDraw = True
165.2435 	EXP 	New trial (rep=0, index=25): {'countdown': 5}
165.2760 	EXP 	text: autoDraw = False
165.2760 	EXP 	text: text = 5
165.2760 	EXP 	text: autoDraw = True
166.2437 	EXP 	New trial (rep=0, index=26): {'countdown': 4}
166.2762 	EXP 	text: autoDraw = False
166.2762 	EXP 	text: text = 4
166.2762 	EXP 	text: autoDraw = True
167.2442 	EXP 	New trial (rep=0, index=27): {'countdown': 3}
167.2756 	EXP 	text: autoDraw = False
167.2756 	EXP 	text: text = 3
167.2756 	EXP 	text: autoDraw = True
168.2441 	EXP 	New trial (rep=0, index=28): {'countdown': 2}
168.2764 	EXP 	text: autoDraw = False
168.2764 	EXP 	text: text = 2
168.2764 	EXP 	text: autoDraw = True
169.2448 	EXP 	New trial (rep=0, index=29): {'countdown': 1}
169.2755 	EXP 	text: autoDraw = False
169.2755 	EXP 	text: text = 1
169.2755 	EXP 	text: autoDraw = True
170.2450 	EXP 	New trial (rep=0, index=30): {'countdown': 0}
170.2763 	EXP 	text: autoDraw = False
170.2763 	EXP 	text: text = 0
170.2763 	EXP 	text: autoDraw = True
171.2458 	EXP 	New trial (rep=1, index=0): None
171.2809 	EXP 	Imported stimuli.xlsx as conditions, 50 conditions, 2 params
171.2815 	EXP 	Created sequence: random, trialTypes=50, nReps=1, seed=None
171.2819 	EXP 	New trial (rep=0, index=0): {'word_stimuli': 'sounds/droite.ogg', 'isi': 0.7}
171.3080 	EXP 	text: autoDraw = False
172.7818 	EXP 	New trial (rep=0, index=1): {'word_stimuli': 'sounds/droite.ogg', 'isi': 0.7}
174.2825 	EXP 	New trial (rep=0, index=2): {'word_stimuli': 'sounds/gauche.ogg', 'isi': 0.7}
175.7831 	EXP 	New trial (rep=0, index=3): {'word_stimuli': 'sounds/gauche.ogg', 'isi': 0.7}
177.2822 	EXP 	New trial (rep=0, index=4): {'word_stimuli': 'sounds/gauche.ogg', 'isi': 0.7}
178.7829 	EXP 	New trial (rep=0, index=5): {'word_stimuli': 'sounds/gauche.ogg', 'isi': 0.7}
180.2831 	EXP 	New trial (rep=0, index=6): {'word_stimuli': 'sounds/gauche.ogg', 'isi': 0.7}
181.7836 	EXP 	New trial (rep=0, index=7): {'word_stimuli': 'sounds/droite.ogg', 'isi': 0.7}
183.2848 	EXP 	New trial (rep=0, index=8): {'word_stimuli': 'sounds/gauche.ogg', 'isi': 0.7}
184.8002 	EXP 	New trial (rep=0, index=9): {'word_stimuli': 'sounds/gauche.ogg', 'isi': 0.7}
186.3012 	EXP 	New trial (rep=0, index=10): {'word_stimuli': 'sounds/gauche.ogg', 'isi': 0.7}
187.8004 	EXP 	New trial (rep=0, index=11): {'word_stimuli': 'sounds/droite.ogg', 'isi': 0.7}
189.3012 	EXP 	New trial (rep=0, index=12): {'word_stimuli': 'sounds/gauche.ogg', 'isi': 0.7}
190.8015 	EXP 	New trial (rep=0, index=13): {'word_stimuli': 'sounds/gauche.ogg', 'isi': 0.7}
192.3020 	EXP 	New trial (rep=0, index=14): {'word_stimuli': 'sounds/gauche.ogg', 'isi': 0.7}
193.8029 	EXP 	New trial (rep=0, index=15): {'word_stimuli': 'sounds/gauche.ogg', 'isi': 0.7}
195.3022 	EXP 	New trial (rep=0, index=16): {'word_stimuli': 'sounds/droite.ogg', 'isi': 0.7}
196.8040 	EXP 	New trial (rep=0, index=17): {'word_stimuli': 'sounds/gauche.ogg', 'isi': 0.7}
198.3049 	EXP 	New trial (rep=0, index=18): {'word_stimuli': 'sounds/gauche.ogg', 'isi': 0.7}
199.8033 	EXP 	New trial (rep=0, index=19): {'word_stimuli': 'sounds/gauche.ogg', 'isi': 0.7}
201.3059 	EXP 	New trial (rep=0, index=20): {'word_stimuli': 'sounds/droite.ogg', 'isi': 0.7}
202.8049 	EXP 	New trial (rep=0, index=21): {'word_stimuli': 'sounds/droite.ogg', 'isi': 0.7}
204.3050 	EXP 	New trial (rep=0, index=22): {'word_stimuli': 'sounds/droite.ogg', 'isi': 0.7}
205.8049 	EXP 	New trial (rep=0, index=23): {'word_stimuli': 'sounds/gauche.ogg', 'isi': 0.7}
207.3060 	EXP 	New trial (rep=0, index=24): {'word_stimuli': 'sounds/gauche.ogg', 'isi': 0.7}
208.8049 	EXP 	New trial (rep=0, index=25): {'word_stimuli': 'sounds/droite.ogg', 'isi': 0.7}
210.3055 	EXP 	New trial (rep=0, index=26): {'word_stimuli': 'sounds/droite.ogg', 'isi': 0.7}
211.8058 	EXP 	New trial (rep=0, index=27): {'word_stimuli': 'sounds/droite.ogg', 'isi': 0.7}
213.3071 	EXP 	New trial (rep=0, index=28): {'word_stimuli': 'sounds/droite.ogg', 'isi': 0.7}
214.8061 	EXP 	New trial (rep=0, index=29): {'word_stimuli': 'sounds/droite.ogg', 'isi': 0.7}
216.3076 	EXP 	New trial (rep=0, index=30): {'word_stimuli': 'sounds/droite.ogg', 'isi': 0.7}
217.8069 	EXP 	New trial (rep=0, index=31): {'word_stimuli': 'sounds/gauche.ogg', 'isi': 0.7}
219.3070 	EXP 	New trial (rep=0, index=32): {'word_stimuli': 'sounds/droite.ogg', 'isi': 0.7}
220.8090 	EXP 	New trial (rep=0, index=33): {'word_stimuli': 'sounds/droite.ogg', 'isi': 0.7}
222.3074 	EXP 	New trial (rep=0, index=34): {'word_stimuli': 'sounds/gauche.ogg', 'isi': 0.7}
223.8080 	EXP 	New trial (rep=0, index=35): {'word_stimuli': 'sounds/droite.ogg', 'isi': 0.7}
225.3086 	EXP 	New trial (rep=0, index=36): {'word_stimuli': 'sounds/droite.ogg', 'isi': 0.7}
226.8093 	EXP 	New trial (rep=0, index=37): {'word_stimuli': 'sounds/gauche.ogg', 'isi': 0.7}
228.3089 	EXP 	New trial (rep=0, index=38): {'word_stimuli': 'sounds/gauche.ogg', 'isi': 0.7}
229.8089 	EXP 	New trial (rep=0, index=39): {'word_stimuli': 'sounds/droite.ogg', 'isi': 0.7}
231.3104 	EXP 	New trial (rep=0, index=40): {'word_stimuli': 'sounds/droite.ogg', 'isi': 0.7}
232.8101 	EXP 	New trial (rep=0, index=41): {'word_stimuli': 'sounds/droite.ogg', 'isi': 0.7}
234.3104 	EXP 	New trial (rep=0, index=42): {'word_stimuli': 'sounds/gauche.ogg', 'isi': 0.7}
235.8112 	EXP 	New trial (rep=0, index=43): {'word_stimuli': 'sounds/droite.ogg', 'isi': 0.7}
237.3112 	EXP 	New trial (rep=0, index=44): {'word_stimuli': 'sounds/droite.ogg', 'isi': 0.7}
238.8110 	EXP 	New trial (rep=0, index=45): {'word_stimuli': 'sounds/gauche.ogg', 'isi': 0.7}
240.3128 	EXP 	New trial (rep=0, index=46): {'word_stimuli': 'sounds/gauche.ogg', 'isi': 0.7}
241.8130 	EXP 	New trial (rep=0, index=47): {'word_stimuli': 'sounds/droite.ogg', 'isi': 0.7}
243.3121 	EXP 	New trial (rep=0, index=48): {'word_stimuli': 'sounds/gauche.ogg', 'isi': 0.7}
244.8141 	EXP 	New trial (rep=0, index=49): {'word_stimuli': 'sounds/droite.ogg', 'isi': 0.7}
246.3447 	EXP 	Imported countdown.xlsx as conditions, 31 conditions, 1 params
246.3459 	EXP 	Created sequence: sequential, trialTypes=31, nReps=1, seed=None
246.3468 	EXP 	New trial (rep=0, index=0): {'countdown': 30}
246.3744 	EXP 	text: text = 30
246.3744 	EXP 	text: autoDraw = True
247.3279 	EXP 	New trial (rep=0, index=1): {'countdown': 29}
247.3596 	EXP 	text: autoDraw = False
247.3596 	EXP 	text: text = 29
247.3596 	EXP 	text: autoDraw = True
248.3278 	EXP 	New trial (rep=0, index=2): {'countdown': 28}
248.3594 	EXP 	text: autoDraw = False
248.3594 	EXP 	text: text = 28
248.3594 	EXP 	text: autoDraw = True
249.3277 	EXP 	New trial (rep=0, index=3): {'countdown': 27}
249.3585 	EXP 	text: autoDraw = False
249.3585 	EXP 	text: text = 27
249.3585 	EXP 	text: autoDraw = True
250.3281 	EXP 	New trial (rep=0, index=4): {'countdown': 26}
250.3594 	EXP 	text: autoDraw = False
250.3594 	EXP 	text: text = 26
250.3594 	EXP 	text: autoDraw = True
251.3283 	EXP 	New trial (rep=0, index=5): {'countdown': 25}
251.3594 	EXP 	text: autoDraw = False
251.3594 	EXP 	text: text = 25
251.3594 	EXP 	text: autoDraw = True
252.3286 	EXP 	New trial (rep=0, index=6): {'countdown': 24}
252.3594 	EXP 	text: autoDraw = False
252.3594 	EXP 	text: text = 24
252.3594 	EXP 	text: autoDraw = True
253.3286 	EXP 	New trial (rep=0, index=7): {'countdown': 23}
253.3600 	EXP 	text: autoDraw = False
253.3600 	EXP 	text: text = 23
253.3600 	EXP 	text: autoDraw = True
254.3297 	EXP 	New trial (rep=0, index=8): {'countdown': 22}
254.3593 	EXP 	text: autoDraw = False
254.3593 	EXP 	text: text = 22
254.3593 	EXP 	text: autoDraw = True
255.3289 	EXP 	New trial (rep=0, index=9): {'countdown': 21}
255.3602 	EXP 	text: autoDraw = False
255.3602 	EXP 	text: text = 21
255.3602 	EXP 	text: autoDraw = True
256.3291 	EXP 	New trial (rep=0, index=10): {'countdown': 20}
256.3607 	EXP 	text: autoDraw = False
256.3607 	EXP 	text: text = 20
256.3607 	EXP 	text: autoDraw = True
257.3289 	EXP 	New trial (rep=0, index=11): {'countdown': 19}
257.3605 	EXP 	text: autoDraw = False
257.3605 	EXP 	text: text = 19
257.3605 	EXP 	text: autoDraw = True
258.3294 	EXP 	New trial (rep=0, index=12): {'countdown': 18}
258.3607 	EXP 	text: autoDraw = False
258.3607 	EXP 	text: text = 18
258.3607 	EXP 	text: autoDraw = True
259.3300 	EXP 	New trial (rep=0, index=13): {'countdown': 17}
259.3621 	EXP 	text: autoDraw = False
259.3621 	EXP 	text: text = 17
259.3621 	EXP 	text: autoDraw = True
260.3322 	EXP 	New trial (rep=0, index=14): {'countdown': 16}
260.3617 	EXP 	text: autoDraw = False
260.3617 	EXP 	text: text = 16
260.3617 	EXP 	text: autoDraw = True
261.3309 	EXP 	New trial (rep=0, index=15): {'countdown': 15}
261.3611 	EXP 	text: autoDraw = False
261.3611 	EXP 	text: text = 15
261.3611 	EXP 	text: autoDraw = True
262.3305 	EXP 	New trial (rep=0, index=16): {'countdown': 14}
262.3616 	EXP 	text: autoDraw = False
262.3616 	EXP 	text: text = 14
262.3616 	EXP 	text: autoDraw = True
263.3311 	EXP 	New trial (rep=0, index=17): {'countdown': 13}
263.3619 	EXP 	text: autoDraw = False
263.3619 	EXP 	text: text = 13
263.3619 	EXP 	text: autoDraw = True
264.3308 	EXP 	New trial (rep=0, index=18): {'countdown': 12}
264.3616 	EXP 	text: autoDraw = False
264.3616 	EXP 	text: text = 12
264.3616 	EXP 	text: autoDraw = True
265.3311 	EXP 	New trial (rep=0, index=19): {'countdown': 11}
265.3624 	EXP 	text: autoDraw = False
265.3624 	EXP 	text: text = 11
265.3624 	EXP 	text: autoDraw = True
266.3311 	EXP 	New trial (rep=0, index=20): {'countdown': 10}
266.3620 	EXP 	text: autoDraw = False
266.3620 	EXP 	text: text = 10
266.3620 	EXP 	text: autoDraw = True
267.3318 	EXP 	New trial (rep=0, index=21): {'countdown': 9}
267.3630 	EXP 	text: autoDraw = False
267.3630 	EXP 	text: text = 9
267.3630 	EXP 	text: autoDraw = True
268.3316 	EXP 	New trial (rep=0, index=22): {'countdown': 8}
268.3626 	EXP 	text: autoDraw = False
268.3626 	EXP 	text: text = 8
268.3626 	EXP 	text: autoDraw = True
269.3317 	EXP 	New trial (rep=0, index=23): {'countdown': 7}
269.3637 	EXP 	text: autoDraw = False
269.3637 	EXP 	text: text = 7
269.3637 	EXP 	text: autoDraw = True
270.3155 	EXP 	New trial (rep=0, index=24): {'countdown': 6}
270.3478 	EXP 	text: autoDraw = False
270.3478 	EXP 	text: text = 6
270.3478 	EXP 	text: autoDraw = True
271.3324 	EXP 	New trial (rep=0, index=25): {'countdown': 5}
271.3642 	EXP 	text: autoDraw = False
271.3642 	EXP 	text: text = 5
271.3642 	EXP 	text: autoDraw = True
272.3158 	EXP 	New trial (rep=0, index=26): {'countdown': 4}
272.3475 	EXP 	text: autoDraw = False
272.3475 	EXP 	text: text = 4
272.3475 	EXP 	text: autoDraw = True
273.3156 	EXP 	New trial (rep=0, index=27): {'countdown': 3}
273.3475 	EXP 	text: autoDraw = False
273.3475 	EXP 	text: text = 3
273.3475 	EXP 	text: autoDraw = True
274.3159 	EXP 	New trial (rep=0, index=28): {'countdown': 2}
274.3473 	EXP 	text: autoDraw = False
274.3473 	EXP 	text: text = 2
274.3473 	EXP 	text: autoDraw = True
275.3162 	EXP 	New trial (rep=0, index=29): {'countdown': 1}
275.3494 	EXP 	text: autoDraw = False
275.3494 	EXP 	text: text = 1
275.3494 	EXP 	text: autoDraw = True
276.3164 	EXP 	New trial (rep=0, index=30): {'countdown': 0}
276.3483 	EXP 	text: autoDraw = False
276.3483 	EXP 	text: text = 0
276.3483 	EXP 	text: autoDraw = True
277.3171 	EXP 	New trial (rep=2, index=0): None
277.3586 	EXP 	Imported stimuli.xlsx as conditions, 50 conditions, 2 params
277.3601 	EXP 	Created sequence: random, trialTypes=50, nReps=1, seed=None
277.3612 	EXP 	New trial (rep=0, index=0): {'word_stimuli': 'sounds/gauche.ogg', 'isi': 0.7}
277.3974 	EXP 	text: autoDraw = False
278.8703 	EXP 	New trial (rep=0, index=1): {'word_stimuli': 'sounds/gauche.ogg', 'isi': 0.7}
280.3694 	EXP 	New trial (rep=0, index=2): {'word_stimuli': 'sounds/droite.ogg', 'isi': 0.7}
281.8703 	EXP 	New trial (rep=0, index=3): {'word_stimuli': 'sounds/droite.ogg', 'isi': 0.7}
283.3698 	EXP 	New trial (rep=0, index=4): {'word_stimuli': 'sounds/droite.ogg', 'isi': 0.7}
284.8704 	EXP 	New trial (rep=0, index=5): {'word_stimuli': 'sounds/droite.ogg', 'isi': 0.7}
286.3710 	EXP 	New trial (rep=0, index=6): {'word_stimuli': 'sounds/droite.ogg', 'isi': 0.7}
287.8860 	EXP 	New trial (rep=0, index=7): {'word_stimuli': 'sounds/droite.ogg', 'isi': 0.7}
289.3883 	EXP 	New trial (rep=0, index=8): {'word_stimuli': 'sounds/gauche.ogg', 'isi': 0.7}
290.8887 	EXP 	New trial (rep=0, index=9): {'word_stimuli': 'sounds/gauche.ogg', 'isi': 0.7}
292.3890 	EXP 	New trial (rep=0, index=10): {'word_stimuli': 'sounds/gauche.ogg', 'isi': 0.7}
293.8890 	EXP 	New trial (rep=0, index=11): {'word_stimuli': 'sounds/droite.ogg', 'isi': 0.7}
295.3897 	EXP 	New trial (rep=0, index=12): {'word_stimuli': 'sounds/droite.ogg', 'isi': 0.7}
296.8890 	EXP 	New trial (rep=0, index=13): {'word_stimuli': 'sounds/droite.ogg', 'isi': 0.7}
298.3901 	EXP 	New trial (rep=0, index=14): {'word_stimuli': 'sounds/droite.ogg', 'isi': 0.7}
299.8909 	EXP 	New trial (rep=0, index=15): {'word_stimuli': 'sounds/droite.ogg', 'isi': 0.7}
301.3903 	EXP 	New trial (rep=0, index=16): {'word_stimuli': 'sounds/gauche.ogg', 'isi': 0.7}
302.8905 	EXP 	New trial (rep=0, index=17): {'word_stimuli': 'sounds/gauche.ogg', 'isi': 0.7}
304.3908 	EXP 	New trial (rep=0, index=18): {'word_stimuli': 'sounds/gauche.ogg', 'isi': 0.7}
305.8912 	EXP 	New trial (rep=0, index=19): {'word_stimuli': 'sounds/gauche.ogg', 'isi': 0.7}
307.3932 	EXP 	New trial (rep=0, index=20): {'word_stimuli': 'sounds/gauche.ogg', 'isi': 0.7}
308.8917 	EXP 	New trial (rep=0, index=21): {'word_stimuli': 'sounds/droite.ogg', 'isi': 0.7}
310.3933 	EXP 	New trial (rep=0, index=22): {'word_stimuli': 'sounds/gauche.ogg', 'isi': 0.7}
311.8941 	EXP 	New trial (rep=0, index=23): {'word_stimuli': 'sounds/droite.ogg', 'isi': 0.7}
313.3930 	EXP 	New trial (rep=0, index=24): {'word_stimuli': 'sounds/gauche.ogg', 'isi': 0.7}
314.8939 	EXP 	New trial (rep=0, index=25): {'word_stimuli': 'sounds/gauche.ogg', 'isi': 0.7}
316.3946 	EXP 	New trial (rep=0, index=26): {'word_stimuli': 'sounds/droite.ogg', 'isi': 0.7}
317.8937 	EXP 	New trial (rep=0, index=27): {'word_stimuli': 'sounds/droite.ogg', 'isi': 0.7}
319.3957 	EXP 	New trial (rep=0, index=28): {'word_stimuli': 'sounds/gauche.ogg', 'isi': 0.7}
320.8951 	EXP 	New trial (rep=0, index=29): {'word_stimuli': 'sounds/gauche.ogg', 'isi': 0.7}
322.3947 	EXP 	New trial (rep=0, index=30): {'word_stimuli': 'sounds/droite.ogg', 'isi': 0.7}
323.8960 	EXP 	New trial (rep=0, index=31): {'word_stimuli': 'sounds/gauche.ogg', 'isi': 0.7}
325.3947 	EXP 	New trial (rep=0, index=32): {'word_stimuli': 'sounds/gauche.ogg', 'isi': 0.7}
326.8960 	EXP 	New trial (rep=0, index=33): {'word_stimuli': 'sounds/droite.ogg', 'isi': 0.7}
328.3962 	EXP 	New trial (rep=0, index=34): {'word_stimuli': 'sounds/gauche.ogg', 'isi': 0.7}
329.8973 	EXP 	New trial (rep=0, index=35): {'word_stimuli': 'sounds/gauche.ogg', 'isi': 0.7}
331.3960 	EXP 	New trial (rep=0, index=36): {'word_stimuli': 'sounds/droite.ogg', 'isi': 0.7}
332.8973 	EXP 	New trial (rep=0, index=37): {'word_stimuli': 'sounds/droite.ogg', 'isi': 0.7}
334.3972 	EXP 	New trial (rep=0, index=38): {'word_stimuli': 'sounds/droite.ogg', 'isi': 0.7}
335.8985 	EXP 	New trial (rep=0, index=39): {'word_stimuli': 'sounds/gauche.ogg', 'isi': 0.7}
337.3981 	EXP 	New trial (rep=0, index=40): {'word_stimuli': 'sounds/droite.ogg', 'isi': 0.7}
338.8990 	EXP 	New trial (rep=0, index=41): {'word_stimuli': 'sounds/gauche.ogg', 'isi': 0.7}
340.3987 	EXP 	New trial (rep=0, index=42): {'word_stimuli': 'sounds/droite.ogg', 'isi': 0.7}
341.8989 	EXP 	New trial (rep=0, index=43): {'word_stimuli': 'sounds/gauche.ogg', 'isi': 0.7}
343.3988 	EXP 	New trial (rep=0, index=44): {'word_stimuli': 'sounds/droite.ogg', 'isi': 0.7}
344.8990 	EXP 	New trial (rep=0, index=45): {'word_stimuli': 'sounds/gauche.ogg', 'isi': 0.7}
346.4161 	EXP 	New trial (rep=0, index=46): {'word_stimuli': 'sounds/droite.ogg', 'isi': 0.7}
347.9164 	EXP 	New trial (rep=0, index=47): {'word_stimuli': 'sounds/droite.ogg', 'isi': 0.7}
349.4168 	EXP 	New trial (rep=0, index=48): {'word_stimuli': 'sounds/gauche.ogg', 'isi': 0.7}
350.9168 	EXP 	New trial (rep=0, index=49): {'word_stimuli': 'sounds/gauche.ogg', 'isi': 0.7}
352.4453 	EXP 	Imported countdown.xlsx as conditions, 31 conditions, 1 params
352.4461 	EXP 	Created sequence: sequential, trialTypes=31, nReps=1, seed=None
352.4469 	EXP 	New trial (rep=0, index=0): {'countdown': 30}
352.4624 	EXP 	text: text = 30
352.4624 	EXP 	text: autoDraw = True
353.4331 	EXP 	New trial (rep=0, index=1): {'countdown': 29}
353.4633 	EXP 	text: autoDraw = False
353.4633 	EXP 	text: text = 29
353.4633 	EXP 	text: autoDraw = True
354.4321 	EXP 	New trial (rep=0, index=2): {'countdown': 28}
354.4635 	EXP 	text: autoDraw = False
354.4635 	EXP 	text: text = 28
354.4635 	EXP 	text: autoDraw = True
355.4324 	EXP 	New trial (rep=0, index=3): {'countdown': 27}
355.4641 	EXP 	text: autoDraw = False
355.4641 	EXP 	text: text = 27
355.4641 	EXP 	text: autoDraw = True
356.4330 	EXP 	New trial (rep=0, index=4): {'countdown': 26}
356.4642 	EXP 	text: autoDraw = False
356.4642 	EXP 	text: text = 26
356.4642 	EXP 	text: autoDraw = True
357.4328 	EXP 	New trial (rep=0, index=5): {'countdown': 25}
357.4650 	EXP 	text: autoDraw = False
357.4650 	EXP 	text: text = 25
357.4650 	EXP 	text: autoDraw = True
358.4331 	EXP 	New trial (rep=0, index=6): {'countdown': 24}
358.4650 	EXP 	text: autoDraw = False
358.4650 	EXP 	text: text = 24
358.4650 	EXP 	text: autoDraw = True
359.4334 	EXP 	New trial (rep=0, index=7): {'countdown': 23}
359.4655 	EXP 	text: autoDraw = False
359.4655 	EXP 	text: text = 23
359.4655 	EXP 	text: autoDraw = True
360.4336 	EXP 	New trial (rep=0, index=8): {'countdown': 22}
360.4652 	EXP 	text: autoDraw = False
360.4652 	EXP 	text: text = 22
360.4652 	EXP 	text: autoDraw = True
361.4334 	EXP 	New trial (rep=0, index=9): {'countdown': 21}
361.4655 	EXP 	text: autoDraw = False
361.4655 	EXP 	text: text = 21
361.4655 	EXP 	text: autoDraw = True
362.4317 	EXP 	New trial (rep=0, index=10): {'countdown': 20}
362.4473 	EXP 	text: autoDraw = False
362.4473 	EXP 	text: text = 20
362.4473 	EXP 	text: autoDraw = True
363.4339 	EXP 	New trial (rep=0, index=11): {'countdown': 19}
363.4656 	EXP 	text: autoDraw = False
363.4656 	EXP 	text: text = 19
363.4656 	EXP 	text: autoDraw = True
364.4348 	EXP 	New trial (rep=0, index=12): {'countdown': 18}
364.4664 	EXP 	text: autoDraw = False
364.4664 	EXP 	text: text = 18
364.4664 	EXP 	text: autoDraw = True
365.4349 	EXP 	New trial (rep=0, index=13): {'countdown': 17}
365.4662 	EXP 	text: autoDraw = False
365.4662 	EXP 	text: text = 17
365.4662 	EXP 	text: autoDraw = True
366.4344 	EXP 	New trial (rep=0, index=14): {'countdown': 16}
366.4665 	EXP 	text: autoDraw = False
366.4665 	EXP 	text: text = 16
366.4665 	EXP 	text: autoDraw = True
367.4347 	EXP 	New trial (rep=0, index=15): {'countdown': 15}
367.4667 	EXP 	text: autoDraw = False
367.4667 	EXP 	text: text = 15
367.4667 	EXP 	text: autoDraw = True
368.4191 	EXP 	New trial (rep=0, index=16): {'countdown': 14}
368.4498 	EXP 	text: autoDraw = False
368.4498 	EXP 	text: text = 14
368.4498 	EXP 	text: autoDraw = True
369.4190 	EXP 	New trial (rep=0, index=17): {'countdown': 13}
369.4503 	EXP 	text: autoDraw = False
369.4503 	EXP 	text: text = 13
369.4503 	EXP 	text: autoDraw = True
370.4191 	EXP 	New trial (rep=0, index=18): {'countdown': 12}
370.4504 	EXP 	text: autoDraw = False
370.4504 	EXP 	text: text = 12
370.4504 	EXP 	text: autoDraw = True
371.4190 	EXP 	New trial (rep=0, index=19): {'countdown': 11}
371.4511 	EXP 	text: autoDraw = False
371.4511 	EXP 	text: text = 11
371.4511 	EXP 	text: autoDraw = True
372.4203 	EXP 	New trial (rep=0, index=20): {'countdown': 10}
372.4516 	EXP 	text: autoDraw = False
372.4516 	EXP 	text: text = 10
372.4516 	EXP 	text: autoDraw = True
373.4199 	EXP 	New trial (rep=0, index=21): {'countdown': 9}
373.4525 	EXP 	text: autoDraw = False
373.4525 	EXP 	text: text = 9
373.4525 	EXP 	text: autoDraw = True
374.4198 	EXP 	New trial (rep=0, index=22): {'countdown': 8}
374.4508 	EXP 	text: autoDraw = False
374.4508 	EXP 	text: text = 8
374.4508 	EXP 	text: autoDraw = True
375.4199 	EXP 	New trial (rep=0, index=23): {'countdown': 7}
375.4516 	EXP 	text: autoDraw = False
375.4516 	EXP 	text: text = 7
375.4516 	EXP 	text: autoDraw = True
376.4208 	EXP 	New trial (rep=0, index=24): {'countdown': 6}
376.4510 	EXP 	text: autoDraw = False
376.4510 	EXP 	text: text = 6
376.4510 	EXP 	text: autoDraw = True
377.4204 	EXP 	New trial (rep=0, index=25): {'countdown': 5}
377.4519 	EXP 	text: autoDraw = False
377.4519 	EXP 	text: text = 5
377.4519 	EXP 	text: autoDraw = True
378.4207 	EXP 	New trial (rep=0, index=26): {'countdown': 4}
378.4512 	EXP 	text: autoDraw = False
378.4512 	EXP 	text: text = 4
378.4512 	EXP 	text: autoDraw = True
379.4209 	EXP 	New trial (rep=0, index=27): {'countdown': 3}
379.4518 	EXP 	text: autoDraw = False
379.4518 	EXP 	text: text = 3
379.4518 	EXP 	text: autoDraw = True
380.4211 	EXP 	New trial (rep=0, index=28): {'countdown': 2}
380.4522 	EXP 	text: autoDraw = False
380.4522 	EXP 	text: text = 2
380.4522 	EXP 	text: autoDraw = True
381.4213 	EXP 	New trial (rep=0, index=29): {'countdown': 1}
381.4527 	EXP 	text: autoDraw = False
381.4527 	EXP 	text: text = 1
381.4527 	EXP 	text: autoDraw = True
382.4219 	EXP 	New trial (rep=0, index=30): {'countdown': 0}
382.4527 	EXP 	text: autoDraw = False
382.4527 	EXP 	text: text = 0
382.4527 	EXP 	text: autoDraw = True
383.4219 	EXP 	New trial (rep=3, index=0): None
383.4580 	EXP 	Imported stimuli.xlsx as conditions, 50 conditions, 2 params
383.4589 	EXP 	Created sequence: random, trialTypes=50, nReps=1, seed=None
383.4594 	EXP 	New trial (rep=0, index=0): {'word_stimuli': 'sounds/droite.ogg', 'isi': 0.7}
383.4848 	EXP 	text: autoDraw = False
384.9590 	EXP 	New trial (rep=0, index=1): {'word_stimuli': 'sounds/gauche.ogg', 'isi': 0.7}
386.4576 	EXP 	New trial (rep=0, index=2): {'word_stimuli': 'sounds/gauche.ogg', 'isi': 0.7}
387.9583 	EXP 	New trial (rep=0, index=3): {'word_stimuli': 'sounds/gauche.ogg', 'isi': 0.7}
389.4589 	EXP 	New trial (rep=0, index=4): {'word_stimuli': 'sounds/droite.ogg', 'isi': 0.7}
390.9590 	EXP 	New trial (rep=0, index=5): {'word_stimuli': 'sounds/droite.ogg', 'isi': 0.7}
392.4596 	EXP 	New trial (rep=0, index=6): {'word_stimuli': 'sounds/droite.ogg', 'isi': 0.7}
393.9591 	EXP 	New trial (rep=0, index=7): {'word_stimuli': 'sounds/gauche.ogg', 'isi': 0.7}
395.4602 	EXP 	New trial (rep=0, index=8): {'word_stimuli': 'sounds/droite.ogg', 'isi': 0.7}
396.9621 	EXP 	New trial (rep=0, index=9): {'word_stimuli': 'sounds/gauche.ogg', 'isi': 0.7}
398.4613 	EXP 	New trial (rep=0, index=10): {'word_stimuli': 'sounds/droite.ogg', 'isi': 0.7}
399.9769 	EXP 	New trial (rep=0, index=11): {'word_stimuli': 'sounds/gauche.ogg', 'isi': 0.7}
401.4773 	EXP 	New trial (rep=0, index=12): {'word_stimuli': 'sounds/droite.ogg', 'isi': 0.7}
402.9776 	EXP 	New trial (rep=0, index=13): {'word_stimuli': 'sounds/droite.ogg', 'isi': 0.7}
404.4783 	EXP 	New trial (rep=0, index=14): {'word_stimuli': 'sounds/gauche.ogg', 'isi': 0.7}
405.9791 	EXP 	New trial (rep=0, index=15): {'word_stimuli': 'sounds/droite.ogg', 'isi': 0.7}
407.4794 	EXP 	New trial (rep=0, index=16): {'word_stimuli': 'sounds/droite.ogg', 'isi': 0.7}
408.9791 	EXP 	New trial (rep=0, index=17): {'word_stimuli': 'sounds/gauche.ogg', 'isi': 0.7}
410.4789 	EXP 	New trial (rep=0, index=18): {'word_stimuli': 'sounds/gauche.ogg', 'isi': 0.7}
411.9792 	EXP 	New trial (rep=0, index=19): {'word_stimuli': 'sounds/droite.ogg', 'isi': 0.7}
413.4809 	EXP 	New trial (rep=0, index=20): {'word_stimuli': 'sounds/gauche.ogg', 'isi': 0.7}
414.9801 	EXP 	New trial (rep=0, index=21): {'word_stimuli': 'sounds/gauche.ogg', 'isi': 0.7}
416.4808 	EXP 	New trial (rep=0, index=22): {'word_stimuli': 'sounds/droite.ogg', 'isi': 0.7}
417.9811 	EXP 	New trial (rep=0, index=23): {'word_stimuli': 'sounds/droite.ogg', 'isi': 0.7}
419.4822 	EXP 	New trial (rep=0, index=24): {'word_stimuli': 'sounds/droite.ogg', 'isi': 0.7}
420.9832 	EXP 	New trial (rep=0, index=25): {'word_stimuli': 'sounds/gauche.ogg', 'isi': 0.7}
422.4807 	EXP 	New trial (rep=0, index=26): {'word_stimuli': 'sounds/droite.ogg', 'isi': 0.7}
423.9833 	EXP 	New trial (rep=0, index=27): {'word_stimuli': 'sounds/gauche.ogg', 'isi': 0.7}
425.4843 	EXP 	New trial (rep=0, index=28): {'word_stimuli': 'sounds/gauche.ogg', 'isi': 0.7}
426.9827 	EXP 	New trial (rep=0, index=29): {'word_stimuli': 'sounds/gauche.ogg', 'isi': 0.7}
428.4837 	EXP 	New trial (rep=0, index=30): {'word_stimuli': 'sounds/gauche.ogg', 'isi': 0.7}
429.9839 	EXP 	New trial (rep=0, index=31): {'word_stimuli': 'sounds/gauche.ogg', 'isi': 0.7}
431.4839 	EXP 	New trial (rep=0, index=32): {'word_stimuli': 'sounds/droite.ogg', 'isi': 0.7}
432.9850 	EXP 	New trial (rep=0, index=33): {'word_stimuli': 'sounds/gauche.ogg', 'isi': 0.7}
434.4850 	EXP 	New trial (rep=0, index=34): {'word_stimuli': 'sounds/gauche.ogg', 'isi': 0.7}
435.9843 	EXP 	New trial (rep=0, index=35): {'word_stimuli': 'sounds/gauche.ogg', 'isi': 0.7}
437.4849 	EXP 	New trial (rep=0, index=36): {'word_stimuli': 'sounds/gauche.ogg', 'isi': 0.7}
439.0012 	EXP 	New trial (rep=0, index=37): {'word_stimuli': 'sounds/gauche.ogg', 'isi': 0.7}
440.5023 	EXP 	New trial (rep=0, index=38): {'word_stimuli': 'sounds/droite.ogg', 'isi': 0.7}
442.0032 	EXP 	New trial (rep=0, index=39): {'word_stimuli': 'sounds/droite.ogg', 'isi': 0.7}
443.5040 	EXP 	New trial (rep=0, index=40): {'word_stimuli': 'sounds/droite.ogg', 'isi': 0.7}
445.0040 	EXP 	New trial (rep=0, index=41): {'word_stimuli': 'sounds/droite.ogg', 'isi': 0.7}
446.5039 	EXP 	New trial (rep=0, index=42): {'word_stimuli': 'sounds/droite.ogg', 'isi': 0.7}
448.0055 	EXP 	New trial (rep=0, index=43): {'word_stimuli': 'sounds/gauche.ogg', 'isi': 0.7}
449.5050 	EXP 	New trial (rep=0, index=44): {'word_stimuli': 'sounds/gauche.ogg', 'isi': 0.7}
451.0050 	EXP 	New trial (rep=0, index=45): {'word_stimuli': 'sounds/droite.ogg', 'isi': 0.7}
452.5054 	EXP 	New trial (rep=0, index=46): {'word_stimuli': 'sounds/droite.ogg', 'isi': 0.7}
454.0050 	EXP 	New trial (rep=0, index=47): {'word_stimuli': 'sounds/droite.ogg', 'isi': 0.7}
455.5050 	EXP 	New trial (rep=0, index=48): {'word_stimuli': 'sounds/gauche.ogg', 'isi': 0.7}
457.0051 	EXP 	New trial (rep=0, index=49): {'word_stimuli': 'sounds/droite.ogg', 'isi': 0.7}
458.5334 	EXP 	Imported countdown.xlsx as conditions, 31 conditions, 1 params
458.5346 	EXP 	Created sequence: sequential, trialTypes=31, nReps=1, seed=None
458.5355 	EXP 	New trial (rep=0, index=0): {'countdown': 30}
458.5682 	EXP 	text: text = 30
458.5682 	EXP 	text: autoDraw = True
459.5220 	EXP 	New trial (rep=0, index=1): {'countdown': 29}
459.5516 	EXP 	text: autoDraw = False
459.5516 	EXP 	text: text = 29
459.5516 	EXP 	text: autoDraw = True
460.5209 	EXP 	New trial (rep=0, index=2): {'countdown': 28}
460.5523 	EXP 	text: autoDraw = False
460.5523 	EXP 	text: text = 28
460.5523 	EXP 	text: autoDraw = True
461.5209 	EXP 	New trial (rep=0, index=3): {'countdown': 27}
461.5521 	EXP 	text: autoDraw = False
461.5521 	EXP 	text: text = 27
461.5521 	EXP 	text: autoDraw = True
462.5215 	EXP 	New trial (rep=0, index=4): {'countdown': 26}
462.5527 	EXP 	text: autoDraw = False
462.5527 	EXP 	text: text = 26
462.5527 	EXP 	text: autoDraw = True
463.5212 	EXP 	New trial (rep=0, index=5): {'countdown': 25}
463.5528 	EXP 	text: autoDraw = False
463.5528 	EXP 	text: text = 25
463.5528 	EXP 	text: autoDraw = True
464.5194 	EXP 	New trial (rep=0, index=6): {'countdown': 24}
464.5531 	EXP 	text: autoDraw = False
464.5531 	EXP 	text: text = 24
464.5531 	EXP 	text: autoDraw = True
465.5215 	EXP 	New trial (rep=0, index=7): {'countdown': 23}
465.5512 	EXP 	text: autoDraw = False
465.5512 	EXP 	text: text = 23
465.5512 	EXP 	text: autoDraw = True
466.5220 	EXP 	New trial (rep=0, index=8): {'countdown': 22}
466.5533 	EXP 	text: autoDraw = False
466.5533 	EXP 	text: text = 22
466.5533 	EXP 	text: autoDraw = True
467.5218 	EXP 	New trial (rep=0, index=9): {'countdown': 21}
467.5536 	EXP 	text: autoDraw = False
467.5536 	EXP 	text: text = 21
467.5536 	EXP 	text: autoDraw = True
468.5227 	EXP 	New trial (rep=0, index=10): {'countdown': 20}
468.5541 	EXP 	text: autoDraw = False
468.5541 	EXP 	text: text = 20
468.5541 	EXP 	text: autoDraw = True
469.5226 	EXP 	New trial (rep=0, index=11): {'countdown': 19}
469.5539 	EXP 	text: autoDraw = False
469.5539 	EXP 	text: text = 19
469.5539 	EXP 	text: autoDraw = True
470.5063 	EXP 	New trial (rep=0, index=12): {'countdown': 18}
470.5379 	EXP 	text: autoDraw = False
470.5379 	EXP 	text: text = 18
470.5379 	EXP 	text: autoDraw = True
471.5229 	EXP 	New trial (rep=0, index=13): {'countdown': 17}
471.5536 	EXP 	text: autoDraw = False
471.5536 	EXP 	text: text = 17
471.5536 	EXP 	text: autoDraw = True
472.5064 	EXP 	New trial (rep=0, index=14): {'countdown': 16}
472.5368 	EXP 	text: autoDraw = False
472.5368 	EXP 	text: text = 16
472.5368 	EXP 	text: autoDraw = True
473.5063 	EXP 	New trial (rep=0, index=15): {'countdown': 15}
473.5387 	EXP 	text: autoDraw = False
473.5387 	EXP 	text: text = 15
473.5387 	EXP 	text: autoDraw = True
474.5065 	EXP 	New trial (rep=0, index=16): {'countdown': 14}
474.5388 	EXP 	text: autoDraw = False
474.5388 	EXP 	text: text = 14
474.5388 	EXP 	text: autoDraw = True
475.5067 	EXP 	New trial (rep=0, index=17): {'countdown': 13}
475.5385 	EXP 	text: autoDraw = False
475.5385 	EXP 	text: text = 13
475.5385 	EXP 	text: autoDraw = True
476.5076 	EXP 	New trial (rep=0, index=18): {'countdown': 12}
476.5386 	EXP 	text: autoDraw = False
476.5386 	EXP 	text: text = 12
476.5386 	EXP 	text: autoDraw = True
477.5074 	EXP 	New trial (rep=0, index=19): {'countdown': 11}
477.5393 	EXP 	text: autoDraw = False
477.5393 	EXP 	text: text = 11
477.5393 	EXP 	text: autoDraw = True
478.5076 	EXP 	New trial (rep=0, index=20): {'countdown': 10}
478.5394 	EXP 	text: autoDraw = False
478.5394 	EXP 	text: text = 10
478.5394 	EXP 	text: autoDraw = True
479.5075 	EXP 	New trial (rep=0, index=21): {'countdown': 9}
479.5385 	EXP 	text: autoDraw = False
479.5385 	EXP 	text: text = 9
479.5385 	EXP 	text: autoDraw = True
480.5078 	EXP 	New trial (rep=0, index=22): {'countdown': 8}
480.5396 	EXP 	text: autoDraw = False
480.5396 	EXP 	text: text = 8
480.5396 	EXP 	text: autoDraw = True
481.5083 	EXP 	New trial (rep=0, index=23): {'countdown': 7}
481.5394 	EXP 	text: autoDraw = False
481.5394 	EXP 	text: text = 7
481.5394 	EXP 	text: autoDraw = True
482.5086 	EXP 	New trial (rep=0, index=24): {'countdown': 6}
482.5393 	EXP 	text: autoDraw = False
482.5393 	EXP 	text: text = 6
482.5393 	EXP 	text: autoDraw = True
483.5086 	EXP 	New trial (rep=0, index=25): {'countdown': 5}
483.5403 	EXP 	text: autoDraw = False
483.5403 	EXP 	text: text = 5
483.5403 	EXP 	text: autoDraw = True
484.5088 	EXP 	New trial (rep=0, index=26): {'countdown': 4}
484.5394 	EXP 	text: autoDraw = False
484.5394 	EXP 	text: text = 4
484.5394 	EXP 	text: autoDraw = True
485.5088 	EXP 	New trial (rep=0, index=27): {'countdown': 3}
485.5407 	EXP 	text: autoDraw = False
485.5407 	EXP 	text: text = 3
485.5407 	EXP 	text: autoDraw = True
486.5095 	EXP 	New trial (rep=0, index=28): {'countdown': 2}
486.5411 	EXP 	text: autoDraw = False
486.5411 	EXP 	text: text = 2
486.5411 	EXP 	text: autoDraw = True
487.5093 	EXP 	New trial (rep=0, index=29): {'countdown': 1}
487.5400 	EXP 	text: autoDraw = False
487.5400 	EXP 	text: text = 1
487.5400 	EXP 	text: autoDraw = True
488.5097 	EXP 	New trial (rep=0, index=30): {'countdown': 0}
488.5400 	EXP 	text: autoDraw = False
488.5400 	EXP 	text: text = 0
488.5400 	EXP 	text: autoDraw = True
489.5100 	EXP 	New trial (rep=4, index=0): None
489.5435 	EXP 	Imported stimuli.xlsx as conditions, 50 conditions, 2 params
489.5442 	EXP 	Created sequence: random, trialTypes=50, nReps=1, seed=None
489.5447 	EXP 	New trial (rep=0, index=0): {'word_stimuli': 'sounds/gauche.ogg', 'isi': 0.7}
489.5561 	EXP 	text: autoDraw = False
491.0466 	EXP 	New trial (rep=0, index=1): {'word_stimuli': 'sounds/droite.ogg', 'isi': 0.7}
492.5460 	EXP 	New trial (rep=0, index=2): {'word_stimuli': 'sounds/gauche.ogg', 'isi': 0.7}
494.0461 	EXP 	New trial (rep=0, index=3): {'word_stimuli': 'sounds/droite.ogg', 'isi': 0.7}
495.5637 	EXP 	New trial (rep=0, index=4): {'word_stimuli': 'sounds/gauche.ogg', 'isi': 0.7}
497.0633 	EXP 	New trial (rep=0, index=5): {'word_stimuli': 'sounds/droite.ogg', 'isi': 0.7}
498.5649 	EXP 	New trial (rep=0, index=6): {'word_stimuli': 'sounds/droite.ogg', 'isi': 0.7}
500.0648 	EXP 	New trial (rep=0, index=7): {'word_stimuli': 'sounds/gauche.ogg', 'isi': 0.7}
501.5651 	EXP 	New trial (rep=0, index=8): {'word_stimuli': 'sounds/gauche.ogg', 'isi': 0.7}
503.0650 	EXP 	New trial (rep=0, index=9): {'word_stimuli': 'sounds/droite.ogg', 'isi': 0.7}
504.5653 	EXP 	New trial (rep=0, index=10): {'word_stimuli': 'sounds/droite.ogg', 'isi': 0.7}
506.0652 	EXP 	New trial (rep=0, index=11): {'word_stimuli': 'sounds/droite.ogg', 'isi': 0.7}
507.5656 	EXP 	New trial (rep=0, index=12): {'word_stimuli': 'sounds/droite.ogg', 'isi': 0.7}
509.0659 	EXP 	New trial (rep=0, index=13): {'word_stimuli': 'sounds/droite.ogg', 'isi': 0.7}
510.5658 	EXP 	New trial (rep=0, index=14): {'word_stimuli': 'sounds/gauche.ogg', 'isi': 0.7}
512.0667 	EXP 	New trial (rep=0, index=15): {'word_stimuli': 'sounds/gauche.ogg', 'isi': 0.7}
513.5671 	EXP 	New trial (rep=0, index=16): {'word_stimuli': 'sounds/droite.ogg', 'isi': 0.7}
515.0675 	EXP 	New trial (rep=0, index=17): {'word_stimuli': 'sounds/gauche.ogg', 'isi': 0.7}
516.5677 	EXP 	New trial (rep=0, index=18): {'word_stimuli': 'sounds/droite.ogg', 'isi': 0.7}
518.0681 	EXP 	New trial (rep=0, index=19): {'word_stimuli': 'sounds/gauche.ogg', 'isi': 0.7}
519.5679 	EXP 	New trial (rep=0, index=20): {'word_stimuli': 'sounds/droite.ogg', 'isi': 0.7}
521.0692 	EXP 	New trial (rep=0, index=21): {'word_stimuli': 'sounds/gauche.ogg', 'isi': 0.7}
522.5685 	EXP 	New trial (rep=0, index=22): {'word_stimuli': 'sounds/gauche.ogg', 'isi': 0.7}
524.0692 	EXP 	New trial (rep=0, index=23): {'word_stimuli': 'sounds/gauche.ogg', 'isi': 0.7}
525.5692 	EXP 	New trial (rep=0, index=24): {'word_stimuli': 'sounds/gauche.ogg', 'isi': 0.7}
527.0690 	EXP 	New trial (rep=0, index=25): {'word_stimuli': 'sounds/gauche.ogg', 'isi': 0.7}
528.5703 	EXP 	New trial (rep=0, index=26): {'word_stimuli': 'sounds/droite.ogg', 'isi': 0.7}
530.0706 	EXP 	New trial (rep=0, index=27): {'word_stimuli': 'sounds/droite.ogg', 'isi': 0.7}
531.5702 	EXP 	New trial (rep=0, index=28): {'word_stimuli': 'sounds/droite.ogg', 'isi': 0.7}
533.0710 	EXP 	New trial (rep=0, index=29): {'word_stimuli': 'sounds/gauche.ogg', 'isi': 0.7}
534.5713 	EXP 	New trial (rep=0, index=30): {'word_stimuli': 'sounds/gauche.ogg', 'isi': 0.7}
536.0711 	EXP 	New trial (rep=0, index=31): {'word_stimuli': 'sounds/gauche.ogg', 'isi': 0.7}
537.5733 	EXP 	New trial (rep=0, index=32): {'word_stimuli': 'sounds/droite.ogg', 'isi': 0.7}
539.0731 	EXP 	New trial (rep=0, index=33): {'word_stimuli': 'sounds/gauche.ogg', 'isi': 0.7}
540.5730 	EXP 	New trial (rep=0, index=34): {'word_stimuli': 'sounds/gauche.ogg', 'isi': 0.7}
542.0738 	EXP 	New trial (rep=0, index=35): {'word_stimuli': 'sounds/droite.ogg', 'isi': 0.7}
543.5727 	EXP 	New trial (rep=0, index=36): {'word_stimuli': 'sounds/droite.ogg', 'isi': 0.7}
545.0740 	EXP 	New trial (rep=0, index=37): {'word_stimuli': 'sounds/droite.ogg', 'isi': 0.7}
546.5750 	EXP 	New trial (rep=0, index=38): {'word_stimuli': 'sounds/droite.ogg', 'isi': 0.7}
548.0741 	EXP 	New trial (rep=0, index=39): {'word_stimuli': 'sounds/droite.ogg', 'isi': 0.7}
549.5746 	EXP 	New trial (rep=0, index=40): {'word_stimuli': 'sounds/droite.ogg', 'isi': 0.7}
551.0756 	EXP 	New trial (rep=0, index=41): {'word_stimuli': 'sounds/gauche.ogg', 'isi': 0.7}
552.5750 	EXP 	New trial (rep=0, index=42): {'word_stimuli': 'sounds/droite.ogg', 'isi': 0.7}
554.0751 	EXP 	New trial (rep=0, index=43): {'word_stimuli': 'sounds/droite.ogg', 'isi': 0.7}
555.5760 	EXP 	New trial (rep=0, index=44): {'word_stimuli': 'sounds/gauche.ogg', 'isi': 0.7}
557.0751 	EXP 	New trial (rep=0, index=45): {'word_stimuli': 'sounds/gauche.ogg', 'isi': 0.7}
558.5757 	EXP 	New trial (rep=0, index=46): {'word_stimuli': 'sounds/gauche.ogg', 'isi': 0.7}
560.0768 	EXP 	New trial (rep=0, index=47): {'word_stimuli': 'sounds/gauche.ogg', 'isi': 0.7}
561.5767 	EXP 	New trial (rep=0, index=48): {'word_stimuli': 'sounds/gauche.ogg', 'isi': 0.7}
563.0761 	EXP 	New trial (rep=0, index=49): {'word_stimuli': 'sounds/droite.ogg', 'isi': 0.7}
564.6070 	EXP 	Imported countdown.xlsx as conditions, 31 conditions, 1 params
564.6082 	EXP 	Created sequence: sequential, trialTypes=31, nReps=1, seed=None
564.6088 	EXP 	New trial (rep=0, index=0): {'countdown': 30}
564.6211 	EXP 	text: text = 30
564.6211 	EXP 	text: autoDraw = True
565.5926 	EXP 	New trial (rep=0, index=1): {'countdown': 29}
565.6246 	EXP 	text: autoDraw = False
565.6246 	EXP 	text: text = 29
565.6246 	EXP 	text: autoDraw = True
566.5919 	EXP 	New trial (rep=0, index=2): {'countdown': 28}
566.6241 	EXP 	text: autoDraw = False
566.6241 	EXP 	text: text = 28
566.6241 	EXP 	text: autoDraw = True
567.5925 	EXP 	New trial (rep=0, index=3): {'countdown': 27}
567.6222 	EXP 	text: autoDraw = False
567.6222 	EXP 	text: text = 27
567.6222 	EXP 	text: autoDraw = True
568.5930 	EXP 	New trial (rep=0, index=4): {'countdown': 26}
568.6241 	EXP 	text: autoDraw = False
568.6241 	EXP 	text: text = 26
568.6241 	EXP 	text: autoDraw = True
569.8902 	EXP 	New trial (rep=0, index=5): {'countdown': 25}
569.9264 	EXP 	text: autoDraw = False
569.9264 	EXP 	text: text = 25
569.9264 	EXP 	text: autoDraw = True
570.5877 	EXP 	New trial (rep=0, index=6): {'countdown': 24}
570.6032 	EXP 	text: autoDraw = False
570.6032 	EXP 	text: text = 24
570.6032 	EXP 	text: autoDraw = True
571.5933 	EXP 	New trial (rep=0, index=7): {'countdown': 23}
571.6250 	EXP 	text: autoDraw = False
571.6250 	EXP 	text: text = 23
571.6250 	EXP 	text: autoDraw = True
572.5807 	EXP 	New trial (rep=0, index=8): {'countdown': 22}
572.6102 	EXP 	text: autoDraw = False
572.6102 	EXP 	text: text = 22
572.6102 	EXP 	text: autoDraw = True
2492.7342 	EXP 	New trial (rep=0, index=9): {'countdown': 21}
2492.7673 	EXP 	New trial (rep=0, index=10): {'countdown': 20}
2492.7694 	EXP 	New trial (rep=0, index=11): {'countdown': 19}
2492.7715 	EXP 	New trial (rep=0, index=12): {'countdown': 18}
2492.7731 	EXP 	New trial (rep=0, index=13): {'countdown': 17}
2492.7753 	EXP 	New trial (rep=0, index=14): {'countdown': 16}
2492.7776 	EXP 	New trial (rep=0, index=15): {'countdown': 15}
2492.7806 	EXP 	New trial (rep=0, index=16): {'countdown': 14}
2492.7822 	EXP 	New trial (rep=0, index=17): {'countdown': 13}
2492.8257 	EXP 	New trial (rep=0, index=18): {'countdown': 12}
2492.8288 	EXP 	New trial (rep=0, index=19): {'countdown': 11}
2492.8303 	EXP 	New trial (rep=0, index=20): {'countdown': 10}
2492.8322 	EXP 	New trial (rep=0, index=21): {'countdown': 9}
2492.8352 	EXP 	New trial (rep=0, index=22): {'countdown': 8}
2492.8374 	EXP 	New trial (rep=0, index=23): {'countdown': 7}
2492.8402 	EXP 	New trial (rep=0, index=24): {'countdown': 6}
2492.8424 	EXP 	New trial (rep=0, index=25): {'countdown': 5}
2492.8441 	EXP 	New trial (rep=0, index=26): {'countdown': 4}
2492.8461 	EXP 	New trial (rep=0, index=27): {'countdown': 3}
2492.8484 	EXP 	New trial (rep=0, index=28): {'countdown': 2}
2492.8523 	EXP 	New trial (rep=0, index=29): {'countdown': 1}
2492.8558 	EXP 	New trial (rep=0, index=30): {'countdown': 0}
2492.8881 	EXP 	text: autoDraw = False
2492.8881 	EXP 	text: text = 21
2492.8881 	EXP 	text: autoDraw = False
2492.8881 	EXP 	text: text = 20
2492.8881 	EXP 	text: autoDraw = False
2492.8881 	EXP 	text: text = 19
2492.8881 	EXP 	text: autoDraw = False
2492.8881 	EXP 	text: text = 18
2492.8881 	EXP 	text: autoDraw = False
2492.8881 	EXP 	text: text = 17
2492.8881 	EXP 	text: autoDraw = False
2492.8881 	EXP 	text: text = 16
2492.8881 	EXP 	text: autoDraw = False
2492.8881 	EXP 	text: text = 15
2492.8881 	EXP 	text: autoDraw = False
2492.8881 	EXP 	text: text = 14
2492.8881 	EXP 	text: autoDraw = False
2492.8881 	EXP 	text: text = 13
2492.8881 	EXP 	text: autoDraw = False
2492.8881 	EXP 	text: text = 12
2492.8881 	EXP 	text: autoDraw = False
2492.8881 	EXP 	text: text = 11
2492.8881 	EXP 	text: autoDraw = False
2492.8881 	EXP 	text: text = 10
2492.8881 	EXP 	text: autoDraw = False
2492.8881 	EXP 	text: text = 9
2492.8881 	EXP 	text: autoDraw = False
2492.8881 	EXP 	text: text = 8
2492.8881 	EXP 	text: autoDraw = False
2492.8881 	EXP 	text: text = 7
2492.8881 	EXP 	text: autoDraw = False
2492.8881 	EXP 	text: text = 6
2492.8881 	EXP 	text: autoDraw = False
2492.8881 	EXP 	text: text = 5
2492.8881 	EXP 	text: autoDraw = False
2492.8881 	EXP 	text: text = 4
2492.8881 	EXP 	text: autoDraw = False
2492.8881 	EXP 	text: text = 3
2492.8881 	EXP 	text: autoDraw = False
2492.8881 	EXP 	text: text = 2
2492.8881 	EXP 	text: autoDraw = False
2492.8881 	EXP 	text: text = 1
2492.8881 	EXP 	text: autoDraw = False
2492.8881 	EXP 	text: text = 0
2492.8881 	EXP 	text: autoDraw = False
2493.0597 	EXP 	window1: mouseVisible = True
