3.2039 	WARNING 	We strongly recommend you activate the PTB sound engine in PsychoPy prefs as the preferred audio engine. Its timing is vastly superior. Your prefs are currently set to use ['sounddevice', 'PTB', 'pyo', 'pygame'] (in that order).
54.7218 	EXP 	Created window1 = Window(allowGUI=True, allowStencil=False, autoLog=True, backendConf=UNKNOWN, bitsMode=UNKNOWN, blendMode='avg', bpc=(8, 8, 8), color=array([0, 0, 0]), colorSpace='rgb', depthBits=8, fullscr=<method-wrapper '__getattribute__' of attributeSetter object at 0x000002115067EF98>, gamma=None, gammaErrorPolicy='raise', lms=UNKNOWN, monitor=<psychopy.monitors.calibTools.Monitor object at 0x00000211506E45F8>, multiSample=False, name='window1', numSamples=2, pos=[810.0, 290.0], screen=0, size=array([300, 500]), stencilBits=0, stereo=False, units='height', useFBO=True, useRetina=False, viewOri=0.0, viewPos=None, viewScale=None, waitBlanking=True, winType='pyglet')
54.7221 	EXP 	window1: mouseVisible = True
54.7222 	EXP 	window1: recordFrameIntervals = False
54.8864 	EXP 	window1: recordFrameIntervals = True
55.0712 	EXP 	window1: recordFrameIntervals = False
55.5021 	EXP 	Sound sound_exposure set volume 1.000
55.5124 	EXP 	Created text = TextStim(__class__=<class 'psychopy.visual.text.TextStim'>, alignHoriz=method-wrapper(...), alignText='center', alignVert=method-wrapper(...), anchorHoriz='center', anchorVert='center', antialias=True, autoLog=True, bold=False, color=array([1, 1, 1]), colorSpace='rgb', contrast=1.0, depth=0.0, flipHoriz=False, flipVert=False, font='Open Sans', fontFiles=[], height=0.1, italic=False, languageStyle='LTR', name='text', opacity=1, ori=0.0, pos=array([0., 0.]), rgb=UNKNOWN, text='', units='height', win=Window(...), wrapWidth=1)
55.5127 	EXP 	Created sequence: random, trialTypes=1, nReps=5, seed=None
55.5129 	EXP 	New trial (rep=0, index=0): None
55.5224 	EXP 	Imported stimuli.xlsx as conditions, 50 conditions, 2 params
55.5228 	EXP 	Created sequence: random, trialTypes=50, nReps=1, seed=None
55.5230 	EXP 	New trial (rep=0, index=0): {'word_stimuli': 'sounds/gauche.ogg', 'isi': 0.7}
57.0085 	EXP 	New trial (rep=0, index=1): {'word_stimuli': 'sounds/gauche.ogg', 'isi': 0.7}
58.5095 	EXP 	New trial (rep=0, index=2): {'word_stimuli': 'sounds/droite.ogg', 'isi': 0.7}
60.0093 	EXP 	New trial (rep=0, index=3): {'word_stimuli': 'sounds/droite.ogg', 'isi': 0.7}
61.5108 	EXP 	New trial (rep=0, index=4): {'word_stimuli': 'sounds/gauche.ogg', 'isi': 0.7}
63.0265 	EXP 	New trial (rep=0, index=5): {'word_stimuli': 'sounds/gauche.ogg', 'isi': 0.7}
64.5269 	EXP 	New trial (rep=0, index=6): {'word_stimuli': 'sounds/gauche.ogg', 'isi': 0.7}
66.0273 	EXP 	New trial (rep=0, index=7): {'word_stimuli': 'sounds/droite.ogg', 'isi': 0.7}
67.5280 	EXP 	New trial (rep=0, index=8): {'word_stimuli': 'sounds/gauche.ogg', 'isi': 0.7}
69.0294 	EXP 	New trial (rep=0, index=9): {'word_stimuli': 'sounds/droite.ogg', 'isi': 0.7}
70.5295 	EXP 	New trial (rep=0, index=10): {'word_stimuli': 'sounds/gauche.ogg', 'isi': 0.7}
72.0285 	EXP 	New trial (rep=0, index=11): {'word_stimuli': 'sounds/gauche.ogg', 'isi': 0.7}
73.5311 	EXP 	New trial (rep=0, index=12): {'word_stimuli': 'sounds/droite.ogg', 'isi': 0.7}
75.0294 	EXP 	New trial (rep=0, index=13): {'word_stimuli': 'sounds/gauche.ogg', 'isi': 0.7}
76.5318 	EXP 	New trial (rep=0, index=14): {'word_stimuli': 'sounds/droite.ogg', 'isi': 0.7}
78.0304 	EXP 	New trial (rep=0, index=15): {'word_stimuli': 'sounds/gauche.ogg', 'isi': 0.7}
79.5316 	EXP 	New trial (rep=0, index=16): {'word_stimuli': 'sounds/droite.ogg', 'isi': 0.7}
81.0322 	EXP 	New trial (rep=0, index=17): {'word_stimuli': 'sounds/gauche.ogg', 'isi': 0.7}
82.5312 	EXP 	New trial (rep=0, index=18): {'word_stimuli': 'sounds/droite.ogg', 'isi': 0.7}
84.0323 	EXP 	New trial (rep=0, index=19): {'word_stimuli': 'sounds/droite.ogg', 'isi': 0.7}
85.5323 	EXP 	New trial (rep=0, index=20): {'word_stimuli': 'sounds/droite.ogg', 'isi': 0.7}
87.0314 	EXP 	New trial (rep=0, index=21): {'word_stimuli': 'sounds/droite.ogg', 'isi': 0.7}
88.5330 	EXP 	New trial (rep=0, index=22): {'word_stimuli': 'sounds/gauche.ogg', 'isi': 0.7}
90.0332 	EXP 	New trial (rep=0, index=23): {'word_stimuli': 'sounds/droite.ogg', 'isi': 0.7}
91.5325 	EXP 	New trial (rep=0, index=24): {'word_stimuli': 'sounds/gauche.ogg', 'isi': 0.7}
93.0335 	EXP 	New trial (rep=0, index=25): {'word_stimuli': 'sounds/droite.ogg', 'isi': 0.7}
94.5335 	EXP 	New trial (rep=0, index=26): {'word_stimuli': 'sounds/gauche.ogg', 'isi': 0.7}
96.0335 	EXP 	New trial (rep=0, index=27): {'word_stimuli': 'sounds/gauche.ogg', 'isi': 0.7}
97.5333 	EXP 	New trial (rep=0, index=28): {'word_stimuli': 'sounds/droite.ogg', 'isi': 0.7}
99.0338 	EXP 	New trial (rep=0, index=29): {'word_stimuli': 'sounds/gauche.ogg', 'isi': 0.7}
100.5344 	EXP 	New trial (rep=0, index=30): {'word_stimuli': 'sounds/droite.ogg', 'isi': 0.7}
102.0349 	EXP 	New trial (rep=0, index=31): {'word_stimuli': 'sounds/gauche.ogg', 'isi': 0.7}
103.5352 	EXP 	New trial (rep=0, index=32): {'word_stimuli': 'sounds/droite.ogg', 'isi': 0.7}
105.0354 	EXP 	New trial (rep=0, index=33): {'word_stimuli': 'sounds/gauche.ogg', 'isi': 0.7}
106.5357 	EXP 	New trial (rep=0, index=34): {'word_stimuli': 'sounds/gauche.ogg', 'isi': 0.7}
108.0362 	EXP 	New trial (rep=0, index=35): {'word_stimuli': 'sounds/droite.ogg', 'isi': 0.7}
109.5363 	EXP 	New trial (rep=0, index=36): {'word_stimuli': 'sounds/droite.ogg', 'isi': 0.7}
111.0371 	EXP 	New trial (rep=0, index=37): {'word_stimuli': 'sounds/droite.ogg', 'isi': 0.7}
112.5384 	EXP 	New trial (rep=0, index=38): {'word_stimuli': 'sounds/droite.ogg', 'isi': 0.7}
114.0494 	EXP 	New trial (rep=0, index=39): {'word_stimuli': 'sounds/droite.ogg', 'isi': 0.7}
115.5500 	EXP 	New trial (rep=0, index=40): {'word_stimuli': 'sounds/droite.ogg', 'isi': 0.7}
117.0542 	EXP 	New trial (rep=0, index=41): {'word_stimuli': 'sounds/gauche.ogg', 'isi': 0.7}
118.5557 	EXP 	New trial (rep=0, index=42): {'word_stimuli': 'sounds/gauche.ogg', 'isi': 0.7}
120.0548 	EXP 	New trial (rep=0, index=43): {'word_stimuli': 'sounds/droite.ogg', 'isi': 0.7}
121.5681 	EXP 	New trial (rep=0, index=44): {'word_stimuli': 'sounds/droite.ogg', 'isi': 0.7}
123.0734 	EXP 	New trial (rep=0, index=45): {'word_stimuli': 'sounds/droite.ogg', 'isi': 0.7}
124.5733 	EXP 	New trial (rep=0, index=46): {'word_stimuli': 'sounds/gauche.ogg', 'isi': 0.7}
126.0734 	EXP 	New trial (rep=0, index=47): {'word_stimuli': 'sounds/gauche.ogg', 'isi': 0.7}
127.5904 	EXP 	New trial (rep=0, index=48): {'word_stimuli': 'sounds/gauche.ogg', 'isi': 0.7}
129.0912 	EXP 	New trial (rep=0, index=49): {'word_stimuli': 'sounds/gauche.ogg', 'isi': 0.7}
130.6181 	EXP 	Imported countdown.xlsx as conditions, 31 conditions, 1 params
130.6192 	EXP 	Created sequence: sequential, trialTypes=31, nReps=1, seed=None
130.6197 	EXP 	New trial (rep=0, index=0): {'countdown': 30}
130.6852 	EXP 	text: text = 30
130.6852 	EXP 	text: autoDraw = True
131.6062 	EXP 	New trial (rep=0, index=1): {'countdown': 29}
131.6351 	EXP 	text: autoDraw = False
131.6351 	EXP 	text: text = 29
131.6351 	EXP 	text: autoDraw = True
132.6053 	EXP 	New trial (rep=0, index=2): {'countdown': 28}
132.6347 	EXP 	text: autoDraw = False
132.6347 	EXP 	text: text = 28
132.6347 	EXP 	text: autoDraw = True
133.6057 	EXP 	New trial (rep=0, index=3): {'countdown': 27}
133.6363 	EXP 	text: autoDraw = False
133.6363 	EXP 	text: text = 27
133.6363 	EXP 	text: autoDraw = True
134.6061 	EXP 	New trial (rep=0, index=4): {'countdown': 26}
134.6362 	EXP 	text: autoDraw = False
134.6362 	EXP 	text: text = 26
134.6362 	EXP 	text: autoDraw = True
135.6067 	EXP 	New trial (rep=0, index=5): {'countdown': 25}
135.6368 	EXP 	text: autoDraw = False
135.6368 	EXP 	text: text = 25
135.6368 	EXP 	text: autoDraw = True
136.6066 	EXP 	New trial (rep=0, index=6): {'countdown': 24}
136.6365 	EXP 	text: autoDraw = False
136.6365 	EXP 	text: text = 24
136.6365 	EXP 	text: autoDraw = True
137.6062 	EXP 	New trial (rep=0, index=7): {'countdown': 23}
137.6364 	EXP 	text: autoDraw = False
137.6364 	EXP 	text: text = 23
137.6364 	EXP 	text: autoDraw = True
138.6071 	EXP 	New trial (rep=0, index=8): {'countdown': 22}
138.6366 	EXP 	text: autoDraw = False
138.6366 	EXP 	text: text = 22
138.6366 	EXP 	text: autoDraw = True
139.6069 	EXP 	New trial (rep=0, index=9): {'countdown': 21}
139.6367 	EXP 	text: autoDraw = False
139.6367 	EXP 	text: text = 21
139.6367 	EXP 	text: autoDraw = True
140.6073 	EXP 	New trial (rep=0, index=10): {'countdown': 20}
140.6367 	EXP 	text: autoDraw = False
140.6367 	EXP 	text: text = 20
140.6367 	EXP 	text: autoDraw = True
141.6071 	EXP 	New trial (rep=0, index=11): {'countdown': 19}
141.6371 	EXP 	text: autoDraw = False
141.6371 	EXP 	text: text = 19
141.6371 	EXP 	text: autoDraw = True
142.6089 	EXP 	New trial (rep=0, index=12): {'countdown': 18}
142.6369 	EXP 	text: autoDraw = False
142.6369 	EXP 	text: text = 18
142.6369 	EXP 	text: autoDraw = True
143.6082 	EXP 	New trial (rep=0, index=13): {'countdown': 17}
143.6373 	EXP 	text: autoDraw = False
143.6373 	EXP 	text: text = 17
143.6373 	EXP 	text: autoDraw = True
144.6081 	EXP 	New trial (rep=0, index=14): {'countdown': 16}
144.6375 	EXP 	text: autoDraw = False
144.6375 	EXP 	text: text = 16
144.6375 	EXP 	text: autoDraw = True
145.6083 	EXP 	New trial (rep=0, index=15): {'countdown': 15}
145.6376 	EXP 	text: autoDraw = False
145.6376 	EXP 	text: text = 15
145.6376 	EXP 	text: autoDraw = True
146.6082 	EXP 	New trial (rep=0, index=16): {'countdown': 14}
146.6380 	EXP 	text: autoDraw = False
146.6380 	EXP 	text: text = 14
146.6380 	EXP 	text: autoDraw = True
147.6082 	EXP 	New trial (rep=0, index=17): {'countdown': 13}
147.6380 	EXP 	text: autoDraw = False
147.6380 	EXP 	text: text = 13
147.6380 	EXP 	text: autoDraw = True
148.6097 	EXP 	New trial (rep=0, index=18): {'countdown': 12}
148.6389 	EXP 	text: autoDraw = False
148.6389 	EXP 	text: text = 12
148.6389 	EXP 	text: autoDraw = True
149.6091 	EXP 	New trial (rep=0, index=19): {'countdown': 11}
149.6385 	EXP 	text: autoDraw = False
149.6385 	EXP 	text: text = 11
149.6385 	EXP 	text: autoDraw = True
150.6090 	EXP 	New trial (rep=0, index=20): {'countdown': 10}
150.6387 	EXP 	text: autoDraw = False
150.6387 	EXP 	text: text = 10
150.6387 	EXP 	text: autoDraw = True
151.6089 	EXP 	New trial (rep=0, index=21): {'countdown': 9}
151.6392 	EXP 	text: autoDraw = False
151.6392 	EXP 	text: text = 9
151.6392 	EXP 	text: autoDraw = True
152.6094 	EXP 	New trial (rep=0, index=22): {'countdown': 8}
152.6393 	EXP 	text: autoDraw = False
152.6393 	EXP 	text: text = 8
152.6393 	EXP 	text: autoDraw = True
153.6093 	EXP 	New trial (rep=0, index=23): {'countdown': 7}
153.6398 	EXP 	text: autoDraw = False
153.6398 	EXP 	text: text = 7
153.6398 	EXP 	text: autoDraw = True
154.5933 	EXP 	New trial (rep=0, index=24): {'countdown': 6}
154.6234 	EXP 	text: autoDraw = False
154.6234 	EXP 	text: text = 6
154.6234 	EXP 	text: autoDraw = True
155.5935 	EXP 	New trial (rep=0, index=25): {'countdown': 5}
155.6232 	EXP 	text: autoDraw = False
155.6232 	EXP 	text: text = 5
155.6232 	EXP 	text: autoDraw = True
156.5934 	EXP 	New trial (rep=0, index=26): {'countdown': 4}
156.6235 	EXP 	text: autoDraw = False
156.6235 	EXP 	text: text = 4
156.6235 	EXP 	text: autoDraw = True
157.5940 	EXP 	New trial (rep=0, index=27): {'countdown': 3}
157.6241 	EXP 	text: autoDraw = False
157.6241 	EXP 	text: text = 3
157.6241 	EXP 	text: autoDraw = True
158.5943 	EXP 	New trial (rep=0, index=28): {'countdown': 2}
158.6242 	EXP 	text: autoDraw = False
158.6242 	EXP 	text: text = 2
158.6242 	EXP 	text: autoDraw = True
159.5941 	EXP 	New trial (rep=0, index=29): {'countdown': 1}
159.6242 	EXP 	text: autoDraw = False
159.6242 	EXP 	text: text = 1
159.6242 	EXP 	text: autoDraw = True
160.5943 	EXP 	New trial (rep=0, index=30): {'countdown': 0}
160.6244 	EXP 	text: autoDraw = False
160.6244 	EXP 	text: text = 0
160.6244 	EXP 	text: autoDraw = True
161.5952 	EXP 	New trial (rep=1, index=0): None
161.6398 	EXP 	Imported stimuli.xlsx as conditions, 50 conditions, 2 params
161.6412 	EXP 	Created sequence: random, trialTypes=50, nReps=1, seed=None
161.6422 	EXP 	New trial (rep=0, index=0): {'word_stimuli': 'sounds/gauche.ogg', 'isi': 0.7}
161.6566 	EXP 	text: autoDraw = False
163.1332 	EXP 	New trial (rep=0, index=1): {'word_stimuli': 'sounds/gauche.ogg', 'isi': 0.7}
164.6307 	EXP 	New trial (rep=0, index=2): {'word_stimuli': 'sounds/gauche.ogg', 'isi': 0.7}
166.1321 	EXP 	New trial (rep=0, index=3): {'word_stimuli': 'sounds/droite.ogg', 'isi': 0.7}
167.6314 	EXP 	New trial (rep=0, index=4): {'word_stimuli': 'sounds/droite.ogg', 'isi': 0.7}
169.1323 	EXP 	New trial (rep=0, index=5): {'word_stimuli': 'sounds/droite.ogg', 'isi': 0.7}
170.6331 	EXP 	New trial (rep=0, index=6): {'word_stimuli': 'sounds/droite.ogg', 'isi': 0.7}
172.1333 	EXP 	New trial (rep=0, index=7): {'word_stimuli': 'sounds/droite.ogg', 'isi': 0.7}
173.6333 	EXP 	New trial (rep=0, index=8): {'word_stimuli': 'sounds/droite.ogg', 'isi': 0.7}
175.1334 	EXP 	New trial (rep=0, index=9): {'word_stimuli': 'sounds/droite.ogg', 'isi': 0.7}
176.6333 	EXP 	New trial (rep=0, index=10): {'word_stimuli': 'sounds/droite.ogg', 'isi': 0.7}
178.1337 	EXP 	New trial (rep=0, index=11): {'word_stimuli': 'sounds/droite.ogg', 'isi': 0.7}
179.6335 	EXP 	New trial (rep=0, index=12): {'word_stimuli': 'sounds/droite.ogg', 'isi': 0.7}
181.1342 	EXP 	New trial (rep=0, index=13): {'word_stimuli': 'sounds/gauche.ogg', 'isi': 0.7}
182.6345 	EXP 	New trial (rep=0, index=14): {'word_stimuli': 'sounds/droite.ogg', 'isi': 0.7}
184.1353 	EXP 	New trial (rep=0, index=15): {'word_stimuli': 'sounds/gauche.ogg', 'isi': 0.7}
185.6344 	EXP 	New trial (rep=0, index=16): {'word_stimuli': 'sounds/gauche.ogg', 'isi': 0.7}
187.1362 	EXP 	New trial (rep=0, index=17): {'word_stimuli': 'sounds/gauche.ogg', 'isi': 0.7}
188.6365 	EXP 	New trial (rep=0, index=18): {'word_stimuli': 'sounds/gauche.ogg', 'isi': 0.7}
190.1363 	EXP 	New trial (rep=0, index=19): {'word_stimuli': 'sounds/droite.ogg', 'isi': 0.7}
191.6362 	EXP 	New trial (rep=0, index=20): {'word_stimuli': 'sounds/gauche.ogg', 'isi': 0.7}
193.1364 	EXP 	New trial (rep=0, index=21): {'word_stimuli': 'sounds/droite.ogg', 'isi': 0.7}
194.6376 	EXP 	New trial (rep=0, index=22): {'word_stimuli': 'sounds/gauche.ogg', 'isi': 0.7}
196.1377 	EXP 	New trial (rep=0, index=23): {'word_stimuli': 'sounds/gauche.ogg', 'isi': 0.7}
197.6377 	EXP 	New trial (rep=0, index=24): {'word_stimuli': 'sounds/gauche.ogg', 'isi': 0.7}
199.1383 	EXP 	New trial (rep=0, index=25): {'word_stimuli': 'sounds/droite.ogg', 'isi': 0.7}
200.6378 	EXP 	New trial (rep=0, index=26): {'word_stimuli': 'sounds/droite.ogg', 'isi': 0.7}
202.1386 	EXP 	New trial (rep=0, index=27): {'word_stimuli': 'sounds/gauche.ogg', 'isi': 0.7}
203.6394 	EXP 	New trial (rep=0, index=28): {'word_stimuli': 'sounds/gauche.ogg', 'isi': 0.7}
205.1399 	EXP 	New trial (rep=0, index=29): {'word_stimuli': 'sounds/gauche.ogg', 'isi': 0.7}
206.6393 	EXP 	New trial (rep=0, index=30): {'word_stimuli': 'sounds/droite.ogg', 'isi': 0.7}
208.1393 	EXP 	New trial (rep=0, index=31): {'word_stimuli': 'sounds/droite.ogg', 'isi': 0.7}
209.6413 	EXP 	New trial (rep=0, index=32): {'word_stimuli': 'sounds/gauche.ogg', 'isi': 0.7}
211.1407 	EXP 	New trial (rep=0, index=33): {'word_stimuli': 'sounds/gauche.ogg', 'isi': 0.7}
212.6405 	EXP 	New trial (rep=0, index=34): {'word_stimuli': 'sounds/droite.ogg', 'isi': 0.7}
214.1411 	EXP 	New trial (rep=0, index=35): {'word_stimuli': 'sounds/gauche.ogg', 'isi': 0.7}
215.6418 	EXP 	New trial (rep=0, index=36): {'word_stimuli': 'sounds/droite.ogg', 'isi': 0.7}
217.1433 	EXP 	New trial (rep=0, index=37): {'word_stimuli': 'sounds/droite.ogg', 'isi': 0.7}
218.6425 	EXP 	New trial (rep=0, index=38): {'word_stimuli': 'sounds/gauche.ogg', 'isi': 0.7}
220.1416 	EXP 	New trial (rep=0, index=39): {'word_stimuli': 'sounds/gauche.ogg', 'isi': 0.7}
221.6432 	EXP 	New trial (rep=0, index=40): {'word_stimuli': 'sounds/droite.ogg', 'isi': 0.7}
223.1432 	EXP 	New trial (rep=0, index=41): {'word_stimuli': 'sounds/droite.ogg', 'isi': 0.7}
224.6423 	EXP 	New trial (rep=0, index=42): {'word_stimuli': 'sounds/droite.ogg', 'isi': 0.7}
226.1435 	EXP 	New trial (rep=0, index=43): {'word_stimuli': 'sounds/gauche.ogg', 'isi': 0.7}
227.6441 	EXP 	New trial (rep=0, index=44): {'word_stimuli': 'sounds/droite.ogg', 'isi': 0.7}
229.1436 	EXP 	New trial (rep=0, index=45): {'word_stimuli': 'sounds/droite.ogg', 'isi': 0.7}
230.6441 	EXP 	New trial (rep=0, index=46): {'word_stimuli': 'sounds/gauche.ogg', 'isi': 0.7}
232.1452 	EXP 	New trial (rep=0, index=47): {'word_stimuli': 'sounds/gauche.ogg', 'isi': 0.7}
233.6596 	EXP 	New trial (rep=0, index=48): {'word_stimuli': 'sounds/gauche.ogg', 'isi': 0.7}
235.1618 	EXP 	New trial (rep=0, index=49): {'word_stimuli': 'sounds/gauche.ogg', 'isi': 0.7}
236.6912 	EXP 	Imported countdown.xlsx as conditions, 31 conditions, 1 params
236.6924 	EXP 	Created sequence: sequential, trialTypes=31, nReps=1, seed=None
236.6932 	EXP 	New trial (rep=0, index=0): {'countdown': 30}
236.7229 	EXP 	text: text = 30
236.7229 	EXP 	text: autoDraw = True
237.6771 	EXP 	New trial (rep=0, index=1): {'countdown': 29}
237.7067 	EXP 	text: autoDraw = False
237.7067 	EXP 	text: text = 29
237.7067 	EXP 	text: autoDraw = True
238.6737 	EXP 	New trial (rep=0, index=2): {'countdown': 28}
238.6895 	EXP 	text: autoDraw = False
238.6895 	EXP 	text: text = 28
238.6895 	EXP 	text: autoDraw = True
239.6768 	EXP 	New trial (rep=0, index=3): {'countdown': 27}
239.7067 	EXP 	text: autoDraw = False
239.7067 	EXP 	text: text = 27
239.7067 	EXP 	text: autoDraw = True
240.6769 	EXP 	New trial (rep=0, index=4): {'countdown': 26}
240.7056 	EXP 	text: autoDraw = False
240.7056 	EXP 	text: text = 26
240.7056 	EXP 	text: autoDraw = True
241.6783 	EXP 	New trial (rep=0, index=5): {'countdown': 25}
241.7072 	EXP 	text: autoDraw = False
241.7072 	EXP 	text: text = 25
241.7072 	EXP 	text: autoDraw = True
242.6779 	EXP 	New trial (rep=0, index=6): {'countdown': 24}
242.7074 	EXP 	text: autoDraw = False
242.7074 	EXP 	text: text = 24
242.7074 	EXP 	text: autoDraw = True
243.6784 	EXP 	New trial (rep=0, index=7): {'countdown': 23}
243.7077 	EXP 	text: autoDraw = False
243.7077 	EXP 	text: text = 23
243.7077 	EXP 	text: autoDraw = True
244.6778 	EXP 	New trial (rep=0, index=8): {'countdown': 22}
244.7081 	EXP 	text: autoDraw = False
244.7081 	EXP 	text: text = 22
244.7081 	EXP 	text: autoDraw = True
245.6780 	EXP 	New trial (rep=0, index=9): {'countdown': 21}
245.7081 	EXP 	text: autoDraw = False
245.7081 	EXP 	text: text = 21
245.7081 	EXP 	text: autoDraw = True
246.6783 	EXP 	New trial (rep=0, index=10): {'countdown': 20}
246.7084 	EXP 	text: autoDraw = False
246.7084 	EXP 	text: text = 20
246.7084 	EXP 	text: autoDraw = True
247.6789 	EXP 	New trial (rep=0, index=11): {'countdown': 19}
247.7088 	EXP 	text: autoDraw = False
247.7088 	EXP 	text: text = 19
247.7088 	EXP 	text: autoDraw = True
248.6789 	EXP 	New trial (rep=0, index=12): {'countdown': 18}
248.7084 	EXP 	text: autoDraw = False
248.7084 	EXP 	text: text = 18
248.7084 	EXP 	text: autoDraw = True
249.6790 	EXP 	New trial (rep=0, index=13): {'countdown': 17}
249.7088 	EXP 	text: autoDraw = False
249.7088 	EXP 	text: text = 17
249.7088 	EXP 	text: autoDraw = True
250.6794 	EXP 	New trial (rep=0, index=14): {'countdown': 16}
250.7089 	EXP 	text: autoDraw = False
250.7089 	EXP 	text: text = 16
250.7089 	EXP 	text: autoDraw = True
251.6794 	EXP 	New trial (rep=0, index=15): {'countdown': 15}
251.7094 	EXP 	text: autoDraw = False
251.7094 	EXP 	text: text = 15
251.7094 	EXP 	text: autoDraw = True
252.6795 	EXP 	New trial (rep=0, index=16): {'countdown': 14}
252.7094 	EXP 	text: autoDraw = False
252.7094 	EXP 	text: text = 14
252.7094 	EXP 	text: autoDraw = True
253.6801 	EXP 	New trial (rep=0, index=17): {'countdown': 13}
253.7098 	EXP 	text: autoDraw = False
253.7098 	EXP 	text: text = 13
253.7098 	EXP 	text: autoDraw = True
254.6800 	EXP 	New trial (rep=0, index=18): {'countdown': 12}
254.7098 	EXP 	text: autoDraw = False
254.7098 	EXP 	text: text = 12
254.7098 	EXP 	text: autoDraw = True
255.6800 	EXP 	New trial (rep=0, index=19): {'countdown': 11}
255.7105 	EXP 	text: autoDraw = False
255.7105 	EXP 	text: text = 11
255.7105 	EXP 	text: autoDraw = True
256.6805 	EXP 	New trial (rep=0, index=20): {'countdown': 10}
256.7106 	EXP 	text: autoDraw = False
256.7106 	EXP 	text: text = 10
256.7106 	EXP 	text: autoDraw = True
257.6642 	EXP 	New trial (rep=0, index=21): {'countdown': 9}
257.6943 	EXP 	text: autoDraw = False
257.6943 	EXP 	text: text = 9
257.6943 	EXP 	text: autoDraw = True
258.6637 	EXP 	New trial (rep=0, index=22): {'countdown': 8}
258.6945 	EXP 	text: autoDraw = False
258.6945 	EXP 	text: text = 8
258.6945 	EXP 	text: autoDraw = True
259.6649 	EXP 	New trial (rep=0, index=23): {'countdown': 7}
259.6941 	EXP 	text: autoDraw = False
259.6941 	EXP 	text: text = 7
259.6941 	EXP 	text: autoDraw = True
260.6645 	EXP 	New trial (rep=0, index=24): {'countdown': 6}
260.6950 	EXP 	text: autoDraw = False
260.6950 	EXP 	text: text = 6
260.6950 	EXP 	text: autoDraw = True
261.6650 	EXP 	New trial (rep=0, index=25): {'countdown': 5}
261.6952 	EXP 	text: autoDraw = False
261.6952 	EXP 	text: text = 5
261.6952 	EXP 	text: autoDraw = True
262.6650 	EXP 	New trial (rep=0, index=26): {'countdown': 4}
262.6948 	EXP 	text: autoDraw = False
262.6948 	EXP 	text: text = 4
262.6948 	EXP 	text: autoDraw = True
263.6652 	EXP 	New trial (rep=0, index=27): {'countdown': 3}
263.6955 	EXP 	text: autoDraw = False
263.6955 	EXP 	text: text = 3
263.6955 	EXP 	text: autoDraw = True
264.6654 	EXP 	New trial (rep=0, index=28): {'countdown': 2}
264.6962 	EXP 	text: autoDraw = False
264.6962 	EXP 	text: text = 2
264.6962 	EXP 	text: autoDraw = True
265.6654 	EXP 	New trial (rep=0, index=29): {'countdown': 1}
265.6966 	EXP 	text: autoDraw = False
265.6966 	EXP 	text: text = 1
265.6966 	EXP 	text: autoDraw = True
266.6655 	EXP 	New trial (rep=0, index=30): {'countdown': 0}
266.6967 	EXP 	text: autoDraw = False
266.6967 	EXP 	text: text = 0
266.6967 	EXP 	text: autoDraw = True
267.6671 	EXP 	New trial (rep=2, index=0): None
267.7000 	EXP 	Imported stimuli.xlsx as conditions, 50 conditions, 2 params
267.7008 	EXP 	Created sequence: random, trialTypes=50, nReps=1, seed=None
267.7014 	EXP 	New trial (rep=0, index=0): {'word_stimuli': 'sounds/droite.ogg', 'isi': 0.7}
267.7281 	EXP 	text: autoDraw = False
269.2032 	EXP 	New trial (rep=0, index=1): {'word_stimuli': 'sounds/droite.ogg', 'isi': 0.7}
270.7021 	EXP 	New trial (rep=0, index=2): {'word_stimuli': 'sounds/gauche.ogg', 'isi': 0.7}
272.2031 	EXP 	New trial (rep=0, index=3): {'word_stimuli': 'sounds/gauche.ogg', 'isi': 0.7}
273.7031 	EXP 	New trial (rep=0, index=4): {'word_stimuli': 'sounds/gauche.ogg', 'isi': 0.7}
275.2028 	EXP 	New trial (rep=0, index=5): {'word_stimuli': 'sounds/gauche.ogg', 'isi': 0.7}
276.7037 	EXP 	New trial (rep=0, index=6): {'word_stimuli': 'sounds/gauche.ogg', 'isi': 0.7}
278.2042 	EXP 	New trial (rep=0, index=7): {'word_stimuli': 'sounds/droite.ogg', 'isi': 0.7}
279.7032 	EXP 	New trial (rep=0, index=8): {'word_stimuli': 'sounds/gauche.ogg', 'isi': 0.7}
281.2034 	EXP 	New trial (rep=0, index=9): {'word_stimuli': 'sounds/droite.ogg', 'isi': 0.7}
282.7059 	EXP 	New trial (rep=0, index=10): {'word_stimuli': 'sounds/gauche.ogg', 'isi': 0.7}
284.2040 	EXP 	New trial (rep=0, index=11): {'word_stimuli': 'sounds/droite.ogg', 'isi': 0.7}
285.7055 	EXP 	New trial (rep=0, index=12): {'word_stimuli': 'sounds/gauche.ogg', 'isi': 0.7}
287.2063 	EXP 	New trial (rep=0, index=13): {'word_stimuli': 'sounds/droite.ogg', 'isi': 0.7}
288.7061 	EXP 	New trial (rep=0, index=14): {'word_stimuli': 'sounds/droite.ogg', 'isi': 0.7}
290.2063 	EXP 	New trial (rep=0, index=15): {'word_stimuli': 'sounds/gauche.ogg', 'isi': 0.7}
291.7083 	EXP 	New trial (rep=0, index=16): {'word_stimuli': 'sounds/droite.ogg', 'isi': 0.7}
293.2059 	EXP 	New trial (rep=0, index=17): {'word_stimuli': 'sounds/gauche.ogg', 'isi': 0.7}
294.7083 	EXP 	New trial (rep=0, index=18): {'word_stimuli': 'sounds/droite.ogg', 'isi': 0.7}
296.2081 	EXP 	New trial (rep=0, index=19): {'word_stimuli': 'sounds/droite.ogg', 'isi': 0.7}
297.7082 	EXP 	New trial (rep=0, index=20): {'word_stimuli': 'sounds/gauche.ogg', 'isi': 0.7}
299.2083 	EXP 	New trial (rep=0, index=21): {'word_stimuli': 'sounds/gauche.ogg', 'isi': 0.7}
300.7093 	EXP 	New trial (rep=0, index=22): {'word_stimuli': 'sounds/droite.ogg', 'isi': 0.7}
302.2095 	EXP 	New trial (rep=0, index=23): {'word_stimuli': 'sounds/gauche.ogg', 'isi': 0.7}
303.7099 	EXP 	New trial (rep=0, index=24): {'word_stimuli': 'sounds/gauche.ogg', 'isi': 0.7}
305.2091 	EXP 	New trial (rep=0, index=25): {'word_stimuli': 'sounds/droite.ogg', 'isi': 0.7}
306.7112 	EXP 	New trial (rep=0, index=26): {'word_stimuli': 'sounds/gauche.ogg', 'isi': 0.7}
308.2121 	EXP 	New trial (rep=0, index=27): {'word_stimuli': 'sounds/gauche.ogg', 'isi': 0.7}
309.7099 	EXP 	New trial (rep=0, index=28): {'word_stimuli': 'sounds/gauche.ogg', 'isi': 0.7}
311.2120 	EXP 	New trial (rep=0, index=29): {'word_stimuli': 'sounds/droite.ogg', 'isi': 0.7}
312.7119 	EXP 	New trial (rep=0, index=30): {'word_stimuli': 'sounds/droite.ogg', 'isi': 0.7}
314.2108 	EXP 	New trial (rep=0, index=31): {'word_stimuli': 'sounds/droite.ogg', 'isi': 0.7}
315.7119 	EXP 	New trial (rep=0, index=32): {'word_stimuli': 'sounds/gauche.ogg', 'isi': 0.7}
317.2112 	EXP 	New trial (rep=0, index=33): {'word_stimuli': 'sounds/gauche.ogg', 'isi': 0.7}
318.7131 	EXP 	New trial (rep=0, index=34): {'word_stimuli': 'sounds/gauche.ogg', 'isi': 0.7}
320.2121 	EXP 	New trial (rep=0, index=35): {'word_stimuli': 'sounds/gauche.ogg', 'isi': 0.7}
321.7124 	EXP 	New trial (rep=0, index=36): {'word_stimuli': 'sounds/droite.ogg', 'isi': 0.7}
323.2115 	EXP 	New trial (rep=0, index=37): {'word_stimuli': 'sounds/droite.ogg', 'isi': 0.7}
324.7123 	EXP 	New trial (rep=0, index=38): {'word_stimuli': 'sounds/droite.ogg', 'isi': 0.7}
326.2153 	EXP 	New trial (rep=0, index=39): {'word_stimuli': 'sounds/droite.ogg', 'isi': 0.7}
327.7131 	EXP 	New trial (rep=0, index=40): {'word_stimuli': 'sounds/droite.ogg', 'isi': 0.7}
329.2138 	EXP 	New trial (rep=0, index=41): {'word_stimuli': 'sounds/gauche.ogg', 'isi': 0.7}
330.7144 	EXP 	New trial (rep=0, index=42): {'word_stimuli': 'sounds/droite.ogg', 'isi': 0.7}
332.2141 	EXP 	New trial (rep=0, index=43): {'word_stimuli': 'sounds/droite.ogg', 'isi': 0.7}
333.7146 	EXP 	New trial (rep=0, index=44): {'word_stimuli': 'sounds/droite.ogg', 'isi': 0.7}
335.2159 	EXP 	New trial (rep=0, index=45): {'word_stimuli': 'sounds/droite.ogg', 'isi': 0.7}
336.7159 	EXP 	New trial (rep=0, index=46): {'word_stimuli': 'sounds/gauche.ogg', 'isi': 0.7}
338.2159 	EXP 	New trial (rep=0, index=47): {'word_stimuli': 'sounds/gauche.ogg', 'isi': 0.7}
339.7159 	EXP 	New trial (rep=0, index=48): {'word_stimuli': 'sounds/gauche.ogg', 'isi': 0.7}
341.2169 	EXP 	New trial (rep=0, index=49): {'word_stimuli': 'sounds/droite.ogg', 'isi': 0.7}
342.7436 	EXP 	Imported countdown.xlsx as conditions, 31 conditions, 1 params
342.7445 	EXP 	Created sequence: sequential, trialTypes=31, nReps=1, seed=None
342.7451 	EXP 	New trial (rep=0, index=0): {'countdown': 30}
342.7601 	EXP 	text: text = 30
342.7601 	EXP 	text: autoDraw = True
343.7315 	EXP 	New trial (rep=0, index=1): {'countdown': 29}
343.7614 	EXP 	text: autoDraw = False
343.7614 	EXP 	text: text = 29
343.7614 	EXP 	text: autoDraw = True
344.7315 	EXP 	New trial (rep=0, index=2): {'countdown': 28}
344.7608 	EXP 	text: autoDraw = False
344.7608 	EXP 	text: text = 28
344.7608 	EXP 	text: autoDraw = True
345.7320 	EXP 	New trial (rep=0, index=3): {'countdown': 27}
345.7618 	EXP 	text: autoDraw = False
345.7618 	EXP 	text: text = 27
345.7618 	EXP 	text: autoDraw = True
346.7319 	EXP 	New trial (rep=0, index=4): {'countdown': 26}
346.7620 	EXP 	text: autoDraw = False
346.7620 	EXP 	text: text = 26
346.7620 	EXP 	text: autoDraw = True
347.7322 	EXP 	New trial (rep=0, index=5): {'countdown': 25}
347.7621 	EXP 	text: autoDraw = False
347.7621 	EXP 	text: text = 25
347.7621 	EXP 	text: autoDraw = True
348.7327 	EXP 	New trial (rep=0, index=6): {'countdown': 24}
348.7622 	EXP 	text: autoDraw = False
348.7622 	EXP 	text: text = 24
348.7622 	EXP 	text: autoDraw = True
349.7322 	EXP 	New trial (rep=0, index=7): {'countdown': 23}
349.7628 	EXP 	text: autoDraw = False
349.7628 	EXP 	text: text = 23
349.7628 	EXP 	text: autoDraw = True
350.7326 	EXP 	New trial (rep=0, index=8): {'countdown': 22}
350.7630 	EXP 	text: autoDraw = False
350.7630 	EXP 	text: text = 22
350.7630 	EXP 	text: autoDraw = True
351.7327 	EXP 	New trial (rep=0, index=9): {'countdown': 21}
351.7632 	EXP 	text: autoDraw = False
351.7632 	EXP 	text: text = 21
351.7632 	EXP 	text: autoDraw = True
352.7334 	EXP 	New trial (rep=0, index=10): {'countdown': 20}
352.7632 	EXP 	text: autoDraw = False
352.7632 	EXP 	text: text = 20
352.7632 	EXP 	text: autoDraw = True
353.7313 	EXP 	New trial (rep=0, index=11): {'countdown': 19}
353.7472 	EXP 	text: autoDraw = False
353.7472 	EXP 	text: text = 19
353.7472 	EXP 	text: autoDraw = True
354.7333 	EXP 	New trial (rep=0, index=12): {'countdown': 18}
354.7638 	EXP 	text: autoDraw = False
354.7638 	EXP 	text: text = 18
354.7638 	EXP 	text: autoDraw = True
355.7178 	EXP 	New trial (rep=0, index=13): {'countdown': 17}
355.7471 	EXP 	text: autoDraw = False
355.7471 	EXP 	text: text = 17
355.7471 	EXP 	text: autoDraw = True
356.7180 	EXP 	New trial (rep=0, index=14): {'countdown': 16}
356.7474 	EXP 	text: autoDraw = False
356.7474 	EXP 	text: text = 16
356.7474 	EXP 	text: autoDraw = True
357.7182 	EXP 	New trial (rep=0, index=15): {'countdown': 15}
357.7474 	EXP 	text: autoDraw = False
357.7474 	EXP 	text: text = 15
357.7474 	EXP 	text: autoDraw = True
358.7181 	EXP 	New trial (rep=0, index=16): {'countdown': 14}
358.7475 	EXP 	text: autoDraw = False
358.7475 	EXP 	text: text = 14
358.7475 	EXP 	text: autoDraw = True
359.7353 	EXP 	New trial (rep=0, index=17): {'countdown': 13}
359.7648 	EXP 	text: autoDraw = False
359.7648 	EXP 	text: text = 13
359.7648 	EXP 	text: autoDraw = True
360.7181 	EXP 	New trial (rep=0, index=18): {'countdown': 12}
360.7481 	EXP 	text: autoDraw = False
360.7481 	EXP 	text: text = 12
360.7481 	EXP 	text: autoDraw = True
361.7204 	EXP 	New trial (rep=0, index=19): {'countdown': 11}
361.7480 	EXP 	text: autoDraw = False
361.7480 	EXP 	text: text = 11
361.7480 	EXP 	text: autoDraw = True
362.7190 	EXP 	New trial (rep=0, index=20): {'countdown': 10}
362.7483 	EXP 	text: autoDraw = False
362.7483 	EXP 	text: text = 10
362.7483 	EXP 	text: autoDraw = True
363.7192 	EXP 	New trial (rep=0, index=21): {'countdown': 9}
363.7486 	EXP 	text: autoDraw = False
363.7486 	EXP 	text: text = 9
363.7486 	EXP 	text: autoDraw = True
364.7189 	EXP 	New trial (rep=0, index=22): {'countdown': 8}
364.7488 	EXP 	text: autoDraw = False
364.7488 	EXP 	text: text = 8
364.7488 	EXP 	text: autoDraw = True
365.7190 	EXP 	New trial (rep=0, index=23): {'countdown': 7}
365.7488 	EXP 	text: autoDraw = False
365.7488 	EXP 	text: text = 7
365.7488 	EXP 	text: autoDraw = True
366.7193 	EXP 	New trial (rep=0, index=24): {'countdown': 6}
366.7495 	EXP 	text: autoDraw = False
366.7495 	EXP 	text: text = 6
366.7495 	EXP 	text: autoDraw = True
367.7197 	EXP 	New trial (rep=0, index=25): {'countdown': 5}
367.7495 	EXP 	text: autoDraw = False
367.7495 	EXP 	text: text = 5
367.7495 	EXP 	text: autoDraw = True
368.7200 	EXP 	New trial (rep=0, index=26): {'countdown': 4}
368.7495 	EXP 	text: autoDraw = False
368.7495 	EXP 	text: text = 4
368.7495 	EXP 	text: autoDraw = True
369.7199 	EXP 	New trial (rep=0, index=27): {'countdown': 3}
369.7500 	EXP 	text: autoDraw = False
369.7500 	EXP 	text: text = 3
369.7500 	EXP 	text: autoDraw = True
370.7209 	EXP 	New trial (rep=0, index=28): {'countdown': 2}
370.7503 	EXP 	text: autoDraw = False
370.7503 	EXP 	text: text = 2
370.7503 	EXP 	text: autoDraw = True
371.7208 	EXP 	New trial (rep=0, index=29): {'countdown': 1}
371.7507 	EXP 	text: autoDraw = False
371.7507 	EXP 	text: text = 1
371.7507 	EXP 	text: autoDraw = True
372.7202 	EXP 	New trial (rep=0, index=30): {'countdown': 0}
372.7508 	EXP 	text: autoDraw = False
372.7508 	EXP 	text: text = 0
372.7508 	EXP 	text: autoDraw = True
373.7206 	EXP 	New trial (rep=3, index=0): None
373.7468 	EXP 	Imported stimuli.xlsx as conditions, 50 conditions, 2 params
373.7475 	EXP 	Created sequence: random, trialTypes=50, nReps=1, seed=None
373.7479 	EXP 	New trial (rep=0, index=0): {'word_stimuli': 'sounds/gauche.ogg', 'isi': 0.7}
373.7658 	EXP 	text: autoDraw = False
375.2422 	EXP 	New trial (rep=0, index=1): {'word_stimuli': 'sounds/gauche.ogg', 'isi': 0.7}
376.7406 	EXP 	New trial (rep=0, index=2): {'word_stimuli': 'sounds/gauche.ogg', 'isi': 0.7}
378.2399 	EXP 	New trial (rep=0, index=3): {'word_stimuli': 'sounds/droite.ogg', 'isi': 0.7}
379.7421 	EXP 	New trial (rep=0, index=4): {'word_stimuli': 'sounds/gauche.ogg', 'isi': 0.7}
381.2414 	EXP 	New trial (rep=0, index=5): {'word_stimuli': 'sounds/droite.ogg', 'isi': 0.7}
382.7422 	EXP 	New trial (rep=0, index=6): {'word_stimuli': 'sounds/gauche.ogg', 'isi': 0.7}
384.2420 	EXP 	New trial (rep=0, index=7): {'word_stimuli': 'sounds/gauche.ogg', 'isi': 0.7}
385.7431 	EXP 	New trial (rep=0, index=8): {'word_stimuli': 'sounds/droite.ogg', 'isi': 0.7}
387.2433 	EXP 	New trial (rep=0, index=9): {'word_stimuli': 'sounds/droite.ogg', 'isi': 0.7}
388.7432 	EXP 	New trial (rep=0, index=10): {'word_stimuli': 'sounds/gauche.ogg', 'isi': 0.7}
390.2419 	EXP 	New trial (rep=0, index=11): {'word_stimuli': 'sounds/droite.ogg', 'isi': 0.7}
391.7430 	EXP 	New trial (rep=0, index=12): {'word_stimuli': 'sounds/gauche.ogg', 'isi': 0.7}
393.2438 	EXP 	New trial (rep=0, index=13): {'word_stimuli': 'sounds/gauche.ogg', 'isi': 0.7}
394.7436 	EXP 	New trial (rep=0, index=14): {'word_stimuli': 'sounds/gauche.ogg', 'isi': 0.7}
396.2441 	EXP 	New trial (rep=0, index=15): {'word_stimuli': 'sounds/droite.ogg', 'isi': 0.7}
397.7444 	EXP 	New trial (rep=0, index=16): {'word_stimuli': 'sounds/gauche.ogg', 'isi': 0.7}
399.2450 	EXP 	New trial (rep=0, index=17): {'word_stimuli': 'sounds/gauche.ogg', 'isi': 0.7}
400.7451 	EXP 	New trial (rep=0, index=18): {'word_stimuli': 'sounds/droite.ogg', 'isi': 0.7}
402.2458 	EXP 	New trial (rep=0, index=19): {'word_stimuli': 'sounds/droite.ogg', 'isi': 0.7}
403.7620 	EXP 	New trial (rep=0, index=20): {'word_stimuli': 'sounds/gauche.ogg', 'isi': 0.7}
405.2629 	EXP 	New trial (rep=0, index=21): {'word_stimuli': 'sounds/gauche.ogg', 'isi': 0.7}
406.7634 	EXP 	New trial (rep=0, index=22): {'word_stimuli': 'sounds/gauche.ogg', 'isi': 0.7}
408.2640 	EXP 	New trial (rep=0, index=23): {'word_stimuli': 'sounds/droite.ogg', 'isi': 0.7}
409.7640 	EXP 	New trial (rep=0, index=24): {'word_stimuli': 'sounds/gauche.ogg', 'isi': 0.7}
411.2642 	EXP 	New trial (rep=0, index=25): {'word_stimuli': 'sounds/droite.ogg', 'isi': 0.7}
412.7655 	EXP 	New trial (rep=0, index=26): {'word_stimuli': 'sounds/droite.ogg', 'isi': 0.7}
414.2647 	EXP 	New trial (rep=0, index=27): {'word_stimuli': 'sounds/droite.ogg', 'isi': 0.7}
415.7652 	EXP 	New trial (rep=0, index=28): {'word_stimuli': 'sounds/droite.ogg', 'isi': 0.7}
417.2652 	EXP 	New trial (rep=0, index=29): {'word_stimuli': 'sounds/droite.ogg', 'isi': 0.7}
418.7660 	EXP 	New trial (rep=0, index=30): {'word_stimuli': 'sounds/gauche.ogg', 'isi': 0.7}
420.2660 	EXP 	New trial (rep=0, index=31): {'word_stimuli': 'sounds/gauche.ogg', 'isi': 0.7}
421.7661 	EXP 	New trial (rep=0, index=32): {'word_stimuli': 'sounds/droite.ogg', 'isi': 0.7}
423.2672 	EXP 	New trial (rep=0, index=33): {'word_stimuli': 'sounds/gauche.ogg', 'isi': 0.7}
424.7661 	EXP 	New trial (rep=0, index=34): {'word_stimuli': 'sounds/gauche.ogg', 'isi': 0.7}
426.2672 	EXP 	New trial (rep=0, index=35): {'word_stimuli': 'sounds/gauche.ogg', 'isi': 0.7}
427.7674 	EXP 	New trial (rep=0, index=36): {'word_stimuli': 'sounds/droite.ogg', 'isi': 0.7}
429.2690 	EXP 	New trial (rep=0, index=37): {'word_stimuli': 'sounds/gauche.ogg', 'isi': 0.7}
430.7681 	EXP 	New trial (rep=0, index=38): {'word_stimuli': 'sounds/droite.ogg', 'isi': 0.7}
432.2695 	EXP 	New trial (rep=0, index=39): {'word_stimuli': 'sounds/droite.ogg', 'isi': 0.7}
433.7693 	EXP 	New trial (rep=0, index=40): {'word_stimuli': 'sounds/gauche.ogg', 'isi': 0.7}
435.2700 	EXP 	New trial (rep=0, index=41): {'word_stimuli': 'sounds/droite.ogg', 'isi': 0.7}
436.7698 	EXP 	New trial (rep=0, index=42): {'word_stimuli': 'sounds/gauche.ogg', 'isi': 0.7}
438.2713 	EXP 	New trial (rep=0, index=43): {'word_stimuli': 'sounds/gauche.ogg', 'isi': 0.7}
439.7697 	EXP 	New trial (rep=0, index=44): {'word_stimuli': 'sounds/droite.ogg', 'isi': 0.7}
441.2713 	EXP 	New trial (rep=0, index=45): {'word_stimuli': 'sounds/droite.ogg', 'isi': 0.7}
442.7719 	EXP 	New trial (rep=0, index=46): {'word_stimuli': 'sounds/droite.ogg', 'isi': 0.7}
444.2708 	EXP 	New trial (rep=0, index=47): {'word_stimuli': 'sounds/droite.ogg', 'isi': 0.7}
445.7707 	EXP 	New trial (rep=0, index=48): {'word_stimuli': 'sounds/droite.ogg', 'isi': 0.7}
447.2725 	EXP 	New trial (rep=0, index=49): {'word_stimuli': 'sounds/droite.ogg', 'isi': 0.7}
448.7979 	EXP 	Imported countdown.xlsx as conditions, 31 conditions, 1 params
448.7985 	EXP 	Created sequence: sequential, trialTypes=31, nReps=1, seed=None
448.7990 	EXP 	New trial (rep=0, index=0): {'countdown': 30}
448.8148 	EXP 	text: text = 30
448.8148 	EXP 	text: autoDraw = True
449.7873 	EXP 	New trial (rep=0, index=1): {'countdown': 29}
449.8163 	EXP 	text: autoDraw = False
449.8163 	EXP 	text: text = 29
449.8163 	EXP 	text: autoDraw = True
450.7868 	EXP 	New trial (rep=0, index=2): {'countdown': 28}
450.8170 	EXP 	text: autoDraw = False
450.8170 	EXP 	text: text = 28
450.8170 	EXP 	text: autoDraw = True
451.7868 	EXP 	New trial (rep=0, index=3): {'countdown': 27}
451.8166 	EXP 	text: autoDraw = False
451.8166 	EXP 	text: text = 27
451.8166 	EXP 	text: autoDraw = True
452.7883 	EXP 	New trial (rep=0, index=4): {'countdown': 26}
452.8169 	EXP 	text: autoDraw = False
452.8169 	EXP 	text: text = 26
452.8169 	EXP 	text: autoDraw = True
453.7876 	EXP 	New trial (rep=0, index=5): {'countdown': 25}
453.8171 	EXP 	text: autoDraw = False
453.8171 	EXP 	text: text = 25
453.8171 	EXP 	text: autoDraw = True
454.7872 	EXP 	New trial (rep=0, index=6): {'countdown': 24}
454.8171 	EXP 	text: autoDraw = False
454.8171 	EXP 	text: text = 24
454.8171 	EXP 	text: autoDraw = True
455.7872 	EXP 	New trial (rep=0, index=7): {'countdown': 23}
455.8174 	EXP 	text: autoDraw = False
455.8174 	EXP 	text: text = 23
455.8174 	EXP 	text: autoDraw = True
456.7881 	EXP 	New trial (rep=0, index=8): {'countdown': 22}
456.8180 	EXP 	text: autoDraw = False
456.8180 	EXP 	text: text = 22
456.8180 	EXP 	text: autoDraw = True
457.7881 	EXP 	New trial (rep=0, index=9): {'countdown': 21}
457.8177 	EXP 	text: autoDraw = False
457.8177 	EXP 	text: text = 21
457.8177 	EXP 	text: autoDraw = True
458.7884 	EXP 	New trial (rep=0, index=10): {'countdown': 20}
458.8178 	EXP 	text: autoDraw = False
458.8178 	EXP 	text: text = 20
458.8178 	EXP 	text: autoDraw = True
459.7884 	EXP 	New trial (rep=0, index=11): {'countdown': 19}
459.8180 	EXP 	text: autoDraw = False
459.8180 	EXP 	text: text = 19
459.8180 	EXP 	text: autoDraw = True
460.7889 	EXP 	New trial (rep=0, index=12): {'countdown': 18}
460.8182 	EXP 	text: autoDraw = False
460.8182 	EXP 	text: text = 18
460.8182 	EXP 	text: autoDraw = True
461.7888 	EXP 	New trial (rep=0, index=13): {'countdown': 17}
461.8183 	EXP 	text: autoDraw = False
461.8183 	EXP 	text: text = 17
461.8183 	EXP 	text: autoDraw = True
462.7890 	EXP 	New trial (rep=0, index=14): {'countdown': 16}
462.8186 	EXP 	text: autoDraw = False
462.8186 	EXP 	text: text = 16
462.8186 	EXP 	text: autoDraw = True
463.7891 	EXP 	New trial (rep=0, index=15): {'countdown': 15}
463.8193 	EXP 	text: autoDraw = False
463.8193 	EXP 	text: text = 15
463.8193 	EXP 	text: autoDraw = True
464.7893 	EXP 	New trial (rep=0, index=16): {'countdown': 14}
464.8196 	EXP 	text: autoDraw = False
464.8196 	EXP 	text: text = 14
464.8196 	EXP 	text: autoDraw = True
465.7893 	EXP 	New trial (rep=0, index=17): {'countdown': 13}
465.8195 	EXP 	text: autoDraw = False
465.8195 	EXP 	text: text = 13
465.8195 	EXP 	text: autoDraw = True
466.7732 	EXP 	New trial (rep=0, index=18): {'countdown': 12}
466.8029 	EXP 	text: autoDraw = False
466.8029 	EXP 	text: text = 12
466.8029 	EXP 	text: autoDraw = True
467.7732 	EXP 	New trial (rep=0, index=19): {'countdown': 11}
467.8035 	EXP 	text: autoDraw = False
467.8035 	EXP 	text: text = 11
467.8035 	EXP 	text: autoDraw = True
468.7735 	EXP 	New trial (rep=0, index=20): {'countdown': 10}
468.8035 	EXP 	text: autoDraw = False
468.8035 	EXP 	text: text = 10
468.8035 	EXP 	text: autoDraw = True
469.7739 	EXP 	New trial (rep=0, index=21): {'countdown': 9}
469.8038 	EXP 	text: autoDraw = False
469.8038 	EXP 	text: text = 9
469.8038 	EXP 	text: autoDraw = True
470.7741 	EXP 	New trial (rep=0, index=22): {'countdown': 8}
470.8042 	EXP 	text: autoDraw = False
470.8042 	EXP 	text: text = 8
470.8042 	EXP 	text: autoDraw = True
471.7744 	EXP 	New trial (rep=0, index=23): {'countdown': 7}
471.8041 	EXP 	text: autoDraw = False
471.8041 	EXP 	text: text = 7
471.8041 	EXP 	text: autoDraw = True
472.7739 	EXP 	New trial (rep=0, index=24): {'countdown': 6}
472.8049 	EXP 	text: autoDraw = False
472.8049 	EXP 	text: text = 6
472.8049 	EXP 	text: autoDraw = True
473.7746 	EXP 	New trial (rep=0, index=25): {'countdown': 5}
473.8047 	EXP 	text: autoDraw = False
473.8047 	EXP 	text: text = 5
473.8047 	EXP 	text: autoDraw = True
474.7746 	EXP 	New trial (rep=0, index=26): {'countdown': 4}
474.8047 	EXP 	text: autoDraw = False
474.8047 	EXP 	text: text = 4
474.8047 	EXP 	text: autoDraw = True
475.7752 	EXP 	New trial (rep=0, index=27): {'countdown': 3}
475.8055 	EXP 	text: autoDraw = False
475.8055 	EXP 	text: text = 3
475.8055 	EXP 	text: autoDraw = True
476.7750 	EXP 	New trial (rep=0, index=28): {'countdown': 2}
476.8051 	EXP 	text: autoDraw = False
476.8051 	EXP 	text: text = 2
476.8051 	EXP 	text: autoDraw = True
477.7756 	EXP 	New trial (rep=0, index=29): {'countdown': 1}
477.8058 	EXP 	text: autoDraw = False
477.8058 	EXP 	text: text = 1
477.8058 	EXP 	text: autoDraw = True
478.7758 	EXP 	New trial (rep=0, index=30): {'countdown': 0}
478.8055 	EXP 	text: autoDraw = False
478.8055 	EXP 	text: text = 0
478.8055 	EXP 	text: autoDraw = True
479.7762 	EXP 	New trial (rep=4, index=0): None
479.8143 	EXP 	Imported stimuli.xlsx as conditions, 50 conditions, 2 params
479.8150 	EXP 	Created sequence: random, trialTypes=50, nReps=1, seed=None
479.8156 	EXP 	New trial (rep=0, index=0): {'word_stimuli': 'sounds/gauche.ogg', 'isi': 0.7}
479.8376 	EXP 	text: autoDraw = False
481.3132 	EXP 	New trial (rep=0, index=1): {'word_stimuli': 'sounds/droite.ogg', 'isi': 0.7}
482.8128 	EXP 	New trial (rep=0, index=2): {'word_stimuli': 'sounds/droite.ogg', 'isi': 0.7}
484.3122 	EXP 	New trial (rep=0, index=3): {'word_stimuli': 'sounds/gauche.ogg', 'isi': 0.7}
485.8131 	EXP 	New trial (rep=0, index=4): {'word_stimuli': 'sounds/gauche.ogg', 'isi': 0.7}
487.3133 	EXP 	New trial (rep=0, index=5): {'word_stimuli': 'sounds/gauche.ogg', 'isi': 0.7}
488.8128 	EXP 	New trial (rep=0, index=6): {'word_stimuli': 'sounds/droite.ogg', 'isi': 0.7}
490.3130 	EXP 	New trial (rep=0, index=7): {'word_stimuli': 'sounds/droite.ogg', 'isi': 0.7}
491.8144 	EXP 	New trial (rep=0, index=8): {'word_stimuli': 'sounds/droite.ogg', 'isi': 0.7}
493.3133 	EXP 	New trial (rep=0, index=9): {'word_stimuli': 'sounds/gauche.ogg', 'isi': 0.7}
494.8142 	EXP 	New trial (rep=0, index=10): {'word_stimuli': 'sounds/gauche.ogg', 'isi': 0.7}
496.3151 	EXP 	New trial (rep=0, index=11): {'word_stimuli': 'sounds/droite.ogg', 'isi': 0.7}
497.8152 	EXP 	New trial (rep=0, index=12): {'word_stimuli': 'sounds/gauche.ogg', 'isi': 0.7}
499.3160 	EXP 	New trial (rep=0, index=13): {'word_stimuli': 'sounds/droite.ogg', 'isi': 0.7}
500.8161 	EXP 	New trial (rep=0, index=14): {'word_stimuli': 'sounds/gauche.ogg', 'isi': 0.7}
502.3162 	EXP 	New trial (rep=0, index=15): {'word_stimuli': 'sounds/gauche.ogg', 'isi': 0.7}
503.8164 	EXP 	New trial (rep=0, index=16): {'word_stimuli': 'sounds/gauche.ogg', 'isi': 0.7}
505.3166 	EXP 	New trial (rep=0, index=17): {'word_stimuli': 'sounds/droite.ogg', 'isi': 0.7}
506.8166 	EXP 	New trial (rep=0, index=18): {'word_stimuli': 'sounds/gauche.ogg', 'isi': 0.7}
508.3180 	EXP 	New trial (rep=0, index=19): {'word_stimuli': 'sounds/droite.ogg', 'isi': 0.7}
509.8178 	EXP 	New trial (rep=0, index=20): {'word_stimuli': 'sounds/droite.ogg', 'isi': 0.7}
511.3182 	EXP 	New trial (rep=0, index=21): {'word_stimuli': 'sounds/droite.ogg', 'isi': 0.7}
512.8201 	EXP 	New trial (rep=0, index=22): {'word_stimuli': 'sounds/droite.ogg', 'isi': 0.7}
514.3193 	EXP 	New trial (rep=0, index=23): {'word_stimuli': 'sounds/droite.ogg', 'isi': 0.7}
515.8204 	EXP 	New trial (rep=0, index=24): {'word_stimuli': 'sounds/gauche.ogg', 'isi': 0.7}
517.3201 	EXP 	New trial (rep=0, index=25): {'word_stimuli': 'sounds/droite.ogg', 'isi': 0.7}
518.8190 	EXP 	New trial (rep=0, index=26): {'word_stimuli': 'sounds/droite.ogg', 'isi': 0.7}
520.3212 	EXP 	New trial (rep=0, index=27): {'word_stimuli': 'sounds/gauche.ogg', 'isi': 0.7}
521.8218 	EXP 	New trial (rep=0, index=28): {'word_stimuli': 'sounds/gauche.ogg', 'isi': 0.7}
523.3198 	EXP 	New trial (rep=0, index=29): {'word_stimuli': 'sounds/gauche.ogg', 'isi': 0.7}
524.8219 	EXP 	New trial (rep=0, index=30): {'word_stimuli': 'sounds/droite.ogg', 'isi': 0.7}
526.3223 	EXP 	New trial (rep=0, index=31): {'word_stimuli': 'sounds/droite.ogg', 'isi': 0.7}
527.8217 	EXP 	New trial (rep=0, index=32): {'word_stimuli': 'sounds/gauche.ogg', 'isi': 0.7}
529.3223 	EXP 	New trial (rep=0, index=33): {'word_stimuli': 'sounds/gauche.ogg', 'isi': 0.7}
530.8220 	EXP 	New trial (rep=0, index=34): {'word_stimuli': 'sounds/droite.ogg', 'isi': 0.7}
532.3230 	EXP 	New trial (rep=0, index=35): {'word_stimuli': 'sounds/gauche.ogg', 'isi': 0.7}
533.8223 	EXP 	New trial (rep=0, index=36): {'word_stimuli': 'sounds/droite.ogg', 'isi': 0.7}
535.3223 	EXP 	New trial (rep=0, index=37): {'word_stimuli': 'sounds/gauche.ogg', 'isi': 0.7}
536.8225 	EXP 	New trial (rep=0, index=38): {'word_stimuli': 'sounds/droite.ogg', 'isi': 0.7}
538.3236 	EXP 	New trial (rep=0, index=39): {'word_stimuli': 'sounds/gauche.ogg', 'isi': 0.7}
539.8233 	EXP 	New trial (rep=0, index=40): {'word_stimuli': 'sounds/gauche.ogg', 'isi': 0.7}
541.3230 	EXP 	New trial (rep=0, index=41): {'word_stimuli': 'sounds/droite.ogg', 'isi': 0.7}
542.8241 	EXP 	New trial (rep=0, index=42): {'word_stimuli': 'sounds/gauche.ogg', 'isi': 0.7}
544.3241 	EXP 	New trial (rep=0, index=43): {'word_stimuli': 'sounds/gauche.ogg', 'isi': 0.7}
545.8251 	EXP 	New trial (rep=0, index=44): {'word_stimuli': 'sounds/droite.ogg', 'isi': 0.7}
547.3250 	EXP 	New trial (rep=0, index=45): {'word_stimuli': 'sounds/droite.ogg', 'isi': 0.7}
548.8262 	EXP 	New trial (rep=0, index=46): {'word_stimuli': 'sounds/gauche.ogg', 'isi': 0.7}
550.3262 	EXP 	New trial (rep=0, index=47): {'word_stimuli': 'sounds/gauche.ogg', 'isi': 0.7}
551.8259 	EXP 	New trial (rep=0, index=48): {'word_stimuli': 'sounds/droite.ogg', 'isi': 0.7}
553.3258 	EXP 	New trial (rep=0, index=49): {'word_stimuli': 'sounds/droite.ogg', 'isi': 0.7}
554.8527 	EXP 	Imported countdown.xlsx as conditions, 31 conditions, 1 params
554.8536 	EXP 	Created sequence: sequential, trialTypes=31, nReps=1, seed=None
554.8541 	EXP 	New trial (rep=0, index=0): {'countdown': 30}
554.8695 	EXP 	text: text = 30
554.8695 	EXP 	text: autoDraw = True
555.8417 	EXP 	New trial (rep=0, index=1): {'countdown': 29}
555.8710 	EXP 	text: autoDraw = False
555.8710 	EXP 	text: text = 29
555.8710 	EXP 	text: autoDraw = True
556.8410 	EXP 	New trial (rep=0, index=2): {'countdown': 28}
556.8716 	EXP 	text: autoDraw = False
556.8716 	EXP 	text: text = 28
556.8716 	EXP 	text: autoDraw = True
557.8411 	EXP 	New trial (rep=0, index=3): {'countdown': 27}
557.8713 	EXP 	text: autoDraw = False
557.8713 	EXP 	text: text = 27
557.8713 	EXP 	text: autoDraw = True
558.8412 	EXP 	New trial (rep=0, index=4): {'countdown': 26}
558.8718 	EXP 	text: autoDraw = False
558.8718 	EXP 	text: text = 26
558.8718 	EXP 	text: autoDraw = True
559.8414 	EXP 	New trial (rep=0, index=5): {'countdown': 25}
559.8721 	EXP 	text: autoDraw = False
559.8721 	EXP 	text: text = 25
559.8721 	EXP 	text: autoDraw = True
560.8416 	EXP 	New trial (rep=0, index=6): {'countdown': 24}
560.8563 	EXP 	text: autoDraw = False
560.8563 	EXP 	text: text = 24
560.8563 	EXP 	text: autoDraw = True
561.8354 	EXP 	New trial (rep=0, index=7): {'countdown': 23}
561.8506 	EXP 	text: autoDraw = False
561.8506 	EXP 	text: text = 23
561.8506 	EXP 	text: autoDraw = True
562.8277 	EXP 	New trial (rep=0, index=8): {'countdown': 22}
562.8718 	EXP 	text: autoDraw = False
562.8718 	EXP 	text: text = 22
562.8718 	EXP 	text: autoDraw = True
563.8573 	EXP 	New trial (rep=0, index=9): {'countdown': 21}
563.8869 	EXP 	text: autoDraw = False
563.8869 	EXP 	text: text = 21
563.8869 	EXP 	text: autoDraw = True
2298.4320 	EXP 	New trial (rep=0, index=10): {'countdown': 20}
2298.4334 	EXP 	New trial (rep=0, index=11): {'countdown': 19}
2298.4346 	EXP 	New trial (rep=0, index=12): {'countdown': 18}
2298.4358 	EXP 	New trial (rep=0, index=13): {'countdown': 17}
2298.4370 	EXP 	New trial (rep=0, index=14): {'countdown': 16}
2298.4382 	EXP 	New trial (rep=0, index=15): {'countdown': 15}
2298.4393 	EXP 	New trial (rep=0, index=16): {'countdown': 14}
2298.4405 	EXP 	New trial (rep=0, index=17): {'countdown': 13}
2298.4416 	EXP 	New trial (rep=0, index=18): {'countdown': 12}
2298.4796 	EXP 	New trial (rep=0, index=19): {'countdown': 11}
2298.4808 	EXP 	New trial (rep=0, index=20): {'countdown': 10}
2298.4821 	EXP 	New trial (rep=0, index=21): {'countdown': 9}
2298.4834 	EXP 	New trial (rep=0, index=22): {'countdown': 8}
2298.4845 	EXP 	New trial (rep=0, index=23): {'countdown': 7}
2298.4857 	EXP 	New trial (rep=0, index=24): {'countdown': 6}
2298.4869 	EXP 	New trial (rep=0, index=25): {'countdown': 5}
2298.4881 	EXP 	New trial (rep=0, index=26): {'countdown': 4}
2298.4892 	EXP 	New trial (rep=0, index=27): {'countdown': 3}
2298.4905 	EXP 	New trial (rep=0, index=28): {'countdown': 2}
2298.4916 	EXP 	New trial (rep=0, index=29): {'countdown': 1}
2298.4928 	EXP 	New trial (rep=0, index=30): {'countdown': 0}
2298.5096 	EXP 	text: autoDraw = False
2298.5096 	EXP 	text: text = 20
2298.5096 	EXP 	text: autoDraw = False
2298.5096 	EXP 	text: text = 19
2298.5096 	EXP 	text: autoDraw = False
2298.5096 	EXP 	text: text = 18
2298.5096 	EXP 	text: autoDraw = False
2298.5096 	EXP 	text: text = 17
2298.5096 	EXP 	text: autoDraw = False
2298.5096 	EXP 	text: text = 16
2298.5096 	EXP 	text: autoDraw = False
2298.5096 	EXP 	text: text = 15
2298.5096 	EXP 	text: autoDraw = False
2298.5096 	EXP 	text: text = 14
2298.5096 	EXP 	text: autoDraw = False
2298.5096 	EXP 	text: text = 13
2298.5096 	EXP 	text: autoDraw = False
2298.5096 	EXP 	text: text = 12
2298.5096 	EXP 	text: autoDraw = False
2298.5096 	EXP 	text: text = 11
2298.5096 	EXP 	text: autoDraw = False
2298.5096 	EXP 	text: text = 10
2298.5096 	EXP 	text: autoDraw = False
2298.5096 	EXP 	text: text = 9
2298.5096 	EXP 	text: autoDraw = False
2298.5096 	EXP 	text: text = 8
2298.5096 	EXP 	text: autoDraw = False
2298.5096 	EXP 	text: text = 7
2298.5096 	EXP 	text: autoDraw = False
2298.5096 	EXP 	text: text = 6
2298.5096 	EXP 	text: autoDraw = False
2298.5096 	EXP 	text: text = 5
2298.5096 	EXP 	text: autoDraw = False
2298.5096 	EXP 	text: text = 4
2298.5096 	EXP 	text: autoDraw = False
2298.5096 	EXP 	text: text = 3
2298.5096 	EXP 	text: autoDraw = False
2298.5096 	EXP 	text: text = 2
2298.5096 	EXP 	text: autoDraw = False
2298.5096 	EXP 	text: text = 1
2298.5096 	EXP 	text: autoDraw = False
2298.5096 	EXP 	text: text = 0
2298.5096 	EXP 	text: autoDraw = False
2298.5424 	EXP 	window1: mouseVisible = True
