3.8663 	WARNING 	We strongly recommend you activate the PTB sound engine in PsychoPy prefs as the preferred audio engine. Its timing is vastly superior. Your prefs are currently set to use ['sounddevice', 'PTB', 'pyo', 'pygame'] (in that order).
28.2990 	EXP 	Created window1 = Window(allowGUI=True, allowStencil=False, autoLog=True, backendConf=UNKNOWN, bitsMode=UNKNOWN, blendMode='avg', bpc=(8, 8, 8), color=array([0, 0, 0]), colorSpace='rgb', depthBits=8, fullscr=<method-wrapper '__getattribute__' of attributeSetter object at 0x000002A422D3FF98>, gamma=None, gammaErrorPolicy='raise', lms=UNKNOWN, monitor=<psychopy.monitors.calibTools.Monitor object at 0x000002A422DA45F8>, multiSample=False, name='window1', numSamples=2, pos=[810.0, 290.0], screen=0, size=array([300, 500]), stencilBits=0, stereo=False, units='height', useFBO=True, useRetina=False, viewOri=0.0, viewPos=None, viewScale=None, waitBlanking=True, winType='pyglet')
28.2994 	EXP 	window1: mouseVisible = True
28.2995 	EXP 	window1: recordFrameIntervals = False
28.4641 	EXP 	window1: recordFrameIntervals = True
28.6481 	EXP 	window1: recordFrameIntervals = False
29.0484 	EXP 	Sound sound_exposure set volume 1.000
29.0588 	EXP 	Created text = TextStim(__class__=<class 'psychopy.visual.text.TextStim'>, alignHoriz=method-wrapper(...), alignText='center', alignVert=method-wrapper(...), anchorHoriz='center', anchorVert='center', antialias=True, autoLog=True, bold=False, color=array([1, 1, 1]), colorSpace='rgb', contrast=1.0, depth=0.0, flipHoriz=False, flipVert=False, font='Open Sans', fontFiles=[], height=0.1, italic=False, languageStyle='LTR', name='text', opacity=1, ori=0.0, pos=array([0., 0.]), rgb=UNKNOWN, text='', units='height', win=Window(...), wrapWidth=1)
29.0591 	EXP 	Created sequence: random, trialTypes=1, nReps=5, seed=None
29.0593 	EXP 	New trial (rep=0, index=0): None
29.0680 	EXP 	Imported stimuli.xlsx as conditions, 50 conditions, 2 params
29.0684 	EXP 	Created sequence: random, trialTypes=50, nReps=1, seed=None
29.0686 	EXP 	New trial (rep=0, index=0): {'word_stimuli': 'sounds/droite.ogg', 'isi': 0.7}
29.0956 	WARNING 	Got keycode {} but that code isn't yet known
29.0957 	WARNING 	Keypress was given unknown key code (176)
29.9038 	WARNING 	Got keycode {} but that code isn't yet known
29.9038 	WARNING 	Keypress was given unknown key code (176)
30.0672 	WARNING 	Got keycode {} but that code isn't yet known
30.0673 	WARNING 	Keypress was given unknown key code (176)
30.2348 	WARNING 	Got keycode {} but that code isn't yet known
30.2349 	WARNING 	Keypress was given unknown key code (176)
30.4205 	WARNING 	Got keycode {} but that code isn't yet known
30.4206 	WARNING 	Keypress was given unknown key code (176)
30.5541 	EXP 	New trial (rep=0, index=1): {'word_stimuli': 'sounds/gauche.ogg', 'isi': 0.7}
30.6155 	WARNING 	Got keycode {} but that code isn't yet known
30.6155 	WARNING 	Keypress was given unknown key code (176)
30.8176 	WARNING 	Got keycode {} but that code isn't yet known
30.8177 	WARNING 	Keypress was given unknown key code (176)
31.0823 	WARNING 	Got keycode {} but that code isn't yet known
31.0824 	WARNING 	Keypress was given unknown key code (176)
31.9052 	WARNING 	Got keycode {} but that code isn't yet known
31.9053 	WARNING 	Keypress was given unknown key code (176)
32.0689 	EXP 	New trial (rep=0, index=2): {'word_stimuli': 'sounds/droite.ogg', 'isi': 0.7}
32.0857 	WARNING 	Got keycode {} but that code isn't yet known
32.0858 	WARNING 	Keypress was given unknown key code (176)
32.2681 	WARNING 	Got keycode {} but that code isn't yet known
32.2681 	WARNING 	Keypress was given unknown key code (176)
32.4679 	WARNING 	Got keycode {} but that code isn't yet known
32.4679 	WARNING 	Keypress was given unknown key code (176)
33.5695 	EXP 	New trial (rep=0, index=3): {'word_stimuli': 'sounds/droite.ogg', 'isi': 0.7}
35.0717 	EXP 	New trial (rep=0, index=4): {'word_stimuli': 'sounds/gauche.ogg', 'isi': 0.7}
36.5708 	EXP 	New trial (rep=0, index=5): {'word_stimuli': 'sounds/droite.ogg', 'isi': 0.7}
38.0719 	EXP 	New trial (rep=0, index=6): {'word_stimuli': 'sounds/gauche.ogg', 'isi': 0.7}
39.5705 	EXP 	New trial (rep=0, index=7): {'word_stimuli': 'sounds/gauche.ogg', 'isi': 0.7}
41.0710 	EXP 	New trial (rep=0, index=8): {'word_stimuli': 'sounds/gauche.ogg', 'isi': 0.7}
42.5709 	EXP 	New trial (rep=0, index=9): {'word_stimuli': 'sounds/gauche.ogg', 'isi': 0.7}
44.0720 	EXP 	New trial (rep=0, index=10): {'word_stimuli': 'sounds/droite.ogg', 'isi': 0.7}
45.5730 	EXP 	New trial (rep=0, index=11): {'word_stimuli': 'sounds/gauche.ogg', 'isi': 0.7}
47.0740 	EXP 	New trial (rep=0, index=12): {'word_stimuli': 'sounds/gauche.ogg', 'isi': 0.7}
48.5735 	EXP 	New trial (rep=0, index=13): {'word_stimuli': 'sounds/droite.ogg', 'isi': 0.7}
50.0733 	EXP 	New trial (rep=0, index=14): {'word_stimuli': 'sounds/droite.ogg', 'isi': 0.7}
51.5736 	EXP 	New trial (rep=0, index=15): {'word_stimuli': 'sounds/droite.ogg', 'isi': 0.7}
53.0736 	EXP 	New trial (rep=0, index=16): {'word_stimuli': 'sounds/gauche.ogg', 'isi': 0.7}
54.5751 	EXP 	New trial (rep=0, index=17): {'word_stimuli': 'sounds/droite.ogg', 'isi': 0.7}
56.0737 	EXP 	New trial (rep=0, index=18): {'word_stimuli': 'sounds/gauche.ogg', 'isi': 0.7}
57.5771 	EXP 	New trial (rep=0, index=19): {'word_stimuli': 'sounds/droite.ogg', 'isi': 0.7}
59.0746 	EXP 	New trial (rep=0, index=20): {'word_stimuli': 'sounds/droite.ogg', 'isi': 0.7}
60.5760 	EXP 	New trial (rep=0, index=21): {'word_stimuli': 'sounds/droite.ogg', 'isi': 0.7}
62.0769 	EXP 	New trial (rep=0, index=22): {'word_stimuli': 'sounds/droite.ogg', 'isi': 0.7}
63.5776 	EXP 	New trial (rep=0, index=23): {'word_stimuli': 'sounds/gauche.ogg', 'isi': 0.7}
65.0757 	EXP 	New trial (rep=0, index=24): {'word_stimuli': 'sounds/droite.ogg', 'isi': 0.7}
66.5778 	EXP 	New trial (rep=0, index=25): {'word_stimuli': 'sounds/gauche.ogg', 'isi': 0.7}
68.0779 	EXP 	New trial (rep=0, index=26): {'word_stimuli': 'sounds/droite.ogg', 'isi': 0.7}
69.5782 	EXP 	New trial (rep=0, index=27): {'word_stimuli': 'sounds/gauche.ogg', 'isi': 0.7}
71.0784 	EXP 	New trial (rep=0, index=28): {'word_stimuli': 'sounds/gauche.ogg', 'isi': 0.7}
72.5788 	EXP 	New trial (rep=0, index=29): {'word_stimuli': 'sounds/gauche.ogg', 'isi': 0.7}
74.0774 	EXP 	New trial (rep=0, index=30): {'word_stimuli': 'sounds/droite.ogg', 'isi': 0.7}
75.5788 	EXP 	New trial (rep=0, index=31): {'word_stimuli': 'sounds/droite.ogg', 'isi': 0.7}
77.0784 	EXP 	New trial (rep=0, index=32): {'word_stimuli': 'sounds/gauche.ogg', 'isi': 0.7}
78.5793 	EXP 	New trial (rep=0, index=33): {'word_stimuli': 'sounds/droite.ogg', 'isi': 0.7}
80.0788 	EXP 	New trial (rep=0, index=34): {'word_stimuli': 'sounds/gauche.ogg', 'isi': 0.7}
81.5802 	EXP 	New trial (rep=0, index=35): {'word_stimuli': 'sounds/droite.ogg', 'isi': 0.7}
83.0787 	EXP 	New trial (rep=0, index=36): {'word_stimuli': 'sounds/gauche.ogg', 'isi': 0.7}
84.5803 	EXP 	New trial (rep=0, index=37): {'word_stimuli': 'sounds/droite.ogg', 'isi': 0.7}
86.0794 	EXP 	New trial (rep=0, index=38): {'word_stimuli': 'sounds/gauche.ogg', 'isi': 0.7}
87.5806 	EXP 	New trial (rep=0, index=39): {'word_stimuli': 'sounds/droite.ogg', 'isi': 0.7}
89.0819 	EXP 	New trial (rep=0, index=40): {'word_stimuli': 'sounds/gauche.ogg', 'isi': 0.7}
90.5809 	EXP 	New trial (rep=0, index=41): {'word_stimuli': 'sounds/droite.ogg', 'isi': 0.7}
92.0811 	EXP 	New trial (rep=0, index=42): {'word_stimuli': 'sounds/gauche.ogg', 'isi': 0.7}
93.5816 	EXP 	New trial (rep=0, index=43): {'word_stimuli': 'sounds/gauche.ogg', 'isi': 0.7}
95.0836 	EXP 	New trial (rep=0, index=44): {'word_stimuli': 'sounds/droite.ogg', 'isi': 0.7}
96.5834 	EXP 	New trial (rep=0, index=45): {'word_stimuli': 'sounds/droite.ogg', 'isi': 0.7}
98.0830 	EXP 	New trial (rep=0, index=46): {'word_stimuli': 'sounds/gauche.ogg', 'isi': 0.7}
99.5839 	EXP 	New trial (rep=0, index=47): {'word_stimuli': 'sounds/gauche.ogg', 'isi': 0.7}
101.0847 	EXP 	New trial (rep=0, index=48): {'word_stimuli': 'sounds/gauche.ogg', 'isi': 0.7}
102.5857 	EXP 	New trial (rep=0, index=49): {'word_stimuli': 'sounds/droite.ogg', 'isi': 0.7}
104.1273 	EXP 	Imported countdown.xlsx as conditions, 31 conditions, 1 params
104.1279 	EXP 	Created sequence: sequential, trialTypes=31, nReps=1, seed=None
104.1284 	EXP 	New trial (rep=0, index=0): {'countdown': 30}
104.4041 	EXP 	text: text = 30
104.4041 	EXP 	text: autoDraw = True
105.0996 	EXP 	New trial (rep=0, index=1): {'countdown': 29}
105.1453 	EXP 	text: autoDraw = False
105.1453 	EXP 	text: text = 29
105.1453 	EXP 	text: autoDraw = True
106.0987 	EXP 	New trial (rep=0, index=2): {'countdown': 28}
106.1289 	EXP 	text: autoDraw = False
106.1289 	EXP 	text: text = 28
106.1289 	EXP 	text: autoDraw = True
107.0994 	EXP 	New trial (rep=0, index=3): {'countdown': 27}
107.1295 	EXP 	text: autoDraw = False
107.1295 	EXP 	text: text = 27
107.1295 	EXP 	text: autoDraw = True
108.0995 	EXP 	New trial (rep=0, index=4): {'countdown': 26}
108.1294 	EXP 	text: autoDraw = False
108.1294 	EXP 	text: text = 26
108.1294 	EXP 	text: autoDraw = True
109.0994 	EXP 	New trial (rep=0, index=5): {'countdown': 25}
109.1295 	EXP 	text: autoDraw = False
109.1295 	EXP 	text: text = 25
109.1295 	EXP 	text: autoDraw = True
110.1001 	EXP 	New trial (rep=0, index=6): {'countdown': 24}
110.1289 	EXP 	text: autoDraw = False
110.1289 	EXP 	text: text = 24
110.1289 	EXP 	text: autoDraw = True
111.1002 	EXP 	New trial (rep=0, index=7): {'countdown': 23}
111.1303 	EXP 	text: autoDraw = False
111.1303 	EXP 	text: text = 23
111.1303 	EXP 	text: autoDraw = True
112.0998 	EXP 	New trial (rep=0, index=8): {'countdown': 22}
112.1302 	EXP 	text: autoDraw = False
112.1302 	EXP 	text: text = 22
112.1302 	EXP 	text: autoDraw = True
113.1008 	EXP 	New trial (rep=0, index=9): {'countdown': 21}
113.1307 	EXP 	text: autoDraw = False
113.1307 	EXP 	text: text = 21
113.1307 	EXP 	text: autoDraw = True
114.1011 	EXP 	New trial (rep=0, index=10): {'countdown': 20}
114.1312 	EXP 	text: autoDraw = False
114.1312 	EXP 	text: text = 20
114.1312 	EXP 	text: autoDraw = True
115.1007 	EXP 	New trial (rep=0, index=11): {'countdown': 19}
115.1315 	EXP 	text: autoDraw = False
115.1315 	EXP 	text: text = 19
115.1315 	EXP 	text: autoDraw = True
116.1014 	EXP 	New trial (rep=0, index=12): {'countdown': 18}
116.1311 	EXP 	text: autoDraw = False
116.1311 	EXP 	text: text = 18
116.1311 	EXP 	text: autoDraw = True
117.1017 	EXP 	New trial (rep=0, index=13): {'countdown': 17}
117.1319 	EXP 	text: autoDraw = False
117.1319 	EXP 	text: text = 17
117.1319 	EXP 	text: autoDraw = True
118.1018 	EXP 	New trial (rep=0, index=14): {'countdown': 16}
118.1319 	EXP 	text: autoDraw = False
118.1319 	EXP 	text: text = 16
118.1319 	EXP 	text: autoDraw = True
119.1020 	EXP 	New trial (rep=0, index=15): {'countdown': 15}
119.1321 	EXP 	text: autoDraw = False
119.1321 	EXP 	text: text = 15
119.1321 	EXP 	text: autoDraw = True
120.1022 	EXP 	New trial (rep=0, index=16): {'countdown': 14}
120.1319 	EXP 	text: autoDraw = False
120.1319 	EXP 	text: text = 14
120.1319 	EXP 	text: autoDraw = True
121.1023 	EXP 	New trial (rep=0, index=17): {'countdown': 13}
121.1319 	EXP 	text: autoDraw = False
121.1319 	EXP 	text: text = 13
121.1319 	EXP 	text: autoDraw = True
122.1026 	EXP 	New trial (rep=0, index=18): {'countdown': 12}
122.1330 	EXP 	text: autoDraw = False
122.1330 	EXP 	text: text = 12
122.1330 	EXP 	text: autoDraw = True
123.1025 	EXP 	New trial (rep=0, index=19): {'countdown': 11}
123.1325 	EXP 	text: autoDraw = False
123.1325 	EXP 	text: text = 11
123.1325 	EXP 	text: autoDraw = True
124.0869 	EXP 	New trial (rep=0, index=20): {'countdown': 10}
124.1160 	EXP 	text: autoDraw = False
124.1160 	EXP 	text: text = 10
124.1160 	EXP 	text: autoDraw = True
125.1037 	EXP 	New trial (rep=0, index=21): {'countdown': 9}
125.1325 	EXP 	text: autoDraw = False
125.1325 	EXP 	text: text = 9
125.1325 	EXP 	text: autoDraw = True
126.1035 	EXP 	New trial (rep=0, index=22): {'countdown': 8}
126.1331 	EXP 	text: autoDraw = False
126.1331 	EXP 	text: text = 8
126.1331 	EXP 	text: autoDraw = True
127.0865 	EXP 	New trial (rep=0, index=23): {'countdown': 7}
127.1167 	EXP 	text: autoDraw = False
127.1167 	EXP 	text: text = 7
127.1167 	EXP 	text: autoDraw = True
128.1036 	EXP 	New trial (rep=0, index=24): {'countdown': 6}
128.1328 	EXP 	text: autoDraw = False
128.1328 	EXP 	text: text = 6
128.1328 	EXP 	text: autoDraw = True
129.1010 	EXP 	New trial (rep=0, index=25): {'countdown': 5}
129.1166 	EXP 	text: autoDraw = False
129.1166 	EXP 	text: text = 5
129.1166 	EXP 	text: autoDraw = True
130.0867 	EXP 	New trial (rep=0, index=26): {'countdown': 4}
130.1169 	EXP 	text: autoDraw = False
130.1169 	EXP 	text: text = 4
130.1169 	EXP 	text: autoDraw = True
131.0871 	EXP 	New trial (rep=0, index=27): {'countdown': 3}
131.1173 	EXP 	text: autoDraw = False
131.1173 	EXP 	text: text = 3
131.1173 	EXP 	text: autoDraw = True
132.0869 	EXP 	New trial (rep=0, index=28): {'countdown': 2}
132.1175 	EXP 	text: autoDraw = False
132.1175 	EXP 	text: text = 2
132.1175 	EXP 	text: autoDraw = True
133.0872 	EXP 	New trial (rep=0, index=29): {'countdown': 1}
133.1179 	EXP 	text: autoDraw = False
133.1179 	EXP 	text: text = 1
133.1179 	EXP 	text: autoDraw = True
134.0875 	EXP 	New trial (rep=0, index=30): {'countdown': 0}
134.1179 	EXP 	text: autoDraw = False
134.1179 	EXP 	text: text = 0
134.1179 	EXP 	text: autoDraw = True
135.0881 	EXP 	New trial (rep=1, index=0): None
135.1222 	EXP 	Imported stimuli.xlsx as conditions, 50 conditions, 2 params
135.1232 	EXP 	Created sequence: random, trialTypes=50, nReps=1, seed=None
135.1239 	EXP 	New trial (rep=0, index=0): {'word_stimuli': 'sounds/droite.ogg', 'isi': 0.7}
135.1505 	EXP 	text: autoDraw = False
136.6270 	EXP 	New trial (rep=0, index=1): {'word_stimuli': 'sounds/droite.ogg', 'isi': 0.7}
138.1261 	EXP 	New trial (rep=0, index=2): {'word_stimuli': 'sounds/droite.ogg', 'isi': 0.7}
139.6246 	EXP 	New trial (rep=0, index=3): {'word_stimuli': 'sounds/droite.ogg', 'isi': 0.7}
141.1267 	EXP 	New trial (rep=0, index=4): {'word_stimuli': 'sounds/gauche.ogg', 'isi': 0.7}
142.6263 	EXP 	New trial (rep=0, index=5): {'word_stimuli': 'sounds/droite.ogg', 'isi': 0.7}
144.1260 	EXP 	New trial (rep=0, index=6): {'word_stimuli': 'sounds/droite.ogg', 'isi': 0.7}
145.6392 	EXP 	New trial (rep=0, index=7): {'word_stimuli': 'sounds/droite.ogg', 'isi': 0.7}
147.1428 	EXP 	New trial (rep=0, index=8): {'word_stimuli': 'sounds/droite.ogg', 'isi': 0.7}
148.6434 	EXP 	New trial (rep=0, index=9): {'word_stimuli': 'sounds/gauche.ogg', 'isi': 0.7}
150.1433 	EXP 	New trial (rep=0, index=10): {'word_stimuli': 'sounds/gauche.ogg', 'isi': 0.7}
151.6440 	EXP 	New trial (rep=0, index=11): {'word_stimuli': 'sounds/gauche.ogg', 'isi': 0.7}
153.1451 	EXP 	New trial (rep=0, index=12): {'word_stimuli': 'sounds/droite.ogg', 'isi': 0.7}
154.6450 	EXP 	New trial (rep=0, index=13): {'word_stimuli': 'sounds/droite.ogg', 'isi': 0.7}
156.1467 	EXP 	New trial (rep=0, index=14): {'word_stimuli': 'sounds/droite.ogg', 'isi': 0.7}
157.6463 	EXP 	New trial (rep=0, index=15): {'word_stimuli': 'sounds/droite.ogg', 'isi': 0.7}
159.1460 	EXP 	New trial (rep=0, index=16): {'word_stimuli': 'sounds/gauche.ogg', 'isi': 0.7}
160.6468 	EXP 	New trial (rep=0, index=17): {'word_stimuli': 'sounds/droite.ogg', 'isi': 0.7}
162.1463 	EXP 	New trial (rep=0, index=18): {'word_stimuli': 'sounds/gauche.ogg', 'isi': 0.7}
163.6464 	EXP 	New trial (rep=0, index=19): {'word_stimuli': 'sounds/gauche.ogg', 'isi': 0.7}
165.1473 	EXP 	New trial (rep=0, index=20): {'word_stimuli': 'sounds/droite.ogg', 'isi': 0.7}
166.6467 	EXP 	New trial (rep=0, index=21): {'word_stimuli': 'sounds/gauche.ogg', 'isi': 0.7}
168.1478 	EXP 	New trial (rep=0, index=22): {'word_stimuli': 'sounds/droite.ogg', 'isi': 0.7}
169.6477 	EXP 	New trial (rep=0, index=23): {'word_stimuli': 'sounds/gauche.ogg', 'isi': 0.7}
171.1481 	EXP 	New trial (rep=0, index=24): {'word_stimuli': 'sounds/gauche.ogg', 'isi': 0.7}
172.6489 	EXP 	New trial (rep=0, index=25): {'word_stimuli': 'sounds/gauche.ogg', 'isi': 0.7}
174.1485 	EXP 	New trial (rep=0, index=26): {'word_stimuli': 'sounds/droite.ogg', 'isi': 0.7}
175.6479 	EXP 	New trial (rep=0, index=27): {'word_stimuli': 'sounds/gauche.ogg', 'isi': 0.7}
177.1478 	EXP 	New trial (rep=0, index=28): {'word_stimuli': 'sounds/droite.ogg', 'isi': 0.7}
178.6490 	EXP 	New trial (rep=0, index=29): {'word_stimuli': 'sounds/gauche.ogg', 'isi': 0.7}
180.1492 	EXP 	New trial (rep=0, index=30): {'word_stimuli': 'sounds/gauche.ogg', 'isi': 0.7}
181.6493 	EXP 	New trial (rep=0, index=31): {'word_stimuli': 'sounds/gauche.ogg', 'isi': 0.7}
183.1506 	EXP 	New trial (rep=0, index=32): {'word_stimuli': 'sounds/gauche.ogg', 'isi': 0.7}
184.6507 	EXP 	New trial (rep=0, index=33): {'word_stimuli': 'sounds/droite.ogg', 'isi': 0.7}
186.1512 	EXP 	New trial (rep=0, index=34): {'word_stimuli': 'sounds/droite.ogg', 'isi': 0.7}
187.6509 	EXP 	New trial (rep=0, index=35): {'word_stimuli': 'sounds/gauche.ogg', 'isi': 0.7}
189.1517 	EXP 	New trial (rep=0, index=36): {'word_stimuli': 'sounds/gauche.ogg', 'isi': 0.7}
190.6512 	EXP 	New trial (rep=0, index=37): {'word_stimuli': 'sounds/gauche.ogg', 'isi': 0.7}
192.1519 	EXP 	New trial (rep=0, index=38): {'word_stimuli': 'sounds/droite.ogg', 'isi': 0.7}
193.6515 	EXP 	New trial (rep=0, index=39): {'word_stimuli': 'sounds/gauche.ogg', 'isi': 0.7}
195.1534 	EXP 	New trial (rep=0, index=40): {'word_stimuli': 'sounds/gauche.ogg', 'isi': 0.7}
196.6529 	EXP 	New trial (rep=0, index=41): {'word_stimuli': 'sounds/droite.ogg', 'isi': 0.7}
198.1533 	EXP 	New trial (rep=0, index=42): {'word_stimuli': 'sounds/droite.ogg', 'isi': 0.7}
199.6656 	EXP 	New trial (rep=0, index=43): {'word_stimuli': 'sounds/droite.ogg', 'isi': 0.7}
201.1538 	EXP 	New trial (rep=0, index=44): {'word_stimuli': 'sounds/droite.ogg', 'isi': 0.7}
202.6546 	EXP 	New trial (rep=0, index=45): {'word_stimuli': 'sounds/gauche.ogg', 'isi': 0.7}
204.1563 	EXP 	New trial (rep=0, index=46): {'word_stimuli': 'sounds/gauche.ogg', 'isi': 0.7}
205.6719 	EXP 	New trial (rep=0, index=47): {'word_stimuli': 'sounds/gauche.ogg', 'isi': 0.7}
207.1718 	EXP 	New trial (rep=0, index=48): {'word_stimuli': 'sounds/droite.ogg', 'isi': 0.7}
208.6729 	EXP 	New trial (rep=0, index=49): {'word_stimuli': 'sounds/gauche.ogg', 'isi': 0.7}
210.1997 	EXP 	Imported countdown.xlsx as conditions, 31 conditions, 1 params
210.2009 	EXP 	Created sequence: sequential, trialTypes=31, nReps=1, seed=None
210.2018 	EXP 	New trial (rep=0, index=0): {'countdown': 30}
210.2331 	EXP 	text: text = 30
210.2331 	EXP 	text: autoDraw = True
211.1878 	EXP 	New trial (rep=0, index=1): {'countdown': 29}
211.2171 	EXP 	text: autoDraw = False
211.2171 	EXP 	text: text = 29
211.2171 	EXP 	text: autoDraw = True
212.1869 	EXP 	New trial (rep=0, index=2): {'countdown': 28}
212.2159 	EXP 	text: autoDraw = False
212.2159 	EXP 	text: text = 28
212.2159 	EXP 	text: autoDraw = True
213.1886 	EXP 	New trial (rep=0, index=3): {'countdown': 27}
213.2172 	EXP 	text: autoDraw = False
213.2172 	EXP 	text: text = 27
213.2172 	EXP 	text: autoDraw = True
214.1874 	EXP 	New trial (rep=0, index=4): {'countdown': 26}
214.2177 	EXP 	text: autoDraw = False
214.2177 	EXP 	text: text = 26
214.2177 	EXP 	text: autoDraw = True
215.1877 	EXP 	New trial (rep=0, index=5): {'countdown': 25}
215.2179 	EXP 	text: autoDraw = False
215.2179 	EXP 	text: text = 25
215.2179 	EXP 	text: autoDraw = True
216.1878 	EXP 	New trial (rep=0, index=6): {'countdown': 24}
216.2175 	EXP 	text: autoDraw = False
216.2175 	EXP 	text: text = 24
216.2175 	EXP 	text: autoDraw = True
217.1882 	EXP 	New trial (rep=0, index=7): {'countdown': 23}
217.2183 	EXP 	text: autoDraw = False
217.2183 	EXP 	text: text = 23
217.2183 	EXP 	text: autoDraw = True
218.1886 	EXP 	New trial (rep=0, index=8): {'countdown': 22}
218.2185 	EXP 	text: autoDraw = False
218.2185 	EXP 	text: text = 22
218.2185 	EXP 	text: autoDraw = True
219.1888 	EXP 	New trial (rep=0, index=9): {'countdown': 21}
219.2188 	EXP 	text: autoDraw = False
219.2188 	EXP 	text: text = 21
219.2188 	EXP 	text: autoDraw = True
220.1897 	EXP 	New trial (rep=0, index=10): {'countdown': 20}
220.2189 	EXP 	text: autoDraw = False
220.2189 	EXP 	text: text = 20
220.2189 	EXP 	text: autoDraw = True
221.1883 	EXP 	New trial (rep=0, index=11): {'countdown': 19}
221.2193 	EXP 	text: autoDraw = False
221.2193 	EXP 	text: text = 19
221.2193 	EXP 	text: autoDraw = True
222.1734 	EXP 	New trial (rep=0, index=12): {'countdown': 18}
222.2027 	EXP 	text: autoDraw = False
222.2027 	EXP 	text: text = 18
222.2027 	EXP 	text: autoDraw = True
223.1735 	EXP 	New trial (rep=0, index=13): {'countdown': 17}
223.2026 	EXP 	text: autoDraw = False
223.2026 	EXP 	text: text = 17
223.2026 	EXP 	text: autoDraw = True
224.1727 	EXP 	New trial (rep=0, index=14): {'countdown': 16}
224.2028 	EXP 	text: autoDraw = False
224.2028 	EXP 	text: text = 16
224.2028 	EXP 	text: autoDraw = True
225.1737 	EXP 	New trial (rep=0, index=15): {'countdown': 15}
225.2027 	EXP 	text: autoDraw = False
225.2027 	EXP 	text: text = 15
225.2027 	EXP 	text: autoDraw = True
226.1731 	EXP 	New trial (rep=0, index=16): {'countdown': 14}
226.2032 	EXP 	text: autoDraw = False
226.2032 	EXP 	text: text = 14
226.2032 	EXP 	text: autoDraw = True
227.1740 	EXP 	New trial (rep=0, index=17): {'countdown': 13}
227.2033 	EXP 	text: autoDraw = False
227.2033 	EXP 	text: text = 13
227.2033 	EXP 	text: autoDraw = True
228.1742 	EXP 	New trial (rep=0, index=18): {'countdown': 12}
228.2034 	EXP 	text: autoDraw = False
228.2034 	EXP 	text: text = 12
228.2034 	EXP 	text: autoDraw = True
229.1737 	EXP 	New trial (rep=0, index=19): {'countdown': 11}
229.2035 	EXP 	text: autoDraw = False
229.2035 	EXP 	text: text = 11
229.2035 	EXP 	text: autoDraw = True
230.1744 	EXP 	New trial (rep=0, index=20): {'countdown': 10}
230.2037 	EXP 	text: autoDraw = False
230.2037 	EXP 	text: text = 10
230.2037 	EXP 	text: autoDraw = True
231.1748 	EXP 	New trial (rep=0, index=21): {'countdown': 9}
231.2038 	EXP 	text: autoDraw = False
231.2038 	EXP 	text: text = 9
231.2038 	EXP 	text: autoDraw = True
232.1747 	EXP 	New trial (rep=0, index=22): {'countdown': 8}
232.2040 	EXP 	text: autoDraw = False
232.2040 	EXP 	text: text = 8
232.2040 	EXP 	text: autoDraw = True
233.1745 	EXP 	New trial (rep=0, index=23): {'countdown': 7}
233.2046 	EXP 	text: autoDraw = False
233.2046 	EXP 	text: text = 7
233.2046 	EXP 	text: autoDraw = True
234.1746 	EXP 	New trial (rep=0, index=24): {'countdown': 6}
234.2051 	EXP 	text: autoDraw = False
234.2051 	EXP 	text: text = 6
234.2051 	EXP 	text: autoDraw = True
235.1752 	EXP 	New trial (rep=0, index=25): {'countdown': 5}
235.2053 	EXP 	text: autoDraw = False
235.2053 	EXP 	text: text = 5
235.2053 	EXP 	text: autoDraw = True
236.1758 	EXP 	New trial (rep=0, index=26): {'countdown': 4}
236.2052 	EXP 	text: autoDraw = False
236.2052 	EXP 	text: text = 4
236.2052 	EXP 	text: autoDraw = True
237.1759 	EXP 	New trial (rep=0, index=27): {'countdown': 3}
237.2057 	EXP 	text: autoDraw = False
237.2057 	EXP 	text: text = 3
237.2057 	EXP 	text: autoDraw = True
238.1756 	EXP 	New trial (rep=0, index=28): {'countdown': 2}
238.2057 	EXP 	text: autoDraw = False
238.2057 	EXP 	text: text = 2
238.2057 	EXP 	text: autoDraw = True
239.1754 	EXP 	New trial (rep=0, index=29): {'countdown': 1}
239.2061 	EXP 	text: autoDraw = False
239.2061 	EXP 	text: text = 1
239.2061 	EXP 	text: autoDraw = True
240.1756 	EXP 	New trial (rep=0, index=30): {'countdown': 0}
240.2061 	EXP 	text: autoDraw = False
240.2061 	EXP 	text: text = 0
240.2061 	EXP 	text: autoDraw = True
241.1765 	EXP 	New trial (rep=2, index=0): None
241.2055 	EXP 	Imported stimuli.xlsx as conditions, 50 conditions, 2 params
241.2061 	EXP 	Created sequence: random, trialTypes=50, nReps=1, seed=None
241.2065 	EXP 	New trial (rep=0, index=0): {'word_stimuli': 'sounds/gauche.ogg', 'isi': 0.7}
241.2216 	EXP 	text: autoDraw = False
242.6974 	EXP 	New trial (rep=0, index=1): {'word_stimuli': 'sounds/gauche.ogg', 'isi': 0.7}
244.1965 	EXP 	New trial (rep=0, index=2): {'word_stimuli': 'sounds/gauche.ogg', 'isi': 0.7}
245.6960 	EXP 	New trial (rep=0, index=3): {'word_stimuli': 'sounds/droite.ogg', 'isi': 0.7}
247.1974 	EXP 	New trial (rep=0, index=4): {'word_stimuli': 'sounds/droite.ogg', 'isi': 0.7}
248.6977 	EXP 	New trial (rep=0, index=5): {'word_stimuli': 'sounds/gauche.ogg', 'isi': 0.7}
250.1967 	EXP 	New trial (rep=0, index=6): {'word_stimuli': 'sounds/gauche.ogg', 'isi': 0.7}
251.6986 	EXP 	New trial (rep=0, index=7): {'word_stimuli': 'sounds/gauche.ogg', 'isi': 0.7}
253.1985 	EXP 	New trial (rep=0, index=8): {'word_stimuli': 'sounds/droite.ogg', 'isi': 0.7}
254.6978 	EXP 	New trial (rep=0, index=9): {'word_stimuli': 'sounds/gauche.ogg', 'isi': 0.7}
256.1992 	EXP 	New trial (rep=0, index=10): {'word_stimuli': 'sounds/droite.ogg', 'isi': 0.7}
257.6984 	EXP 	New trial (rep=0, index=11): {'word_stimuli': 'sounds/gauche.ogg', 'isi': 0.7}
259.1977 	EXP 	New trial (rep=0, index=12): {'word_stimuli': 'sounds/droite.ogg', 'isi': 0.7}
260.6987 	EXP 	New trial (rep=0, index=13): {'word_stimuli': 'sounds/gauche.ogg', 'isi': 0.7}
262.1997 	EXP 	New trial (rep=0, index=14): {'word_stimuli': 'sounds/gauche.ogg', 'isi': 0.7}
263.6995 	EXP 	New trial (rep=0, index=15): {'word_stimuli': 'sounds/gauche.ogg', 'isi': 0.7}
265.2002 	EXP 	New trial (rep=0, index=16): {'word_stimuli': 'sounds/droite.ogg', 'isi': 0.7}
266.7009 	EXP 	New trial (rep=0, index=17): {'word_stimuli': 'sounds/gauche.ogg', 'isi': 0.7}
268.2005 	EXP 	New trial (rep=0, index=18): {'word_stimuli': 'sounds/droite.ogg', 'isi': 0.7}
269.7019 	EXP 	New trial (rep=0, index=19): {'word_stimuli': 'sounds/gauche.ogg', 'isi': 0.7}
271.2012 	EXP 	New trial (rep=0, index=20): {'word_stimuli': 'sounds/droite.ogg', 'isi': 0.7}
272.7008 	EXP 	New trial (rep=0, index=21): {'word_stimuli': 'sounds/droite.ogg', 'isi': 0.7}
274.2017 	EXP 	New trial (rep=0, index=22): {'word_stimuli': 'sounds/gauche.ogg', 'isi': 0.7}
275.7016 	EXP 	New trial (rep=0, index=23): {'word_stimuli': 'sounds/droite.ogg', 'isi': 0.7}
277.2020 	EXP 	New trial (rep=0, index=24): {'word_stimuli': 'sounds/gauche.ogg', 'isi': 0.7}
278.7037 	EXP 	New trial (rep=0, index=25): {'word_stimuli': 'sounds/droite.ogg', 'isi': 0.7}
280.2033 	EXP 	New trial (rep=0, index=26): {'word_stimuli': 'sounds/droite.ogg', 'isi': 0.7}
281.7035 	EXP 	New trial (rep=0, index=27): {'word_stimuli': 'sounds/gauche.ogg', 'isi': 0.7}
283.2056 	EXP 	New trial (rep=0, index=28): {'word_stimuli': 'sounds/gauche.ogg', 'isi': 0.7}
284.7048 	EXP 	New trial (rep=0, index=29): {'word_stimuli': 'sounds/droite.ogg', 'isi': 0.7}
286.2056 	EXP 	New trial (rep=0, index=30): {'word_stimuli': 'sounds/droite.ogg', 'isi': 0.7}
287.7058 	EXP 	New trial (rep=0, index=31): {'word_stimuli': 'sounds/droite.ogg', 'isi': 0.7}
289.2054 	EXP 	New trial (rep=0, index=32): {'word_stimuli': 'sounds/gauche.ogg', 'isi': 0.7}
290.7061 	EXP 	New trial (rep=0, index=33): {'word_stimuli': 'sounds/droite.ogg', 'isi': 0.7}
292.2064 	EXP 	New trial (rep=0, index=34): {'word_stimuli': 'sounds/gauche.ogg', 'isi': 0.7}
293.7057 	EXP 	New trial (rep=0, index=35): {'word_stimuli': 'sounds/droite.ogg', 'isi': 0.7}
295.2221 	EXP 	New trial (rep=0, index=36): {'word_stimuli': 'sounds/gauche.ogg', 'isi': 0.7}
296.7233 	EXP 	New trial (rep=0, index=37): {'word_stimuli': 'sounds/droite.ogg', 'isi': 0.7}
298.2238 	EXP 	New trial (rep=0, index=38): {'word_stimuli': 'sounds/droite.ogg', 'isi': 0.7}
299.7242 	EXP 	New trial (rep=0, index=39): {'word_stimuli': 'sounds/gauche.ogg', 'isi': 0.7}
301.2251 	EXP 	New trial (rep=0, index=40): {'word_stimuli': 'sounds/droite.ogg', 'isi': 0.7}
302.7256 	EXP 	New trial (rep=0, index=41): {'word_stimuli': 'sounds/gauche.ogg', 'isi': 0.7}
304.2393 	EXP 	New trial (rep=0, index=42): {'word_stimuli': 'sounds/droite.ogg', 'isi': 0.7}
305.7423 	EXP 	New trial (rep=0, index=43): {'word_stimuli': 'sounds/gauche.ogg', 'isi': 0.7}
307.2416 	EXP 	New trial (rep=0, index=44): {'word_stimuli': 'sounds/droite.ogg', 'isi': 0.7}
308.7418 	EXP 	New trial (rep=0, index=45): {'word_stimuli': 'sounds/droite.ogg', 'isi': 0.7}
310.2431 	EXP 	New trial (rep=0, index=46): {'word_stimuli': 'sounds/gauche.ogg', 'isi': 0.7}
311.7442 	EXP 	New trial (rep=0, index=47): {'word_stimuli': 'sounds/droite.ogg', 'isi': 0.7}
313.2428 	EXP 	New trial (rep=0, index=48): {'word_stimuli': 'sounds/droite.ogg', 'isi': 0.7}
314.7436 	EXP 	New trial (rep=0, index=49): {'word_stimuli': 'sounds/gauche.ogg', 'isi': 0.7}
316.2704 	EXP 	Imported countdown.xlsx as conditions, 31 conditions, 1 params
316.2710 	EXP 	Created sequence: sequential, trialTypes=31, nReps=1, seed=None
316.2715 	EXP 	New trial (rep=0, index=0): {'countdown': 30}
316.2870 	EXP 	text: text = 30
316.2870 	EXP 	text: autoDraw = True
317.2595 	EXP 	New trial (rep=0, index=1): {'countdown': 29}
317.2885 	EXP 	text: autoDraw = False
317.2885 	EXP 	text: text = 29
317.2885 	EXP 	text: autoDraw = True
318.2589 	EXP 	New trial (rep=0, index=2): {'countdown': 28}
318.2888 	EXP 	text: autoDraw = False
318.2888 	EXP 	text: text = 28
318.2888 	EXP 	text: autoDraw = True
319.2586 	EXP 	New trial (rep=0, index=3): {'countdown': 27}
319.2891 	EXP 	text: autoDraw = False
319.2891 	EXP 	text: text = 27
319.2891 	EXP 	text: autoDraw = True
320.2593 	EXP 	New trial (rep=0, index=4): {'countdown': 26}
320.2892 	EXP 	text: autoDraw = False
320.2892 	EXP 	text: text = 26
320.2892 	EXP 	text: autoDraw = True
321.2592 	EXP 	New trial (rep=0, index=5): {'countdown': 25}
321.2891 	EXP 	text: autoDraw = False
321.2891 	EXP 	text: text = 25
321.2891 	EXP 	text: autoDraw = True
322.2597 	EXP 	New trial (rep=0, index=6): {'countdown': 24}
322.2898 	EXP 	text: autoDraw = False
322.2898 	EXP 	text: text = 24
322.2898 	EXP 	text: autoDraw = True
323.2599 	EXP 	New trial (rep=0, index=7): {'countdown': 23}
323.2899 	EXP 	text: autoDraw = False
323.2899 	EXP 	text: text = 23
323.2899 	EXP 	text: autoDraw = True
324.2601 	EXP 	New trial (rep=0, index=8): {'countdown': 22}
324.2900 	EXP 	text: autoDraw = False
324.2900 	EXP 	text: text = 22
324.2900 	EXP 	text: autoDraw = True
325.2600 	EXP 	New trial (rep=0, index=9): {'countdown': 21}
325.2903 	EXP 	text: autoDraw = False
325.2903 	EXP 	text: text = 21
325.2903 	EXP 	text: autoDraw = True
326.2603 	EXP 	New trial (rep=0, index=10): {'countdown': 20}
326.2899 	EXP 	text: autoDraw = False
326.2899 	EXP 	text: text = 20
326.2899 	EXP 	text: autoDraw = True
327.2609 	EXP 	New trial (rep=0, index=11): {'countdown': 19}
327.2905 	EXP 	text: autoDraw = False
327.2905 	EXP 	text: text = 19
327.2905 	EXP 	text: autoDraw = True
328.2444 	EXP 	New trial (rep=0, index=12): {'countdown': 18}
328.2734 	EXP 	text: autoDraw = False
328.2734 	EXP 	text: text = 18
328.2734 	EXP 	text: autoDraw = True
329.2445 	EXP 	New trial (rep=0, index=13): {'countdown': 17}
329.2747 	EXP 	text: autoDraw = False
329.2747 	EXP 	text: text = 17
329.2747 	EXP 	text: autoDraw = True
330.2444 	EXP 	New trial (rep=0, index=14): {'countdown': 16}
330.2743 	EXP 	text: autoDraw = False
330.2743 	EXP 	text: text = 16
330.2743 	EXP 	text: autoDraw = True
331.2443 	EXP 	New trial (rep=0, index=15): {'countdown': 15}
331.2747 	EXP 	text: autoDraw = False
331.2747 	EXP 	text: text = 15
331.2747 	EXP 	text: autoDraw = True
332.2444 	EXP 	New trial (rep=0, index=16): {'countdown': 14}
332.2748 	EXP 	text: autoDraw = False
332.2748 	EXP 	text: text = 14
332.2748 	EXP 	text: autoDraw = True
333.2447 	EXP 	New trial (rep=0, index=17): {'countdown': 13}
333.2750 	EXP 	text: autoDraw = False
333.2750 	EXP 	text: text = 13
333.2750 	EXP 	text: autoDraw = True
334.2450 	EXP 	New trial (rep=0, index=18): {'countdown': 12}
334.2746 	EXP 	text: autoDraw = False
334.2746 	EXP 	text: text = 12
334.2746 	EXP 	text: autoDraw = True
335.2458 	EXP 	New trial (rep=0, index=19): {'countdown': 11}
335.2753 	EXP 	text: autoDraw = False
335.2753 	EXP 	text: text = 11
335.2753 	EXP 	text: autoDraw = True
336.2452 	EXP 	New trial (rep=0, index=20): {'countdown': 10}
336.2753 	EXP 	text: autoDraw = False
336.2753 	EXP 	text: text = 10
336.2753 	EXP 	text: autoDraw = True
337.2453 	EXP 	New trial (rep=0, index=21): {'countdown': 9}
337.2757 	EXP 	text: autoDraw = False
337.2757 	EXP 	text: text = 9
337.2757 	EXP 	text: autoDraw = True
338.2458 	EXP 	New trial (rep=0, index=22): {'countdown': 8}
338.2745 	EXP 	text: autoDraw = False
338.2745 	EXP 	text: text = 8
338.2745 	EXP 	text: autoDraw = True
339.2462 	EXP 	New trial (rep=0, index=23): {'countdown': 7}
339.2750 	EXP 	text: autoDraw = False
339.2750 	EXP 	text: text = 7
339.2750 	EXP 	text: autoDraw = True
340.2459 	EXP 	New trial (rep=0, index=24): {'countdown': 6}
340.2766 	EXP 	text: autoDraw = False
340.2766 	EXP 	text: text = 6
340.2766 	EXP 	text: autoDraw = True
341.2462 	EXP 	New trial (rep=0, index=25): {'countdown': 5}
341.2766 	EXP 	text: autoDraw = False
341.2766 	EXP 	text: text = 5
341.2766 	EXP 	text: autoDraw = True
342.2461 	EXP 	New trial (rep=0, index=26): {'countdown': 4}
342.2767 	EXP 	text: autoDraw = False
342.2767 	EXP 	text: text = 4
342.2767 	EXP 	text: autoDraw = True
343.2466 	EXP 	New trial (rep=0, index=27): {'countdown': 3}
343.2770 	EXP 	text: autoDraw = False
343.2770 	EXP 	text: text = 3
343.2770 	EXP 	text: autoDraw = True
344.2471 	EXP 	New trial (rep=0, index=28): {'countdown': 2}
344.2771 	EXP 	text: autoDraw = False
344.2771 	EXP 	text: text = 2
344.2771 	EXP 	text: autoDraw = True
345.2470 	EXP 	New trial (rep=0, index=29): {'countdown': 1}
345.2774 	EXP 	text: autoDraw = False
345.2774 	EXP 	text: text = 1
345.2774 	EXP 	text: autoDraw = True
346.2479 	EXP 	New trial (rep=0, index=30): {'countdown': 0}
346.2776 	EXP 	text: autoDraw = False
346.2776 	EXP 	text: text = 0
346.2776 	EXP 	text: autoDraw = True
347.2482 	EXP 	New trial (rep=3, index=0): None
347.2878 	EXP 	Imported stimuli.xlsx as conditions, 50 conditions, 2 params
347.2894 	EXP 	Created sequence: random, trialTypes=50, nReps=1, seed=None
347.2904 	EXP 	New trial (rep=0, index=0): {'word_stimuli': 'sounds/gauche.ogg', 'isi': 0.7}
347.3272 	EXP 	text: autoDraw = False
348.8005 	EXP 	New trial (rep=0, index=1): {'word_stimuli': 'sounds/gauche.ogg', 'isi': 0.7}
350.3008 	EXP 	New trial (rep=0, index=2): {'word_stimuli': 'sounds/gauche.ogg', 'isi': 0.7}
351.8011 	EXP 	New trial (rep=0, index=3): {'word_stimuli': 'sounds/droite.ogg', 'isi': 0.7}
353.3011 	EXP 	New trial (rep=0, index=4): {'word_stimuli': 'sounds/gauche.ogg', 'isi': 0.7}
354.8008 	EXP 	New trial (rep=0, index=5): {'word_stimuli': 'sounds/gauche.ogg', 'isi': 0.7}
356.3019 	EXP 	New trial (rep=0, index=6): {'word_stimuli': 'sounds/droite.ogg', 'isi': 0.7}
357.8031 	EXP 	New trial (rep=0, index=7): {'word_stimuli': 'sounds/droite.ogg', 'isi': 0.7}
359.3025 	EXP 	New trial (rep=0, index=8): {'word_stimuli': 'sounds/droite.ogg', 'isi': 0.7}
360.8034 	EXP 	New trial (rep=0, index=9): {'word_stimuli': 'sounds/gauche.ogg', 'isi': 0.7}
362.3033 	EXP 	New trial (rep=0, index=10): {'word_stimuli': 'sounds/gauche.ogg', 'isi': 0.7}
363.8032 	EXP 	New trial (rep=0, index=11): {'word_stimuli': 'sounds/gauche.ogg', 'isi': 0.7}
365.3036 	EXP 	New trial (rep=0, index=12): {'word_stimuli': 'sounds/gauche.ogg', 'isi': 0.7}
366.8048 	EXP 	New trial (rep=0, index=13): {'word_stimuli': 'sounds/droite.ogg', 'isi': 0.7}
368.3054 	EXP 	New trial (rep=0, index=14): {'word_stimuli': 'sounds/droite.ogg', 'isi': 0.7}
369.8049 	EXP 	New trial (rep=0, index=15): {'word_stimuli': 'sounds/droite.ogg', 'isi': 0.7}
371.3063 	EXP 	New trial (rep=0, index=16): {'word_stimuli': 'sounds/gauche.ogg', 'isi': 0.7}
372.8069 	EXP 	New trial (rep=0, index=17): {'word_stimuli': 'sounds/droite.ogg', 'isi': 0.7}
374.3056 	EXP 	New trial (rep=0, index=18): {'word_stimuli': 'sounds/droite.ogg', 'isi': 0.7}
375.8064 	EXP 	New trial (rep=0, index=19): {'word_stimuli': 'sounds/droite.ogg', 'isi': 0.7}
377.3064 	EXP 	New trial (rep=0, index=20): {'word_stimuli': 'sounds/gauche.ogg', 'isi': 0.7}
378.8065 	EXP 	New trial (rep=0, index=21): {'word_stimuli': 'sounds/droite.ogg', 'isi': 0.7}
380.3079 	EXP 	New trial (rep=0, index=22): {'word_stimuli': 'sounds/droite.ogg', 'isi': 0.7}
381.8082 	EXP 	New trial (rep=0, index=23): {'word_stimuli': 'sounds/gauche.ogg', 'isi': 0.7}
383.3074 	EXP 	New trial (rep=0, index=24): {'word_stimuli': 'sounds/droite.ogg', 'isi': 0.7}
384.8087 	EXP 	New trial (rep=0, index=25): {'word_stimuli': 'sounds/droite.ogg', 'isi': 0.7}
386.3083 	EXP 	New trial (rep=0, index=26): {'word_stimuli': 'sounds/gauche.ogg', 'isi': 0.7}
387.8076 	EXP 	New trial (rep=0, index=27): {'word_stimuli': 'sounds/gauche.ogg', 'isi': 0.7}
389.3083 	EXP 	New trial (rep=0, index=28): {'word_stimuli': 'sounds/gauche.ogg', 'isi': 0.7}
390.8076 	EXP 	New trial (rep=0, index=29): {'word_stimuli': 'sounds/gauche.ogg', 'isi': 0.7}
392.3086 	EXP 	New trial (rep=0, index=30): {'word_stimuli': 'sounds/droite.ogg', 'isi': 0.7}
393.8093 	EXP 	New trial (rep=0, index=31): {'word_stimuli': 'sounds/gauche.ogg', 'isi': 0.7}
395.3097 	EXP 	New trial (rep=0, index=32): {'word_stimuli': 'sounds/gauche.ogg', 'isi': 0.7}
396.8103 	EXP 	New trial (rep=0, index=33): {'word_stimuli': 'sounds/droite.ogg', 'isi': 0.7}
398.3110 	EXP 	New trial (rep=0, index=34): {'word_stimuli': 'sounds/gauche.ogg', 'isi': 0.7}
399.8116 	EXP 	New trial (rep=0, index=35): {'word_stimuli': 'sounds/droite.ogg', 'isi': 0.7}
401.3109 	EXP 	New trial (rep=0, index=36): {'word_stimuli': 'sounds/droite.ogg', 'isi': 0.7}
402.8110 	EXP 	New trial (rep=0, index=37): {'word_stimuli': 'sounds/droite.ogg', 'isi': 0.7}
404.3116 	EXP 	New trial (rep=0, index=38): {'word_stimuli': 'sounds/droite.ogg', 'isi': 0.7}
405.8121 	EXP 	New trial (rep=0, index=39): {'word_stimuli': 'sounds/droite.ogg', 'isi': 0.7}
407.3122 	EXP 	New trial (rep=0, index=40): {'word_stimuli': 'sounds/droite.ogg', 'isi': 0.7}
408.8133 	EXP 	New trial (rep=0, index=41): {'word_stimuli': 'sounds/gauche.ogg', 'isi': 0.7}
410.3136 	EXP 	New trial (rep=0, index=42): {'word_stimuli': 'sounds/gauche.ogg', 'isi': 0.7}
411.8143 	EXP 	New trial (rep=0, index=43): {'word_stimuli': 'sounds/gauche.ogg', 'isi': 0.7}
413.3135 	EXP 	New trial (rep=0, index=44): {'word_stimuli': 'sounds/gauche.ogg', 'isi': 0.7}
414.8131 	EXP 	New trial (rep=0, index=45): {'word_stimuli': 'sounds/gauche.ogg', 'isi': 0.7}
416.3153 	EXP 	New trial (rep=0, index=46): {'word_stimuli': 'sounds/droite.ogg', 'isi': 0.7}
417.8147 	EXP 	New trial (rep=0, index=47): {'word_stimuli': 'sounds/droite.ogg', 'isi': 0.7}
419.3156 	EXP 	New trial (rep=0, index=48): {'word_stimuli': 'sounds/droite.ogg', 'isi': 0.7}
420.8172 	EXP 	New trial (rep=0, index=49): {'word_stimuli': 'sounds/gauche.ogg', 'isi': 0.7}
422.3424 	EXP 	Imported countdown.xlsx as conditions, 31 conditions, 1 params
422.3431 	EXP 	Created sequence: sequential, trialTypes=31, nReps=1, seed=None
422.3435 	EXP 	New trial (rep=0, index=0): {'countdown': 30}
422.3585 	EXP 	text: text = 30
422.3585 	EXP 	text: autoDraw = True
423.3319 	EXP 	New trial (rep=0, index=1): {'countdown': 29}
423.3606 	EXP 	text: autoDraw = False
423.3606 	EXP 	text: text = 29
423.3606 	EXP 	text: autoDraw = True
424.3306 	EXP 	New trial (rep=0, index=2): {'countdown': 28}
424.3605 	EXP 	text: autoDraw = False
424.3605 	EXP 	text: text = 28
424.3605 	EXP 	text: autoDraw = True
425.3301 	EXP 	New trial (rep=0, index=3): {'countdown': 27}
425.3605 	EXP 	text: autoDraw = False
425.3605 	EXP 	text: text = 27
425.3605 	EXP 	text: autoDraw = True
426.3310 	EXP 	New trial (rep=0, index=4): {'countdown': 26}
426.3607 	EXP 	text: autoDraw = False
426.3607 	EXP 	text: text = 26
426.3607 	EXP 	text: autoDraw = True
427.3311 	EXP 	New trial (rep=0, index=5): {'countdown': 25}
427.3610 	EXP 	text: autoDraw = False
427.3610 	EXP 	text: text = 25
427.3610 	EXP 	text: autoDraw = True
428.3309 	EXP 	New trial (rep=0, index=6): {'countdown': 24}
428.3611 	EXP 	text: autoDraw = False
428.3611 	EXP 	text: text = 24
428.3611 	EXP 	text: autoDraw = True
429.3326 	EXP 	New trial (rep=0, index=7): {'countdown': 23}
429.3613 	EXP 	text: autoDraw = False
429.3613 	EXP 	text: text = 23
429.3613 	EXP 	text: autoDraw = True
430.3317 	EXP 	New trial (rep=0, index=8): {'countdown': 22}
430.3611 	EXP 	text: autoDraw = False
430.3611 	EXP 	text: text = 22
430.3611 	EXP 	text: autoDraw = True
431.3321 	EXP 	New trial (rep=0, index=9): {'countdown': 21}
431.3621 	EXP 	text: autoDraw = False
431.3621 	EXP 	text: text = 21
431.3621 	EXP 	text: autoDraw = True
432.3287 	EXP 	New trial (rep=0, index=10): {'countdown': 20}
432.3442 	EXP 	text: autoDraw = False
432.3442 	EXP 	text: text = 20
432.3442 	EXP 	text: autoDraw = True
433.3318 	EXP 	New trial (rep=0, index=11): {'countdown': 19}
433.3619 	EXP 	text: autoDraw = False
433.3619 	EXP 	text: text = 19
433.3619 	EXP 	text: autoDraw = True
434.3324 	EXP 	New trial (rep=0, index=12): {'countdown': 18}
434.3622 	EXP 	text: autoDraw = False
434.3622 	EXP 	text: text = 18
434.3622 	EXP 	text: autoDraw = True
435.3330 	EXP 	New trial (rep=0, index=13): {'countdown': 17}
435.3620 	EXP 	text: autoDraw = False
435.3620 	EXP 	text: text = 17
435.3620 	EXP 	text: autoDraw = True
436.3356 	EXP 	New trial (rep=0, index=14): {'countdown': 16}
436.3622 	EXP 	text: autoDraw = False
436.3622 	EXP 	text: text = 16
436.3622 	EXP 	text: autoDraw = True
437.3328 	EXP 	New trial (rep=0, index=15): {'countdown': 15}
437.3624 	EXP 	text: autoDraw = False
437.3624 	EXP 	text: text = 15
437.3624 	EXP 	text: autoDraw = True
438.3326 	EXP 	New trial (rep=0, index=16): {'countdown': 14}
438.3629 	EXP 	text: autoDraw = False
438.3629 	EXP 	text: text = 14
438.3629 	EXP 	text: autoDraw = True
439.3333 	EXP 	New trial (rep=0, index=17): {'countdown': 13}
439.3630 	EXP 	text: autoDraw = False
439.3630 	EXP 	text: text = 13
439.3630 	EXP 	text: autoDraw = True
440.3340 	EXP 	New trial (rep=0, index=18): {'countdown': 12}
440.3633 	EXP 	text: autoDraw = False
440.3633 	EXP 	text: text = 12
440.3633 	EXP 	text: autoDraw = True
441.3339 	EXP 	New trial (rep=0, index=19): {'countdown': 11}
441.3633 	EXP 	text: autoDraw = False
441.3633 	EXP 	text: text = 11
441.3633 	EXP 	text: autoDraw = True
442.3336 	EXP 	New trial (rep=0, index=20): {'countdown': 10}
442.3632 	EXP 	text: autoDraw = False
442.3632 	EXP 	text: text = 10
442.3632 	EXP 	text: autoDraw = True
443.3341 	EXP 	New trial (rep=0, index=21): {'countdown': 9}
443.3634 	EXP 	text: autoDraw = False
443.3634 	EXP 	text: text = 9
443.3634 	EXP 	text: autoDraw = True
444.3173 	EXP 	New trial (rep=0, index=22): {'countdown': 8}
444.3473 	EXP 	text: autoDraw = False
444.3473 	EXP 	text: text = 8
444.3473 	EXP 	text: autoDraw = True
445.3179 	EXP 	New trial (rep=0, index=23): {'countdown': 7}
445.3476 	EXP 	text: autoDraw = False
445.3476 	EXP 	text: text = 7
445.3476 	EXP 	text: autoDraw = True
446.3182 	EXP 	New trial (rep=0, index=24): {'countdown': 6}
446.3481 	EXP 	text: autoDraw = False
446.3481 	EXP 	text: text = 6
446.3481 	EXP 	text: autoDraw = True
447.3179 	EXP 	New trial (rep=0, index=25): {'countdown': 5}
447.3483 	EXP 	text: autoDraw = False
447.3483 	EXP 	text: text = 5
447.3483 	EXP 	text: autoDraw = True
448.3177 	EXP 	New trial (rep=0, index=26): {'countdown': 4}
448.3475 	EXP 	text: autoDraw = False
448.3475 	EXP 	text: text = 4
448.3475 	EXP 	text: autoDraw = True
449.3189 	EXP 	New trial (rep=0, index=27): {'countdown': 3}
449.3487 	EXP 	text: autoDraw = False
449.3487 	EXP 	text: text = 3
449.3487 	EXP 	text: autoDraw = True
450.3187 	EXP 	New trial (rep=0, index=28): {'countdown': 2}
450.3486 	EXP 	text: autoDraw = False
450.3486 	EXP 	text: text = 2
450.3486 	EXP 	text: autoDraw = True
451.3185 	EXP 	New trial (rep=0, index=29): {'countdown': 1}
451.3492 	EXP 	text: autoDraw = False
451.3492 	EXP 	text: text = 1
451.3492 	EXP 	text: autoDraw = True
452.3194 	EXP 	New trial (rep=0, index=30): {'countdown': 0}
452.3494 	EXP 	text: autoDraw = False
452.3494 	EXP 	text: text = 0
452.3494 	EXP 	text: autoDraw = True
453.3198 	EXP 	New trial (rep=4, index=0): None
453.3589 	EXP 	Imported stimuli.xlsx as conditions, 50 conditions, 2 params
453.3599 	EXP 	Created sequence: random, trialTypes=50, nReps=1, seed=None
453.3605 	EXP 	New trial (rep=0, index=0): {'word_stimuli': 'sounds/droite.ogg', 'isi': 0.7}
453.3812 	EXP 	text: autoDraw = False
454.8569 	EXP 	New trial (rep=0, index=1): {'word_stimuli': 'sounds/droite.ogg', 'isi': 0.7}
456.3576 	EXP 	New trial (rep=0, index=2): {'word_stimuli': 'sounds/droite.ogg', 'isi': 0.7}
457.8561 	EXP 	New trial (rep=0, index=3): {'word_stimuli': 'sounds/gauche.ogg', 'isi': 0.7}
459.3696 	EXP 	New trial (rep=0, index=4): {'word_stimuli': 'sounds/droite.ogg', 'isi': 0.7}
460.8733 	EXP 	New trial (rep=0, index=5): {'word_stimuli': 'sounds/droite.ogg', 'isi': 0.7}
462.3737 	EXP 	New trial (rep=0, index=6): {'word_stimuli': 'sounds/gauche.ogg', 'isi': 0.7}
463.8736 	EXP 	New trial (rep=0, index=7): {'word_stimuli': 'sounds/droite.ogg', 'isi': 0.7}
465.3747 	EXP 	New trial (rep=0, index=8): {'word_stimuli': 'sounds/gauche.ogg', 'isi': 0.7}
466.8751 	EXP 	New trial (rep=0, index=9): {'word_stimuli': 'sounds/droite.ogg', 'isi': 0.7}
468.3751 	EXP 	New trial (rep=0, index=10): {'word_stimuli': 'sounds/droite.ogg', 'isi': 0.7}
469.8763 	EXP 	New trial (rep=0, index=11): {'word_stimuli': 'sounds/gauche.ogg', 'isi': 0.7}
471.3766 	EXP 	New trial (rep=0, index=12): {'word_stimuli': 'sounds/droite.ogg', 'isi': 0.7}
472.8756 	EXP 	New trial (rep=0, index=13): {'word_stimuli': 'sounds/droite.ogg', 'isi': 0.7}
474.3764 	EXP 	New trial (rep=0, index=14): {'word_stimuli': 'sounds/gauche.ogg', 'isi': 0.7}
475.8776 	EXP 	New trial (rep=0, index=15): {'word_stimuli': 'sounds/gauche.ogg', 'isi': 0.7}
477.3763 	EXP 	New trial (rep=0, index=16): {'word_stimuli': 'sounds/gauche.ogg', 'isi': 0.7}
478.8776 	EXP 	New trial (rep=0, index=17): {'word_stimuli': 'sounds/droite.ogg', 'isi': 0.7}
480.3779 	EXP 	New trial (rep=0, index=18): {'word_stimuli': 'sounds/gauche.ogg', 'isi': 0.7}
481.8773 	EXP 	New trial (rep=0, index=19): {'word_stimuli': 'sounds/droite.ogg', 'isi': 0.7}
483.3786 	EXP 	New trial (rep=0, index=20): {'word_stimuli': 'sounds/droite.ogg', 'isi': 0.7}
484.8777 	EXP 	New trial (rep=0, index=21): {'word_stimuli': 'sounds/gauche.ogg', 'isi': 0.7}
486.3786 	EXP 	New trial (rep=0, index=22): {'word_stimuli': 'sounds/gauche.ogg', 'isi': 0.7}
487.8788 	EXP 	New trial (rep=0, index=23): {'word_stimuli': 'sounds/gauche.ogg', 'isi': 0.7}
489.3787 	EXP 	New trial (rep=0, index=24): {'word_stimuli': 'sounds/droite.ogg', 'isi': 0.7}
490.8790 	EXP 	New trial (rep=0, index=25): {'word_stimuli': 'sounds/droite.ogg', 'isi': 0.7}
492.3786 	EXP 	New trial (rep=0, index=26): {'word_stimuli': 'sounds/gauche.ogg', 'isi': 0.7}
493.8759 	EXP 	New trial (rep=0, index=27): {'word_stimuli': 'sounds/droite.ogg', 'isi': 0.7}
495.3639 	EXP 	New trial (rep=0, index=28): {'word_stimuli': 'sounds/droite.ogg', 'isi': 0.7}
496.8633 	EXP 	New trial (rep=0, index=29): {'word_stimuli': 'sounds/gauche.ogg', 'isi': 0.7}
498.3660 	EXP 	New trial (rep=0, index=30): {'word_stimuli': 'sounds/gauche.ogg', 'isi': 0.7}
499.8645 	EXP 	New trial (rep=0, index=31): {'word_stimuli': 'sounds/droite.ogg', 'isi': 0.7}
501.3658 	EXP 	New trial (rep=0, index=32): {'word_stimuli': 'sounds/droite.ogg', 'isi': 0.7}
502.8813 	EXP 	New trial (rep=0, index=33): {'word_stimuli': 'sounds/gauche.ogg', 'isi': 0.7}
504.3817 	EXP 	New trial (rep=0, index=34): {'word_stimuli': 'sounds/gauche.ogg', 'isi': 0.7}
505.8801 	EXP 	New trial (rep=0, index=35): {'word_stimuli': 'sounds/droite.ogg', 'isi': 0.7}
507.3827 	EXP 	New trial (rep=0, index=36): {'word_stimuli': 'sounds/gauche.ogg', 'isi': 0.7}
508.8836 	EXP 	New trial (rep=0, index=37): {'word_stimuli': 'sounds/gauche.ogg', 'isi': 0.7}
510.3844 	EXP 	New trial (rep=0, index=38): {'word_stimuli': 'sounds/gauche.ogg', 'isi': 0.7}
511.8842 	EXP 	New trial (rep=0, index=39): {'word_stimuli': 'sounds/droite.ogg', 'isi': 0.7}
513.3839 	EXP 	New trial (rep=0, index=40): {'word_stimuli': 'sounds/gauche.ogg', 'isi': 0.7}
514.8846 	EXP 	New trial (rep=0, index=41): {'word_stimuli': 'sounds/droite.ogg', 'isi': 0.7}
516.3840 	EXP 	New trial (rep=0, index=42): {'word_stimuli': 'sounds/gauche.ogg', 'isi': 0.7}
517.8859 	EXP 	New trial (rep=0, index=43): {'word_stimuli': 'sounds/gauche.ogg', 'isi': 0.7}
519.3846 	EXP 	New trial (rep=0, index=44): {'word_stimuli': 'sounds/droite.ogg', 'isi': 0.7}
520.8875 	EXP 	New trial (rep=0, index=45): {'word_stimuli': 'sounds/droite.ogg', 'isi': 0.7}
522.3863 	EXP 	New trial (rep=0, index=46): {'word_stimuli': 'sounds/gauche.ogg', 'isi': 0.7}
523.8868 	EXP 	New trial (rep=0, index=47): {'word_stimuli': 'sounds/gauche.ogg', 'isi': 0.7}
525.3873 	EXP 	New trial (rep=0, index=48): {'word_stimuli': 'sounds/droite.ogg', 'isi': 0.7}
526.8879 	EXP 	New trial (rep=0, index=49): {'word_stimuli': 'sounds/gauche.ogg', 'isi': 0.7}
528.4129 	EXP 	Imported countdown.xlsx as conditions, 31 conditions, 1 params
528.4137 	EXP 	Created sequence: sequential, trialTypes=31, nReps=1, seed=None
528.4142 	EXP 	New trial (rep=0, index=0): {'countdown': 30}
528.4303 	EXP 	text: text = 30
528.4303 	EXP 	text: autoDraw = True
529.4017 	EXP 	New trial (rep=0, index=1): {'countdown': 29}
529.4318 	EXP 	text: autoDraw = False
529.4318 	EXP 	text: text = 29
529.4318 	EXP 	text: autoDraw = True
530.4015 	EXP 	New trial (rep=0, index=2): {'countdown': 28}
530.4315 	EXP 	text: autoDraw = False
530.4315 	EXP 	text: text = 28
530.4315 	EXP 	text: autoDraw = True
531.4022 	EXP 	New trial (rep=0, index=3): {'countdown': 27}
531.4318 	EXP 	text: autoDraw = False
531.4318 	EXP 	text: text = 27
531.4318 	EXP 	text: autoDraw = True
532.3994 	EXP 	New trial (rep=0, index=4): {'countdown': 26}
532.4150 	EXP 	text: autoDraw = False
532.4150 	EXP 	text: text = 26
532.4150 	EXP 	text: autoDraw = True
2388.8273 	EXP 	New trial (rep=0, index=5): {'countdown': 25}
2388.8307 	EXP 	New trial (rep=0, index=6): {'countdown': 24}
2388.8333 	EXP 	New trial (rep=0, index=7): {'countdown': 23}
2388.8366 	EXP 	New trial (rep=0, index=8): {'countdown': 22}
2388.8407 	EXP 	New trial (rep=0, index=9): {'countdown': 21}
2388.8438 	EXP 	New trial (rep=0, index=10): {'countdown': 20}
2388.8474 	EXP 	New trial (rep=0, index=11): {'countdown': 19}
2388.8502 	EXP 	New trial (rep=0, index=12): {'countdown': 18}
2388.8529 	EXP 	New trial (rep=0, index=13): {'countdown': 17}
2388.8590 	EXP 	New trial (rep=0, index=14): {'countdown': 16}
2388.8624 	EXP 	New trial (rep=0, index=15): {'countdown': 15}
2388.8646 	EXP 	New trial (rep=0, index=16): {'countdown': 14}
2388.8663 	EXP 	New trial (rep=0, index=17): {'countdown': 13}
2388.8678 	EXP 	New trial (rep=0, index=18): {'countdown': 12}
2388.8692 	EXP 	New trial (rep=0, index=19): {'countdown': 11}
2388.8714 	EXP 	New trial (rep=0, index=20): {'countdown': 10}
2388.8758 	EXP 	New trial (rep=0, index=21): {'countdown': 9}
2388.8802 	EXP 	New trial (rep=0, index=22): {'countdown': 8}
2388.8956 	EXP 	New trial (rep=0, index=23): {'countdown': 7}
2388.8993 	EXP 	New trial (rep=0, index=24): {'countdown': 6}
2388.9018 	EXP 	New trial (rep=0, index=25): {'countdown': 5}
2388.9057 	EXP 	New trial (rep=0, index=26): {'countdown': 4}
2388.9117 	EXP 	New trial (rep=0, index=27): {'countdown': 3}
2388.9226 	EXP 	New trial (rep=0, index=28): {'countdown': 2}
2388.9262 	EXP 	New trial (rep=0, index=29): {'countdown': 1}
2388.9287 	EXP 	New trial (rep=0, index=30): {'countdown': 0}
2388.9477 	EXP 	text: autoDraw = False
2388.9477 	EXP 	text: text = 25
2388.9477 	EXP 	text: autoDraw = False
2388.9477 	EXP 	text: text = 24
2388.9477 	EXP 	text: autoDraw = False
2388.9477 	EXP 	text: text = 23
2388.9477 	EXP 	text: autoDraw = False
2388.9477 	EXP 	text: text = 22
2388.9477 	EXP 	text: autoDraw = False
2388.9477 	EXP 	text: text = 21
2388.9477 	EXP 	text: autoDraw = False
2388.9477 	EXP 	text: text = 20
2388.9477 	EXP 	text: autoDraw = False
2388.9477 	EXP 	text: text = 19
2388.9477 	EXP 	text: autoDraw = False
2388.9477 	EXP 	text: text = 18
2388.9477 	EXP 	text: autoDraw = False
2388.9477 	EXP 	text: text = 17
2388.9477 	EXP 	text: autoDraw = False
2388.9477 	EXP 	text: text = 16
2388.9477 	EXP 	text: autoDraw = False
2388.9477 	EXP 	text: text = 15
2388.9477 	EXP 	text: autoDraw = False
2388.9477 	EXP 	text: text = 14
2388.9477 	EXP 	text: autoDraw = False
2388.9477 	EXP 	text: text = 13
2388.9477 	EXP 	text: autoDraw = False
2388.9477 	EXP 	text: text = 12
2388.9477 	EXP 	text: autoDraw = False
2388.9477 	EXP 	text: text = 11
2388.9477 	EXP 	text: autoDraw = False
2388.9477 	EXP 	text: text = 10
2388.9477 	EXP 	text: autoDraw = False
2388.9477 	EXP 	text: text = 9
2388.9477 	EXP 	text: autoDraw = False
2388.9477 	EXP 	text: text = 8
2388.9477 	EXP 	text: autoDraw = False
2388.9477 	EXP 	text: text = 7
2388.9477 	EXP 	text: autoDraw = False
2388.9477 	EXP 	text: text = 6
2388.9477 	EXP 	text: autoDraw = False
2388.9477 	EXP 	text: text = 5
2388.9477 	EXP 	text: autoDraw = False
2388.9477 	EXP 	text: text = 4
2388.9477 	EXP 	text: autoDraw = False
2388.9477 	EXP 	text: text = 3
2388.9477 	EXP 	text: autoDraw = False
2388.9477 	EXP 	text: text = 2
2388.9477 	EXP 	text: autoDraw = False
2388.9477 	EXP 	text: text = 1
2388.9477 	EXP 	text: autoDraw = False
2388.9477 	EXP 	text: text = 0
2388.9477 	EXP 	text: autoDraw = False
2389.0576 	EXP 	window1: mouseVisible = True
