3.2393 	WARNING 	We strongly recommend you activate the PTB sound engine in PsychoPy prefs as the preferred audio engine. Its timing is vastly superior. Your prefs are currently set to use ['sounddevice', 'PTB', 'pyo', 'pygame'] (in that order).
64.4280 	EXP 	Created window1 = Window(allowGUI=True, allowStencil=False, autoLog=True, backendConf=UNKNOWN, bitsMode=UNKNOWN, blendMode='avg', bpc=(8, 8, 8), color=array([0, 0, 0]), colorSpace='rgb', depthBits=8, fullscr=<method-wrapper '__getattribute__' of attributeSetter object at 0x0000019E33A6EF98>, gamma=None, gammaErrorPolicy='raise', lms=UNKNOWN, monitor=<psychopy.monitors.calibTools.Monitor object at 0x0000019E33AD45F8>, multiSample=False, name='window1', numSamples=2, pos=[810.0, 290.0], screen=0, size=array([300, 500]), stencilBits=0, stereo=False, units='height', useFBO=True, useRetina=False, viewOri=0.0, viewPos=None, viewScale=None, waitBlanking=True, winType='pyglet')
64.4283 	EXP 	window1: mouseVisible = True
64.4284 	EXP 	window1: recordFrameIntervals = False
64.5937 	EXP 	window1: recordFrameIntervals = True
64.7773 	EXP 	window1: recordFrameIntervals = False
65.3821 	EXP 	Sound sound_exposure set volume 1.000
65.3936 	EXP 	Created text = TextStim(__class__=<class 'psychopy.visual.text.TextStim'>, alignHoriz=method-wrapper(...), alignText='center', alignVert=method-wrapper(...), anchorHoriz='center', anchorVert='center', antialias=True, autoLog=True, bold=False, color=array([1, 1, 1]), colorSpace='rgb', contrast=1.0, depth=0.0, flipHoriz=False, flipVert=False, font='Open Sans', fontFiles=[], height=0.1, italic=False, languageStyle='LTR', name='text', opacity=1, ori=0.0, pos=array([0., 0.]), rgb=UNKNOWN, text='', units='height', win=Window(...), wrapWidth=1)
65.3940 	EXP 	Created sequence: random, trialTypes=1, nReps=5, seed=None
65.3942 	EXP 	New trial (rep=0, index=0): None
65.4049 	EXP 	Imported stimuli.xlsx as conditions, 50 conditions, 2 params
65.4053 	EXP 	Created sequence: random, trialTypes=50, nReps=1, seed=None
65.4055 	EXP 	New trial (rep=0, index=0): {'word_stimuli': 'sounds/droite.ogg', 'isi': 0.7}
66.0121 	WARNING 	Got keycode {} but that code isn't yet known
66.0122 	WARNING 	Keypress was given unknown key code (174)
66.8795 	EXP 	New trial (rep=0, index=1): {'word_stimuli': 'sounds/gauche.ogg', 'isi': 0.7}
68.3827 	EXP 	New trial (rep=0, index=2): {'word_stimuli': 'sounds/gauche.ogg', 'isi': 0.7}
69.8813 	EXP 	New trial (rep=0, index=3): {'word_stimuli': 'sounds/gauche.ogg', 'isi': 0.7}
71.3814 	EXP 	New trial (rep=0, index=4): {'word_stimuli': 'sounds/droite.ogg', 'isi': 0.7}
72.8826 	EXP 	New trial (rep=0, index=5): {'word_stimuli': 'sounds/droite.ogg', 'isi': 0.7}
74.3829 	EXP 	New trial (rep=0, index=6): {'word_stimuli': 'sounds/droite.ogg', 'isi': 0.7}
75.8836 	EXP 	New trial (rep=0, index=7): {'word_stimuli': 'sounds/gauche.ogg', 'isi': 0.7}
77.3841 	EXP 	New trial (rep=0, index=8): {'word_stimuli': 'sounds/gauche.ogg', 'isi': 0.7}
78.8840 	EXP 	New trial (rep=0, index=9): {'word_stimuli': 'sounds/droite.ogg', 'isi': 0.7}
80.3845 	EXP 	New trial (rep=0, index=10): {'word_stimuli': 'sounds/gauche.ogg', 'isi': 0.7}
81.8847 	EXP 	New trial (rep=0, index=11): {'word_stimuli': 'sounds/gauche.ogg', 'isi': 0.7}
83.3853 	EXP 	New trial (rep=0, index=12): {'word_stimuli': 'sounds/droite.ogg', 'isi': 0.7}
84.8854 	EXP 	New trial (rep=0, index=13): {'word_stimuli': 'sounds/droite.ogg', 'isi': 0.7}
86.3853 	EXP 	New trial (rep=0, index=14): {'word_stimuli': 'sounds/droite.ogg', 'isi': 0.7}
87.8861 	EXP 	New trial (rep=0, index=15): {'word_stimuli': 'sounds/gauche.ogg', 'isi': 0.7}
89.3868 	EXP 	New trial (rep=0, index=16): {'word_stimuli': 'sounds/droite.ogg', 'isi': 0.7}
90.8861 	EXP 	New trial (rep=0, index=17): {'word_stimuli': 'sounds/gauche.ogg', 'isi': 0.7}
92.3875 	EXP 	New trial (rep=0, index=18): {'word_stimuli': 'sounds/droite.ogg', 'isi': 0.7}
93.8877 	EXP 	New trial (rep=0, index=19): {'word_stimuli': 'sounds/gauche.ogg', 'isi': 0.7}
95.3889 	EXP 	New trial (rep=0, index=20): {'word_stimuli': 'sounds/droite.ogg', 'isi': 0.7}
96.8879 	EXP 	New trial (rep=0, index=21): {'word_stimuli': 'sounds/droite.ogg', 'isi': 0.7}
98.3886 	EXP 	New trial (rep=0, index=22): {'word_stimuli': 'sounds/droite.ogg', 'isi': 0.7}
99.8897 	EXP 	New trial (rep=0, index=23): {'word_stimuli': 'sounds/droite.ogg', 'isi': 0.7}
101.4026 	EXP 	New trial (rep=0, index=24): {'word_stimuli': 'sounds/gauche.ogg', 'isi': 0.7}
102.9062 	EXP 	New trial (rep=0, index=25): {'word_stimuli': 'sounds/droite.ogg', 'isi': 0.7}
104.4056 	EXP 	New trial (rep=0, index=26): {'word_stimuli': 'sounds/gauche.ogg', 'isi': 0.7}
105.9057 	EXP 	New trial (rep=0, index=27): {'word_stimuli': 'sounds/gauche.ogg', 'isi': 0.7}
107.4074 	EXP 	New trial (rep=0, index=28): {'word_stimuli': 'sounds/gauche.ogg', 'isi': 0.7}
108.9072 	EXP 	New trial (rep=0, index=29): {'word_stimuli': 'sounds/droite.ogg', 'isi': 0.7}
110.4069 	EXP 	New trial (rep=0, index=30): {'word_stimuli': 'sounds/gauche.ogg', 'isi': 0.7}
111.9075 	EXP 	New trial (rep=0, index=31): {'word_stimuli': 'sounds/droite.ogg', 'isi': 0.7}
113.4074 	EXP 	New trial (rep=0, index=32): {'word_stimuli': 'sounds/droite.ogg', 'isi': 0.7}
114.9091 	EXP 	New trial (rep=0, index=33): {'word_stimuli': 'sounds/gauche.ogg', 'isi': 0.7}
116.4097 	EXP 	New trial (rep=0, index=34): {'word_stimuli': 'sounds/gauche.ogg', 'isi': 0.7}
117.9071 	EXP 	New trial (rep=0, index=35): {'word_stimuli': 'sounds/droite.ogg', 'isi': 0.7}
119.4104 	EXP 	New trial (rep=0, index=36): {'word_stimuli': 'sounds/gauche.ogg', 'isi': 0.7}
120.9112 	EXP 	New trial (rep=0, index=37): {'word_stimuli': 'sounds/gauche.ogg', 'isi': 0.7}
122.4094 	EXP 	New trial (rep=0, index=38): {'word_stimuli': 'sounds/gauche.ogg', 'isi': 0.7}
123.9101 	EXP 	New trial (rep=0, index=39): {'word_stimuli': 'sounds/gauche.ogg', 'isi': 0.7}
125.4107 	EXP 	New trial (rep=0, index=40): {'word_stimuli': 'sounds/droite.ogg', 'isi': 0.7}
126.9113 	EXP 	New trial (rep=0, index=41): {'word_stimuli': 'sounds/gauche.ogg', 'isi': 0.7}
128.4119 	EXP 	New trial (rep=0, index=42): {'word_stimuli': 'sounds/droite.ogg', 'isi': 0.7}
129.9122 	EXP 	New trial (rep=0, index=43): {'word_stimuli': 'sounds/droite.ogg', 'isi': 0.7}
131.4115 	EXP 	New trial (rep=0, index=44): {'word_stimuli': 'sounds/droite.ogg', 'isi': 0.7}
132.9124 	EXP 	New trial (rep=0, index=45): {'word_stimuli': 'sounds/gauche.ogg', 'isi': 0.7}
134.4122 	EXP 	New trial (rep=0, index=46): {'word_stimuli': 'sounds/gauche.ogg', 'isi': 0.7}
135.9127 	EXP 	New trial (rep=0, index=47): {'word_stimuli': 'sounds/gauche.ogg', 'isi': 0.7}
137.4126 	EXP 	New trial (rep=0, index=48): {'word_stimuli': 'sounds/droite.ogg', 'isi': 0.7}
138.9123 	EXP 	New trial (rep=0, index=49): {'word_stimuli': 'sounds/droite.ogg', 'isi': 0.7}
140.4366 	EXP 	Imported countdown.xlsx as conditions, 31 conditions, 1 params
140.4372 	EXP 	Created sequence: sequential, trialTypes=31, nReps=1, seed=None
140.4377 	EXP 	New trial (rep=0, index=0): {'countdown': 30}
140.4995 	EXP 	text: text = 30
140.4995 	EXP 	text: autoDraw = True
141.4287 	EXP 	New trial (rep=0, index=1): {'countdown': 29}
141.4579 	EXP 	text: autoDraw = False
141.4579 	EXP 	text: text = 29
141.4579 	EXP 	text: autoDraw = True
142.4280 	EXP 	New trial (rep=0, index=2): {'countdown': 28}
142.4578 	EXP 	text: autoDraw = False
142.4578 	EXP 	text: text = 28
142.4578 	EXP 	text: autoDraw = True
143.4281 	EXP 	New trial (rep=0, index=3): {'countdown': 27}
143.4580 	EXP 	text: autoDraw = False
143.4580 	EXP 	text: text = 27
143.4580 	EXP 	text: autoDraw = True
144.4284 	EXP 	New trial (rep=0, index=4): {'countdown': 26}
144.4582 	EXP 	text: autoDraw = False
144.4582 	EXP 	text: text = 26
144.4582 	EXP 	text: autoDraw = True
145.4292 	EXP 	New trial (rep=0, index=5): {'countdown': 25}
145.4584 	EXP 	text: autoDraw = False
145.4584 	EXP 	text: text = 25
145.4584 	EXP 	text: autoDraw = True
146.4291 	EXP 	New trial (rep=0, index=6): {'countdown': 24}
146.4586 	EXP 	text: autoDraw = False
146.4586 	EXP 	text: text = 24
146.4586 	EXP 	text: autoDraw = True
147.4294 	EXP 	New trial (rep=0, index=7): {'countdown': 23}
147.4587 	EXP 	text: autoDraw = False
147.4587 	EXP 	text: text = 23
147.4587 	EXP 	text: autoDraw = True
148.4294 	EXP 	New trial (rep=0, index=8): {'countdown': 22}
148.4595 	EXP 	text: autoDraw = False
148.4595 	EXP 	text: text = 22
148.4595 	EXP 	text: autoDraw = True
149.4294 	EXP 	New trial (rep=0, index=9): {'countdown': 21}
149.4597 	EXP 	text: autoDraw = False
149.4597 	EXP 	text: text = 21
149.4597 	EXP 	text: autoDraw = True
150.4294 	EXP 	New trial (rep=0, index=10): {'countdown': 20}
150.4599 	EXP 	text: autoDraw = False
150.4599 	EXP 	text: text = 20
150.4599 	EXP 	text: autoDraw = True
151.4300 	EXP 	New trial (rep=0, index=11): {'countdown': 19}
151.4600 	EXP 	text: autoDraw = False
151.4600 	EXP 	text: text = 19
151.4600 	EXP 	text: autoDraw = True
152.4137 	EXP 	New trial (rep=0, index=12): {'countdown': 18}
152.4434 	EXP 	text: autoDraw = False
152.4434 	EXP 	text: text = 18
152.4434 	EXP 	text: autoDraw = True
153.4136 	EXP 	New trial (rep=0, index=13): {'countdown': 17}
153.4437 	EXP 	text: autoDraw = False
153.4437 	EXP 	text: text = 17
153.4437 	EXP 	text: autoDraw = True
154.4143 	EXP 	New trial (rep=0, index=14): {'countdown': 16}
154.4439 	EXP 	text: autoDraw = False
154.4439 	EXP 	text: text = 16
154.4439 	EXP 	text: autoDraw = True
155.4144 	EXP 	New trial (rep=0, index=15): {'countdown': 15}
155.4450 	EXP 	text: autoDraw = False
155.4450 	EXP 	text: text = 15
155.4450 	EXP 	text: autoDraw = True
156.4148 	EXP 	New trial (rep=0, index=16): {'countdown': 14}
156.4451 	EXP 	text: autoDraw = False
156.4451 	EXP 	text: text = 14
156.4451 	EXP 	text: autoDraw = True
157.4145 	EXP 	New trial (rep=0, index=17): {'countdown': 13}
157.4451 	EXP 	text: autoDraw = False
157.4451 	EXP 	text: text = 13
157.4451 	EXP 	text: autoDraw = True
158.4151 	EXP 	New trial (rep=0, index=18): {'countdown': 12}
158.4455 	EXP 	text: autoDraw = False
158.4455 	EXP 	text: text = 12
158.4455 	EXP 	text: autoDraw = True
159.4149 	EXP 	New trial (rep=0, index=19): {'countdown': 11}
159.4455 	EXP 	text: autoDraw = False
159.4455 	EXP 	text: text = 11
159.4455 	EXP 	text: autoDraw = True
160.4152 	EXP 	New trial (rep=0, index=20): {'countdown': 10}
160.4455 	EXP 	text: autoDraw = False
160.4455 	EXP 	text: text = 10
160.4455 	EXP 	text: autoDraw = True
161.4149 	EXP 	New trial (rep=0, index=21): {'countdown': 9}
161.4453 	EXP 	text: autoDraw = False
161.4453 	EXP 	text: text = 9
161.4453 	EXP 	text: autoDraw = True
162.4152 	EXP 	New trial (rep=0, index=22): {'countdown': 8}
162.4455 	EXP 	text: autoDraw = False
162.4455 	EXP 	text: text = 8
162.4455 	EXP 	text: autoDraw = True
163.4156 	EXP 	New trial (rep=0, index=23): {'countdown': 7}
163.4457 	EXP 	text: autoDraw = False
163.4457 	EXP 	text: text = 7
163.4457 	EXP 	text: autoDraw = True
164.4157 	EXP 	New trial (rep=0, index=24): {'countdown': 6}
164.4459 	EXP 	text: autoDraw = False
164.4459 	EXP 	text: text = 6
164.4459 	EXP 	text: autoDraw = True
165.4172 	EXP 	New trial (rep=0, index=25): {'countdown': 5}
165.4462 	EXP 	text: autoDraw = False
165.4462 	EXP 	text: text = 5
165.4462 	EXP 	text: autoDraw = True
166.4171 	EXP 	New trial (rep=0, index=26): {'countdown': 4}
166.4462 	EXP 	text: autoDraw = False
166.4462 	EXP 	text: text = 4
166.4462 	EXP 	text: autoDraw = True
167.4173 	EXP 	New trial (rep=0, index=27): {'countdown': 3}
167.4463 	EXP 	text: autoDraw = False
167.4463 	EXP 	text: text = 3
167.4463 	EXP 	text: autoDraw = True
168.4175 	EXP 	New trial (rep=0, index=28): {'countdown': 2}
168.4466 	EXP 	text: autoDraw = False
168.4466 	EXP 	text: text = 2
168.4466 	EXP 	text: autoDraw = True
169.4174 	EXP 	New trial (rep=0, index=29): {'countdown': 1}
169.4464 	EXP 	text: autoDraw = False
169.4464 	EXP 	text: text = 1
169.4464 	EXP 	text: autoDraw = True
170.4175 	EXP 	New trial (rep=0, index=30): {'countdown': 0}
170.4468 	EXP 	text: autoDraw = False
170.4468 	EXP 	text: text = 0
170.4468 	EXP 	text: autoDraw = True
171.4177 	EXP 	New trial (rep=1, index=0): None
171.4520 	EXP 	Imported stimuli.xlsx as conditions, 50 conditions, 2 params
171.4530 	EXP 	Created sequence: random, trialTypes=50, nReps=1, seed=None
171.4538 	EXP 	New trial (rep=0, index=0): {'word_stimuli': 'sounds/gauche.ogg', 'isi': 0.7}
171.4798 	EXP 	text: autoDraw = False
172.9546 	EXP 	New trial (rep=0, index=1): {'word_stimuli': 'sounds/droite.ogg', 'isi': 0.7}
174.4702 	EXP 	New trial (rep=0, index=2): {'word_stimuli': 'sounds/gauche.ogg', 'isi': 0.7}
175.9706 	EXP 	New trial (rep=0, index=3): {'word_stimuli': 'sounds/droite.ogg', 'isi': 0.7}
177.4714 	EXP 	New trial (rep=0, index=4): {'word_stimuli': 'sounds/droite.ogg', 'isi': 0.7}
178.9722 	EXP 	New trial (rep=0, index=5): {'word_stimuli': 'sounds/droite.ogg', 'isi': 0.7}
180.4719 	EXP 	New trial (rep=0, index=6): {'word_stimuli': 'sounds/gauche.ogg', 'isi': 0.7}
181.9714 	EXP 	New trial (rep=0, index=7): {'word_stimuli': 'sounds/droite.ogg', 'isi': 0.7}
183.4725 	EXP 	New trial (rep=0, index=8): {'word_stimuli': 'sounds/gauche.ogg', 'isi': 0.7}
184.9722 	EXP 	New trial (rep=0, index=9): {'word_stimuli': 'sounds/gauche.ogg', 'isi': 0.7}
186.4720 	EXP 	New trial (rep=0, index=10): {'word_stimuli': 'sounds/droite.ogg', 'isi': 0.7}
187.9723 	EXP 	New trial (rep=0, index=11): {'word_stimuli': 'sounds/gauche.ogg', 'isi': 0.7}
189.4737 	EXP 	New trial (rep=0, index=12): {'word_stimuli': 'sounds/gauche.ogg', 'isi': 0.7}
190.9729 	EXP 	New trial (rep=0, index=13): {'word_stimuli': 'sounds/gauche.ogg', 'isi': 0.7}
192.4733 	EXP 	New trial (rep=0, index=14): {'word_stimuli': 'sounds/gauche.ogg', 'isi': 0.7}
193.9738 	EXP 	New trial (rep=0, index=15): {'word_stimuli': 'sounds/droite.ogg', 'isi': 0.7}
195.4748 	EXP 	New trial (rep=0, index=16): {'word_stimuli': 'sounds/droite.ogg', 'isi': 0.7}
196.9745 	EXP 	New trial (rep=0, index=17): {'word_stimuli': 'sounds/gauche.ogg', 'isi': 0.7}
198.4752 	EXP 	New trial (rep=0, index=18): {'word_stimuli': 'sounds/gauche.ogg', 'isi': 0.7}
199.9754 	EXP 	New trial (rep=0, index=19): {'word_stimuli': 'sounds/gauche.ogg', 'isi': 0.7}
201.4755 	EXP 	New trial (rep=0, index=20): {'word_stimuli': 'sounds/gauche.ogg', 'isi': 0.7}
202.9755 	EXP 	New trial (rep=0, index=21): {'word_stimuli': 'sounds/gauche.ogg', 'isi': 0.7}
204.4778 	EXP 	New trial (rep=0, index=22): {'word_stimuli': 'sounds/gauche.ogg', 'isi': 0.7}
205.9779 	EXP 	New trial (rep=0, index=23): {'word_stimuli': 'sounds/droite.ogg', 'isi': 0.7}
207.4775 	EXP 	New trial (rep=0, index=24): {'word_stimuli': 'sounds/gauche.ogg', 'isi': 0.7}
208.9777 	EXP 	New trial (rep=0, index=25): {'word_stimuli': 'sounds/gauche.ogg', 'isi': 0.7}
210.4775 	EXP 	New trial (rep=0, index=26): {'word_stimuli': 'sounds/droite.ogg', 'isi': 0.7}
211.9771 	EXP 	New trial (rep=0, index=27): {'word_stimuli': 'sounds/gauche.ogg', 'isi': 0.7}
213.4786 	EXP 	New trial (rep=0, index=28): {'word_stimuli': 'sounds/droite.ogg', 'isi': 0.7}
214.9807 	EXP 	New trial (rep=0, index=29): {'word_stimuli': 'sounds/gauche.ogg', 'isi': 0.7}
216.4787 	EXP 	New trial (rep=0, index=30): {'word_stimuli': 'sounds/gauche.ogg', 'isi': 0.7}
217.9809 	EXP 	New trial (rep=0, index=31): {'word_stimuli': 'sounds/gauche.ogg', 'isi': 0.7}
219.4792 	EXP 	New trial (rep=0, index=32): {'word_stimuli': 'sounds/droite.ogg', 'isi': 0.7}
220.9800 	EXP 	New trial (rep=0, index=33): {'word_stimuli': 'sounds/droite.ogg', 'isi': 0.7}
222.4810 	EXP 	New trial (rep=0, index=34): {'word_stimuli': 'sounds/droite.ogg', 'isi': 0.7}
223.9808 	EXP 	New trial (rep=0, index=35): {'word_stimuli': 'sounds/gauche.ogg', 'isi': 0.7}
225.4975 	EXP 	New trial (rep=0, index=36): {'word_stimuli': 'sounds/droite.ogg', 'isi': 0.7}
226.9971 	EXP 	New trial (rep=0, index=37): {'word_stimuli': 'sounds/droite.ogg', 'isi': 0.7}
228.4981 	EXP 	New trial (rep=0, index=38): {'word_stimuli': 'sounds/droite.ogg', 'isi': 0.7}
229.9993 	EXP 	New trial (rep=0, index=39): {'word_stimuli': 'sounds/droite.ogg', 'isi': 0.7}
231.4980 	EXP 	New trial (rep=0, index=40): {'word_stimuli': 'sounds/gauche.ogg', 'isi': 0.7}
232.9963 	EXP 	New trial (rep=0, index=41): {'word_stimuli': 'sounds/droite.ogg', 'isi': 0.7}
234.5010 	EXP 	New trial (rep=0, index=42): {'word_stimuli': 'sounds/droite.ogg', 'isi': 0.7}
236.0010 	EXP 	New trial (rep=0, index=43): {'word_stimuli': 'sounds/droite.ogg', 'isi': 0.7}
237.5003 	EXP 	New trial (rep=0, index=44): {'word_stimuli': 'sounds/gauche.ogg', 'isi': 0.7}
238.9995 	EXP 	New trial (rep=0, index=45): {'word_stimuli': 'sounds/droite.ogg', 'isi': 0.7}
240.5017 	EXP 	New trial (rep=0, index=46): {'word_stimuli': 'sounds/droite.ogg', 'isi': 0.7}
242.0022 	EXP 	New trial (rep=0, index=47): {'word_stimuli': 'sounds/gauche.ogg', 'isi': 0.7}
243.5176 	EXP 	New trial (rep=0, index=48): {'word_stimuli': 'sounds/droite.ogg', 'isi': 0.7}
245.0347 	EXP 	New trial (rep=0, index=49): {'word_stimuli': 'sounds/droite.ogg', 'isi': 0.7}
246.5605 	EXP 	Imported countdown.xlsx as conditions, 31 conditions, 1 params
246.5613 	EXP 	Created sequence: sequential, trialTypes=31, nReps=1, seed=None
246.5620 	EXP 	New trial (rep=0, index=0): {'countdown': 30}
246.5781 	EXP 	text: text = 30
246.5781 	EXP 	text: autoDraw = True
247.5496 	EXP 	New trial (rep=0, index=1): {'countdown': 29}
247.5793 	EXP 	text: autoDraw = False
247.5793 	EXP 	text: text = 29
247.5793 	EXP 	text: autoDraw = True
248.5497 	EXP 	New trial (rep=0, index=2): {'countdown': 28}
248.5796 	EXP 	text: autoDraw = False
248.5796 	EXP 	text: text = 28
248.5796 	EXP 	text: autoDraw = True
249.5505 	EXP 	New trial (rep=0, index=3): {'countdown': 27}
249.5797 	EXP 	text: autoDraw = False
249.5797 	EXP 	text: text = 27
249.5797 	EXP 	text: autoDraw = True
250.5496 	EXP 	New trial (rep=0, index=4): {'countdown': 26}
250.5802 	EXP 	text: autoDraw = False
250.5802 	EXP 	text: text = 26
250.5802 	EXP 	text: autoDraw = True
251.5497 	EXP 	New trial (rep=0, index=5): {'countdown': 25}
251.5799 	EXP 	text: autoDraw = False
251.5799 	EXP 	text: text = 25
251.5799 	EXP 	text: autoDraw = True
252.5499 	EXP 	New trial (rep=0, index=6): {'countdown': 24}
252.5794 	EXP 	text: autoDraw = False
252.5794 	EXP 	text: text = 24
252.5794 	EXP 	text: autoDraw = True
253.5476 	EXP 	New trial (rep=0, index=7): {'countdown': 23}
253.5635 	EXP 	text: autoDraw = False
253.5635 	EXP 	text: text = 23
253.5635 	EXP 	text: autoDraw = True
254.5474 	EXP 	New trial (rep=0, index=8): {'countdown': 22}
254.5633 	EXP 	text: autoDraw = False
254.5633 	EXP 	text: text = 22
254.5633 	EXP 	text: autoDraw = True
255.5505 	EXP 	New trial (rep=0, index=9): {'countdown': 21}
255.5811 	EXP 	text: autoDraw = False
255.5811 	EXP 	text: text = 21
255.5811 	EXP 	text: autoDraw = True
256.5511 	EXP 	New trial (rep=0, index=10): {'countdown': 20}
256.5812 	EXP 	text: autoDraw = False
256.5812 	EXP 	text: text = 20
256.5812 	EXP 	text: autoDraw = True
257.5509 	EXP 	New trial (rep=0, index=11): {'countdown': 19}
257.5814 	EXP 	text: autoDraw = False
257.5814 	EXP 	text: text = 19
257.5814 	EXP 	text: autoDraw = True
258.5515 	EXP 	New trial (rep=0, index=12): {'countdown': 18}
258.5819 	EXP 	text: autoDraw = False
258.5819 	EXP 	text: text = 18
258.5819 	EXP 	text: autoDraw = True
259.5523 	EXP 	New trial (rep=0, index=13): {'countdown': 17}
259.5818 	EXP 	text: autoDraw = False
259.5818 	EXP 	text: text = 17
259.5818 	EXP 	text: autoDraw = True
260.5519 	EXP 	New trial (rep=0, index=14): {'countdown': 16}
260.5819 	EXP 	text: autoDraw = False
260.5819 	EXP 	text: text = 16
260.5819 	EXP 	text: autoDraw = True
261.5525 	EXP 	New trial (rep=0, index=15): {'countdown': 15}
261.5822 	EXP 	text: autoDraw = False
261.5822 	EXP 	text: text = 15
261.5822 	EXP 	text: autoDraw = True
262.5363 	EXP 	New trial (rep=0, index=16): {'countdown': 14}
262.5659 	EXP 	text: autoDraw = False
262.5659 	EXP 	text: text = 14
262.5659 	EXP 	text: autoDraw = True
263.5377 	EXP 	New trial (rep=0, index=17): {'countdown': 13}
263.5659 	EXP 	text: autoDraw = False
263.5659 	EXP 	text: text = 13
263.5659 	EXP 	text: autoDraw = True
264.5372 	EXP 	New trial (rep=0, index=18): {'countdown': 12}
264.5660 	EXP 	text: autoDraw = False
264.5660 	EXP 	text: text = 12
264.5660 	EXP 	text: autoDraw = True
265.5361 	EXP 	New trial (rep=0, index=19): {'countdown': 11}
265.5661 	EXP 	text: autoDraw = False
265.5661 	EXP 	text: text = 11
265.5661 	EXP 	text: autoDraw = True
266.5370 	EXP 	New trial (rep=0, index=20): {'countdown': 10}
266.5663 	EXP 	text: autoDraw = False
266.5663 	EXP 	text: text = 10
266.5663 	EXP 	text: autoDraw = True
267.5372 	EXP 	New trial (rep=0, index=21): {'countdown': 9}
267.5665 	EXP 	text: autoDraw = False
267.5665 	EXP 	text: text = 9
267.5665 	EXP 	text: autoDraw = True
268.5375 	EXP 	New trial (rep=0, index=22): {'countdown': 8}
268.5666 	EXP 	text: autoDraw = False
268.5666 	EXP 	text: text = 8
268.5666 	EXP 	text: autoDraw = True
269.5369 	EXP 	New trial (rep=0, index=23): {'countdown': 7}
269.5665 	EXP 	text: autoDraw = False
269.5665 	EXP 	text: text = 7
269.5665 	EXP 	text: autoDraw = True
270.5377 	EXP 	New trial (rep=0, index=24): {'countdown': 6}
270.5669 	EXP 	text: autoDraw = False
270.5669 	EXP 	text: text = 6
270.5669 	EXP 	text: autoDraw = True
271.5372 	EXP 	New trial (rep=0, index=25): {'countdown': 5}
271.5671 	EXP 	text: autoDraw = False
271.5671 	EXP 	text: text = 5
271.5671 	EXP 	text: autoDraw = True
272.5378 	EXP 	New trial (rep=0, index=26): {'countdown': 4}
272.5678 	EXP 	text: autoDraw = False
272.5678 	EXP 	text: text = 4
272.5678 	EXP 	text: autoDraw = True
273.5379 	EXP 	New trial (rep=0, index=27): {'countdown': 3}
273.5682 	EXP 	text: autoDraw = False
273.5682 	EXP 	text: text = 3
273.5682 	EXP 	text: autoDraw = True
274.5379 	EXP 	New trial (rep=0, index=28): {'countdown': 2}
274.5683 	EXP 	text: autoDraw = False
274.5683 	EXP 	text: text = 2
274.5683 	EXP 	text: autoDraw = True
275.5384 	EXP 	New trial (rep=0, index=29): {'countdown': 1}
275.5683 	EXP 	text: autoDraw = False
275.5683 	EXP 	text: text = 1
275.5683 	EXP 	text: autoDraw = True
276.5388 	EXP 	New trial (rep=0, index=30): {'countdown': 0}
276.5686 	EXP 	text: autoDraw = False
276.5686 	EXP 	text: text = 0
276.5686 	EXP 	text: autoDraw = True
277.5390 	EXP 	New trial (rep=2, index=0): None
277.5779 	EXP 	Imported stimuli.xlsx as conditions, 50 conditions, 2 params
277.5797 	EXP 	Created sequence: random, trialTypes=50, nReps=1, seed=None
277.5808 	EXP 	New trial (rep=0, index=0): {'word_stimuli': 'sounds/gauche.ogg', 'isi': 0.7}
277.6010 	EXP 	text: autoDraw = False
279.0761 	EXP 	New trial (rep=0, index=1): {'word_stimuli': 'sounds/droite.ogg', 'isi': 0.7}
280.5755 	EXP 	New trial (rep=0, index=2): {'word_stimuli': 'sounds/gauche.ogg', 'isi': 0.7}
282.0762 	EXP 	New trial (rep=0, index=3): {'word_stimuli': 'sounds/gauche.ogg', 'isi': 0.7}
283.5754 	EXP 	New trial (rep=0, index=4): {'word_stimuli': 'sounds/gauche.ogg', 'isi': 0.7}
285.0751 	EXP 	New trial (rep=0, index=5): {'word_stimuli': 'sounds/droite.ogg', 'isi': 0.7}
286.5771 	EXP 	New trial (rep=0, index=6): {'word_stimuli': 'sounds/droite.ogg', 'isi': 0.7}
288.0762 	EXP 	New trial (rep=0, index=7): {'word_stimuli': 'sounds/gauche.ogg', 'isi': 0.7}
289.5774 	EXP 	New trial (rep=0, index=8): {'word_stimuli': 'sounds/gauche.ogg', 'isi': 0.7}
291.0774 	EXP 	New trial (rep=0, index=9): {'word_stimuli': 'sounds/gauche.ogg', 'isi': 0.7}
292.5933 	EXP 	New trial (rep=0, index=10): {'word_stimuli': 'sounds/droite.ogg', 'isi': 0.7}
294.0944 	EXP 	New trial (rep=0, index=11): {'word_stimuli': 'sounds/droite.ogg', 'isi': 0.7}
295.5943 	EXP 	New trial (rep=0, index=12): {'word_stimuli': 'sounds/droite.ogg', 'isi': 0.7}
297.0949 	EXP 	New trial (rep=0, index=13): {'word_stimuli': 'sounds/gauche.ogg', 'isi': 0.7}
298.5954 	EXP 	New trial (rep=0, index=14): {'word_stimuli': 'sounds/droite.ogg', 'isi': 0.7}
300.0950 	EXP 	New trial (rep=0, index=15): {'word_stimuli': 'sounds/gauche.ogg', 'isi': 0.7}
301.5956 	EXP 	New trial (rep=0, index=16): {'word_stimuli': 'sounds/gauche.ogg', 'isi': 0.7}
303.0963 	EXP 	New trial (rep=0, index=17): {'word_stimuli': 'sounds/droite.ogg', 'isi': 0.7}
304.5962 	EXP 	New trial (rep=0, index=18): {'word_stimuli': 'sounds/droite.ogg', 'isi': 0.7}
306.0974 	EXP 	New trial (rep=0, index=19): {'word_stimuli': 'sounds/droite.ogg', 'isi': 0.7}
307.5967 	EXP 	New trial (rep=0, index=20): {'word_stimuli': 'sounds/droite.ogg', 'isi': 0.7}
309.0976 	EXP 	New trial (rep=0, index=21): {'word_stimuli': 'sounds/gauche.ogg', 'isi': 0.7}
310.5984 	EXP 	New trial (rep=0, index=22): {'word_stimuli': 'sounds/droite.ogg', 'isi': 0.7}
312.0991 	EXP 	New trial (rep=0, index=23): {'word_stimuli': 'sounds/droite.ogg', 'isi': 0.7}
313.5989 	EXP 	New trial (rep=0, index=24): {'word_stimuli': 'sounds/droite.ogg', 'isi': 0.7}
315.1004 	EXP 	New trial (rep=0, index=25): {'word_stimuli': 'sounds/droite.ogg', 'isi': 0.7}
316.5990 	EXP 	New trial (rep=0, index=26): {'word_stimuli': 'sounds/gauche.ogg', 'isi': 0.7}
318.0999 	EXP 	New trial (rep=0, index=27): {'word_stimuli': 'sounds/gauche.ogg', 'isi': 0.7}
319.6012 	EXP 	New trial (rep=0, index=28): {'word_stimuli': 'sounds/gauche.ogg', 'isi': 0.7}
321.1003 	EXP 	New trial (rep=0, index=29): {'word_stimuli': 'sounds/droite.ogg', 'isi': 0.7}
322.6013 	EXP 	New trial (rep=0, index=30): {'word_stimuli': 'sounds/droite.ogg', 'isi': 0.7}
324.1010 	EXP 	New trial (rep=0, index=31): {'word_stimuli': 'sounds/droite.ogg', 'isi': 0.7}
325.6006 	EXP 	New trial (rep=0, index=32): {'word_stimuli': 'sounds/droite.ogg', 'isi': 0.7}
327.1024 	EXP 	New trial (rep=0, index=33): {'word_stimuli': 'sounds/gauche.ogg', 'isi': 0.7}
328.6013 	EXP 	New trial (rep=0, index=34): {'word_stimuli': 'sounds/gauche.ogg', 'isi': 0.7}
330.1013 	EXP 	New trial (rep=0, index=35): {'word_stimuli': 'sounds/droite.ogg', 'isi': 0.7}
331.6020 	EXP 	New trial (rep=0, index=36): {'word_stimuli': 'sounds/gauche.ogg', 'isi': 0.7}
333.1030 	EXP 	New trial (rep=0, index=37): {'word_stimuli': 'sounds/gauche.ogg', 'isi': 0.7}
334.6021 	EXP 	New trial (rep=0, index=38): {'word_stimuli': 'sounds/droite.ogg', 'isi': 0.7}
336.1032 	EXP 	New trial (rep=0, index=39): {'word_stimuli': 'sounds/droite.ogg', 'isi': 0.7}
337.6030 	EXP 	New trial (rep=0, index=40): {'word_stimuli': 'sounds/droite.ogg', 'isi': 0.7}
339.1036 	EXP 	New trial (rep=0, index=41): {'word_stimuli': 'sounds/gauche.ogg', 'isi': 0.7}
340.6040 	EXP 	New trial (rep=0, index=42): {'word_stimuli': 'sounds/gauche.ogg', 'isi': 0.7}
342.1042 	EXP 	New trial (rep=0, index=43): {'word_stimuli': 'sounds/droite.ogg', 'isi': 0.7}
343.6043 	EXP 	New trial (rep=0, index=44): {'word_stimuli': 'sounds/gauche.ogg', 'isi': 0.7}
345.1055 	EXP 	New trial (rep=0, index=45): {'word_stimuli': 'sounds/gauche.ogg', 'isi': 0.7}
346.6051 	EXP 	New trial (rep=0, index=46): {'word_stimuli': 'sounds/gauche.ogg', 'isi': 0.7}
348.1051 	EXP 	New trial (rep=0, index=47): {'word_stimuli': 'sounds/gauche.ogg', 'isi': 0.7}
349.6052 	EXP 	New trial (rep=0, index=48): {'word_stimuli': 'sounds/droite.ogg', 'isi': 0.7}
351.1067 	EXP 	New trial (rep=0, index=49): {'word_stimuli': 'sounds/gauche.ogg', 'isi': 0.7}
352.6328 	EXP 	Imported countdown.xlsx as conditions, 31 conditions, 1 params
352.6336 	EXP 	Created sequence: sequential, trialTypes=31, nReps=1, seed=None
352.6341 	EXP 	New trial (rep=0, index=0): {'countdown': 30}
352.6496 	EXP 	text: text = 30
352.6496 	EXP 	text: autoDraw = True
353.6185 	EXP 	New trial (rep=0, index=1): {'countdown': 29}
353.6334 	EXP 	text: autoDraw = False
353.6334 	EXP 	text: text = 29
353.6334 	EXP 	text: autoDraw = True
354.6207 	EXP 	New trial (rep=0, index=2): {'countdown': 28}
354.6507 	EXP 	text: autoDraw = False
354.6507 	EXP 	text: text = 28
354.6507 	EXP 	text: autoDraw = True
355.6216 	EXP 	New trial (rep=0, index=3): {'countdown': 27}
355.6516 	EXP 	text: autoDraw = False
355.6516 	EXP 	text: text = 27
355.6516 	EXP 	text: autoDraw = True
356.6185 	EXP 	New trial (rep=0, index=4): {'countdown': 26}
356.6341 	EXP 	text: autoDraw = False
356.6341 	EXP 	text: text = 26
356.6341 	EXP 	text: autoDraw = True
357.6217 	EXP 	New trial (rep=0, index=5): {'countdown': 25}
357.6526 	EXP 	text: autoDraw = False
357.6526 	EXP 	text: text = 25
357.6526 	EXP 	text: autoDraw = True
358.6222 	EXP 	New trial (rep=0, index=6): {'countdown': 24}
358.6517 	EXP 	text: autoDraw = False
358.6517 	EXP 	text: text = 24
358.6517 	EXP 	text: autoDraw = True
359.6220 	EXP 	New trial (rep=0, index=7): {'countdown': 23}
359.6521 	EXP 	text: autoDraw = False
359.6521 	EXP 	text: text = 23
359.6521 	EXP 	text: autoDraw = True
360.6219 	EXP 	New trial (rep=0, index=8): {'countdown': 22}
360.6527 	EXP 	text: autoDraw = False
360.6527 	EXP 	text: text = 22
360.6527 	EXP 	text: autoDraw = True
361.6227 	EXP 	New trial (rep=0, index=9): {'countdown': 21}
361.6528 	EXP 	text: autoDraw = False
361.6528 	EXP 	text: text = 21
361.6528 	EXP 	text: autoDraw = True
362.6197 	EXP 	New trial (rep=0, index=10): {'countdown': 20}
362.6359 	EXP 	text: autoDraw = False
362.6359 	EXP 	text: text = 20
362.6359 	EXP 	text: autoDraw = True
363.6075 	EXP 	New trial (rep=0, index=11): {'countdown': 19}
363.6361 	EXP 	text: autoDraw = False
363.6361 	EXP 	text: text = 19
363.6361 	EXP 	text: autoDraw = True
364.6070 	EXP 	New trial (rep=0, index=12): {'countdown': 18}
364.6355 	EXP 	text: autoDraw = False
364.6355 	EXP 	text: text = 18
364.6355 	EXP 	text: autoDraw = True
365.6075 	EXP 	New trial (rep=0, index=13): {'countdown': 17}
365.6377 	EXP 	text: autoDraw = False
365.6377 	EXP 	text: text = 17
365.6377 	EXP 	text: autoDraw = True
366.6235 	EXP 	New trial (rep=0, index=14): {'countdown': 16}
366.6539 	EXP 	text: autoDraw = False
366.6539 	EXP 	text: text = 16
366.6539 	EXP 	text: autoDraw = True
367.6071 	EXP 	New trial (rep=0, index=15): {'countdown': 15}
367.6368 	EXP 	text: autoDraw = False
367.6368 	EXP 	text: text = 15
367.6368 	EXP 	text: autoDraw = True
368.6071 	EXP 	New trial (rep=0, index=16): {'countdown': 14}
368.6375 	EXP 	text: autoDraw = False
368.6375 	EXP 	text: text = 14
368.6375 	EXP 	text: autoDraw = True
369.6073 	EXP 	New trial (rep=0, index=17): {'countdown': 13}
369.6370 	EXP 	text: autoDraw = False
369.6370 	EXP 	text: text = 13
369.6370 	EXP 	text: autoDraw = True
370.6070 	EXP 	New trial (rep=0, index=18): {'countdown': 12}
370.6372 	EXP 	text: autoDraw = False
370.6372 	EXP 	text: text = 12
370.6372 	EXP 	text: autoDraw = True
371.6080 	EXP 	New trial (rep=0, index=19): {'countdown': 11}
371.6375 	EXP 	text: autoDraw = False
371.6375 	EXP 	text: text = 11
371.6375 	EXP 	text: autoDraw = True
372.6081 	EXP 	New trial (rep=0, index=20): {'countdown': 10}
372.6380 	EXP 	text: autoDraw = False
372.6380 	EXP 	text: text = 10
372.6380 	EXP 	text: autoDraw = True
373.6080 	EXP 	New trial (rep=0, index=21): {'countdown': 9}
373.6387 	EXP 	text: autoDraw = False
373.6387 	EXP 	text: text = 9
373.6387 	EXP 	text: autoDraw = True
374.6087 	EXP 	New trial (rep=0, index=22): {'countdown': 8}
374.6393 	EXP 	text: autoDraw = False
374.6393 	EXP 	text: text = 8
374.6393 	EXP 	text: autoDraw = True
375.6088 	EXP 	New trial (rep=0, index=23): {'countdown': 7}
375.6388 	EXP 	text: autoDraw = False
375.6388 	EXP 	text: text = 7
375.6388 	EXP 	text: autoDraw = True
376.6096 	EXP 	New trial (rep=0, index=24): {'countdown': 6}
376.6392 	EXP 	text: autoDraw = False
376.6392 	EXP 	text: text = 6
376.6392 	EXP 	text: autoDraw = True
377.6095 	EXP 	New trial (rep=0, index=25): {'countdown': 5}
377.6391 	EXP 	text: autoDraw = False
377.6391 	EXP 	text: text = 5
377.6391 	EXP 	text: autoDraw = True
378.6094 	EXP 	New trial (rep=0, index=26): {'countdown': 4}
378.6393 	EXP 	text: autoDraw = False
378.6393 	EXP 	text: text = 4
378.6393 	EXP 	text: autoDraw = True
379.6092 	EXP 	New trial (rep=0, index=27): {'countdown': 3}
379.6397 	EXP 	text: autoDraw = False
379.6397 	EXP 	text: text = 3
379.6397 	EXP 	text: autoDraw = True
380.6093 	EXP 	New trial (rep=0, index=28): {'countdown': 2}
380.6399 	EXP 	text: autoDraw = False
380.6399 	EXP 	text: text = 2
380.6399 	EXP 	text: autoDraw = True
381.6094 	EXP 	New trial (rep=0, index=29): {'countdown': 1}
381.6396 	EXP 	text: autoDraw = False
381.6396 	EXP 	text: text = 1
381.6396 	EXP 	text: autoDraw = True
382.6090 	EXP 	New trial (rep=0, index=30): {'countdown': 0}
382.6399 	EXP 	text: autoDraw = False
382.6399 	EXP 	text: text = 0
382.6399 	EXP 	text: autoDraw = True
383.6101 	EXP 	New trial (rep=3, index=0): None
383.6352 	EXP 	Imported stimuli.xlsx as conditions, 50 conditions, 2 params
383.6360 	EXP 	Created sequence: random, trialTypes=50, nReps=1, seed=None
383.6366 	EXP 	New trial (rep=0, index=0): {'word_stimuli': 'sounds/gauche.ogg', 'isi': 0.7}
383.6558 	EXP 	text: autoDraw = False
385.1316 	EXP 	New trial (rep=0, index=1): {'word_stimuli': 'sounds/droite.ogg', 'isi': 0.7}
386.6314 	EXP 	New trial (rep=0, index=2): {'word_stimuli': 'sounds/gauche.ogg', 'isi': 0.7}
388.1303 	EXP 	New trial (rep=0, index=3): {'word_stimuli': 'sounds/gauche.ogg', 'isi': 0.7}
389.6302 	EXP 	New trial (rep=0, index=4): {'word_stimuli': 'sounds/droite.ogg', 'isi': 0.7}
391.1312 	EXP 	New trial (rep=0, index=5): {'word_stimuli': 'sounds/gauche.ogg', 'isi': 0.7}
392.6313 	EXP 	New trial (rep=0, index=6): {'word_stimuli': 'sounds/gauche.ogg', 'isi': 0.7}
394.1320 	EXP 	New trial (rep=0, index=7): {'word_stimuli': 'sounds/droite.ogg', 'isi': 0.7}
395.6320 	EXP 	New trial (rep=0, index=8): {'word_stimuli': 'sounds/droite.ogg', 'isi': 0.7}
397.1325 	EXP 	New trial (rep=0, index=9): {'word_stimuli': 'sounds/droite.ogg', 'isi': 0.7}
398.6318 	EXP 	New trial (rep=0, index=10): {'word_stimuli': 'sounds/droite.ogg', 'isi': 0.7}
400.1326 	EXP 	New trial (rep=0, index=11): {'word_stimuli': 'sounds/droite.ogg', 'isi': 0.7}
401.6332 	EXP 	New trial (rep=0, index=12): {'word_stimuli': 'sounds/droite.ogg', 'isi': 0.7}
403.1333 	EXP 	New trial (rep=0, index=13): {'word_stimuli': 'sounds/gauche.ogg', 'isi': 0.7}
404.6330 	EXP 	New trial (rep=0, index=14): {'word_stimuli': 'sounds/droite.ogg', 'isi': 0.7}
406.1333 	EXP 	New trial (rep=0, index=15): {'word_stimuli': 'sounds/gauche.ogg', 'isi': 0.7}
407.6342 	EXP 	New trial (rep=0, index=16): {'word_stimuli': 'sounds/droite.ogg', 'isi': 0.7}
409.1346 	EXP 	New trial (rep=0, index=17): {'word_stimuli': 'sounds/droite.ogg', 'isi': 0.7}
410.6342 	EXP 	New trial (rep=0, index=18): {'word_stimuli': 'sounds/droite.ogg', 'isi': 0.7}
412.1355 	EXP 	New trial (rep=0, index=19): {'word_stimuli': 'sounds/droite.ogg', 'isi': 0.7}
413.6352 	EXP 	New trial (rep=0, index=20): {'word_stimuli': 'sounds/droite.ogg', 'isi': 0.7}
415.1348 	EXP 	New trial (rep=0, index=21): {'word_stimuli': 'sounds/gauche.ogg', 'isi': 0.7}
416.6351 	EXP 	New trial (rep=0, index=22): {'word_stimuli': 'sounds/droite.ogg', 'isi': 0.7}
418.1364 	EXP 	New trial (rep=0, index=23): {'word_stimuli': 'sounds/gauche.ogg', 'isi': 0.7}
419.6373 	EXP 	New trial (rep=0, index=24): {'word_stimuli': 'sounds/gauche.ogg', 'isi': 0.7}
421.1371 	EXP 	New trial (rep=0, index=25): {'word_stimuli': 'sounds/gauche.ogg', 'isi': 0.7}
422.6373 	EXP 	New trial (rep=0, index=26): {'word_stimuli': 'sounds/gauche.ogg', 'isi': 0.7}
424.1375 	EXP 	New trial (rep=0, index=27): {'word_stimuli': 'sounds/gauche.ogg', 'isi': 0.7}
425.6381 	EXP 	New trial (rep=0, index=28): {'word_stimuli': 'sounds/gauche.ogg', 'isi': 0.7}
427.1385 	EXP 	New trial (rep=0, index=29): {'word_stimuli': 'sounds/droite.ogg', 'isi': 0.7}
428.6560 	EXP 	New trial (rep=0, index=30): {'word_stimuli': 'sounds/gauche.ogg', 'isi': 0.7}
430.1550 	EXP 	New trial (rep=0, index=31): {'word_stimuli': 'sounds/droite.ogg', 'isi': 0.7}
431.6564 	EXP 	New trial (rep=0, index=32): {'word_stimuli': 'sounds/gauche.ogg', 'isi': 0.7}
433.1559 	EXP 	New trial (rep=0, index=33): {'word_stimuli': 'sounds/gauche.ogg', 'isi': 0.7}
434.6566 	EXP 	New trial (rep=0, index=34): {'word_stimuli': 'sounds/gauche.ogg', 'isi': 0.7}
436.1575 	EXP 	New trial (rep=0, index=35): {'word_stimuli': 'sounds/gauche.ogg', 'isi': 0.7}
437.6575 	EXP 	New trial (rep=0, index=36): {'word_stimuli': 'sounds/gauche.ogg', 'isi': 0.7}
439.1584 	EXP 	New trial (rep=0, index=37): {'word_stimuli': 'sounds/droite.ogg', 'isi': 0.7}
440.6577 	EXP 	New trial (rep=0, index=38): {'word_stimuli': 'sounds/droite.ogg', 'isi': 0.7}
442.1583 	EXP 	New trial (rep=0, index=39): {'word_stimuli': 'sounds/droite.ogg', 'isi': 0.7}
443.6584 	EXP 	New trial (rep=0, index=40): {'word_stimuli': 'sounds/gauche.ogg', 'isi': 0.7}
445.1594 	EXP 	New trial (rep=0, index=41): {'word_stimuli': 'sounds/droite.ogg', 'isi': 0.7}
446.6584 	EXP 	New trial (rep=0, index=42): {'word_stimuli': 'sounds/droite.ogg', 'isi': 0.7}
448.1598 	EXP 	New trial (rep=0, index=43): {'word_stimuli': 'sounds/gauche.ogg', 'isi': 0.7}
449.6605 	EXP 	New trial (rep=0, index=44): {'word_stimuli': 'sounds/gauche.ogg', 'isi': 0.7}
451.1594 	EXP 	New trial (rep=0, index=45): {'word_stimuli': 'sounds/droite.ogg', 'isi': 0.7}
452.6614 	EXP 	New trial (rep=0, index=46): {'word_stimuli': 'sounds/droite.ogg', 'isi': 0.7}
454.1620 	EXP 	New trial (rep=0, index=47): {'word_stimuli': 'sounds/gauche.ogg', 'isi': 0.7}
455.6602 	EXP 	New trial (rep=0, index=48): {'word_stimuli': 'sounds/droite.ogg', 'isi': 0.7}
457.1611 	EXP 	New trial (rep=0, index=49): {'word_stimuli': 'sounds/gauche.ogg', 'isi': 0.7}
458.6873 	EXP 	Imported countdown.xlsx as conditions, 31 conditions, 1 params
458.6879 	EXP 	Created sequence: sequential, trialTypes=31, nReps=1, seed=None
458.6884 	EXP 	New trial (rep=0, index=0): {'countdown': 30}
458.7044 	EXP 	text: text = 30
458.7044 	EXP 	text: autoDraw = True
459.6764 	EXP 	New trial (rep=0, index=1): {'countdown': 29}
459.7057 	EXP 	text: autoDraw = False
459.7057 	EXP 	text: text = 29
459.7057 	EXP 	text: autoDraw = True
460.6758 	EXP 	New trial (rep=0, index=2): {'countdown': 28}
460.7061 	EXP 	text: autoDraw = False
460.7061 	EXP 	text: text = 28
460.7061 	EXP 	text: autoDraw = True
461.6757 	EXP 	New trial (rep=0, index=3): {'countdown': 27}
461.7061 	EXP 	text: autoDraw = False
461.7061 	EXP 	text: text = 27
461.7061 	EXP 	text: autoDraw = True
462.6763 	EXP 	New trial (rep=0, index=4): {'countdown': 26}
462.7059 	EXP 	text: autoDraw = False
462.7059 	EXP 	text: text = 26
462.7059 	EXP 	text: autoDraw = True
463.6764 	EXP 	New trial (rep=0, index=5): {'countdown': 25}
463.7063 	EXP 	text: autoDraw = False
463.7063 	EXP 	text: text = 25
463.7063 	EXP 	text: autoDraw = True
464.6774 	EXP 	New trial (rep=0, index=6): {'countdown': 24}
464.7064 	EXP 	text: autoDraw = False
464.7064 	EXP 	text: text = 24
464.7064 	EXP 	text: autoDraw = True
465.6771 	EXP 	New trial (rep=0, index=7): {'countdown': 23}
465.7067 	EXP 	text: autoDraw = False
465.7067 	EXP 	text: text = 23
465.7067 	EXP 	text: autoDraw = True
466.6769 	EXP 	New trial (rep=0, index=8): {'countdown': 22}
466.7067 	EXP 	text: autoDraw = False
466.7067 	EXP 	text: text = 22
466.7067 	EXP 	text: autoDraw = True
467.6771 	EXP 	New trial (rep=0, index=9): {'countdown': 21}
467.7068 	EXP 	text: autoDraw = False
467.7068 	EXP 	text: text = 21
467.7068 	EXP 	text: autoDraw = True
468.6772 	EXP 	New trial (rep=0, index=10): {'countdown': 20}
468.7071 	EXP 	text: autoDraw = False
468.7071 	EXP 	text: text = 20
468.7071 	EXP 	text: autoDraw = True
469.6773 	EXP 	New trial (rep=0, index=11): {'countdown': 19}
469.7077 	EXP 	text: autoDraw = False
469.7077 	EXP 	text: text = 19
469.7077 	EXP 	text: autoDraw = True
470.6779 	EXP 	New trial (rep=0, index=12): {'countdown': 18}
470.7075 	EXP 	text: autoDraw = False
470.7075 	EXP 	text: text = 18
470.7075 	EXP 	text: autoDraw = True
471.6782 	EXP 	New trial (rep=0, index=13): {'countdown': 17}
471.7079 	EXP 	text: autoDraw = False
471.7079 	EXP 	text: text = 17
471.7079 	EXP 	text: autoDraw = True
472.6787 	EXP 	New trial (rep=0, index=14): {'countdown': 16}
472.7083 	EXP 	text: autoDraw = False
472.7083 	EXP 	text: text = 16
472.7083 	EXP 	text: autoDraw = True
473.6786 	EXP 	New trial (rep=0, index=15): {'countdown': 15}
473.7088 	EXP 	text: autoDraw = False
473.7088 	EXP 	text: text = 15
473.7088 	EXP 	text: autoDraw = True
474.6788 	EXP 	New trial (rep=0, index=16): {'countdown': 14}
474.7090 	EXP 	text: autoDraw = False
474.7090 	EXP 	text: text = 14
474.7090 	EXP 	text: autoDraw = True
475.6787 	EXP 	New trial (rep=0, index=17): {'countdown': 13}
475.7091 	EXP 	text: autoDraw = False
475.7091 	EXP 	text: text = 13
475.7091 	EXP 	text: autoDraw = True
476.6623 	EXP 	New trial (rep=0, index=18): {'countdown': 12}
476.6924 	EXP 	text: autoDraw = False
476.6924 	EXP 	text: text = 12
476.6924 	EXP 	text: autoDraw = True
477.6626 	EXP 	New trial (rep=0, index=19): {'countdown': 11}
477.6927 	EXP 	text: autoDraw = False
477.6927 	EXP 	text: text = 11
477.6927 	EXP 	text: autoDraw = True
478.6628 	EXP 	New trial (rep=0, index=20): {'countdown': 10}
478.6930 	EXP 	text: autoDraw = False
478.6930 	EXP 	text: text = 10
478.6930 	EXP 	text: autoDraw = True
479.6630 	EXP 	New trial (rep=0, index=21): {'countdown': 9}
479.6939 	EXP 	text: autoDraw = False
479.6939 	EXP 	text: text = 9
479.6939 	EXP 	text: autoDraw = True
480.6637 	EXP 	New trial (rep=0, index=22): {'countdown': 8}
480.6934 	EXP 	text: autoDraw = False
480.6934 	EXP 	text: text = 8
480.6934 	EXP 	text: autoDraw = True
481.6633 	EXP 	New trial (rep=0, index=23): {'countdown': 7}
481.6941 	EXP 	text: autoDraw = False
481.6941 	EXP 	text: text = 7
481.6941 	EXP 	text: autoDraw = True
482.6637 	EXP 	New trial (rep=0, index=24): {'countdown': 6}
482.6939 	EXP 	text: autoDraw = False
482.6939 	EXP 	text: text = 6
482.6939 	EXP 	text: autoDraw = True
483.6634 	EXP 	New trial (rep=0, index=25): {'countdown': 5}
483.6939 	EXP 	text: autoDraw = False
483.6939 	EXP 	text: text = 5
483.6939 	EXP 	text: autoDraw = True
484.6640 	EXP 	New trial (rep=0, index=26): {'countdown': 4}
484.6946 	EXP 	text: autoDraw = False
484.6946 	EXP 	text: text = 4
484.6946 	EXP 	text: autoDraw = True
485.6643 	EXP 	New trial (rep=0, index=27): {'countdown': 3}
485.6945 	EXP 	text: autoDraw = False
485.6945 	EXP 	text: text = 3
485.6945 	EXP 	text: autoDraw = True
486.6651 	EXP 	New trial (rep=0, index=28): {'countdown': 2}
486.6947 	EXP 	text: autoDraw = False
486.6947 	EXP 	text: text = 2
486.6947 	EXP 	text: autoDraw = True
487.6648 	EXP 	New trial (rep=0, index=29): {'countdown': 1}
487.6946 	EXP 	text: autoDraw = False
487.6946 	EXP 	text: text = 1
487.6946 	EXP 	text: autoDraw = True
488.6651 	EXP 	New trial (rep=0, index=30): {'countdown': 0}
488.6954 	EXP 	text: autoDraw = False
488.6954 	EXP 	text: text = 0
488.6954 	EXP 	text: autoDraw = True
489.6654 	EXP 	New trial (rep=4, index=0): None
489.7042 	EXP 	Imported stimuli.xlsx as conditions, 50 conditions, 2 params
489.7057 	EXP 	Created sequence: random, trialTypes=50, nReps=1, seed=None
489.7068 	EXP 	New trial (rep=0, index=0): {'word_stimuli': 'sounds/droite.ogg', 'isi': 0.7}
489.7273 	EXP 	text: autoDraw = False
491.2022 	EXP 	New trial (rep=0, index=1): {'word_stimuli': 'sounds/gauche.ogg', 'isi': 0.7}
492.7019 	EXP 	New trial (rep=0, index=2): {'word_stimuli': 'sounds/gauche.ogg', 'isi': 0.7}
494.2016 	EXP 	New trial (rep=0, index=3): {'word_stimuli': 'sounds/droite.ogg', 'isi': 0.7}
495.7021 	EXP 	New trial (rep=0, index=4): {'word_stimuli': 'sounds/gauche.ogg', 'isi': 0.7}
497.2018 	EXP 	New trial (rep=0, index=5): {'word_stimuli': 'sounds/gauche.ogg', 'isi': 0.7}
498.7029 	EXP 	New trial (rep=0, index=6): {'word_stimuli': 'sounds/gauche.ogg', 'isi': 0.7}
500.2027 	EXP 	New trial (rep=0, index=7): {'word_stimuli': 'sounds/droite.ogg', 'isi': 0.7}
501.7032 	EXP 	New trial (rep=0, index=8): {'word_stimuli': 'sounds/gauche.ogg', 'isi': 0.7}
503.2029 	EXP 	New trial (rep=0, index=9): {'word_stimuli': 'sounds/gauche.ogg', 'isi': 0.7}
504.7030 	EXP 	New trial (rep=0, index=10): {'word_stimuli': 'sounds/droite.ogg', 'isi': 0.7}
506.2029 	EXP 	New trial (rep=0, index=11): {'word_stimuli': 'sounds/droite.ogg', 'isi': 0.7}
507.7049 	EXP 	New trial (rep=0, index=12): {'word_stimuli': 'sounds/gauche.ogg', 'isi': 0.7}
509.2041 	EXP 	New trial (rep=0, index=13): {'word_stimuli': 'sounds/droite.ogg', 'isi': 0.7}
510.7048 	EXP 	New trial (rep=0, index=14): {'word_stimuli': 'sounds/gauche.ogg', 'isi': 0.7}
512.2050 	EXP 	New trial (rep=0, index=15): {'word_stimuli': 'sounds/gauche.ogg', 'isi': 0.7}
513.7050 	EXP 	New trial (rep=0, index=16): {'word_stimuli': 'sounds/droite.ogg', 'isi': 0.7}
515.2054 	EXP 	New trial (rep=0, index=17): {'word_stimuli': 'sounds/gauche.ogg', 'isi': 0.7}
516.7066 	EXP 	New trial (rep=0, index=18): {'word_stimuli': 'sounds/droite.ogg', 'isi': 0.7}
518.2066 	EXP 	New trial (rep=0, index=19): {'word_stimuli': 'sounds/gauche.ogg', 'isi': 0.7}
519.7056 	EXP 	New trial (rep=0, index=20): {'word_stimuli': 'sounds/gauche.ogg', 'isi': 0.7}
521.2077 	EXP 	New trial (rep=0, index=21): {'word_stimuli': 'sounds/droite.ogg', 'isi': 0.7}
522.7075 	EXP 	New trial (rep=0, index=22): {'word_stimuli': 'sounds/droite.ogg', 'isi': 0.7}
524.2097 	EXP 	New trial (rep=0, index=23): {'word_stimuli': 'sounds/gauche.ogg', 'isi': 0.7}
525.7081 	EXP 	New trial (rep=0, index=24): {'word_stimuli': 'sounds/droite.ogg', 'isi': 0.7}
527.2083 	EXP 	New trial (rep=0, index=25): {'word_stimuli': 'sounds/droite.ogg', 'isi': 0.7}
528.7103 	EXP 	New trial (rep=0, index=26): {'word_stimuli': 'sounds/droite.ogg', 'isi': 0.7}
530.2093 	EXP 	New trial (rep=0, index=27): {'word_stimuli': 'sounds/droite.ogg', 'isi': 0.7}
531.7099 	EXP 	New trial (rep=0, index=28): {'word_stimuli': 'sounds/droite.ogg', 'isi': 0.7}
533.2094 	EXP 	New trial (rep=0, index=29): {'word_stimuli': 'sounds/droite.ogg', 'isi': 0.7}
534.7103 	EXP 	New trial (rep=0, index=30): {'word_stimuli': 'sounds/droite.ogg', 'isi': 0.7}
536.2111 	EXP 	New trial (rep=0, index=31): {'word_stimuli': 'sounds/gauche.ogg', 'isi': 0.7}
537.7099 	EXP 	New trial (rep=0, index=32): {'word_stimuli': 'sounds/gauche.ogg', 'isi': 0.7}
539.2104 	EXP 	New trial (rep=0, index=33): {'word_stimuli': 'sounds/gauche.ogg', 'isi': 0.7}
540.7109 	EXP 	New trial (rep=0, index=34): {'word_stimuli': 'sounds/gauche.ogg', 'isi': 0.7}
542.2114 	EXP 	New trial (rep=0, index=35): {'word_stimuli': 'sounds/droite.ogg', 'isi': 0.7}
543.7109 	EXP 	New trial (rep=0, index=36): {'word_stimuli': 'sounds/gauche.ogg', 'isi': 0.7}
545.2119 	EXP 	New trial (rep=0, index=37): {'word_stimuli': 'sounds/gauche.ogg', 'isi': 0.7}
546.7122 	EXP 	New trial (rep=0, index=38): {'word_stimuli': 'sounds/droite.ogg', 'isi': 0.7}
548.2120 	EXP 	New trial (rep=0, index=39): {'word_stimuli': 'sounds/gauche.ogg', 'isi': 0.7}
549.7123 	EXP 	New trial (rep=0, index=40): {'word_stimuli': 'sounds/gauche.ogg', 'isi': 0.7}
551.2135 	EXP 	New trial (rep=0, index=41): {'word_stimuli': 'sounds/gauche.ogg', 'isi': 0.7}
552.7129 	EXP 	New trial (rep=0, index=42): {'word_stimuli': 'sounds/droite.ogg', 'isi': 0.7}
554.2137 	EXP 	New trial (rep=0, index=43): {'word_stimuli': 'sounds/droite.ogg', 'isi': 0.7}
555.7140 	EXP 	New trial (rep=0, index=44): {'word_stimuli': 'sounds/droite.ogg', 'isi': 0.7}
557.2141 	EXP 	New trial (rep=0, index=45): {'word_stimuli': 'sounds/droite.ogg', 'isi': 0.7}
558.7152 	EXP 	New trial (rep=0, index=46): {'word_stimuli': 'sounds/gauche.ogg', 'isi': 0.7}
560.2151 	EXP 	New trial (rep=0, index=47): {'word_stimuli': 'sounds/droite.ogg', 'isi': 0.7}
561.7149 	EXP 	New trial (rep=0, index=48): {'word_stimuli': 'sounds/droite.ogg', 'isi': 0.7}
563.2157 	EXP 	New trial (rep=0, index=49): {'word_stimuli': 'sounds/gauche.ogg', 'isi': 0.7}
564.7447 	EXP 	Imported countdown.xlsx as conditions, 31 conditions, 1 params
564.7458 	EXP 	Created sequence: sequential, trialTypes=31, nReps=1, seed=None
564.7467 	EXP 	New trial (rep=0, index=0): {'countdown': 30}
564.7762 	EXP 	text: text = 30
564.7762 	EXP 	text: autoDraw = True
565.7307 	EXP 	New trial (rep=0, index=1): {'countdown': 29}
565.7608 	EXP 	text: autoDraw = False
565.7608 	EXP 	text: text = 29
565.7608 	EXP 	text: autoDraw = True
566.7304 	EXP 	New trial (rep=0, index=2): {'countdown': 28}
566.7610 	EXP 	text: autoDraw = False
566.7610 	EXP 	text: text = 28
566.7610 	EXP 	text: autoDraw = True
567.7305 	EXP 	New trial (rep=0, index=3): {'countdown': 27}
567.7607 	EXP 	text: autoDraw = False
567.7607 	EXP 	text: text = 27
567.7607 	EXP 	text: autoDraw = True
568.7307 	EXP 	New trial (rep=0, index=4): {'countdown': 26}
568.7613 	EXP 	text: autoDraw = False
568.7613 	EXP 	text: text = 26
568.7613 	EXP 	text: autoDraw = True
569.7310 	EXP 	New trial (rep=0, index=5): {'countdown': 25}
569.7613 	EXP 	text: autoDraw = False
569.7613 	EXP 	text: text = 25
569.7613 	EXP 	text: autoDraw = True
570.7310 	EXP 	New trial (rep=0, index=6): {'countdown': 24}
570.7618 	EXP 	text: autoDraw = False
570.7618 	EXP 	text: text = 24
570.7618 	EXP 	text: autoDraw = True
571.7319 	EXP 	New trial (rep=0, index=7): {'countdown': 23}
571.7617 	EXP 	text: autoDraw = False
571.7617 	EXP 	text: text = 23
571.7617 	EXP 	text: autoDraw = True
572.7318 	EXP 	New trial (rep=0, index=8): {'countdown': 22}
572.7619 	EXP 	text: autoDraw = False
572.7619 	EXP 	text: text = 22
572.7619 	EXP 	text: autoDraw = True
573.7323 	EXP 	New trial (rep=0, index=9): {'countdown': 21}
573.7621 	EXP 	text: autoDraw = False
573.7621 	EXP 	text: text = 21
573.7621 	EXP 	text: autoDraw = True
574.7324 	EXP 	New trial (rep=0, index=10): {'countdown': 20}
574.7623 	EXP 	text: autoDraw = False
574.7623 	EXP 	text: text = 20
574.7623 	EXP 	text: autoDraw = True
575.7319 	EXP 	New trial (rep=0, index=11): {'countdown': 19}
575.7638 	EXP 	text: autoDraw = False
575.7638 	EXP 	text: text = 19
575.7638 	EXP 	text: autoDraw = True
576.7326 	EXP 	New trial (rep=0, index=12): {'countdown': 18}
576.7629 	EXP 	text: autoDraw = False
576.7629 	EXP 	text: text = 18
576.7629 	EXP 	text: autoDraw = True
577.7171 	EXP 	New trial (rep=0, index=13): {'countdown': 17}
577.7458 	EXP 	text: autoDraw = False
577.7458 	EXP 	text: text = 17
577.7458 	EXP 	text: autoDraw = True
578.7172 	EXP 	New trial (rep=0, index=14): {'countdown': 16}
578.7460 	EXP 	text: autoDraw = False
578.7460 	EXP 	text: text = 16
578.7460 	EXP 	text: autoDraw = True
579.7175 	EXP 	New trial (rep=0, index=15): {'countdown': 15}
579.7465 	EXP 	text: autoDraw = False
579.7465 	EXP 	text: text = 15
579.7465 	EXP 	text: autoDraw = True
580.7171 	EXP 	New trial (rep=0, index=16): {'countdown': 14}
580.7465 	EXP 	text: autoDraw = False
580.7465 	EXP 	text: text = 14
580.7465 	EXP 	text: autoDraw = True
581.7171 	EXP 	New trial (rep=0, index=17): {'countdown': 13}
581.7468 	EXP 	text: autoDraw = False
581.7468 	EXP 	text: text = 13
581.7468 	EXP 	text: autoDraw = True
582.7171 	EXP 	New trial (rep=0, index=18): {'countdown': 12}
582.7469 	EXP 	text: autoDraw = False
582.7469 	EXP 	text: text = 12
582.7469 	EXP 	text: autoDraw = True
583.7181 	EXP 	New trial (rep=0, index=19): {'countdown': 11}
583.7472 	EXP 	text: autoDraw = False
583.7472 	EXP 	text: text = 11
583.7472 	EXP 	text: autoDraw = True
584.7176 	EXP 	New trial (rep=0, index=20): {'countdown': 10}
584.7475 	EXP 	text: autoDraw = False
584.7475 	EXP 	text: text = 10
584.7475 	EXP 	text: autoDraw = True
585.7178 	EXP 	New trial (rep=0, index=21): {'countdown': 9}
585.7476 	EXP 	text: autoDraw = False
585.7476 	EXP 	text: text = 9
585.7476 	EXP 	text: autoDraw = True
586.7177 	EXP 	New trial (rep=0, index=22): {'countdown': 8}
586.7481 	EXP 	text: autoDraw = False
586.7481 	EXP 	text: text = 8
586.7481 	EXP 	text: autoDraw = True
587.7179 	EXP 	New trial (rep=0, index=23): {'countdown': 7}
587.7485 	EXP 	text: autoDraw = False
587.7485 	EXP 	text: text = 7
587.7485 	EXP 	text: autoDraw = True
588.7184 	EXP 	New trial (rep=0, index=24): {'countdown': 6}
588.7488 	EXP 	text: autoDraw = False
588.7488 	EXP 	text: text = 6
588.7488 	EXP 	text: autoDraw = True
589.7186 	EXP 	New trial (rep=0, index=25): {'countdown': 5}
589.7485 	EXP 	text: autoDraw = False
589.7485 	EXP 	text: text = 5
589.7485 	EXP 	text: autoDraw = True
590.7188 	EXP 	New trial (rep=0, index=26): {'countdown': 4}
590.7487 	EXP 	text: autoDraw = False
590.7487 	EXP 	text: text = 4
590.7487 	EXP 	text: autoDraw = True
591.7192 	EXP 	New trial (rep=0, index=27): {'countdown': 3}
591.7494 	EXP 	text: autoDraw = False
591.7494 	EXP 	text: text = 3
591.7494 	EXP 	text: autoDraw = True
592.7189 	EXP 	New trial (rep=0, index=28): {'countdown': 2}
592.7496 	EXP 	text: autoDraw = False
592.7496 	EXP 	text: text = 2
592.7496 	EXP 	text: autoDraw = True
593.7159 	EXP 	New trial (rep=0, index=29): {'countdown': 1}
593.7322 	EXP 	text: autoDraw = False
593.7322 	EXP 	text: text = 1
593.7322 	EXP 	text: autoDraw = True
594.7193 	EXP 	New trial (rep=0, index=30): {'countdown': 0}
594.7499 	EXP 	text: autoDraw = False
594.7499 	EXP 	text: text = 0
594.7499 	EXP 	text: autoDraw = True
595.7352 	EXP 	text: autoDraw = False
595.8274 	EXP 	window1: mouseVisible = True
