3.5093 	WARNING 	We strongly recommend you activate the PTB sound engine in PsychoPy prefs as the preferred audio engine. Its timing is vastly superior. Your prefs are currently set to use ['sounddevice', 'PTB', 'pyo', 'pygame'] (in that order).
39.2918 	EXP 	Created window1 = Window(allowGUI=True, allowStencil=False, autoLog=True, backendConf=UNKNOWN, bitsMode=UNKNOWN, blendMode='avg', bpc=(8, 8, 8), color=array([0, 0, 0]), colorSpace='rgb', depthBits=8, fullscr=<method-wrapper '__getattribute__' of attributeSetter object at 0x000001EBF25FEF98>, gamma=None, gammaErrorPolicy='raise', lms=UNKNOWN, monitor=<psychopy.monitors.calibTools.Monitor object at 0x000001EBF26645C0>, multiSample=False, name='window1', numSamples=2, pos=[810.0, 290.0], screen=0, size=array([300, 500]), stencilBits=0, stereo=False, units='height', useFBO=True, useRetina=False, viewOri=0.0, viewPos=None, viewScale=None, waitBlanking=True, winType='pyglet')
39.2920 	EXP 	window1: mouseVisible = True
39.2921 	EXP 	window1: recordFrameIntervals = False
39.4580 	EXP 	window1: recordFrameIntervals = True
39.6416 	EXP 	window1: recordFrameIntervals = False
39.7636 	EXP 	Sound sound_exposure set volume 1.000
39.7738 	EXP 	Created text = TextStim(__class__=<class 'psychopy.visual.text.TextStim'>, alignHoriz=method-wrapper(...), alignText='center', alignVert=method-wrapper(...), anchorHoriz='center', anchorVert='center', antialias=True, autoLog=True, bold=False, color=array([1, 1, 1]), colorSpace='rgb', contrast=1.0, depth=0.0, flipHoriz=False, flipVert=False, font='Open Sans', fontFiles=[], height=0.1, italic=False, languageStyle='LTR', name='text', opacity=1, ori=0.0, pos=array([0., 0.]), rgb=UNKNOWN, text='', units='height', win=Window(...), wrapWidth=1)
39.7741 	EXP 	Created sequence: random, trialTypes=1, nReps=5, seed=None
39.7744 	EXP 	New trial (rep=0, index=0): None
39.7832 	EXP 	Imported stimuli.xlsx as conditions, 50 conditions, 2 params
39.7836 	EXP 	Created sequence: random, trialTypes=50, nReps=1, seed=None
39.7839 	EXP 	New trial (rep=0, index=0): {'word_stimuli': 'sounds/gauche.ogg', 'isi': 0.7}
41.2819 	EXP 	New trial (rep=0, index=1): {'word_stimuli': 'sounds/droite.ogg', 'isi': 0.7}
42.7812 	EXP 	New trial (rep=0, index=2): {'word_stimuli': 'sounds/droite.ogg', 'isi': 0.7}
44.2826 	EXP 	New trial (rep=0, index=3): {'word_stimuli': 'sounds/droite.ogg', 'isi': 0.7}
45.7952 	EXP 	New trial (rep=0, index=4): {'word_stimuli': 'sounds/gauche.ogg', 'isi': 0.7}
47.2828 	EXP 	New trial (rep=0, index=5): {'word_stimuli': 'sounds/gauche.ogg', 'isi': 0.7}
48.7824 	EXP 	New trial (rep=0, index=6): {'word_stimuli': 'sounds/droite.ogg', 'isi': 0.7}
50.2830 	EXP 	New trial (rep=0, index=7): {'word_stimuli': 'sounds/gauche.ogg', 'isi': 0.7}
51.7829 	EXP 	New trial (rep=0, index=8): {'word_stimuli': 'sounds/gauche.ogg', 'isi': 0.7}
53.2839 	EXP 	New trial (rep=0, index=9): {'word_stimuli': 'sounds/gauche.ogg', 'isi': 0.7}
54.7847 	EXP 	New trial (rep=0, index=10): {'word_stimuli': 'sounds/droite.ogg', 'isi': 0.7}
56.2850 	EXP 	New trial (rep=0, index=11): {'word_stimuli': 'sounds/gauche.ogg', 'isi': 0.7}
57.7843 	EXP 	New trial (rep=0, index=12): {'word_stimuli': 'sounds/droite.ogg', 'isi': 0.7}
59.2854 	EXP 	New trial (rep=0, index=13): {'word_stimuli': 'sounds/gauche.ogg', 'isi': 0.7}
60.7854 	EXP 	New trial (rep=0, index=14): {'word_stimuli': 'sounds/gauche.ogg', 'isi': 0.7}
62.2868 	EXP 	New trial (rep=0, index=15): {'word_stimuli': 'sounds/gauche.ogg', 'isi': 0.7}
63.7862 	EXP 	New trial (rep=0, index=16): {'word_stimuli': 'sounds/droite.ogg', 'isi': 0.7}
65.2870 	EXP 	New trial (rep=0, index=17): {'word_stimuli': 'sounds/gauche.ogg', 'isi': 0.7}
66.7857 	EXP 	New trial (rep=0, index=18): {'word_stimuli': 'sounds/droite.ogg', 'isi': 0.7}
68.2860 	EXP 	New trial (rep=0, index=19): {'word_stimuli': 'sounds/droite.ogg', 'isi': 0.7}
69.7879 	EXP 	New trial (rep=0, index=20): {'word_stimuli': 'sounds/droite.ogg', 'isi': 0.7}
71.2876 	EXP 	New trial (rep=0, index=21): {'word_stimuli': 'sounds/droite.ogg', 'isi': 0.7}
72.7899 	EXP 	New trial (rep=0, index=22): {'word_stimuli': 'sounds/gauche.ogg', 'isi': 0.7}
74.2891 	EXP 	New trial (rep=0, index=23): {'word_stimuli': 'sounds/gauche.ogg', 'isi': 0.7}
75.7896 	EXP 	New trial (rep=0, index=24): {'word_stimuli': 'sounds/droite.ogg', 'isi': 0.7}
77.2900 	EXP 	New trial (rep=0, index=25): {'word_stimuli': 'sounds/gauche.ogg', 'isi': 0.7}
78.7898 	EXP 	New trial (rep=0, index=26): {'word_stimuli': 'sounds/gauche.ogg', 'isi': 0.7}
80.2908 	EXP 	New trial (rep=0, index=27): {'word_stimuli': 'sounds/droite.ogg', 'isi': 0.7}
81.7897 	EXP 	New trial (rep=0, index=28): {'word_stimuli': 'sounds/droite.ogg', 'isi': 0.7}
83.2910 	EXP 	New trial (rep=0, index=29): {'word_stimuli': 'sounds/droite.ogg', 'isi': 0.7}
84.7907 	EXP 	New trial (rep=0, index=30): {'word_stimuli': 'sounds/gauche.ogg', 'isi': 0.7}
86.2909 	EXP 	New trial (rep=0, index=31): {'word_stimuli': 'sounds/gauche.ogg', 'isi': 0.7}
87.7912 	EXP 	New trial (rep=0, index=32): {'word_stimuli': 'sounds/droite.ogg', 'isi': 0.7}
89.2922 	EXP 	New trial (rep=0, index=33): {'word_stimuli': 'sounds/droite.ogg', 'isi': 0.7}
90.7914 	EXP 	New trial (rep=0, index=34): {'word_stimuli': 'sounds/gauche.ogg', 'isi': 0.7}
92.2926 	EXP 	New trial (rep=0, index=35): {'word_stimuli': 'sounds/gauche.ogg', 'isi': 0.7}
93.7921 	EXP 	New trial (rep=0, index=36): {'word_stimuli': 'sounds/droite.ogg', 'isi': 0.7}
95.2933 	EXP 	New trial (rep=0, index=37): {'word_stimuli': 'sounds/gauche.ogg', 'isi': 0.7}
96.7933 	EXP 	New trial (rep=0, index=38): {'word_stimuli': 'sounds/gauche.ogg', 'isi': 0.7}
98.2929 	EXP 	New trial (rep=0, index=39): {'word_stimuli': 'sounds/droite.ogg', 'isi': 0.7}
99.7939 	EXP 	New trial (rep=0, index=40): {'word_stimuli': 'sounds/droite.ogg', 'isi': 0.7}
101.2934 	EXP 	New trial (rep=0, index=41): {'word_stimuli': 'sounds/gauche.ogg', 'isi': 0.7}
102.7934 	EXP 	New trial (rep=0, index=42): {'word_stimuli': 'sounds/droite.ogg', 'isi': 0.7}
104.2953 	EXP 	New trial (rep=0, index=43): {'word_stimuli': 'sounds/gauche.ogg', 'isi': 0.7}
105.7948 	EXP 	New trial (rep=0, index=44): {'word_stimuli': 'sounds/gauche.ogg', 'isi': 0.7}
107.2957 	EXP 	New trial (rep=0, index=45): {'word_stimuli': 'sounds/droite.ogg', 'isi': 0.7}
108.7951 	EXP 	New trial (rep=0, index=46): {'word_stimuli': 'sounds/droite.ogg', 'isi': 0.7}
110.2965 	EXP 	New trial (rep=0, index=47): {'word_stimuli': 'sounds/gauche.ogg', 'isi': 0.7}
111.7962 	EXP 	New trial (rep=0, index=48): {'word_stimuli': 'sounds/droite.ogg', 'isi': 0.7}
113.2956 	EXP 	New trial (rep=0, index=49): {'word_stimuli': 'sounds/droite.ogg', 'isi': 0.7}
114.8214 	EXP 	Imported countdown.xlsx as conditions, 31 conditions, 1 params
114.8221 	EXP 	Created sequence: sequential, trialTypes=31, nReps=1, seed=None
114.8226 	EXP 	New trial (rep=0, index=0): {'countdown': 30}
114.8825 	EXP 	text: text = 30
114.8825 	EXP 	text: autoDraw = True
115.8121 	EXP 	New trial (rep=0, index=1): {'countdown': 29}
115.8411 	EXP 	text: autoDraw = False
115.8411 	EXP 	text: text = 29
115.8411 	EXP 	text: autoDraw = True
116.8115 	EXP 	New trial (rep=0, index=2): {'countdown': 28}
116.8424 	EXP 	text: autoDraw = False
116.8424 	EXP 	text: text = 28
116.8424 	EXP 	text: autoDraw = True
117.8114 	EXP 	New trial (rep=0, index=3): {'countdown': 27}
117.8416 	EXP 	text: autoDraw = False
117.8416 	EXP 	text: text = 27
117.8416 	EXP 	text: autoDraw = True
118.8118 	EXP 	New trial (rep=0, index=4): {'countdown': 26}
118.8420 	EXP 	text: autoDraw = False
118.8420 	EXP 	text: text = 26
118.8420 	EXP 	text: autoDraw = True
119.8119 	EXP 	New trial (rep=0, index=5): {'countdown': 25}
119.8416 	EXP 	text: autoDraw = False
119.8416 	EXP 	text: text = 25
119.8416 	EXP 	text: autoDraw = True
120.8120 	EXP 	New trial (rep=0, index=6): {'countdown': 24}
120.8424 	EXP 	text: autoDraw = False
120.8424 	EXP 	text: text = 24
120.8424 	EXP 	text: autoDraw = True
121.8119 	EXP 	New trial (rep=0, index=7): {'countdown': 23}
121.8424 	EXP 	text: autoDraw = False
121.8424 	EXP 	text: text = 23
121.8424 	EXP 	text: autoDraw = True
122.8111 	EXP 	New trial (rep=0, index=8): {'countdown': 22}
122.8252 	EXP 	text: autoDraw = False
122.8252 	EXP 	text: text = 22
122.8252 	EXP 	text: autoDraw = True
123.8124 	EXP 	New trial (rep=0, index=9): {'countdown': 21}
123.8430 	EXP 	text: autoDraw = False
123.8430 	EXP 	text: text = 21
123.8430 	EXP 	text: autoDraw = True
124.8133 	EXP 	New trial (rep=0, index=10): {'countdown': 20}
124.8430 	EXP 	text: autoDraw = False
124.8430 	EXP 	text: text = 20
124.8430 	EXP 	text: autoDraw = True
125.8132 	EXP 	New trial (rep=0, index=11): {'countdown': 19}
125.8435 	EXP 	text: autoDraw = False
125.8435 	EXP 	text: text = 19
125.8435 	EXP 	text: autoDraw = True
126.8124 	EXP 	New trial (rep=0, index=12): {'countdown': 18}
126.8434 	EXP 	text: autoDraw = False
126.8434 	EXP 	text: text = 18
126.8434 	EXP 	text: autoDraw = True
127.8137 	EXP 	New trial (rep=0, index=13): {'countdown': 17}
127.8462 	EXP 	text: autoDraw = False
127.8462 	EXP 	text: text = 17
127.8462 	EXP 	text: autoDraw = True
128.8141 	EXP 	New trial (rep=0, index=14): {'countdown': 16}
128.8439 	EXP 	text: autoDraw = False
128.8439 	EXP 	text: text = 16
128.8439 	EXP 	text: autoDraw = True
129.8142 	EXP 	New trial (rep=0, index=15): {'countdown': 15}
129.8440 	EXP 	text: autoDraw = False
129.8440 	EXP 	text: text = 15
129.8440 	EXP 	text: autoDraw = True
130.8142 	EXP 	New trial (rep=0, index=16): {'countdown': 14}
130.8446 	EXP 	text: autoDraw = False
130.8446 	EXP 	text: text = 14
130.8446 	EXP 	text: autoDraw = True
131.7981 	EXP 	New trial (rep=0, index=17): {'countdown': 13}
131.8275 	EXP 	text: autoDraw = False
131.8275 	EXP 	text: text = 13
131.8275 	EXP 	text: autoDraw = True
132.7983 	EXP 	New trial (rep=0, index=18): {'countdown': 12}
132.8277 	EXP 	text: autoDraw = False
132.8277 	EXP 	text: text = 12
132.8277 	EXP 	text: autoDraw = True
133.7983 	EXP 	New trial (rep=0, index=19): {'countdown': 11}
133.8276 	EXP 	text: autoDraw = False
133.8276 	EXP 	text: text = 11
133.8276 	EXP 	text: autoDraw = True
134.7982 	EXP 	New trial (rep=0, index=20): {'countdown': 10}
134.8279 	EXP 	text: autoDraw = False
134.8279 	EXP 	text: text = 10
134.8279 	EXP 	text: autoDraw = True
135.7988 	EXP 	New trial (rep=0, index=21): {'countdown': 9}
135.8280 	EXP 	text: autoDraw = False
135.8280 	EXP 	text: text = 9
135.8280 	EXP 	text: autoDraw = True
136.7991 	EXP 	New trial (rep=0, index=22): {'countdown': 8}
136.8282 	EXP 	text: autoDraw = False
136.8282 	EXP 	text: text = 8
136.8282 	EXP 	text: autoDraw = True
137.7985 	EXP 	New trial (rep=0, index=23): {'countdown': 7}
137.8285 	EXP 	text: autoDraw = False
137.8285 	EXP 	text: text = 7
137.8285 	EXP 	text: autoDraw = True
138.7990 	EXP 	New trial (rep=0, index=24): {'countdown': 6}
138.8287 	EXP 	text: autoDraw = False
138.8287 	EXP 	text: text = 6
138.8287 	EXP 	text: autoDraw = True
139.7990 	EXP 	New trial (rep=0, index=25): {'countdown': 5}
139.8292 	EXP 	text: autoDraw = False
139.8292 	EXP 	text: text = 5
139.8292 	EXP 	text: autoDraw = True
140.7999 	EXP 	New trial (rep=0, index=26): {'countdown': 4}
140.8297 	EXP 	text: autoDraw = False
140.8297 	EXP 	text: text = 4
140.8297 	EXP 	text: autoDraw = True
141.7997 	EXP 	New trial (rep=0, index=27): {'countdown': 3}
141.8298 	EXP 	text: autoDraw = False
141.8298 	EXP 	text: text = 3
141.8298 	EXP 	text: autoDraw = True
142.7999 	EXP 	New trial (rep=0, index=28): {'countdown': 2}
142.8297 	EXP 	text: autoDraw = False
142.8297 	EXP 	text: text = 2
142.8297 	EXP 	text: autoDraw = True
143.8003 	EXP 	New trial (rep=0, index=29): {'countdown': 1}
143.8302 	EXP 	text: autoDraw = False
143.8302 	EXP 	text: text = 1
143.8302 	EXP 	text: autoDraw = True
144.8006 	EXP 	New trial (rep=0, index=30): {'countdown': 0}
144.8303 	EXP 	text: autoDraw = False
144.8303 	EXP 	text: text = 0
144.8303 	EXP 	text: autoDraw = True
145.8007 	EXP 	New trial (rep=1, index=0): None
145.8283 	EXP 	Imported stimuli.xlsx as conditions, 50 conditions, 2 params
145.8288 	EXP 	Created sequence: random, trialTypes=50, nReps=1, seed=None
145.8292 	EXP 	New trial (rep=0, index=0): {'word_stimuli': 'sounds/droite.ogg', 'isi': 0.7}
145.8460 	EXP 	text: autoDraw = False
147.3217 	EXP 	New trial (rep=0, index=1): {'word_stimuli': 'sounds/gauche.ogg', 'isi': 0.7}
148.8216 	EXP 	New trial (rep=0, index=2): {'word_stimuli': 'sounds/gauche.ogg', 'isi': 0.7}
150.3210 	EXP 	New trial (rep=0, index=3): {'word_stimuli': 'sounds/droite.ogg', 'isi': 0.7}
151.8227 	EXP 	New trial (rep=0, index=4): {'word_stimuli': 'sounds/droite.ogg', 'isi': 0.7}
153.3217 	EXP 	New trial (rep=0, index=5): {'word_stimuli': 'sounds/gauche.ogg', 'isi': 0.7}
154.8213 	EXP 	New trial (rep=0, index=6): {'word_stimuli': 'sounds/droite.ogg', 'isi': 0.7}
156.3222 	EXP 	New trial (rep=0, index=7): {'word_stimuli': 'sounds/droite.ogg', 'isi': 0.7}
157.8230 	EXP 	New trial (rep=0, index=8): {'word_stimuli': 'sounds/gauche.ogg', 'isi': 0.7}
159.3219 	EXP 	New trial (rep=0, index=9): {'word_stimuli': 'sounds/droite.ogg', 'isi': 0.7}
160.8337 	EXP 	New trial (rep=0, index=10): {'word_stimuli': 'sounds/droite.ogg', 'isi': 0.7}
162.3170 	EXP 	New trial (rep=0, index=11): {'word_stimuli': 'sounds/droite.ogg', 'isi': 0.7}
163.8017 	EXP 	New trial (rep=0, index=12): {'word_stimuli': 'sounds/droite.ogg', 'isi': 0.7}
165.2908 	EXP 	New trial (rep=0, index=13): {'word_stimuli': 'sounds/droite.ogg', 'isi': 0.7}
166.7920 	EXP 	New trial (rep=0, index=14): {'word_stimuli': 'sounds/gauche.ogg', 'isi': 0.7}
168.2916 	EXP 	New trial (rep=0, index=15): {'word_stimuli': 'sounds/gauche.ogg', 'isi': 0.7}
169.7918 	EXP 	New trial (rep=0, index=16): {'word_stimuli': 'sounds/gauche.ogg', 'isi': 0.7}
171.2913 	EXP 	New trial (rep=0, index=17): {'word_stimuli': 'sounds/gauche.ogg', 'isi': 0.7}
172.7921 	EXP 	New trial (rep=0, index=18): {'word_stimuli': 'sounds/droite.ogg', 'isi': 0.7}
174.2916 	EXP 	New trial (rep=0, index=19): {'word_stimuli': 'sounds/gauche.ogg', 'isi': 0.7}
175.7921 	EXP 	New trial (rep=0, index=20): {'word_stimuli': 'sounds/gauche.ogg', 'isi': 0.7}
177.2930 	EXP 	New trial (rep=0, index=21): {'word_stimuli': 'sounds/droite.ogg', 'isi': 0.7}
178.8065 	EXP 	New trial (rep=0, index=22): {'word_stimuli': 'sounds/gauche.ogg', 'isi': 0.7}
180.3105 	EXP 	New trial (rep=0, index=23): {'word_stimuli': 'sounds/gauche.ogg', 'isi': 0.7}
181.8111 	EXP 	New trial (rep=0, index=24): {'word_stimuli': 'sounds/gauche.ogg', 'isi': 0.7}
183.3107 	EXP 	New trial (rep=0, index=25): {'word_stimuli': 'sounds/droite.ogg', 'isi': 0.7}
184.8122 	EXP 	New trial (rep=0, index=26): {'word_stimuli': 'sounds/droite.ogg', 'isi': 0.7}
186.3116 	EXP 	New trial (rep=0, index=27): {'word_stimuli': 'sounds/droite.ogg', 'isi': 0.7}
187.8122 	EXP 	New trial (rep=0, index=28): {'word_stimuli': 'sounds/droite.ogg', 'isi': 0.7}
189.3132 	EXP 	New trial (rep=0, index=29): {'word_stimuli': 'sounds/gauche.ogg', 'isi': 0.7}
190.8126 	EXP 	New trial (rep=0, index=30): {'word_stimuli': 'sounds/gauche.ogg', 'isi': 0.7}
192.3129 	EXP 	New trial (rep=0, index=31): {'word_stimuli': 'sounds/gauche.ogg', 'isi': 0.7}
193.8122 	EXP 	New trial (rep=0, index=32): {'word_stimuli': 'sounds/droite.ogg', 'isi': 0.7}
195.3130 	EXP 	New trial (rep=0, index=33): {'word_stimuli': 'sounds/gauche.ogg', 'isi': 0.7}
196.8132 	EXP 	New trial (rep=0, index=34): {'word_stimuli': 'sounds/gauche.ogg', 'isi': 0.7}
198.3129 	EXP 	New trial (rep=0, index=35): {'word_stimuli': 'sounds/gauche.ogg', 'isi': 0.7}
199.8137 	EXP 	New trial (rep=0, index=36): {'word_stimuli': 'sounds/droite.ogg', 'isi': 0.7}
201.3134 	EXP 	New trial (rep=0, index=37): {'word_stimuli': 'sounds/gauche.ogg', 'isi': 0.7}
202.8145 	EXP 	New trial (rep=0, index=38): {'word_stimuli': 'sounds/gauche.ogg', 'isi': 0.7}
204.3147 	EXP 	New trial (rep=0, index=39): {'word_stimuli': 'sounds/droite.ogg', 'isi': 0.7}
205.8151 	EXP 	New trial (rep=0, index=40): {'word_stimuli': 'sounds/droite.ogg', 'isi': 0.7}
207.3318 	EXP 	New trial (rep=0, index=41): {'word_stimuli': 'sounds/droite.ogg', 'isi': 0.7}
208.8324 	EXP 	New trial (rep=0, index=42): {'word_stimuli': 'sounds/gauche.ogg', 'isi': 0.7}
210.3319 	EXP 	New trial (rep=0, index=43): {'word_stimuli': 'sounds/droite.ogg', 'isi': 0.7}
211.8327 	EXP 	New trial (rep=0, index=44): {'word_stimuli': 'sounds/gauche.ogg', 'isi': 0.7}
213.3330 	EXP 	New trial (rep=0, index=45): {'word_stimuli': 'sounds/droite.ogg', 'isi': 0.7}
214.8339 	EXP 	New trial (rep=0, index=46): {'word_stimuli': 'sounds/droite.ogg', 'isi': 0.7}
216.3336 	EXP 	New trial (rep=0, index=47): {'word_stimuli': 'sounds/droite.ogg', 'isi': 0.7}
217.8365 	EXP 	New trial (rep=0, index=48): {'word_stimuli': 'sounds/gauche.ogg', 'isi': 0.7}
219.3349 	EXP 	New trial (rep=0, index=49): {'word_stimuli': 'sounds/gauche.ogg', 'isi': 0.7}
220.8631 	EXP 	Imported countdown.xlsx as conditions, 31 conditions, 1 params
220.8642 	EXP 	Created sequence: sequential, trialTypes=31, nReps=1, seed=None
220.8651 	EXP 	New trial (rep=0, index=0): {'countdown': 30}
220.8959 	EXP 	text: text = 30
220.8959 	EXP 	text: autoDraw = True
221.8503 	EXP 	New trial (rep=0, index=1): {'countdown': 29}
221.8794 	EXP 	text: autoDraw = False
221.8794 	EXP 	text: text = 29
221.8794 	EXP 	text: autoDraw = True
222.8493 	EXP 	New trial (rep=0, index=2): {'countdown': 28}
222.8795 	EXP 	text: autoDraw = False
222.8795 	EXP 	text: text = 28
222.8795 	EXP 	text: autoDraw = True
223.8503 	EXP 	New trial (rep=0, index=3): {'countdown': 27}
223.8795 	EXP 	text: autoDraw = False
223.8795 	EXP 	text: text = 27
223.8795 	EXP 	text: autoDraw = True
224.8496 	EXP 	New trial (rep=0, index=4): {'countdown': 26}
224.8798 	EXP 	text: autoDraw = False
224.8798 	EXP 	text: text = 26
224.8798 	EXP 	text: autoDraw = True
225.8498 	EXP 	New trial (rep=0, index=5): {'countdown': 25}
225.8799 	EXP 	text: autoDraw = False
225.8799 	EXP 	text: text = 25
225.8799 	EXP 	text: autoDraw = True
226.8504 	EXP 	New trial (rep=0, index=6): {'countdown': 24}
226.8806 	EXP 	text: autoDraw = False
226.8806 	EXP 	text: text = 24
226.8806 	EXP 	text: autoDraw = True
227.8501 	EXP 	New trial (rep=0, index=7): {'countdown': 23}
227.8797 	EXP 	text: autoDraw = False
227.8797 	EXP 	text: text = 23
227.8797 	EXP 	text: autoDraw = True
228.8501 	EXP 	New trial (rep=0, index=8): {'countdown': 22}
228.8804 	EXP 	text: autoDraw = False
228.8804 	EXP 	text: text = 22
228.8804 	EXP 	text: autoDraw = True
229.8510 	EXP 	New trial (rep=0, index=9): {'countdown': 21}
229.8810 	EXP 	text: autoDraw = False
229.8810 	EXP 	text: text = 21
229.8810 	EXP 	text: autoDraw = True
230.8509 	EXP 	New trial (rep=0, index=10): {'countdown': 20}
230.8812 	EXP 	text: autoDraw = False
230.8812 	EXP 	text: text = 20
230.8812 	EXP 	text: autoDraw = True
231.8512 	EXP 	New trial (rep=0, index=11): {'countdown': 19}
231.8813 	EXP 	text: autoDraw = False
231.8813 	EXP 	text: text = 19
231.8813 	EXP 	text: autoDraw = True
232.8515 	EXP 	New trial (rep=0, index=12): {'countdown': 18}
232.8814 	EXP 	text: autoDraw = False
232.8814 	EXP 	text: text = 18
232.8814 	EXP 	text: autoDraw = True
233.8511 	EXP 	New trial (rep=0, index=13): {'countdown': 17}
233.8816 	EXP 	text: autoDraw = False
233.8816 	EXP 	text: text = 17
233.8816 	EXP 	text: autoDraw = True
234.8518 	EXP 	New trial (rep=0, index=14): {'countdown': 16}
234.8819 	EXP 	text: autoDraw = False
234.8819 	EXP 	text: text = 16
234.8819 	EXP 	text: autoDraw = True
235.8361 	EXP 	New trial (rep=0, index=15): {'countdown': 15}
235.8655 	EXP 	text: autoDraw = False
235.8655 	EXP 	text: text = 15
235.8655 	EXP 	text: autoDraw = True
236.8364 	EXP 	New trial (rep=0, index=16): {'countdown': 14}
236.8660 	EXP 	text: autoDraw = False
236.8660 	EXP 	text: text = 14
236.8660 	EXP 	text: autoDraw = True
237.8377 	EXP 	New trial (rep=0, index=17): {'countdown': 13}
237.8659 	EXP 	text: autoDraw = False
237.8659 	EXP 	text: text = 13
237.8659 	EXP 	text: autoDraw = True
238.8524 	EXP 	New trial (rep=0, index=18): {'countdown': 12}
238.8828 	EXP 	text: autoDraw = False
238.8828 	EXP 	text: text = 12
238.8828 	EXP 	text: autoDraw = True
239.8367 	EXP 	New trial (rep=0, index=19): {'countdown': 11}
239.8665 	EXP 	text: autoDraw = False
239.8665 	EXP 	text: text = 11
239.8665 	EXP 	text: autoDraw = True
240.8365 	EXP 	New trial (rep=0, index=20): {'countdown': 10}
240.8662 	EXP 	text: autoDraw = False
240.8662 	EXP 	text: text = 10
240.8662 	EXP 	text: autoDraw = True
241.8376 	EXP 	New trial (rep=0, index=21): {'countdown': 9}
241.8668 	EXP 	text: autoDraw = False
241.8668 	EXP 	text: text = 9
241.8668 	EXP 	text: autoDraw = True
242.8379 	EXP 	New trial (rep=0, index=22): {'countdown': 8}
242.8672 	EXP 	text: autoDraw = False
242.8672 	EXP 	text: text = 8
242.8672 	EXP 	text: autoDraw = True
243.8376 	EXP 	New trial (rep=0, index=23): {'countdown': 7}
243.8669 	EXP 	text: autoDraw = False
243.8669 	EXP 	text: text = 7
243.8669 	EXP 	text: autoDraw = True
244.8395 	EXP 	New trial (rep=0, index=24): {'countdown': 6}
244.8661 	EXP 	text: autoDraw = False
244.8661 	EXP 	text: text = 6
244.8661 	EXP 	text: autoDraw = True
245.8374 	EXP 	New trial (rep=0, index=25): {'countdown': 5}
245.8673 	EXP 	text: autoDraw = False
245.8673 	EXP 	text: text = 5
245.8673 	EXP 	text: autoDraw = True
246.8378 	EXP 	New trial (rep=0, index=26): {'countdown': 4}
246.8689 	EXP 	text: autoDraw = False
246.8689 	EXP 	text: text = 4
246.8689 	EXP 	text: autoDraw = True
247.8385 	EXP 	New trial (rep=0, index=27): {'countdown': 3}
247.8676 	EXP 	text: autoDraw = False
247.8676 	EXP 	text: text = 3
247.8676 	EXP 	text: autoDraw = True
248.8381 	EXP 	New trial (rep=0, index=28): {'countdown': 2}
248.8677 	EXP 	text: autoDraw = False
248.8677 	EXP 	text: text = 2
248.8677 	EXP 	text: autoDraw = True
249.8381 	EXP 	New trial (rep=0, index=29): {'countdown': 1}
249.8679 	EXP 	text: autoDraw = False
249.8679 	EXP 	text: text = 1
249.8679 	EXP 	text: autoDraw = True
250.8385 	EXP 	New trial (rep=0, index=30): {'countdown': 0}
250.8683 	EXP 	text: autoDraw = False
250.8683 	EXP 	text: text = 0
250.8683 	EXP 	text: autoDraw = True
251.8390 	EXP 	New trial (rep=2, index=0): None
251.8788 	EXP 	Imported stimuli.xlsx as conditions, 50 conditions, 2 params
251.8804 	EXP 	Created sequence: random, trialTypes=50, nReps=1, seed=None
251.8811 	EXP 	New trial (rep=0, index=0): {'word_stimuli': 'sounds/gauche.ogg', 'isi': 0.7}
251.9009 	EXP 	text: autoDraw = False
253.3748 	EXP 	New trial (rep=0, index=1): {'word_stimuli': 'sounds/droite.ogg', 'isi': 0.7}
254.8745 	EXP 	New trial (rep=0, index=2): {'word_stimuli': 'sounds/gauche.ogg', 'isi': 0.7}
256.3755 	EXP 	New trial (rep=0, index=3): {'word_stimuli': 'sounds/gauche.ogg', 'isi': 0.7}
257.8764 	EXP 	New trial (rep=0, index=4): {'word_stimuli': 'sounds/droite.ogg', 'isi': 0.7}
259.3760 	EXP 	New trial (rep=0, index=5): {'word_stimuli': 'sounds/droite.ogg', 'isi': 0.7}
260.8766 	EXP 	New trial (rep=0, index=6): {'word_stimuli': 'sounds/gauche.ogg', 'isi': 0.7}
262.3761 	EXP 	New trial (rep=0, index=7): {'word_stimuli': 'sounds/gauche.ogg', 'isi': 0.7}
263.8760 	EXP 	New trial (rep=0, index=8): {'word_stimuli': 'sounds/droite.ogg', 'isi': 0.7}
265.3767 	EXP 	New trial (rep=0, index=9): {'word_stimuli': 'sounds/droite.ogg', 'isi': 0.7}
266.8775 	EXP 	New trial (rep=0, index=10): {'word_stimuli': 'sounds/droite.ogg', 'isi': 0.7}
268.3778 	EXP 	New trial (rep=0, index=11): {'word_stimuli': 'sounds/gauche.ogg', 'isi': 0.7}
269.8781 	EXP 	New trial (rep=0, index=12): {'word_stimuli': 'sounds/gauche.ogg', 'isi': 0.7}
271.3783 	EXP 	New trial (rep=0, index=13): {'word_stimuli': 'sounds/gauche.ogg', 'isi': 0.7}
272.8794 	EXP 	New trial (rep=0, index=14): {'word_stimuli': 'sounds/gauche.ogg', 'isi': 0.7}
274.3803 	EXP 	New trial (rep=0, index=15): {'word_stimuli': 'sounds/droite.ogg', 'isi': 0.7}
275.8790 	EXP 	New trial (rep=0, index=16): {'word_stimuli': 'sounds/gauche.ogg', 'isi': 0.7}
277.3805 	EXP 	New trial (rep=0, index=17): {'word_stimuli': 'sounds/droite.ogg', 'isi': 0.7}
278.8813 	EXP 	New trial (rep=0, index=18): {'word_stimuli': 'sounds/droite.ogg', 'isi': 0.7}
280.3799 	EXP 	New trial (rep=0, index=19): {'word_stimuli': 'sounds/gauche.ogg', 'isi': 0.7}
281.8817 	EXP 	New trial (rep=0, index=20): {'word_stimuli': 'sounds/gauche.ogg', 'isi': 0.7}
283.3823 	EXP 	New trial (rep=0, index=21): {'word_stimuli': 'sounds/gauche.ogg', 'isi': 0.7}
284.8808 	EXP 	New trial (rep=0, index=22): {'word_stimuli': 'sounds/droite.ogg', 'isi': 0.7}
286.3823 	EXP 	New trial (rep=0, index=23): {'word_stimuli': 'sounds/droite.ogg', 'isi': 0.7}
287.8954 	EXP 	New trial (rep=0, index=24): {'word_stimuli': 'sounds/droite.ogg', 'isi': 0.7}
289.4008 	EXP 	New trial (rep=0, index=25): {'word_stimuli': 'sounds/gauche.ogg', 'isi': 0.7}
290.9003 	EXP 	New trial (rep=0, index=26): {'word_stimuli': 'sounds/gauche.ogg', 'isi': 0.7}
292.4006 	EXP 	New trial (rep=0, index=27): {'word_stimuli': 'sounds/gauche.ogg', 'isi': 0.7}
293.9015 	EXP 	New trial (rep=0, index=28): {'word_stimuli': 'sounds/gauche.ogg', 'isi': 0.7}
295.3999 	EXP 	New trial (rep=0, index=29): {'word_stimuli': 'sounds/gauche.ogg', 'isi': 0.7}
296.9001 	EXP 	New trial (rep=0, index=30): {'word_stimuli': 'sounds/gauche.ogg', 'isi': 0.7}
298.4002 	EXP 	New trial (rep=0, index=31): {'word_stimuli': 'sounds/gauche.ogg', 'isi': 0.7}
299.9005 	EXP 	New trial (rep=0, index=32): {'word_stimuli': 'sounds/droite.ogg', 'isi': 0.7}
301.4030 	EXP 	New trial (rep=0, index=33): {'word_stimuli': 'sounds/gauche.ogg', 'isi': 0.7}
302.9012 	EXP 	New trial (rep=0, index=34): {'word_stimuli': 'sounds/droite.ogg', 'isi': 0.7}
304.4019 	EXP 	New trial (rep=0, index=35): {'word_stimuli': 'sounds/droite.ogg', 'isi': 0.7}
305.9025 	EXP 	New trial (rep=0, index=36): {'word_stimuli': 'sounds/droite.ogg', 'isi': 0.7}
307.4027 	EXP 	New trial (rep=0, index=37): {'word_stimuli': 'sounds/droite.ogg', 'isi': 0.7}
308.9023 	EXP 	New trial (rep=0, index=38): {'word_stimuli': 'sounds/droite.ogg', 'isi': 0.7}
310.4026 	EXP 	New trial (rep=0, index=39): {'word_stimuli': 'sounds/droite.ogg', 'isi': 0.7}
311.9033 	EXP 	New trial (rep=0, index=40): {'word_stimuli': 'sounds/droite.ogg', 'isi': 0.7}
313.4022 	EXP 	New trial (rep=0, index=41): {'word_stimuli': 'sounds/droite.ogg', 'isi': 0.7}
314.9037 	EXP 	New trial (rep=0, index=42): {'word_stimuli': 'sounds/gauche.ogg', 'isi': 0.7}
316.4041 	EXP 	New trial (rep=0, index=43): {'word_stimuli': 'sounds/gauche.ogg', 'isi': 0.7}
317.9041 	EXP 	New trial (rep=0, index=44): {'word_stimuli': 'sounds/gauche.ogg', 'isi': 0.7}
319.4035 	EXP 	New trial (rep=0, index=45): {'word_stimuli': 'sounds/droite.ogg', 'isi': 0.7}
320.9056 	EXP 	New trial (rep=0, index=46): {'word_stimuli': 'sounds/droite.ogg', 'isi': 0.7}
322.4049 	EXP 	New trial (rep=0, index=47): {'word_stimuli': 'sounds/droite.ogg', 'isi': 0.7}
323.9058 	EXP 	New trial (rep=0, index=48): {'word_stimuli': 'sounds/droite.ogg', 'isi': 0.7}
325.4060 	EXP 	New trial (rep=0, index=49): {'word_stimuli': 'sounds/gauche.ogg', 'isi': 0.7}
326.9343 	EXP 	Imported countdown.xlsx as conditions, 31 conditions, 1 params
326.9355 	EXP 	Created sequence: sequential, trialTypes=31, nReps=1, seed=None
326.9364 	EXP 	New trial (rep=0, index=0): {'countdown': 30}
326.9658 	EXP 	text: text = 30
326.9658 	EXP 	text: autoDraw = True
327.9208 	EXP 	New trial (rep=0, index=1): {'countdown': 29}
327.9508 	EXP 	text: autoDraw = False
327.9508 	EXP 	text: text = 29
327.9508 	EXP 	text: autoDraw = True
328.9206 	EXP 	New trial (rep=0, index=2): {'countdown': 28}
328.9508 	EXP 	text: autoDraw = False
328.9508 	EXP 	text: text = 28
328.9508 	EXP 	text: autoDraw = True
329.9212 	EXP 	New trial (rep=0, index=3): {'countdown': 27}
329.9509 	EXP 	text: autoDraw = False
329.9509 	EXP 	text: text = 27
329.9509 	EXP 	text: autoDraw = True
330.9209 	EXP 	New trial (rep=0, index=4): {'countdown': 26}
330.9515 	EXP 	text: autoDraw = False
330.9515 	EXP 	text: text = 26
330.9515 	EXP 	text: autoDraw = True
331.9213 	EXP 	New trial (rep=0, index=5): {'countdown': 25}
331.9518 	EXP 	text: autoDraw = False
331.9518 	EXP 	text: text = 25
331.9518 	EXP 	text: autoDraw = True
332.9217 	EXP 	New trial (rep=0, index=6): {'countdown': 24}
332.9521 	EXP 	text: autoDraw = False
332.9521 	EXP 	text: text = 24
332.9521 	EXP 	text: autoDraw = True
333.9215 	EXP 	New trial (rep=0, index=7): {'countdown': 23}
333.9512 	EXP 	text: autoDraw = False
333.9512 	EXP 	text: text = 23
333.9512 	EXP 	text: autoDraw = True
334.9218 	EXP 	New trial (rep=0, index=8): {'countdown': 22}
334.9519 	EXP 	text: autoDraw = False
334.9519 	EXP 	text: text = 22
334.9519 	EXP 	text: autoDraw = True
335.9226 	EXP 	New trial (rep=0, index=9): {'countdown': 21}
335.9524 	EXP 	text: autoDraw = False
335.9524 	EXP 	text: text = 21
335.9524 	EXP 	text: autoDraw = True
336.9225 	EXP 	New trial (rep=0, index=10): {'countdown': 20}
336.9526 	EXP 	text: autoDraw = False
336.9526 	EXP 	text: text = 20
336.9526 	EXP 	text: autoDraw = True
337.9226 	EXP 	New trial (rep=0, index=11): {'countdown': 19}
337.9530 	EXP 	text: autoDraw = False
337.9530 	EXP 	text: text = 19
337.9530 	EXP 	text: autoDraw = True
338.9231 	EXP 	New trial (rep=0, index=12): {'countdown': 18}
338.9529 	EXP 	text: autoDraw = False
338.9529 	EXP 	text: text = 18
338.9529 	EXP 	text: autoDraw = True
339.9077 	EXP 	New trial (rep=0, index=13): {'countdown': 17}
339.9365 	EXP 	text: autoDraw = False
339.9365 	EXP 	text: text = 17
339.9365 	EXP 	text: autoDraw = True
340.9075 	EXP 	New trial (rep=0, index=14): {'countdown': 16}
340.9369 	EXP 	text: autoDraw = False
340.9369 	EXP 	text: text = 16
340.9369 	EXP 	text: autoDraw = True
341.9080 	EXP 	New trial (rep=0, index=15): {'countdown': 15}
341.9366 	EXP 	text: autoDraw = False
341.9366 	EXP 	text: text = 15
341.9366 	EXP 	text: autoDraw = True
342.9083 	EXP 	New trial (rep=0, index=16): {'countdown': 14}
342.9368 	EXP 	text: autoDraw = False
342.9368 	EXP 	text: text = 14
342.9368 	EXP 	text: autoDraw = True
343.9077 	EXP 	New trial (rep=0, index=17): {'countdown': 13}
343.9382 	EXP 	text: autoDraw = False
343.9382 	EXP 	text: text = 13
343.9382 	EXP 	text: autoDraw = True
344.9080 	EXP 	New trial (rep=0, index=18): {'countdown': 12}
344.9371 	EXP 	text: autoDraw = False
344.9371 	EXP 	text: text = 12
344.9371 	EXP 	text: autoDraw = True
345.9079 	EXP 	New trial (rep=0, index=19): {'countdown': 11}
345.9374 	EXP 	text: autoDraw = False
345.9374 	EXP 	text: text = 11
345.9374 	EXP 	text: autoDraw = True
346.9079 	EXP 	New trial (rep=0, index=20): {'countdown': 10}
346.9377 	EXP 	text: autoDraw = False
346.9377 	EXP 	text: text = 10
346.9377 	EXP 	text: autoDraw = True
347.9083 	EXP 	New trial (rep=0, index=21): {'countdown': 9}
347.9377 	EXP 	text: autoDraw = False
347.9377 	EXP 	text: text = 9
347.9377 	EXP 	text: autoDraw = True
348.9079 	EXP 	New trial (rep=0, index=22): {'countdown': 8}
348.9381 	EXP 	text: autoDraw = False
348.9381 	EXP 	text: text = 8
348.9381 	EXP 	text: autoDraw = True
349.9076 	EXP 	New trial (rep=0, index=23): {'countdown': 7}
349.9386 	EXP 	text: autoDraw = False
349.9386 	EXP 	text: text = 7
349.9386 	EXP 	text: autoDraw = True
350.9087 	EXP 	New trial (rep=0, index=24): {'countdown': 6}
350.9385 	EXP 	text: autoDraw = False
350.9385 	EXP 	text: text = 6
350.9385 	EXP 	text: autoDraw = True
351.9088 	EXP 	New trial (rep=0, index=25): {'countdown': 5}
351.9390 	EXP 	text: autoDraw = False
351.9390 	EXP 	text: text = 5
351.9390 	EXP 	text: autoDraw = True
352.9090 	EXP 	New trial (rep=0, index=26): {'countdown': 4}
352.9389 	EXP 	text: autoDraw = False
352.9389 	EXP 	text: text = 4
352.9389 	EXP 	text: autoDraw = True
353.9092 	EXP 	New trial (rep=0, index=27): {'countdown': 3}
353.9394 	EXP 	text: autoDraw = False
353.9394 	EXP 	text: text = 3
353.9394 	EXP 	text: autoDraw = True
354.9093 	EXP 	New trial (rep=0, index=28): {'countdown': 2}
354.9397 	EXP 	text: autoDraw = False
354.9397 	EXP 	text: text = 2
354.9397 	EXP 	text: autoDraw = True
355.9113 	EXP 	New trial (rep=0, index=29): {'countdown': 1}
355.9398 	EXP 	text: autoDraw = False
355.9398 	EXP 	text: text = 1
355.9398 	EXP 	text: autoDraw = True
356.9099 	EXP 	New trial (rep=0, index=30): {'countdown': 0}
356.9401 	EXP 	text: autoDraw = False
356.9401 	EXP 	text: text = 0
356.9401 	EXP 	text: autoDraw = True
357.9079 	EXP 	New trial (rep=3, index=0): None
357.9399 	EXP 	Imported stimuli.xlsx as conditions, 50 conditions, 2 params
357.9409 	EXP 	Created sequence: random, trialTypes=50, nReps=1, seed=None
357.9416 	EXP 	New trial (rep=0, index=0): {'word_stimuli': 'sounds/gauche.ogg', 'isi': 0.7}
357.9754 	EXP 	text: autoDraw = False
359.4471 	EXP 	New trial (rep=0, index=1): {'word_stimuli': 'sounds/gauche.ogg', 'isi': 0.7}
360.9455 	EXP 	New trial (rep=0, index=2): {'word_stimuli': 'sounds/droite.ogg', 'isi': 0.7}
362.4469 	EXP 	New trial (rep=0, index=3): {'word_stimuli': 'sounds/droite.ogg', 'isi': 0.7}
363.9461 	EXP 	New trial (rep=0, index=4): {'word_stimuli': 'sounds/gauche.ogg', 'isi': 0.7}
365.4477 	EXP 	New trial (rep=0, index=5): {'word_stimuli': 'sounds/gauche.ogg', 'isi': 0.7}
366.9466 	EXP 	New trial (rep=0, index=6): {'word_stimuli': 'sounds/droite.ogg', 'isi': 0.7}
368.4477 	EXP 	New trial (rep=0, index=7): {'word_stimuli': 'sounds/droite.ogg', 'isi': 0.7}
369.9501 	EXP 	New trial (rep=0, index=8): {'word_stimuli': 'sounds/gauche.ogg', 'isi': 0.7}
371.4493 	EXP 	New trial (rep=0, index=9): {'word_stimuli': 'sounds/gauche.ogg', 'isi': 0.7}
372.9511 	EXP 	New trial (rep=0, index=10): {'word_stimuli': 'sounds/droite.ogg', 'isi': 0.7}
374.4490 	EXP 	New trial (rep=0, index=11): {'word_stimuli': 'sounds/gauche.ogg', 'isi': 0.7}
375.9496 	EXP 	New trial (rep=0, index=12): {'word_stimuli': 'sounds/droite.ogg', 'isi': 0.7}
377.4516 	EXP 	New trial (rep=0, index=13): {'word_stimuli': 'sounds/droite.ogg', 'isi': 0.7}
378.9508 	EXP 	New trial (rep=0, index=14): {'word_stimuli': 'sounds/droite.ogg', 'isi': 0.7}
380.4506 	EXP 	New trial (rep=0, index=15): {'word_stimuli': 'sounds/gauche.ogg', 'isi': 0.7}
381.9523 	EXP 	New trial (rep=0, index=16): {'word_stimuli': 'sounds/droite.ogg', 'isi': 0.7}
383.4509 	EXP 	New trial (rep=0, index=17): {'word_stimuli': 'sounds/gauche.ogg', 'isi': 0.7}
384.9518 	EXP 	New trial (rep=0, index=18): {'word_stimuli': 'sounds/gauche.ogg', 'isi': 0.7}
386.4526 	EXP 	New trial (rep=0, index=19): {'word_stimuli': 'sounds/gauche.ogg', 'isi': 0.7}
387.9662 	EXP 	New trial (rep=0, index=20): {'word_stimuli': 'sounds/gauche.ogg', 'isi': 0.7}
389.4687 	EXP 	New trial (rep=0, index=21): {'word_stimuli': 'sounds/gauche.ogg', 'isi': 0.7}
390.9707 	EXP 	New trial (rep=0, index=22): {'word_stimuli': 'sounds/gauche.ogg', 'isi': 0.7}
392.4700 	EXP 	New trial (rep=0, index=23): {'word_stimuli': 'sounds/droite.ogg', 'isi': 0.7}
393.9691 	EXP 	New trial (rep=0, index=24): {'word_stimuli': 'sounds/droite.ogg', 'isi': 0.7}
395.4716 	EXP 	New trial (rep=0, index=25): {'word_stimuli': 'sounds/gauche.ogg', 'isi': 0.7}
396.9706 	EXP 	New trial (rep=0, index=26): {'word_stimuli': 'sounds/droite.ogg', 'isi': 0.7}
398.4704 	EXP 	New trial (rep=0, index=27): {'word_stimuli': 'sounds/gauche.ogg', 'isi': 0.7}
399.9722 	EXP 	New trial (rep=0, index=28): {'word_stimuli': 'sounds/droite.ogg', 'isi': 0.7}
401.4726 	EXP 	New trial (rep=0, index=29): {'word_stimuli': 'sounds/droite.ogg', 'isi': 0.7}
402.9711 	EXP 	New trial (rep=0, index=30): {'word_stimuli': 'sounds/droite.ogg', 'isi': 0.7}
404.4726 	EXP 	New trial (rep=0, index=31): {'word_stimuli': 'sounds/gauche.ogg', 'isi': 0.7}
405.9726 	EXP 	New trial (rep=0, index=32): {'word_stimuli': 'sounds/gauche.ogg', 'isi': 0.7}
407.4716 	EXP 	New trial (rep=0, index=33): {'word_stimuli': 'sounds/droite.ogg', 'isi': 0.7}
408.9728 	EXP 	New trial (rep=0, index=34): {'word_stimuli': 'sounds/gauche.ogg', 'isi': 0.7}
410.4728 	EXP 	New trial (rep=0, index=35): {'word_stimuli': 'sounds/gauche.ogg', 'isi': 0.7}
411.9725 	EXP 	New trial (rep=0, index=36): {'word_stimuli': 'sounds/droite.ogg', 'isi': 0.7}
413.4748 	EXP 	New trial (rep=0, index=37): {'word_stimuli': 'sounds/droite.ogg', 'isi': 0.7}
414.9734 	EXP 	New trial (rep=0, index=38): {'word_stimuli': 'sounds/droite.ogg', 'isi': 0.7}
416.4758 	EXP 	New trial (rep=0, index=39): {'word_stimuli': 'sounds/gauche.ogg', 'isi': 0.7}
417.9739 	EXP 	New trial (rep=0, index=40): {'word_stimuli': 'sounds/droite.ogg', 'isi': 0.7}
419.4742 	EXP 	New trial (rep=0, index=41): {'word_stimuli': 'sounds/droite.ogg', 'isi': 0.7}
420.9751 	EXP 	New trial (rep=0, index=42): {'word_stimuli': 'sounds/droite.ogg', 'isi': 0.7}
422.4760 	EXP 	New trial (rep=0, index=43): {'word_stimuli': 'sounds/gauche.ogg', 'isi': 0.7}
423.9759 	EXP 	New trial (rep=0, index=44): {'word_stimuli': 'sounds/droite.ogg', 'isi': 0.7}
425.4759 	EXP 	New trial (rep=0, index=45): {'word_stimuli': 'sounds/gauche.ogg', 'isi': 0.7}
426.9757 	EXP 	New trial (rep=0, index=46): {'word_stimuli': 'sounds/droite.ogg', 'isi': 0.7}
428.4765 	EXP 	New trial (rep=0, index=47): {'word_stimuli': 'sounds/gauche.ogg', 'isi': 0.7}
429.9934 	EXP 	New trial (rep=0, index=48): {'word_stimuli': 'sounds/droite.ogg', 'isi': 0.7}
431.4930 	EXP 	New trial (rep=0, index=49): {'word_stimuli': 'sounds/gauche.ogg', 'isi': 0.7}
433.0373 	EXP 	Imported countdown.xlsx as conditions, 31 conditions, 1 params
433.0380 	EXP 	Created sequence: sequential, trialTypes=31, nReps=1, seed=None
433.0386 	EXP 	New trial (rep=0, index=0): {'countdown': 30}
433.0545 	EXP 	text: text = 30
433.0545 	EXP 	text: autoDraw = True
434.0242 	EXP 	New trial (rep=0, index=1): {'countdown': 29}
434.0389 	EXP 	text: autoDraw = False
434.0389 	EXP 	text: text = 29
434.0389 	EXP 	text: autoDraw = True
435.0253 	EXP 	New trial (rep=0, index=2): {'countdown': 28}
435.0551 	EXP 	text: autoDraw = False
435.0551 	EXP 	text: text = 28
435.0551 	EXP 	text: autoDraw = True
436.0245 	EXP 	New trial (rep=0, index=3): {'countdown': 27}
436.0388 	EXP 	text: autoDraw = False
436.0388 	EXP 	text: text = 27
436.0388 	EXP 	text: autoDraw = True
437.0263 	EXP 	New trial (rep=0, index=4): {'countdown': 26}
437.0554 	EXP 	text: autoDraw = False
437.0554 	EXP 	text: text = 26
437.0554 	EXP 	text: autoDraw = True
438.0269 	EXP 	New trial (rep=0, index=5): {'countdown': 25}
438.0549 	EXP 	text: autoDraw = False
438.0549 	EXP 	text: text = 25
438.0549 	EXP 	text: autoDraw = True
439.0264 	EXP 	New trial (rep=0, index=6): {'countdown': 24}
439.0566 	EXP 	text: autoDraw = False
439.0566 	EXP 	text: text = 24
439.0566 	EXP 	text: autoDraw = True
440.0279 	EXP 	New trial (rep=0, index=7): {'countdown': 23}
440.0577 	EXP 	text: autoDraw = False
440.0577 	EXP 	text: text = 23
440.0577 	EXP 	text: autoDraw = True
441.0278 	EXP 	New trial (rep=0, index=8): {'countdown': 22}
441.0568 	EXP 	text: autoDraw = False
441.0568 	EXP 	text: text = 22
441.0568 	EXP 	text: autoDraw = True
442.0276 	EXP 	New trial (rep=0, index=9): {'countdown': 21}
442.0570 	EXP 	text: autoDraw = False
442.0570 	EXP 	text: text = 21
442.0570 	EXP 	text: autoDraw = True
443.0278 	EXP 	New trial (rep=0, index=10): {'countdown': 20}
443.0572 	EXP 	text: autoDraw = False
443.0572 	EXP 	text: text = 20
443.0572 	EXP 	text: autoDraw = True
444.0279 	EXP 	New trial (rep=0, index=11): {'countdown': 19}
444.0573 	EXP 	text: autoDraw = False
444.0573 	EXP 	text: text = 19
444.0573 	EXP 	text: autoDraw = True
445.0281 	EXP 	New trial (rep=0, index=12): {'countdown': 18}
445.0575 	EXP 	text: autoDraw = False
445.0575 	EXP 	text: text = 18
445.0575 	EXP 	text: autoDraw = True
446.0278 	EXP 	New trial (rep=0, index=13): {'countdown': 17}
446.0577 	EXP 	text: autoDraw = False
446.0577 	EXP 	text: text = 17
446.0577 	EXP 	text: autoDraw = True
447.0282 	EXP 	New trial (rep=0, index=14): {'countdown': 16}
447.0578 	EXP 	text: autoDraw = False
447.0578 	EXP 	text: text = 16
447.0578 	EXP 	text: autoDraw = True
448.0288 	EXP 	New trial (rep=0, index=15): {'countdown': 15}
448.0584 	EXP 	text: autoDraw = False
448.0584 	EXP 	text: text = 15
448.0584 	EXP 	text: autoDraw = True
449.0285 	EXP 	New trial (rep=0, index=16): {'countdown': 14}
449.0588 	EXP 	text: autoDraw = False
449.0588 	EXP 	text: text = 14
449.0588 	EXP 	text: autoDraw = True
450.0123 	EXP 	New trial (rep=0, index=17): {'countdown': 13}
450.0421 	EXP 	text: autoDraw = False
450.0421 	EXP 	text: text = 13
450.0421 	EXP 	text: autoDraw = True
451.0123 	EXP 	New trial (rep=0, index=18): {'countdown': 12}
451.0425 	EXP 	text: autoDraw = False
451.0425 	EXP 	text: text = 12
451.0425 	EXP 	text: autoDraw = True
452.0129 	EXP 	New trial (rep=0, index=19): {'countdown': 11}
452.0426 	EXP 	text: autoDraw = False
452.0426 	EXP 	text: text = 11
452.0426 	EXP 	text: autoDraw = True
453.0129 	EXP 	New trial (rep=0, index=20): {'countdown': 10}
453.0426 	EXP 	text: autoDraw = False
453.0426 	EXP 	text: text = 10
453.0426 	EXP 	text: autoDraw = True
454.0111 	EXP 	New trial (rep=0, index=21): {'countdown': 9}
454.0262 	EXP 	text: autoDraw = False
454.0262 	EXP 	text: text = 9
454.0262 	EXP 	text: autoDraw = True
455.0120 	EXP 	New trial (rep=0, index=22): {'countdown': 8}
455.0436 	EXP 	text: autoDraw = False
455.0436 	EXP 	text: text = 8
455.0436 	EXP 	text: autoDraw = True
456.0138 	EXP 	New trial (rep=0, index=23): {'countdown': 7}
456.0434 	EXP 	text: autoDraw = False
456.0434 	EXP 	text: text = 7
456.0434 	EXP 	text: autoDraw = True
457.0115 	EXP 	New trial (rep=0, index=24): {'countdown': 6}
457.0435 	EXP 	text: autoDraw = False
457.0435 	EXP 	text: text = 6
457.0435 	EXP 	text: autoDraw = True
458.0113 	EXP 	New trial (rep=0, index=25): {'countdown': 5}
458.0264 	EXP 	text: autoDraw = False
458.0264 	EXP 	text: text = 5
458.0264 	EXP 	text: autoDraw = True
459.0147 	EXP 	New trial (rep=0, index=26): {'countdown': 4}
459.0430 	EXP 	text: autoDraw = False
459.0430 	EXP 	text: text = 4
459.0430 	EXP 	text: autoDraw = True
460.0138 	EXP 	New trial (rep=0, index=27): {'countdown': 3}
460.0442 	EXP 	text: autoDraw = False
460.0442 	EXP 	text: text = 3
460.0442 	EXP 	text: autoDraw = True
461.0149 	EXP 	New trial (rep=0, index=28): {'countdown': 2}
461.0446 	EXP 	text: autoDraw = False
461.0446 	EXP 	text: text = 2
461.0446 	EXP 	text: autoDraw = True
462.0143 	EXP 	New trial (rep=0, index=29): {'countdown': 1}
462.0451 	EXP 	text: autoDraw = False
462.0451 	EXP 	text: text = 1
462.0451 	EXP 	text: autoDraw = True
463.0144 	EXP 	New trial (rep=0, index=30): {'countdown': 0}
463.0455 	EXP 	text: autoDraw = False
463.0455 	EXP 	text: text = 0
463.0455 	EXP 	text: autoDraw = True
464.0158 	EXP 	New trial (rep=4, index=0): None
464.0554 	EXP 	Imported stimuli.xlsx as conditions, 50 conditions, 2 params
464.0563 	EXP 	Created sequence: random, trialTypes=50, nReps=1, seed=None
464.0570 	EXP 	New trial (rep=0, index=0): {'word_stimuli': 'sounds/gauche.ogg', 'isi': 0.7}
464.0772 	EXP 	text: autoDraw = False
465.5527 	EXP 	New trial (rep=0, index=1): {'word_stimuli': 'sounds/gauche.ogg', 'isi': 0.7}
467.0518 	EXP 	New trial (rep=0, index=2): {'word_stimuli': 'sounds/gauche.ogg', 'isi': 0.7}
468.5520 	EXP 	New trial (rep=0, index=3): {'word_stimuli': 'sounds/droite.ogg', 'isi': 0.7}
470.0529 	EXP 	New trial (rep=0, index=4): {'word_stimuli': 'sounds/gauche.ogg', 'isi': 0.7}
471.5527 	EXP 	New trial (rep=0, index=5): {'word_stimuli': 'sounds/gauche.ogg', 'isi': 0.7}
473.0528 	EXP 	New trial (rep=0, index=6): {'word_stimuli': 'sounds/gauche.ogg', 'isi': 0.7}
474.5525 	EXP 	New trial (rep=0, index=7): {'word_stimuli': 'sounds/gauche.ogg', 'isi': 0.7}
476.0529 	EXP 	New trial (rep=0, index=8): {'word_stimuli': 'sounds/droite.ogg', 'isi': 0.7}
477.5531 	EXP 	New trial (rep=0, index=9): {'word_stimuli': 'sounds/gauche.ogg', 'isi': 0.7}
479.0534 	EXP 	New trial (rep=0, index=10): {'word_stimuli': 'sounds/droite.ogg', 'isi': 0.7}
480.5545 	EXP 	New trial (rep=0, index=11): {'word_stimuli': 'sounds/gauche.ogg', 'isi': 0.7}
482.0542 	EXP 	New trial (rep=0, index=12): {'word_stimuli': 'sounds/gauche.ogg', 'isi': 0.7}
483.5552 	EXP 	New trial (rep=0, index=13): {'word_stimuli': 'sounds/droite.ogg', 'isi': 0.7}
485.0556 	EXP 	New trial (rep=0, index=14): {'word_stimuli': 'sounds/droite.ogg', 'isi': 0.7}
486.5553 	EXP 	New trial (rep=0, index=15): {'word_stimuli': 'sounds/droite.ogg', 'isi': 0.7}
488.0562 	EXP 	New trial (rep=0, index=16): {'word_stimuli': 'sounds/gauche.ogg', 'isi': 0.7}
489.5559 	EXP 	New trial (rep=0, index=17): {'word_stimuli': 'sounds/droite.ogg', 'isi': 0.7}
491.0571 	EXP 	New trial (rep=0, index=18): {'word_stimuli': 'sounds/gauche.ogg', 'isi': 0.7}
492.5560 	EXP 	New trial (rep=0, index=19): {'word_stimuli': 'sounds/droite.ogg', 'isi': 0.7}
494.0574 	EXP 	New trial (rep=0, index=20): {'word_stimuli': 'sounds/gauche.ogg', 'isi': 0.7}
495.5577 	EXP 	New trial (rep=0, index=21): {'word_stimuli': 'sounds/droite.ogg', 'isi': 0.7}
497.0573 	EXP 	New trial (rep=0, index=22): {'word_stimuli': 'sounds/droite.ogg', 'isi': 0.7}
498.5582 	EXP 	New trial (rep=0, index=23): {'word_stimuli': 'sounds/gauche.ogg', 'isi': 0.7}
500.0587 	EXP 	New trial (rep=0, index=24): {'word_stimuli': 'sounds/droite.ogg', 'isi': 0.7}
501.5589 	EXP 	New trial (rep=0, index=25): {'word_stimuli': 'sounds/droite.ogg', 'isi': 0.7}
503.0587 	EXP 	New trial (rep=0, index=26): {'word_stimuli': 'sounds/gauche.ogg', 'isi': 0.7}
504.5591 	EXP 	New trial (rep=0, index=27): {'word_stimuli': 'sounds/gauche.ogg', 'isi': 0.7}
506.0614 	EXP 	New trial (rep=0, index=28): {'word_stimuli': 'sounds/droite.ogg', 'isi': 0.7}
507.5595 	EXP 	New trial (rep=0, index=29): {'word_stimuli': 'sounds/droite.ogg', 'isi': 0.7}
509.0607 	EXP 	New trial (rep=0, index=30): {'word_stimuli': 'sounds/droite.ogg', 'isi': 0.7}
510.5607 	EXP 	New trial (rep=0, index=31): {'word_stimuli': 'sounds/droite.ogg', 'isi': 0.7}
512.0608 	EXP 	New trial (rep=0, index=32): {'word_stimuli': 'sounds/gauche.ogg', 'isi': 0.7}
513.5622 	EXP 	New trial (rep=0, index=33): {'word_stimuli': 'sounds/gauche.ogg', 'isi': 0.7}
515.0621 	EXP 	New trial (rep=0, index=34): {'word_stimuli': 'sounds/droite.ogg', 'isi': 0.7}
516.5620 	EXP 	New trial (rep=0, index=35): {'word_stimuli': 'sounds/droite.ogg', 'isi': 0.7}
518.0625 	EXP 	New trial (rep=0, index=36): {'word_stimuli': 'sounds/droite.ogg', 'isi': 0.7}
519.5616 	EXP 	New trial (rep=0, index=37): {'word_stimuli': 'sounds/gauche.ogg', 'isi': 0.7}
521.0625 	EXP 	New trial (rep=0, index=38): {'word_stimuli': 'sounds/droite.ogg', 'isi': 0.7}
522.5628 	EXP 	New trial (rep=0, index=39): {'word_stimuli': 'sounds/gauche.ogg', 'isi': 0.7}
524.0623 	EXP 	New trial (rep=0, index=40): {'word_stimuli': 'sounds/gauche.ogg', 'isi': 0.7}
525.5625 	EXP 	New trial (rep=0, index=41): {'word_stimuli': 'sounds/droite.ogg', 'isi': 0.7}
527.0783 	EXP 	New trial (rep=0, index=42): {'word_stimuli': 'sounds/droite.ogg', 'isi': 0.7}
528.5808 	EXP 	New trial (rep=0, index=43): {'word_stimuli': 'sounds/droite.ogg', 'isi': 0.7}
530.0815 	EXP 	New trial (rep=0, index=44): {'word_stimuli': 'sounds/gauche.ogg', 'isi': 0.7}
531.5806 	EXP 	New trial (rep=0, index=45): {'word_stimuli': 'sounds/gauche.ogg', 'isi': 0.7}
533.0825 	EXP 	New trial (rep=0, index=46): {'word_stimuli': 'sounds/droite.ogg', 'isi': 0.7}
534.5818 	EXP 	New trial (rep=0, index=47): {'word_stimuli': 'sounds/droite.ogg', 'isi': 0.7}
536.0821 	EXP 	New trial (rep=0, index=48): {'word_stimuli': 'sounds/gauche.ogg', 'isi': 0.7}
537.5819 	EXP 	New trial (rep=0, index=49): {'word_stimuli': 'sounds/gauche.ogg', 'isi': 0.7}
539.1114 	EXP 	Imported countdown.xlsx as conditions, 31 conditions, 1 params
539.1125 	EXP 	Created sequence: sequential, trialTypes=31, nReps=1, seed=None
539.1134 	EXP 	New trial (rep=0, index=0): {'countdown': 30}
539.1438 	EXP 	text: text = 30
539.1438 	EXP 	text: autoDraw = True
540.0977 	EXP 	New trial (rep=0, index=1): {'countdown': 29}
540.1267 	EXP 	text: autoDraw = False
540.1267 	EXP 	text: text = 29
540.1267 	EXP 	text: autoDraw = True
541.0972 	EXP 	New trial (rep=0, index=2): {'countdown': 28}
541.1270 	EXP 	text: autoDraw = False
541.1270 	EXP 	text: text = 28
541.1270 	EXP 	text: autoDraw = True
542.0974 	EXP 	New trial (rep=0, index=3): {'countdown': 27}
542.1272 	EXP 	text: autoDraw = False
542.1272 	EXP 	text: text = 27
542.1272 	EXP 	text: autoDraw = True
543.0979 	EXP 	New trial (rep=0, index=4): {'countdown': 26}
543.1277 	EXP 	text: autoDraw = False
543.1277 	EXP 	text: text = 26
543.1277 	EXP 	text: autoDraw = True
544.0990 	EXP 	New trial (rep=0, index=5): {'countdown': 25}
544.1276 	EXP 	text: autoDraw = False
544.1276 	EXP 	text: text = 25
544.1276 	EXP 	text: autoDraw = True
545.0925 	EXP 	New trial (rep=0, index=6): {'countdown': 24}
545.1079 	EXP 	text: autoDraw = False
545.1079 	EXP 	text: text = 24
545.1079 	EXP 	text: autoDraw = True
546.0973 	EXP 	New trial (rep=0, index=7): {'countdown': 23}
546.1106 	EXP 	text: autoDraw = False
546.1106 	EXP 	text: text = 23
546.1106 	EXP 	text: autoDraw = True
547.0985 	EXP 	New trial (rep=0, index=8): {'countdown': 22}
547.1280 	EXP 	text: autoDraw = False
547.1280 	EXP 	text: text = 22
547.1280 	EXP 	text: autoDraw = True
2903.4345 	EXP 	New trial (rep=0, index=9): {'countdown': 21}
2903.4391 	EXP 	New trial (rep=0, index=10): {'countdown': 20}
2903.4426 	EXP 	New trial (rep=0, index=11): {'countdown': 19}
2903.4464 	EXP 	New trial (rep=0, index=12): {'countdown': 18}
2903.4507 	EXP 	New trial (rep=0, index=13): {'countdown': 17}
2903.4537 	EXP 	New trial (rep=0, index=14): {'countdown': 16}
2903.4564 	EXP 	New trial (rep=0, index=15): {'countdown': 15}
2903.4594 	EXP 	New trial (rep=0, index=16): {'countdown': 14}
2903.4639 	EXP 	New trial (rep=0, index=17): {'countdown': 13}
2903.4752 	EXP 	New trial (rep=0, index=18): {'countdown': 12}
2903.4864 	EXP 	New trial (rep=0, index=19): {'countdown': 11}
2903.4914 	EXP 	New trial (rep=0, index=20): {'countdown': 10}
2903.4944 	EXP 	New trial (rep=0, index=21): {'countdown': 9}
2903.5071 	EXP 	New trial (rep=0, index=22): {'countdown': 8}
2903.5122 	EXP 	New trial (rep=0, index=23): {'countdown': 7}
2903.5176 	EXP 	New trial (rep=0, index=24): {'countdown': 6}
2903.5206 	EXP 	New trial (rep=0, index=25): {'countdown': 5}
2903.5234 	EXP 	New trial (rep=0, index=26): {'countdown': 4}
2903.5256 	EXP 	New trial (rep=0, index=27): {'countdown': 3}
2903.5283 	EXP 	New trial (rep=0, index=28): {'countdown': 2}
2903.5413 	EXP 	New trial (rep=0, index=29): {'countdown': 1}
2903.5452 	EXP 	New trial (rep=0, index=30): {'countdown': 0}
2903.5669 	EXP 	text: autoDraw = False
2903.5669 	EXP 	text: text = 21
2903.5669 	EXP 	text: autoDraw = False
2903.5669 	EXP 	text: text = 20
2903.5669 	EXP 	text: autoDraw = False
2903.5669 	EXP 	text: text = 19
2903.5669 	EXP 	text: autoDraw = False
2903.5669 	EXP 	text: text = 18
2903.5669 	EXP 	text: autoDraw = False
2903.5669 	EXP 	text: text = 17
2903.5669 	EXP 	text: autoDraw = False
2903.5669 	EXP 	text: text = 16
2903.5669 	EXP 	text: autoDraw = False
2903.5669 	EXP 	text: text = 15
2903.5669 	EXP 	text: autoDraw = False
2903.5669 	EXP 	text: text = 14
2903.5669 	EXP 	text: autoDraw = False
2903.5669 	EXP 	text: text = 13
2903.5669 	EXP 	text: autoDraw = False
2903.5669 	EXP 	text: text = 12
2903.5669 	EXP 	text: autoDraw = False
2903.5669 	EXP 	text: text = 11
2903.5669 	EXP 	text: autoDraw = False
2903.5669 	EXP 	text: text = 10
2903.5669 	EXP 	text: autoDraw = False
2903.5669 	EXP 	text: text = 9
2903.5669 	EXP 	text: autoDraw = False
2903.5669 	EXP 	text: text = 8
2903.5669 	EXP 	text: autoDraw = False
2903.5669 	EXP 	text: text = 7
2903.5669 	EXP 	text: autoDraw = False
2903.5669 	EXP 	text: text = 6
2903.5669 	EXP 	text: autoDraw = False
2903.5669 	EXP 	text: text = 5
2903.5669 	EXP 	text: autoDraw = False
2903.5669 	EXP 	text: text = 4
2903.5669 	EXP 	text: autoDraw = False
2903.5669 	EXP 	text: text = 3
2903.5669 	EXP 	text: autoDraw = False
2903.5669 	EXP 	text: text = 2
2903.5669 	EXP 	text: autoDraw = False
2903.5669 	EXP 	text: text = 1
2903.5669 	EXP 	text: autoDraw = False
2903.5669 	EXP 	text: text = 0
2903.5669 	EXP 	text: autoDraw = False
2903.6424 	EXP 	window1: mouseVisible = True
