2.8869 	WARNING 	We strongly recommend you activate the PTB sound engine in PsychoPy prefs as the preferred audio engine. Its timing is vastly superior. Your prefs are currently set to use ['sounddevice', 'PTB', 'pyo', 'pygame'] (in that order).
22.7450 	EXP 	Created window1 = Window(allowGUI=True, allowStencil=False, autoLog=True, backendConf=UNKNOWN, bitsMode=UNKNOWN, blendMode='avg', bpc=(8, 8, 8), color=array([0, 0, 0]), colorSpace='rgb', depthBits=8, fullscr=<method-wrapper '__getattribute__' of attributeSetter object at 0x0000022D9FD7EF98>, gamma=None, gammaErrorPolicy='raise', lms=UNKNOWN, monitor=<psychopy.monitors.calibTools.Monitor object at 0x0000022D9FDE45F8>, multiSample=False, name='window1', numSamples=2, pos=[810.0, 290.0], screen=0, size=array([300, 500]), stencilBits=0, stereo=False, units='height', useFBO=True, useRetina=False, viewOri=0.0, viewPos=None, viewScale=None, waitBlanking=True, winType='pyglet')
22.7453 	EXP 	window1: mouseVisible = True
22.7454 	EXP 	window1: recordFrameIntervals = False
22.9104 	EXP 	window1: recordFrameIntervals = True
23.0917 	EXP 	window1: recordFrameIntervals = False
23.1984 	EXP 	Sound sound_exposure set volume 1.000
23.3326 	EXP 	Created text = TextStim(__class__=<class 'psychopy.visual.text.TextStim'>, alignHoriz=method-wrapper(...), alignText='center', alignVert=method-wrapper(...), anchorHoriz='center', anchorVert='center', antialias=True, autoLog=True, bold=False, color=array([1, 1, 1]), colorSpace='rgb', contrast=1.0, depth=0.0, flipHoriz=False, flipVert=False, font='Open Sans', fontFiles=[], height=0.1, italic=False, languageStyle='LTR', name='text', opacity=1, ori=0.0, pos=array([0., 0.]), rgb=UNKNOWN, text='', units='height', win=Window(...), wrapWidth=1)
23.3330 	EXP 	Created sequence: random, trialTypes=1, nReps=5, seed=None
23.3332 	EXP 	New trial (rep=0, index=0): None
23.3422 	EXP 	Imported stimuli.xlsx as conditions, 50 conditions, 2 params
23.3426 	EXP 	Created sequence: random, trialTypes=50, nReps=1, seed=None
23.3428 	EXP 	New trial (rep=0, index=0): {'word_stimuli': 'sounds/gauche.ogg', 'isi': 0.7}
24.8316 	EXP 	New trial (rep=0, index=1): {'word_stimuli': 'sounds/gauche.ogg', 'isi': 0.7}
26.3324 	EXP 	New trial (rep=0, index=2): {'word_stimuli': 'sounds/gauche.ogg', 'isi': 0.7}
27.8441 	EXP 	New trial (rep=0, index=3): {'word_stimuli': 'sounds/gauche.ogg', 'isi': 0.7}
29.3341 	EXP 	New trial (rep=0, index=4): {'word_stimuli': 'sounds/droite.ogg', 'isi': 0.7}
30.8322 	EXP 	New trial (rep=0, index=5): {'word_stimuli': 'sounds/droite.ogg', 'isi': 0.7}
32.3353 	EXP 	New trial (rep=0, index=6): {'word_stimuli': 'sounds/gauche.ogg', 'isi': 0.7}
33.8339 	EXP 	New trial (rep=0, index=7): {'word_stimuli': 'sounds/gauche.ogg', 'isi': 0.7}
35.3351 	EXP 	New trial (rep=0, index=8): {'word_stimuli': 'sounds/droite.ogg', 'isi': 0.7}
36.8358 	EXP 	New trial (rep=0, index=9): {'word_stimuli': 'sounds/gauche.ogg', 'isi': 0.7}
38.3352 	EXP 	New trial (rep=0, index=10): {'word_stimuli': 'sounds/gauche.ogg', 'isi': 0.7}
39.8372 	EXP 	New trial (rep=0, index=11): {'word_stimuli': 'sounds/gauche.ogg', 'isi': 0.7}
41.3368 	EXP 	New trial (rep=0, index=12): {'word_stimuli': 'sounds/droite.ogg', 'isi': 0.7}
42.8355 	EXP 	New trial (rep=0, index=13): {'word_stimuli': 'sounds/gauche.ogg', 'isi': 0.7}
44.3364 	EXP 	New trial (rep=0, index=14): {'word_stimuli': 'sounds/gauche.ogg', 'isi': 0.7}
45.8361 	EXP 	New trial (rep=0, index=15): {'word_stimuli': 'sounds/droite.ogg', 'isi': 0.7}
47.3362 	EXP 	New trial (rep=0, index=16): {'word_stimuli': 'sounds/droite.ogg', 'isi': 0.7}
48.8371 	EXP 	New trial (rep=0, index=17): {'word_stimuli': 'sounds/droite.ogg', 'isi': 0.7}
50.3364 	EXP 	New trial (rep=0, index=18): {'word_stimuli': 'sounds/droite.ogg', 'isi': 0.7}
51.8372 	EXP 	New trial (rep=0, index=19): {'word_stimuli': 'sounds/gauche.ogg', 'isi': 0.7}
53.3381 	EXP 	New trial (rep=0, index=20): {'word_stimuli': 'sounds/droite.ogg', 'isi': 0.7}
54.8386 	EXP 	New trial (rep=0, index=21): {'word_stimuli': 'sounds/droite.ogg', 'isi': 0.7}
56.3386 	EXP 	New trial (rep=0, index=22): {'word_stimuli': 'sounds/droite.ogg', 'isi': 0.7}
57.8392 	EXP 	New trial (rep=0, index=23): {'word_stimuli': 'sounds/droite.ogg', 'isi': 0.7}
59.3391 	EXP 	New trial (rep=0, index=24): {'word_stimuli': 'sounds/gauche.ogg', 'isi': 0.7}
60.8397 	EXP 	New trial (rep=0, index=25): {'word_stimuli': 'sounds/droite.ogg', 'isi': 0.7}
62.3390 	EXP 	New trial (rep=0, index=26): {'word_stimuli': 'sounds/gauche.ogg', 'isi': 0.7}
63.8404 	EXP 	New trial (rep=0, index=27): {'word_stimuli': 'sounds/droite.ogg', 'isi': 0.7}
65.3406 	EXP 	New trial (rep=0, index=28): {'word_stimuli': 'sounds/gauche.ogg', 'isi': 0.7}
66.8411 	EXP 	New trial (rep=0, index=29): {'word_stimuli': 'sounds/gauche.ogg', 'isi': 0.7}
68.3404 	EXP 	New trial (rep=0, index=30): {'word_stimuli': 'sounds/droite.ogg', 'isi': 0.7}
69.8411 	EXP 	New trial (rep=0, index=31): {'word_stimuli': 'sounds/gauche.ogg', 'isi': 0.7}
71.3414 	EXP 	New trial (rep=0, index=32): {'word_stimuli': 'sounds/droite.ogg', 'isi': 0.7}
72.8422 	EXP 	New trial (rep=0, index=33): {'word_stimuli': 'sounds/droite.ogg', 'isi': 0.7}
74.3412 	EXP 	New trial (rep=0, index=34): {'word_stimuli': 'sounds/gauche.ogg', 'isi': 0.7}
75.8438 	EXP 	New trial (rep=0, index=35): {'word_stimuli': 'sounds/droite.ogg', 'isi': 0.7}
77.3432 	EXP 	New trial (rep=0, index=36): {'word_stimuli': 'sounds/gauche.ogg', 'isi': 0.7}
78.8452 	EXP 	New trial (rep=0, index=37): {'word_stimuli': 'sounds/gauche.ogg', 'isi': 0.7}
80.3436 	EXP 	New trial (rep=0, index=38): {'word_stimuli': 'sounds/droite.ogg', 'isi': 0.7}
81.8441 	EXP 	New trial (rep=0, index=39): {'word_stimuli': 'sounds/gauche.ogg', 'isi': 0.7}
83.3452 	EXP 	New trial (rep=0, index=40): {'word_stimuli': 'sounds/droite.ogg', 'isi': 0.7}
84.8461 	EXP 	New trial (rep=0, index=41): {'word_stimuli': 'sounds/droite.ogg', 'isi': 0.7}
86.3448 	EXP 	New trial (rep=0, index=42): {'word_stimuli': 'sounds/gauche.ogg', 'isi': 0.7}
87.8467 	EXP 	New trial (rep=0, index=43): {'word_stimuli': 'sounds/droite.ogg', 'isi': 0.7}
89.3468 	EXP 	New trial (rep=0, index=44): {'word_stimuli': 'sounds/droite.ogg', 'isi': 0.7}
90.8470 	EXP 	New trial (rep=0, index=45): {'word_stimuli': 'sounds/gauche.ogg', 'isi': 0.7}
92.3475 	EXP 	New trial (rep=0, index=46): {'word_stimuli': 'sounds/gauche.ogg', 'isi': 0.7}
93.8465 	EXP 	New trial (rep=0, index=47): {'word_stimuli': 'sounds/droite.ogg', 'isi': 0.7}
95.3469 	EXP 	New trial (rep=0, index=48): {'word_stimuli': 'sounds/droite.ogg', 'isi': 0.7}
96.8473 	EXP 	New trial (rep=0, index=49): {'word_stimuli': 'sounds/gauche.ogg', 'isi': 0.7}
98.3770 	EXP 	Imported countdown.xlsx as conditions, 31 conditions, 1 params
98.3783 	EXP 	Created sequence: sequential, trialTypes=31, nReps=1, seed=None
98.3794 	EXP 	New trial (rep=0, index=0): {'countdown': 30}
98.4662 	EXP 	text: text = 30
98.4662 	EXP 	text: autoDraw = True
99.3629 	EXP 	New trial (rep=0, index=1): {'countdown': 29}
99.3914 	EXP 	text: autoDraw = False
99.3914 	EXP 	text: text = 29
99.3914 	EXP 	text: autoDraw = True
100.3626 	EXP 	New trial (rep=0, index=2): {'countdown': 28}
100.3918 	EXP 	text: autoDraw = False
100.3918 	EXP 	text: text = 28
100.3918 	EXP 	text: autoDraw = True
101.3619 	EXP 	New trial (rep=0, index=3): {'countdown': 27}
101.3917 	EXP 	text: autoDraw = False
101.3917 	EXP 	text: text = 27
101.3917 	EXP 	text: autoDraw = True
102.3622 	EXP 	New trial (rep=0, index=4): {'countdown': 26}
102.3919 	EXP 	text: autoDraw = False
102.3919 	EXP 	text: text = 26
102.3919 	EXP 	text: autoDraw = True
103.3625 	EXP 	New trial (rep=0, index=5): {'countdown': 25}
103.3922 	EXP 	text: autoDraw = False
103.3922 	EXP 	text: text = 25
103.3922 	EXP 	text: autoDraw = True
104.3628 	EXP 	New trial (rep=0, index=6): {'countdown': 24}
104.3928 	EXP 	text: autoDraw = False
104.3928 	EXP 	text: text = 24
104.3928 	EXP 	text: autoDraw = True
105.3629 	EXP 	New trial (rep=0, index=7): {'countdown': 23}
105.3925 	EXP 	text: autoDraw = False
105.3925 	EXP 	text: text = 23
105.3925 	EXP 	text: autoDraw = True
106.3632 	EXP 	New trial (rep=0, index=8): {'countdown': 22}
106.3927 	EXP 	text: autoDraw = False
106.3927 	EXP 	text: text = 22
106.3927 	EXP 	text: autoDraw = True
107.3629 	EXP 	New trial (rep=0, index=9): {'countdown': 21}
107.3932 	EXP 	text: autoDraw = False
107.3932 	EXP 	text: text = 21
107.3932 	EXP 	text: autoDraw = True
108.3633 	EXP 	New trial (rep=0, index=10): {'countdown': 20}
108.3936 	EXP 	text: autoDraw = False
108.3936 	EXP 	text: text = 20
108.3936 	EXP 	text: autoDraw = True
109.3637 	EXP 	New trial (rep=0, index=11): {'countdown': 19}
109.3946 	EXP 	text: autoDraw = False
109.3946 	EXP 	text: text = 19
109.3946 	EXP 	text: autoDraw = True
110.3638 	EXP 	New trial (rep=0, index=12): {'countdown': 18}
110.3936 	EXP 	text: autoDraw = False
110.3936 	EXP 	text: text = 18
110.3936 	EXP 	text: autoDraw = True
111.3638 	EXP 	New trial (rep=0, index=13): {'countdown': 17}
111.3940 	EXP 	text: autoDraw = False
111.3940 	EXP 	text: text = 17
111.3940 	EXP 	text: autoDraw = True
112.3643 	EXP 	New trial (rep=0, index=14): {'countdown': 16}
112.3945 	EXP 	text: autoDraw = False
112.3945 	EXP 	text: text = 16
112.3945 	EXP 	text: autoDraw = True
113.3642 	EXP 	New trial (rep=0, index=15): {'countdown': 15}
113.3949 	EXP 	text: autoDraw = False
113.3949 	EXP 	text: text = 15
113.3949 	EXP 	text: autoDraw = True
114.3643 	EXP 	New trial (rep=0, index=16): {'countdown': 14}
114.3950 	EXP 	text: autoDraw = False
114.3950 	EXP 	text: text = 14
114.3950 	EXP 	text: autoDraw = True
115.3646 	EXP 	New trial (rep=0, index=17): {'countdown': 13}
115.3952 	EXP 	text: autoDraw = False
115.3952 	EXP 	text: text = 13
115.3952 	EXP 	text: autoDraw = True
116.3648 	EXP 	New trial (rep=0, index=18): {'countdown': 12}
116.3948 	EXP 	text: autoDraw = False
116.3948 	EXP 	text: text = 12
116.3948 	EXP 	text: autoDraw = True
117.3487 	EXP 	New trial (rep=0, index=19): {'countdown': 11}
117.3789 	EXP 	text: autoDraw = False
117.3789 	EXP 	text: text = 11
117.3789 	EXP 	text: autoDraw = True
118.3652 	EXP 	New trial (rep=0, index=20): {'countdown': 10}
118.3942 	EXP 	text: autoDraw = False
118.3942 	EXP 	text: text = 10
118.3942 	EXP 	text: autoDraw = True
119.3489 	EXP 	New trial (rep=0, index=21): {'countdown': 9}
119.3791 	EXP 	text: autoDraw = False
119.3791 	EXP 	text: text = 9
119.3791 	EXP 	text: autoDraw = True
120.3489 	EXP 	New trial (rep=0, index=22): {'countdown': 8}
120.3799 	EXP 	text: autoDraw = False
120.3799 	EXP 	text: text = 8
120.3799 	EXP 	text: autoDraw = True
121.3630 	EXP 	New trial (rep=0, index=23): {'countdown': 7}
121.3790 	EXP 	text: autoDraw = False
121.3790 	EXP 	text: text = 7
121.3790 	EXP 	text: autoDraw = True
122.3504 	EXP 	New trial (rep=0, index=24): {'countdown': 6}
122.3802 	EXP 	text: autoDraw = False
122.3802 	EXP 	text: text = 6
122.3802 	EXP 	text: autoDraw = True
123.3497 	EXP 	New trial (rep=0, index=25): {'countdown': 5}
123.3803 	EXP 	text: autoDraw = False
123.3803 	EXP 	text: text = 5
123.3803 	EXP 	text: autoDraw = True
124.3524 	EXP 	New trial (rep=0, index=26): {'countdown': 4}
124.3803 	EXP 	text: autoDraw = False
124.3803 	EXP 	text: text = 4
124.3803 	EXP 	text: autoDraw = True
125.3509 	EXP 	New trial (rep=0, index=27): {'countdown': 3}
125.3803 	EXP 	text: autoDraw = False
125.3803 	EXP 	text: text = 3
125.3803 	EXP 	text: autoDraw = True
126.3503 	EXP 	New trial (rep=0, index=28): {'countdown': 2}
126.3806 	EXP 	text: autoDraw = False
126.3806 	EXP 	text: text = 2
126.3806 	EXP 	text: autoDraw = True
127.3518 	EXP 	New trial (rep=0, index=29): {'countdown': 1}
127.3810 	EXP 	text: autoDraw = False
127.3810 	EXP 	text: text = 1
127.3810 	EXP 	text: autoDraw = True
128.3510 	EXP 	New trial (rep=0, index=30): {'countdown': 0}
128.3809 	EXP 	text: autoDraw = False
128.3809 	EXP 	text: text = 0
128.3809 	EXP 	text: autoDraw = True
129.3513 	EXP 	New trial (rep=1, index=0): None
129.3953 	EXP 	Imported stimuli.xlsx as conditions, 50 conditions, 2 params
129.3963 	EXP 	Created sequence: random, trialTypes=50, nReps=1, seed=None
129.3970 	EXP 	New trial (rep=0, index=0): {'word_stimuli': 'sounds/droite.ogg', 'isi': 0.7}
129.4134 	EXP 	text: autoDraw = False
130.8866 	EXP 	New trial (rep=0, index=1): {'word_stimuli': 'sounds/gauche.ogg', 'isi': 0.7}
132.3871 	EXP 	New trial (rep=0, index=2): {'word_stimuli': 'sounds/gauche.ogg', 'isi': 0.7}
133.8879 	EXP 	New trial (rep=0, index=3): {'word_stimuli': 'sounds/gauche.ogg', 'isi': 0.7}
135.3880 	EXP 	New trial (rep=0, index=4): {'word_stimuli': 'sounds/droite.ogg', 'isi': 0.7}
136.8877 	EXP 	New trial (rep=0, index=5): {'word_stimuli': 'sounds/gauche.ogg', 'isi': 0.7}
138.3885 	EXP 	New trial (rep=0, index=6): {'word_stimuli': 'sounds/gauche.ogg', 'isi': 0.7}
139.8892 	EXP 	New trial (rep=0, index=7): {'word_stimuli': 'sounds/droite.ogg', 'isi': 0.7}
141.4060 	EXP 	New trial (rep=0, index=8): {'word_stimuli': 'sounds/droite.ogg', 'isi': 0.7}
142.9072 	EXP 	New trial (rep=0, index=9): {'word_stimuli': 'sounds/gauche.ogg', 'isi': 0.7}
144.4065 	EXP 	New trial (rep=0, index=10): {'word_stimuli': 'sounds/droite.ogg', 'isi': 0.7}
145.9065 	EXP 	New trial (rep=0, index=11): {'word_stimuli': 'sounds/droite.ogg', 'isi': 0.7}
147.4069 	EXP 	New trial (rep=0, index=12): {'word_stimuli': 'sounds/droite.ogg', 'isi': 0.7}
148.9075 	EXP 	New trial (rep=0, index=13): {'word_stimuli': 'sounds/gauche.ogg', 'isi': 0.7}
150.4076 	EXP 	New trial (rep=0, index=14): {'word_stimuli': 'sounds/droite.ogg', 'isi': 0.7}
151.9081 	EXP 	New trial (rep=0, index=15): {'word_stimuli': 'sounds/gauche.ogg', 'isi': 0.7}
153.4084 	EXP 	New trial (rep=0, index=16): {'word_stimuli': 'sounds/droite.ogg', 'isi': 0.7}
154.9087 	EXP 	New trial (rep=0, index=17): {'word_stimuli': 'sounds/gauche.ogg', 'isi': 0.7}
156.4091 	EXP 	New trial (rep=0, index=18): {'word_stimuli': 'sounds/gauche.ogg', 'isi': 0.7}
157.9093 	EXP 	New trial (rep=0, index=19): {'word_stimuli': 'sounds/gauche.ogg', 'isi': 0.7}
159.4096 	EXP 	New trial (rep=0, index=20): {'word_stimuli': 'sounds/gauche.ogg', 'isi': 0.7}
160.9098 	EXP 	New trial (rep=0, index=21): {'word_stimuli': 'sounds/droite.ogg', 'isi': 0.7}
162.4101 	EXP 	New trial (rep=0, index=22): {'word_stimuli': 'sounds/droite.ogg', 'isi': 0.7}
163.9105 	EXP 	New trial (rep=0, index=23): {'word_stimuli': 'sounds/gauche.ogg', 'isi': 0.7}
165.4106 	EXP 	New trial (rep=0, index=24): {'word_stimuli': 'sounds/droite.ogg', 'isi': 0.7}
166.9118 	EXP 	New trial (rep=0, index=25): {'word_stimuli': 'sounds/droite.ogg', 'isi': 0.7}
168.4115 	EXP 	New trial (rep=0, index=26): {'word_stimuli': 'sounds/gauche.ogg', 'isi': 0.7}
169.9117 	EXP 	New trial (rep=0, index=27): {'word_stimuli': 'sounds/droite.ogg', 'isi': 0.7}
171.4122 	EXP 	New trial (rep=0, index=28): {'word_stimuli': 'sounds/droite.ogg', 'isi': 0.7}
172.9118 	EXP 	New trial (rep=0, index=29): {'word_stimuli': 'sounds/droite.ogg', 'isi': 0.7}
174.4124 	EXP 	New trial (rep=0, index=30): {'word_stimuli': 'sounds/gauche.ogg', 'isi': 0.7}
175.9126 	EXP 	New trial (rep=0, index=31): {'word_stimuli': 'sounds/gauche.ogg', 'isi': 0.7}
177.4304 	EXP 	New trial (rep=0, index=32): {'word_stimuli': 'sounds/gauche.ogg', 'isi': 0.7}
178.9303 	EXP 	New trial (rep=0, index=33): {'word_stimuli': 'sounds/gauche.ogg', 'isi': 0.7}
180.4310 	EXP 	New trial (rep=0, index=34): {'word_stimuli': 'sounds/droite.ogg', 'isi': 0.7}
181.9305 	EXP 	New trial (rep=0, index=35): {'word_stimuli': 'sounds/gauche.ogg', 'isi': 0.7}
183.4308 	EXP 	New trial (rep=0, index=36): {'word_stimuli': 'sounds/gauche.ogg', 'isi': 0.7}
184.9322 	EXP 	New trial (rep=0, index=37): {'word_stimuli': 'sounds/gauche.ogg', 'isi': 0.7}
186.4322 	EXP 	New trial (rep=0, index=38): {'word_stimuli': 'sounds/gauche.ogg', 'isi': 0.7}
187.9324 	EXP 	New trial (rep=0, index=39): {'word_stimuli': 'sounds/droite.ogg', 'isi': 0.7}
189.4324 	EXP 	New trial (rep=0, index=40): {'word_stimuli': 'sounds/droite.ogg', 'isi': 0.7}
190.9329 	EXP 	New trial (rep=0, index=41): {'word_stimuli': 'sounds/gauche.ogg', 'isi': 0.7}
192.4345 	EXP 	New trial (rep=0, index=42): {'word_stimuli': 'sounds/droite.ogg', 'isi': 0.7}
193.9348 	EXP 	New trial (rep=0, index=43): {'word_stimuli': 'sounds/droite.ogg', 'isi': 0.7}
195.4347 	EXP 	New trial (rep=0, index=44): {'word_stimuli': 'sounds/droite.ogg', 'isi': 0.7}
196.9358 	EXP 	New trial (rep=0, index=45): {'word_stimuli': 'sounds/gauche.ogg', 'isi': 0.7}
198.4363 	EXP 	New trial (rep=0, index=46): {'word_stimuli': 'sounds/droite.ogg', 'isi': 0.7}
199.9351 	EXP 	New trial (rep=0, index=47): {'word_stimuli': 'sounds/droite.ogg', 'isi': 0.7}
201.4350 	EXP 	New trial (rep=0, index=48): {'word_stimuli': 'sounds/droite.ogg', 'isi': 0.7}
202.9352 	EXP 	New trial (rep=0, index=49): {'word_stimuli': 'sounds/gauche.ogg', 'isi': 0.7}
204.4609 	EXP 	Imported countdown.xlsx as conditions, 31 conditions, 1 params
204.4617 	EXP 	Created sequence: sequential, trialTypes=31, nReps=1, seed=None
204.4623 	EXP 	New trial (rep=0, index=0): {'countdown': 30}
204.4794 	EXP 	text: text = 30
204.4794 	EXP 	text: autoDraw = True
205.4505 	EXP 	New trial (rep=0, index=1): {'countdown': 29}
205.4802 	EXP 	text: autoDraw = False
205.4802 	EXP 	text: text = 29
205.4802 	EXP 	text: autoDraw = True
206.4509 	EXP 	New trial (rep=0, index=2): {'countdown': 28}
206.4804 	EXP 	text: autoDraw = False
206.4804 	EXP 	text: text = 28
206.4804 	EXP 	text: autoDraw = True
207.4511 	EXP 	New trial (rep=0, index=3): {'countdown': 27}
207.4803 	EXP 	text: autoDraw = False
207.4803 	EXP 	text: text = 27
207.4803 	EXP 	text: autoDraw = True
208.4507 	EXP 	New trial (rep=0, index=4): {'countdown': 26}
208.4802 	EXP 	text: autoDraw = False
208.4802 	EXP 	text: text = 26
208.4802 	EXP 	text: autoDraw = True
209.4509 	EXP 	New trial (rep=0, index=5): {'countdown': 25}
209.4809 	EXP 	text: autoDraw = False
209.4809 	EXP 	text: text = 25
209.4809 	EXP 	text: autoDraw = True
210.4509 	EXP 	New trial (rep=0, index=6): {'countdown': 24}
210.4807 	EXP 	text: autoDraw = False
210.4807 	EXP 	text: text = 24
210.4807 	EXP 	text: autoDraw = True
211.4512 	EXP 	New trial (rep=0, index=7): {'countdown': 23}
211.4811 	EXP 	text: autoDraw = False
211.4811 	EXP 	text: text = 23
211.4811 	EXP 	text: autoDraw = True
212.4513 	EXP 	New trial (rep=0, index=8): {'countdown': 22}
212.4810 	EXP 	text: autoDraw = False
212.4810 	EXP 	text: text = 22
212.4810 	EXP 	text: autoDraw = True
213.4521 	EXP 	New trial (rep=0, index=9): {'countdown': 21}
213.4811 	EXP 	text: autoDraw = False
213.4811 	EXP 	text: text = 21
213.4811 	EXP 	text: autoDraw = True
214.4523 	EXP 	New trial (rep=0, index=10): {'countdown': 20}
214.4812 	EXP 	text: autoDraw = False
214.4812 	EXP 	text: text = 20
214.4812 	EXP 	text: autoDraw = True
215.4522 	EXP 	New trial (rep=0, index=11): {'countdown': 19}
215.4815 	EXP 	text: autoDraw = False
215.4815 	EXP 	text: text = 19
215.4815 	EXP 	text: autoDraw = True
216.4527 	EXP 	New trial (rep=0, index=12): {'countdown': 18}
216.4818 	EXP 	text: autoDraw = False
216.4818 	EXP 	text: text = 18
216.4818 	EXP 	text: autoDraw = True
217.4525 	EXP 	New trial (rep=0, index=13): {'countdown': 17}
217.4820 	EXP 	text: autoDraw = False
217.4820 	EXP 	text: text = 17
217.4820 	EXP 	text: autoDraw = True
218.4519 	EXP 	New trial (rep=0, index=14): {'countdown': 16}
218.4817 	EXP 	text: autoDraw = False
218.4817 	EXP 	text: text = 16
218.4817 	EXP 	text: autoDraw = True
219.4532 	EXP 	New trial (rep=0, index=15): {'countdown': 15}
219.4823 	EXP 	text: autoDraw = False
219.4823 	EXP 	text: text = 15
219.4823 	EXP 	text: autoDraw = True
220.4362 	EXP 	New trial (rep=0, index=16): {'countdown': 14}
220.4659 	EXP 	text: autoDraw = False
220.4659 	EXP 	text: text = 14
220.4659 	EXP 	text: autoDraw = True
221.4364 	EXP 	New trial (rep=0, index=17): {'countdown': 13}
221.4665 	EXP 	text: autoDraw = False
221.4665 	EXP 	text: text = 13
221.4665 	EXP 	text: autoDraw = True
222.4371 	EXP 	New trial (rep=0, index=18): {'countdown': 12}
222.4669 	EXP 	text: autoDraw = False
222.4669 	EXP 	text: text = 12
222.4669 	EXP 	text: autoDraw = True
223.4368 	EXP 	New trial (rep=0, index=19): {'countdown': 11}
223.4669 	EXP 	text: autoDraw = False
223.4669 	EXP 	text: text = 11
223.4669 	EXP 	text: autoDraw = True
224.4366 	EXP 	New trial (rep=0, index=20): {'countdown': 10}
224.4671 	EXP 	text: autoDraw = False
224.4671 	EXP 	text: text = 10
224.4671 	EXP 	text: autoDraw = True
225.4370 	EXP 	New trial (rep=0, index=21): {'countdown': 9}
225.4673 	EXP 	text: autoDraw = False
225.4673 	EXP 	text: text = 9
225.4673 	EXP 	text: autoDraw = True
226.4376 	EXP 	New trial (rep=0, index=22): {'countdown': 8}
226.4664 	EXP 	text: autoDraw = False
226.4664 	EXP 	text: text = 8
226.4664 	EXP 	text: autoDraw = True
227.4377 	EXP 	New trial (rep=0, index=23): {'countdown': 7}
227.4675 	EXP 	text: autoDraw = False
227.4675 	EXP 	text: text = 7
227.4675 	EXP 	text: autoDraw = True
228.4379 	EXP 	New trial (rep=0, index=24): {'countdown': 6}
228.4693 	EXP 	text: autoDraw = False
228.4693 	EXP 	text: text = 6
228.4693 	EXP 	text: autoDraw = True
229.4380 	EXP 	New trial (rep=0, index=25): {'countdown': 5}
229.4681 	EXP 	text: autoDraw = False
229.4681 	EXP 	text: text = 5
229.4681 	EXP 	text: autoDraw = True
230.4383 	EXP 	New trial (rep=0, index=26): {'countdown': 4}
230.4692 	EXP 	text: autoDraw = False
230.4692 	EXP 	text: text = 4
230.4692 	EXP 	text: autoDraw = True
231.4386 	EXP 	New trial (rep=0, index=27): {'countdown': 3}
231.4682 	EXP 	text: autoDraw = False
231.4682 	EXP 	text: text = 3
231.4682 	EXP 	text: autoDraw = True
232.4386 	EXP 	New trial (rep=0, index=28): {'countdown': 2}
232.4683 	EXP 	text: autoDraw = False
232.4683 	EXP 	text: text = 2
232.4683 	EXP 	text: autoDraw = True
233.4389 	EXP 	New trial (rep=0, index=29): {'countdown': 1}
233.4691 	EXP 	text: autoDraw = False
233.4691 	EXP 	text: text = 1
233.4691 	EXP 	text: autoDraw = True
234.4393 	EXP 	New trial (rep=0, index=30): {'countdown': 0}
234.4691 	EXP 	text: autoDraw = False
234.4691 	EXP 	text: text = 0
234.4691 	EXP 	text: autoDraw = True
235.4396 	EXP 	New trial (rep=2, index=0): None
235.4732 	EXP 	Imported stimuli.xlsx as conditions, 50 conditions, 2 params
235.4740 	EXP 	Created sequence: random, trialTypes=50, nReps=1, seed=None
235.4744 	EXP 	New trial (rep=0, index=0): {'word_stimuli': 'sounds/gauche.ogg', 'isi': 0.7}
235.5011 	EXP 	text: autoDraw = False
236.9767 	EXP 	New trial (rep=0, index=1): {'word_stimuli': 'sounds/droite.ogg', 'isi': 0.7}
238.4764 	EXP 	New trial (rep=0, index=2): {'word_stimuli': 'sounds/gauche.ogg', 'isi': 0.7}
239.9756 	EXP 	New trial (rep=0, index=3): {'word_stimuli': 'sounds/droite.ogg', 'isi': 0.7}
241.4773 	EXP 	New trial (rep=0, index=4): {'word_stimuli': 'sounds/gauche.ogg', 'isi': 0.7}
242.9771 	EXP 	New trial (rep=0, index=5): {'word_stimuli': 'sounds/droite.ogg', 'isi': 0.7}
244.4771 	EXP 	New trial (rep=0, index=6): {'word_stimuli': 'sounds/gauche.ogg', 'isi': 0.7}
245.9773 	EXP 	New trial (rep=0, index=7): {'word_stimuli': 'sounds/gauche.ogg', 'isi': 0.7}
247.4771 	EXP 	New trial (rep=0, index=8): {'word_stimuli': 'sounds/gauche.ogg', 'isi': 0.7}
248.9781 	EXP 	New trial (rep=0, index=9): {'word_stimuli': 'sounds/droite.ogg', 'isi': 0.7}
250.4782 	EXP 	New trial (rep=0, index=10): {'word_stimuli': 'sounds/droite.ogg', 'isi': 0.7}
251.9784 	EXP 	New trial (rep=0, index=11): {'word_stimuli': 'sounds/gauche.ogg', 'isi': 0.7}
253.4781 	EXP 	New trial (rep=0, index=12): {'word_stimuli': 'sounds/gauche.ogg', 'isi': 0.7}
254.9787 	EXP 	New trial (rep=0, index=13): {'word_stimuli': 'sounds/gauche.ogg', 'isi': 0.7}
256.4791 	EXP 	New trial (rep=0, index=14): {'word_stimuli': 'sounds/gauche.ogg', 'isi': 0.7}
257.9801 	EXP 	New trial (rep=0, index=15): {'word_stimuli': 'sounds/droite.ogg', 'isi': 0.7}
259.4802 	EXP 	New trial (rep=0, index=16): {'word_stimuli': 'sounds/droite.ogg', 'isi': 0.7}
260.9801 	EXP 	New trial (rep=0, index=17): {'word_stimuli': 'sounds/gauche.ogg', 'isi': 0.7}
262.4801 	EXP 	New trial (rep=0, index=18): {'word_stimuli': 'sounds/droite.ogg', 'isi': 0.7}
263.9806 	EXP 	New trial (rep=0, index=19): {'word_stimuli': 'sounds/gauche.ogg', 'isi': 0.7}
265.4814 	EXP 	New trial (rep=0, index=20): {'word_stimuli': 'sounds/gauche.ogg', 'isi': 0.7}
266.9816 	EXP 	New trial (rep=0, index=21): {'word_stimuli': 'sounds/gauche.ogg', 'isi': 0.7}
268.4822 	EXP 	New trial (rep=0, index=22): {'word_stimuli': 'sounds/gauche.ogg', 'isi': 0.7}
269.9822 	EXP 	New trial (rep=0, index=23): {'word_stimuli': 'sounds/droite.ogg', 'isi': 0.7}
271.4832 	EXP 	New trial (rep=0, index=24): {'word_stimuli': 'sounds/gauche.ogg', 'isi': 0.7}
272.9823 	EXP 	New trial (rep=0, index=25): {'word_stimuli': 'sounds/gauche.ogg', 'isi': 0.7}
274.4834 	EXP 	New trial (rep=0, index=26): {'word_stimuli': 'sounds/droite.ogg', 'isi': 0.7}
275.9845 	EXP 	New trial (rep=0, index=27): {'word_stimuli': 'sounds/droite.ogg', 'isi': 0.7}
277.4833 	EXP 	New trial (rep=0, index=28): {'word_stimuli': 'sounds/droite.ogg', 'isi': 0.7}
278.9857 	EXP 	New trial (rep=0, index=29): {'word_stimuli': 'sounds/gauche.ogg', 'isi': 0.7}
280.4862 	EXP 	New trial (rep=0, index=30): {'word_stimuli': 'sounds/gauche.ogg', 'isi': 0.7}
281.9841 	EXP 	New trial (rep=0, index=31): {'word_stimuli': 'sounds/droite.ogg', 'isi': 0.7}
283.4844 	EXP 	New trial (rep=0, index=32): {'word_stimuli': 'sounds/droite.ogg', 'isi': 0.7}
284.9871 	EXP 	New trial (rep=0, index=33): {'word_stimuli': 'sounds/droite.ogg', 'isi': 0.7}
286.4851 	EXP 	New trial (rep=0, index=34): {'word_stimuli': 'sounds/gauche.ogg', 'isi': 0.7}
287.9861 	EXP 	New trial (rep=0, index=35): {'word_stimuli': 'sounds/droite.ogg', 'isi': 0.7}
289.4994 	EXP 	New trial (rep=0, index=36): {'word_stimuli': 'sounds/gauche.ogg', 'isi': 0.7}
291.0034 	EXP 	New trial (rep=0, index=37): {'word_stimuli': 'sounds/droite.ogg', 'isi': 0.7}
292.5166 	EXP 	New trial (rep=0, index=38): {'word_stimuli': 'sounds/droite.ogg', 'isi': 0.7}
294.0198 	EXP 	New trial (rep=0, index=39): {'word_stimuli': 'sounds/droite.ogg', 'isi': 0.7}
295.5169 	EXP 	New trial (rep=0, index=40): {'word_stimuli': 'sounds/droite.ogg', 'isi': 0.7}
297.0036 	EXP 	New trial (rep=0, index=41): {'word_stimuli': 'sounds/droite.ogg', 'isi': 0.7}
298.5049 	EXP 	New trial (rep=0, index=42): {'word_stimuli': 'sounds/droite.ogg', 'isi': 0.7}
300.0063 	EXP 	New trial (rep=0, index=43): {'word_stimuli': 'sounds/gauche.ogg', 'isi': 0.7}
301.5050 	EXP 	New trial (rep=0, index=44): {'word_stimuli': 'sounds/droite.ogg', 'isi': 0.7}
303.0051 	EXP 	New trial (rep=0, index=45): {'word_stimuli': 'sounds/droite.ogg', 'isi': 0.7}
304.5066 	EXP 	New trial (rep=0, index=46): {'word_stimuli': 'sounds/gauche.ogg', 'isi': 0.7}
306.0068 	EXP 	New trial (rep=0, index=47): {'word_stimuli': 'sounds/gauche.ogg', 'isi': 0.7}
307.5064 	EXP 	New trial (rep=0, index=48): {'word_stimuli': 'sounds/gauche.ogg', 'isi': 0.7}
309.0072 	EXP 	New trial (rep=0, index=49): {'word_stimuli': 'sounds/droite.ogg', 'isi': 0.7}
310.5347 	EXP 	Imported countdown.xlsx as conditions, 31 conditions, 1 params
310.5359 	EXP 	Created sequence: sequential, trialTypes=31, nReps=1, seed=None
310.5368 	EXP 	New trial (rep=0, index=0): {'countdown': 30}
310.5679 	EXP 	text: text = 30
310.5679 	EXP 	text: autoDraw = True
311.5222 	EXP 	New trial (rep=0, index=1): {'countdown': 29}
311.5513 	EXP 	text: autoDraw = False
311.5513 	EXP 	text: text = 29
311.5513 	EXP 	text: autoDraw = True
312.5226 	EXP 	New trial (rep=0, index=2): {'countdown': 28}
312.5514 	EXP 	text: autoDraw = False
312.5514 	EXP 	text: text = 28
312.5514 	EXP 	text: autoDraw = True
313.5223 	EXP 	New trial (rep=0, index=3): {'countdown': 27}
313.5515 	EXP 	text: autoDraw = False
313.5515 	EXP 	text: text = 27
313.5515 	EXP 	text: autoDraw = True
314.5222 	EXP 	New trial (rep=0, index=4): {'countdown': 26}
314.5517 	EXP 	text: autoDraw = False
314.5517 	EXP 	text: text = 26
314.5517 	EXP 	text: autoDraw = True
315.5224 	EXP 	New trial (rep=0, index=5): {'countdown': 25}
315.5526 	EXP 	text: autoDraw = False
315.5526 	EXP 	text: text = 25
315.5526 	EXP 	text: autoDraw = True
316.5224 	EXP 	New trial (rep=0, index=6): {'countdown': 24}
316.5524 	EXP 	text: autoDraw = False
316.5524 	EXP 	text: text = 24
316.5524 	EXP 	text: autoDraw = True
317.5226 	EXP 	New trial (rep=0, index=7): {'countdown': 23}
317.5528 	EXP 	text: autoDraw = False
317.5528 	EXP 	text: text = 23
317.5528 	EXP 	text: autoDraw = True
318.5229 	EXP 	New trial (rep=0, index=8): {'countdown': 22}
318.5524 	EXP 	text: autoDraw = False
318.5524 	EXP 	text: text = 22
318.5524 	EXP 	text: autoDraw = True
319.5232 	EXP 	New trial (rep=0, index=9): {'countdown': 21}
319.5527 	EXP 	text: autoDraw = False
319.5527 	EXP 	text: text = 21
319.5527 	EXP 	text: autoDraw = True
320.5083 	EXP 	New trial (rep=0, index=10): {'countdown': 20}
320.5364 	EXP 	text: autoDraw = False
320.5364 	EXP 	text: text = 20
320.5364 	EXP 	text: autoDraw = True
321.5206 	EXP 	New trial (rep=0, index=11): {'countdown': 19}
321.5361 	EXP 	text: autoDraw = False
321.5361 	EXP 	text: text = 19
321.5361 	EXP 	text: autoDraw = True
322.5240 	EXP 	New trial (rep=0, index=12): {'countdown': 18}
322.5539 	EXP 	text: autoDraw = False
322.5539 	EXP 	text: text = 18
322.5539 	EXP 	text: autoDraw = True
323.5238 	EXP 	New trial (rep=0, index=13): {'countdown': 17}
323.5538 	EXP 	text: autoDraw = False
323.5538 	EXP 	text: text = 17
323.5538 	EXP 	text: autoDraw = True
324.5241 	EXP 	New trial (rep=0, index=14): {'countdown': 16}
324.5539 	EXP 	text: autoDraw = False
324.5539 	EXP 	text: text = 16
324.5539 	EXP 	text: autoDraw = True
325.5240 	EXP 	New trial (rep=0, index=15): {'countdown': 15}
325.5542 	EXP 	text: autoDraw = False
325.5542 	EXP 	text: text = 15
325.5542 	EXP 	text: autoDraw = True
326.5241 	EXP 	New trial (rep=0, index=16): {'countdown': 14}
326.5545 	EXP 	text: autoDraw = False
326.5545 	EXP 	text: text = 14
326.5545 	EXP 	text: autoDraw = True
327.5082 	EXP 	New trial (rep=0, index=17): {'countdown': 13}
327.5377 	EXP 	text: autoDraw = False
327.5377 	EXP 	text: text = 13
327.5377 	EXP 	text: autoDraw = True
328.5087 	EXP 	New trial (rep=0, index=18): {'countdown': 12}
328.5383 	EXP 	text: autoDraw = False
328.5383 	EXP 	text: text = 12
328.5383 	EXP 	text: autoDraw = True
329.5080 	EXP 	New trial (rep=0, index=19): {'countdown': 11}
329.5383 	EXP 	text: autoDraw = False
329.5383 	EXP 	text: text = 11
329.5383 	EXP 	text: autoDraw = True
330.5086 	EXP 	New trial (rep=0, index=20): {'countdown': 10}
330.5386 	EXP 	text: autoDraw = False
330.5386 	EXP 	text: text = 10
330.5386 	EXP 	text: autoDraw = True
331.5089 	EXP 	New trial (rep=0, index=21): {'countdown': 9}
331.5389 	EXP 	text: autoDraw = False
331.5389 	EXP 	text: text = 9
331.5389 	EXP 	text: autoDraw = True
332.5090 	EXP 	New trial (rep=0, index=22): {'countdown': 8}
332.5390 	EXP 	text: autoDraw = False
332.5390 	EXP 	text: text = 8
332.5390 	EXP 	text: autoDraw = True
333.5097 	EXP 	New trial (rep=0, index=23): {'countdown': 7}
333.5393 	EXP 	text: autoDraw = False
333.5393 	EXP 	text: text = 7
333.5393 	EXP 	text: autoDraw = True
334.5095 	EXP 	New trial (rep=0, index=24): {'countdown': 6}
334.5398 	EXP 	text: autoDraw = False
334.5398 	EXP 	text: text = 6
334.5398 	EXP 	text: autoDraw = True
335.5097 	EXP 	New trial (rep=0, index=25): {'countdown': 5}
335.5401 	EXP 	text: autoDraw = False
335.5401 	EXP 	text: text = 5
335.5401 	EXP 	text: autoDraw = True
336.5098 	EXP 	New trial (rep=0, index=26): {'countdown': 4}
336.5405 	EXP 	text: autoDraw = False
336.5405 	EXP 	text: text = 4
336.5405 	EXP 	text: autoDraw = True
337.5112 	EXP 	New trial (rep=0, index=27): {'countdown': 3}
337.5403 	EXP 	text: autoDraw = False
337.5403 	EXP 	text: text = 3
337.5403 	EXP 	text: autoDraw = True
338.5105 	EXP 	New trial (rep=0, index=28): {'countdown': 2}
338.5403 	EXP 	text: autoDraw = False
338.5403 	EXP 	text: text = 2
338.5403 	EXP 	text: autoDraw = True
339.5101 	EXP 	New trial (rep=0, index=29): {'countdown': 1}
339.5405 	EXP 	text: autoDraw = False
339.5405 	EXP 	text: text = 1
339.5405 	EXP 	text: autoDraw = True
340.5113 	EXP 	New trial (rep=0, index=30): {'countdown': 0}
340.5408 	EXP 	text: autoDraw = False
340.5408 	EXP 	text: text = 0
340.5408 	EXP 	text: autoDraw = True
341.5118 	EXP 	New trial (rep=3, index=0): None
341.5420 	EXP 	Imported stimuli.xlsx as conditions, 50 conditions, 2 params
341.5426 	EXP 	Created sequence: random, trialTypes=50, nReps=1, seed=None
341.5430 	EXP 	New trial (rep=0, index=0): {'word_stimuli': 'sounds/gauche.ogg', 'isi': 0.7}
341.5564 	EXP 	text: autoDraw = False
343.0473 	EXP 	New trial (rep=0, index=1): {'word_stimuli': 'sounds/gauche.ogg', 'isi': 0.7}
344.5465 	EXP 	New trial (rep=0, index=2): {'word_stimuli': 'sounds/droite.ogg', 'isi': 0.7}
346.0470 	EXP 	New trial (rep=0, index=3): {'word_stimuli': 'sounds/droite.ogg', 'isi': 0.7}
347.5476 	EXP 	New trial (rep=0, index=4): {'word_stimuli': 'sounds/gauche.ogg', 'isi': 0.7}
349.0478 	EXP 	New trial (rep=0, index=5): {'word_stimuli': 'sounds/gauche.ogg', 'isi': 0.7}
350.5477 	EXP 	New trial (rep=0, index=6): {'word_stimuli': 'sounds/gauche.ogg', 'isi': 0.7}
352.0484 	EXP 	New trial (rep=0, index=7): {'word_stimuli': 'sounds/droite.ogg', 'isi': 0.7}
353.5495 	EXP 	New trial (rep=0, index=8): {'word_stimuli': 'sounds/droite.ogg', 'isi': 0.7}
355.0491 	EXP 	New trial (rep=0, index=9): {'word_stimuli': 'sounds/gauche.ogg', 'isi': 0.7}
356.5493 	EXP 	New trial (rep=0, index=10): {'word_stimuli': 'sounds/droite.ogg', 'isi': 0.7}
358.0496 	EXP 	New trial (rep=0, index=11): {'word_stimuli': 'sounds/droite.ogg', 'isi': 0.7}
359.5502 	EXP 	New trial (rep=0, index=12): {'word_stimuli': 'sounds/droite.ogg', 'isi': 0.7}
361.0500 	EXP 	New trial (rep=0, index=13): {'word_stimuli': 'sounds/gauche.ogg', 'isi': 0.7}
362.5511 	EXP 	New trial (rep=0, index=14): {'word_stimuli': 'sounds/gauche.ogg', 'isi': 0.7}
364.0515 	EXP 	New trial (rep=0, index=15): {'word_stimuli': 'sounds/droite.ogg', 'isi': 0.7}
365.5506 	EXP 	New trial (rep=0, index=16): {'word_stimuli': 'sounds/droite.ogg', 'isi': 0.7}
367.0520 	EXP 	New trial (rep=0, index=17): {'word_stimuli': 'sounds/gauche.ogg', 'isi': 0.7}
368.5491 	EXP 	New trial (rep=0, index=18): {'word_stimuli': 'sounds/droite.ogg', 'isi': 0.7}
370.0531 	EXP 	New trial (rep=0, index=19): {'word_stimuli': 'sounds/droite.ogg', 'isi': 0.7}
371.5523 	EXP 	New trial (rep=0, index=20): {'word_stimuli': 'sounds/gauche.ogg', 'isi': 0.7}
373.0523 	EXP 	New trial (rep=0, index=21): {'word_stimuli': 'sounds/gauche.ogg', 'isi': 0.7}
374.5546 	EXP 	New trial (rep=0, index=22): {'word_stimuli': 'sounds/droite.ogg', 'isi': 0.7}
376.0541 	EXP 	New trial (rep=0, index=23): {'word_stimuli': 'sounds/droite.ogg', 'isi': 0.7}
377.5554 	EXP 	New trial (rep=0, index=24): {'word_stimuli': 'sounds/droite.ogg', 'isi': 0.7}
379.0546 	EXP 	New trial (rep=0, index=25): {'word_stimuli': 'sounds/droite.ogg', 'isi': 0.7}
380.5543 	EXP 	New trial (rep=0, index=26): {'word_stimuli': 'sounds/droite.ogg', 'isi': 0.7}
382.0555 	EXP 	New trial (rep=0, index=27): {'word_stimuli': 'sounds/gauche.ogg', 'isi': 0.7}
383.5547 	EXP 	New trial (rep=0, index=28): {'word_stimuli': 'sounds/gauche.ogg', 'isi': 0.7}
385.0546 	EXP 	New trial (rep=0, index=29): {'word_stimuli': 'sounds/gauche.ogg', 'isi': 0.7}
386.5564 	EXP 	New trial (rep=0, index=30): {'word_stimuli': 'sounds/gauche.ogg', 'isi': 0.7}
388.0561 	EXP 	New trial (rep=0, index=31): {'word_stimuli': 'sounds/gauche.ogg', 'isi': 0.7}
389.5556 	EXP 	New trial (rep=0, index=32): {'word_stimuli': 'sounds/gauche.ogg', 'isi': 0.7}
391.0566 	EXP 	New trial (rep=0, index=33): {'word_stimuli': 'sounds/gauche.ogg', 'isi': 0.7}
392.5571 	EXP 	New trial (rep=0, index=34): {'word_stimuli': 'sounds/gauche.ogg', 'isi': 0.7}
394.0574 	EXP 	New trial (rep=0, index=35): {'word_stimuli': 'sounds/gauche.ogg', 'isi': 0.7}
395.5569 	EXP 	New trial (rep=0, index=36): {'word_stimuli': 'sounds/gauche.ogg', 'isi': 0.7}
397.0582 	EXP 	New trial (rep=0, index=37): {'word_stimuli': 'sounds/droite.ogg', 'isi': 0.7}
398.5708 	EXP 	New trial (rep=0, index=38): {'word_stimuli': 'sounds/droite.ogg', 'isi': 0.7}
400.0753 	EXP 	New trial (rep=0, index=39): {'word_stimuli': 'sounds/gauche.ogg', 'isi': 0.7}
401.5755 	EXP 	New trial (rep=0, index=40): {'word_stimuli': 'sounds/droite.ogg', 'isi': 0.7}
403.0765 	EXP 	New trial (rep=0, index=41): {'word_stimuli': 'sounds/gauche.ogg', 'isi': 0.7}
404.5760 	EXP 	New trial (rep=0, index=42): {'word_stimuli': 'sounds/droite.ogg', 'isi': 0.7}
406.0776 	EXP 	New trial (rep=0, index=43): {'word_stimuli': 'sounds/droite.ogg', 'isi': 0.7}
407.5769 	EXP 	New trial (rep=0, index=44): {'word_stimuli': 'sounds/gauche.ogg', 'isi': 0.7}
409.0771 	EXP 	New trial (rep=0, index=45): {'word_stimuli': 'sounds/droite.ogg', 'isi': 0.7}
410.5768 	EXP 	New trial (rep=0, index=46): {'word_stimuli': 'sounds/droite.ogg', 'isi': 0.7}
412.0773 	EXP 	New trial (rep=0, index=47): {'word_stimuli': 'sounds/droite.ogg', 'isi': 0.7}
413.5773 	EXP 	New trial (rep=0, index=48): {'word_stimuli': 'sounds/droite.ogg', 'isi': 0.7}
415.0782 	EXP 	New trial (rep=0, index=49): {'word_stimuli': 'sounds/gauche.ogg', 'isi': 0.7}
416.6063 	EXP 	Imported countdown.xlsx as conditions, 31 conditions, 1 params
416.6075 	EXP 	Created sequence: sequential, trialTypes=31, nReps=1, seed=None
416.6083 	EXP 	New trial (rep=0, index=0): {'countdown': 30}
416.6395 	EXP 	text: text = 30
416.6395 	EXP 	text: autoDraw = True
417.5937 	EXP 	New trial (rep=0, index=1): {'countdown': 29}
417.6216 	EXP 	text: autoDraw = False
417.6216 	EXP 	text: text = 29
417.6216 	EXP 	text: autoDraw = True
418.5933 	EXP 	New trial (rep=0, index=2): {'countdown': 28}
418.6228 	EXP 	text: autoDraw = False
418.6228 	EXP 	text: text = 28
418.6228 	EXP 	text: autoDraw = True
419.5932 	EXP 	New trial (rep=0, index=3): {'countdown': 27}
419.6231 	EXP 	text: autoDraw = False
419.6231 	EXP 	text: text = 27
419.6231 	EXP 	text: autoDraw = True
420.5935 	EXP 	New trial (rep=0, index=4): {'countdown': 26}
420.6245 	EXP 	text: autoDraw = False
420.6245 	EXP 	text: text = 26
420.6245 	EXP 	text: autoDraw = True
421.5940 	EXP 	New trial (rep=0, index=5): {'countdown': 25}
421.6235 	EXP 	text: autoDraw = False
421.6235 	EXP 	text: text = 25
421.6235 	EXP 	text: autoDraw = True
422.5941 	EXP 	New trial (rep=0, index=6): {'countdown': 24}
422.6243 	EXP 	text: autoDraw = False
422.6243 	EXP 	text: text = 24
422.6243 	EXP 	text: autoDraw = True
423.5940 	EXP 	New trial (rep=0, index=7): {'countdown': 23}
423.6242 	EXP 	text: autoDraw = False
423.6242 	EXP 	text: text = 23
423.6242 	EXP 	text: autoDraw = True
424.5942 	EXP 	New trial (rep=0, index=8): {'countdown': 22}
424.6241 	EXP 	text: autoDraw = False
424.6241 	EXP 	text: text = 22
424.6241 	EXP 	text: autoDraw = True
425.5945 	EXP 	New trial (rep=0, index=9): {'countdown': 21}
425.6243 	EXP 	text: autoDraw = False
425.6243 	EXP 	text: text = 21
425.6243 	EXP 	text: autoDraw = True
426.5943 	EXP 	New trial (rep=0, index=10): {'countdown': 20}
426.6251 	EXP 	text: autoDraw = False
426.6251 	EXP 	text: text = 20
426.6251 	EXP 	text: autoDraw = True
427.5948 	EXP 	New trial (rep=0, index=11): {'countdown': 19}
427.6250 	EXP 	text: autoDraw = False
427.6250 	EXP 	text: text = 19
427.6250 	EXP 	text: autoDraw = True
428.5956 	EXP 	New trial (rep=0, index=12): {'countdown': 18}
428.6249 	EXP 	text: autoDraw = False
428.6249 	EXP 	text: text = 18
428.6249 	EXP 	text: autoDraw = True
429.5950 	EXP 	New trial (rep=0, index=13): {'countdown': 17}
429.6252 	EXP 	text: autoDraw = False
429.6252 	EXP 	text: text = 17
429.6252 	EXP 	text: autoDraw = True
430.5956 	EXP 	New trial (rep=0, index=14): {'countdown': 16}
430.6254 	EXP 	text: autoDraw = False
430.6254 	EXP 	text: text = 16
430.6254 	EXP 	text: autoDraw = True
431.5956 	EXP 	New trial (rep=0, index=15): {'countdown': 15}
431.6259 	EXP 	text: autoDraw = False
431.6259 	EXP 	text: text = 15
431.6259 	EXP 	text: autoDraw = True
432.5959 	EXP 	New trial (rep=0, index=16): {'countdown': 14}
432.6260 	EXP 	text: autoDraw = False
432.6260 	EXP 	text: text = 14
432.6260 	EXP 	text: autoDraw = True
433.5797 	EXP 	New trial (rep=0, index=17): {'countdown': 13}
433.6101 	EXP 	text: autoDraw = False
433.6101 	EXP 	text: text = 13
433.6101 	EXP 	text: autoDraw = True
434.5959 	EXP 	New trial (rep=0, index=18): {'countdown': 12}
434.6261 	EXP 	text: autoDraw = False
434.6261 	EXP 	text: text = 12
434.6261 	EXP 	text: autoDraw = True
435.5802 	EXP 	New trial (rep=0, index=19): {'countdown': 11}
435.6100 	EXP 	text: autoDraw = False
435.6100 	EXP 	text: text = 11
435.6100 	EXP 	text: autoDraw = True
436.5804 	EXP 	New trial (rep=0, index=20): {'countdown': 10}
436.6101 	EXP 	text: autoDraw = False
436.6101 	EXP 	text: text = 10
436.6101 	EXP 	text: autoDraw = True
437.5810 	EXP 	New trial (rep=0, index=21): {'countdown': 9}
437.6102 	EXP 	text: autoDraw = False
437.6102 	EXP 	text: text = 9
437.6102 	EXP 	text: autoDraw = True
438.5810 	EXP 	New trial (rep=0, index=22): {'countdown': 8}
438.6107 	EXP 	text: autoDraw = False
438.6107 	EXP 	text: text = 8
438.6107 	EXP 	text: autoDraw = True
439.5814 	EXP 	New trial (rep=0, index=23): {'countdown': 7}
439.6110 	EXP 	text: autoDraw = False
439.6110 	EXP 	text: text = 7
439.6110 	EXP 	text: autoDraw = True
440.5811 	EXP 	New trial (rep=0, index=24): {'countdown': 6}
440.6124 	EXP 	text: autoDraw = False
440.6124 	EXP 	text: text = 6
440.6124 	EXP 	text: autoDraw = True
441.5815 	EXP 	New trial (rep=0, index=25): {'countdown': 5}
441.6109 	EXP 	text: autoDraw = False
441.6109 	EXP 	text: text = 5
441.6109 	EXP 	text: autoDraw = True
442.5816 	EXP 	New trial (rep=0, index=26): {'countdown': 4}
442.6112 	EXP 	text: autoDraw = False
442.6112 	EXP 	text: text = 4
442.6112 	EXP 	text: autoDraw = True
443.5815 	EXP 	New trial (rep=0, index=27): {'countdown': 3}
443.6118 	EXP 	text: autoDraw = False
443.6118 	EXP 	text: text = 3
443.6118 	EXP 	text: autoDraw = True
444.5825 	EXP 	New trial (rep=0, index=28): {'countdown': 2}
444.6117 	EXP 	text: autoDraw = False
444.6117 	EXP 	text: text = 2
444.6117 	EXP 	text: autoDraw = True
445.5821 	EXP 	New trial (rep=0, index=29): {'countdown': 1}
445.6118 	EXP 	text: autoDraw = False
445.6118 	EXP 	text: text = 1
445.6118 	EXP 	text: autoDraw = True
446.5823 	EXP 	New trial (rep=0, index=30): {'countdown': 0}
446.6120 	EXP 	text: autoDraw = False
446.6120 	EXP 	text: text = 0
446.6120 	EXP 	text: autoDraw = True
447.5831 	EXP 	New trial (rep=4, index=0): None
447.6214 	EXP 	Imported stimuli.xlsx as conditions, 50 conditions, 2 params
447.6225 	EXP 	Created sequence: random, trialTypes=50, nReps=1, seed=None
447.6231 	EXP 	New trial (rep=0, index=0): {'word_stimuli': 'sounds/droite.ogg', 'isi': 0.7}
447.6446 	EXP 	text: autoDraw = False
449.1183 	EXP 	New trial (rep=0, index=1): {'word_stimuli': 'sounds/droite.ogg', 'isi': 0.7}
450.6189 	EXP 	New trial (rep=0, index=2): {'word_stimuli': 'sounds/droite.ogg', 'isi': 0.7}
452.1184 	EXP 	New trial (rep=0, index=3): {'word_stimuli': 'sounds/droite.ogg', 'isi': 0.7}
453.6195 	EXP 	New trial (rep=0, index=4): {'word_stimuli': 'sounds/droite.ogg', 'isi': 0.7}
455.1191 	EXP 	New trial (rep=0, index=5): {'word_stimuli': 'sounds/gauche.ogg', 'isi': 0.7}
456.6204 	EXP 	New trial (rep=0, index=6): {'word_stimuli': 'sounds/gauche.ogg', 'isi': 0.7}
458.1201 	EXP 	New trial (rep=0, index=7): {'word_stimuli': 'sounds/gauche.ogg', 'isi': 0.7}
459.6207 	EXP 	New trial (rep=0, index=8): {'word_stimuli': 'sounds/droite.ogg', 'isi': 0.7}
461.1205 	EXP 	New trial (rep=0, index=9): {'word_stimuli': 'sounds/gauche.ogg', 'isi': 0.7}
462.6365 	EXP 	New trial (rep=0, index=10): {'word_stimuli': 'sounds/droite.ogg', 'isi': 0.7}
464.1383 	EXP 	New trial (rep=0, index=11): {'word_stimuli': 'sounds/droite.ogg', 'isi': 0.7}
465.6377 	EXP 	New trial (rep=0, index=12): {'word_stimuli': 'sounds/gauche.ogg', 'isi': 0.7}
467.1388 	EXP 	New trial (rep=0, index=13): {'word_stimuli': 'sounds/gauche.ogg', 'isi': 0.7}
468.6382 	EXP 	New trial (rep=0, index=14): {'word_stimuli': 'sounds/gauche.ogg', 'isi': 0.7}
470.1392 	EXP 	New trial (rep=0, index=15): {'word_stimuli': 'sounds/gauche.ogg', 'isi': 0.7}
471.6402 	EXP 	New trial (rep=0, index=16): {'word_stimuli': 'sounds/gauche.ogg', 'isi': 0.7}
473.1395 	EXP 	New trial (rep=0, index=17): {'word_stimuli': 'sounds/droite.ogg', 'isi': 0.7}
474.6401 	EXP 	New trial (rep=0, index=18): {'word_stimuli': 'sounds/droite.ogg', 'isi': 0.7}
476.1410 	EXP 	New trial (rep=0, index=19): {'word_stimuli': 'sounds/gauche.ogg', 'isi': 0.7}
477.6563 	EXP 	New trial (rep=0, index=20): {'word_stimuli': 'sounds/droite.ogg', 'isi': 0.7}
479.1576 	EXP 	New trial (rep=0, index=21): {'word_stimuli': 'sounds/gauche.ogg', 'isi': 0.7}
480.6582 	EXP 	New trial (rep=0, index=22): {'word_stimuli': 'sounds/gauche.ogg', 'isi': 0.7}
482.1587 	EXP 	New trial (rep=0, index=23): {'word_stimuli': 'sounds/gauche.ogg', 'isi': 0.7}
483.6581 	EXP 	New trial (rep=0, index=24): {'word_stimuli': 'sounds/gauche.ogg', 'isi': 0.7}
485.1579 	EXP 	New trial (rep=0, index=25): {'word_stimuli': 'sounds/droite.ogg', 'isi': 0.7}
486.6599 	EXP 	New trial (rep=0, index=26): {'word_stimuli': 'sounds/droite.ogg', 'isi': 0.7}
488.1594 	EXP 	New trial (rep=0, index=27): {'word_stimuli': 'sounds/droite.ogg', 'isi': 0.7}
489.6596 	EXP 	New trial (rep=0, index=28): {'word_stimuli': 'sounds/gauche.ogg', 'isi': 0.7}
491.1608 	EXP 	New trial (rep=0, index=29): {'word_stimuli': 'sounds/droite.ogg', 'isi': 0.7}
492.6599 	EXP 	New trial (rep=0, index=30): {'word_stimuli': 'sounds/droite.ogg', 'isi': 0.7}
494.1606 	EXP 	New trial (rep=0, index=31): {'word_stimuli': 'sounds/gauche.ogg', 'isi': 0.7}
495.6619 	EXP 	New trial (rep=0, index=32): {'word_stimuli': 'sounds/droite.ogg', 'isi': 0.7}
497.1611 	EXP 	New trial (rep=0, index=33): {'word_stimuli': 'sounds/droite.ogg', 'isi': 0.7}
498.6620 	EXP 	New trial (rep=0, index=34): {'word_stimuli': 'sounds/droite.ogg', 'isi': 0.7}
500.1624 	EXP 	New trial (rep=0, index=35): {'word_stimuli': 'sounds/gauche.ogg', 'isi': 0.7}
501.6621 	EXP 	New trial (rep=0, index=36): {'word_stimuli': 'sounds/gauche.ogg', 'isi': 0.7}
503.1628 	EXP 	New trial (rep=0, index=37): {'word_stimuli': 'sounds/droite.ogg', 'isi': 0.7}
504.6628 	EXP 	New trial (rep=0, index=38): {'word_stimuli': 'sounds/gauche.ogg', 'isi': 0.7}
506.1650 	EXP 	New trial (rep=0, index=39): {'word_stimuli': 'sounds/gauche.ogg', 'isi': 0.7}
507.6656 	EXP 	New trial (rep=0, index=40): {'word_stimuli': 'sounds/droite.ogg', 'isi': 0.7}
509.1641 	EXP 	New trial (rep=0, index=41): {'word_stimuli': 'sounds/gauche.ogg', 'isi': 0.7}
510.6657 	EXP 	New trial (rep=0, index=42): {'word_stimuli': 'sounds/droite.ogg', 'isi': 0.7}
512.1654 	EXP 	New trial (rep=0, index=43): {'word_stimuli': 'sounds/gauche.ogg', 'isi': 0.7}
513.6654 	EXP 	New trial (rep=0, index=44): {'word_stimuli': 'sounds/gauche.ogg', 'isi': 0.7}
515.1653 	EXP 	New trial (rep=0, index=45): {'word_stimuli': 'sounds/droite.ogg', 'isi': 0.7}
516.6653 	EXP 	New trial (rep=0, index=46): {'word_stimuli': 'sounds/gauche.ogg', 'isi': 0.7}
518.1661 	EXP 	New trial (rep=0, index=47): {'word_stimuli': 'sounds/gauche.ogg', 'isi': 0.7}
519.6664 	EXP 	New trial (rep=0, index=48): {'word_stimuli': 'sounds/droite.ogg', 'isi': 0.7}
521.1669 	EXP 	New trial (rep=0, index=49): {'word_stimuli': 'sounds/droite.ogg', 'isi': 0.7}
522.6889 	EXP 	Imported countdown.xlsx as conditions, 31 conditions, 1 params
522.6895 	EXP 	Created sequence: sequential, trialTypes=31, nReps=1, seed=None
522.6900 	EXP 	New trial (rep=0, index=0): {'countdown': 30}
522.7097 	EXP 	text: text = 30
522.7097 	EXP 	text: autoDraw = True
523.6809 	EXP 	New trial (rep=0, index=1): {'countdown': 29}
523.6943 	EXP 	text: autoDraw = False
523.6943 	EXP 	text: text = 29
523.6943 	EXP 	text: autoDraw = True
524.6821 	EXP 	New trial (rep=0, index=2): {'countdown': 28}
524.7113 	EXP 	text: autoDraw = False
524.7113 	EXP 	text: text = 28
524.7113 	EXP 	text: autoDraw = True
525.6824 	EXP 	New trial (rep=0, index=3): {'countdown': 27}
525.7117 	EXP 	text: autoDraw = False
525.7117 	EXP 	text: text = 27
525.7117 	EXP 	text: autoDraw = True
526.6823 	EXP 	New trial (rep=0, index=4): {'countdown': 26}
526.7115 	EXP 	text: autoDraw = False
526.7115 	EXP 	text: text = 26
526.7115 	EXP 	text: autoDraw = True
527.6712 	EXP 	New trial (rep=0, index=5): {'countdown': 25}
527.6899 	EXP 	text: autoDraw = False
527.6899 	EXP 	text: text = 25
527.6899 	EXP 	text: autoDraw = True
528.6726 	EXP 	New trial (rep=0, index=6): {'countdown': 24}
528.7167 	EXP 	text: autoDraw = False
528.7167 	EXP 	text: text = 24
528.7167 	EXP 	text: autoDraw = True
529.6697 	EXP 	New trial (rep=0, index=7): {'countdown': 23}
529.6976 	EXP 	text: autoDraw = False
529.6976 	EXP 	text: text = 23
529.6976 	EXP 	text: autoDraw = True
530.6715 	EXP 	New trial (rep=0, index=8): {'countdown': 22}
530.7009 	EXP 	text: autoDraw = False
530.7009 	EXP 	text: text = 22
530.7009 	EXP 	text: autoDraw = True
3483.3490 	EXP 	New trial (rep=0, index=9): {'countdown': 21}
3483.3529 	EXP 	New trial (rep=0, index=10): {'countdown': 20}
3483.3557 	EXP 	New trial (rep=0, index=11): {'countdown': 19}
3483.3587 	EXP 	New trial (rep=0, index=12): {'countdown': 18}
3483.3641 	EXP 	New trial (rep=0, index=13): {'countdown': 17}
3483.3675 	EXP 	New trial (rep=0, index=14): {'countdown': 16}
3483.3704 	EXP 	New trial (rep=0, index=15): {'countdown': 15}
3483.3737 	EXP 	New trial (rep=0, index=16): {'countdown': 14}
3483.3778 	EXP 	New trial (rep=0, index=17): {'countdown': 13}
3483.3882 	EXP 	New trial (rep=0, index=18): {'countdown': 12}
3483.3918 	EXP 	New trial (rep=0, index=19): {'countdown': 11}
3483.3973 	EXP 	New trial (rep=0, index=20): {'countdown': 10}
3483.4016 	EXP 	New trial (rep=0, index=21): {'countdown': 9}
3483.4045 	EXP 	New trial (rep=0, index=22): {'countdown': 8}
3483.4077 	EXP 	New trial (rep=0, index=23): {'countdown': 7}
3483.4128 	EXP 	New trial (rep=0, index=24): {'countdown': 6}
3483.4167 	EXP 	New trial (rep=0, index=25): {'countdown': 5}
3483.4210 	EXP 	New trial (rep=0, index=26): {'countdown': 4}
3483.4316 	EXP 	New trial (rep=0, index=27): {'countdown': 3}
3483.4355 	EXP 	New trial (rep=0, index=28): {'countdown': 2}
3483.4384 	EXP 	New trial (rep=0, index=29): {'countdown': 1}
3483.4421 	EXP 	New trial (rep=0, index=30): {'countdown': 0}
3483.4662 	EXP 	text: autoDraw = False
3483.4662 	EXP 	text: text = 21
3483.4662 	EXP 	text: autoDraw = False
3483.4662 	EXP 	text: text = 20
3483.4662 	EXP 	text: autoDraw = False
3483.4662 	EXP 	text: text = 19
3483.4662 	EXP 	text: autoDraw = False
3483.4662 	EXP 	text: text = 18
3483.4662 	EXP 	text: autoDraw = False
3483.4662 	EXP 	text: text = 17
3483.4662 	EXP 	text: autoDraw = False
3483.4662 	EXP 	text: text = 16
3483.4662 	EXP 	text: autoDraw = False
3483.4662 	EXP 	text: text = 15
3483.4662 	EXP 	text: autoDraw = False
3483.4662 	EXP 	text: text = 14
3483.4662 	EXP 	text: autoDraw = False
3483.4662 	EXP 	text: text = 13
3483.4662 	EXP 	text: autoDraw = False
3483.4662 	EXP 	text: text = 12
3483.4662 	EXP 	text: autoDraw = False
3483.4662 	EXP 	text: text = 11
3483.4662 	EXP 	text: autoDraw = False
3483.4662 	EXP 	text: text = 10
3483.4662 	EXP 	text: autoDraw = False
3483.4662 	EXP 	text: text = 9
3483.4662 	EXP 	text: autoDraw = False
3483.4662 	EXP 	text: text = 8
3483.4662 	EXP 	text: autoDraw = False
3483.4662 	EXP 	text: text = 7
3483.4662 	EXP 	text: autoDraw = False
3483.4662 	EXP 	text: text = 6
3483.4662 	EXP 	text: autoDraw = False
3483.4662 	EXP 	text: text = 5
3483.4662 	EXP 	text: autoDraw = False
3483.4662 	EXP 	text: text = 4
3483.4662 	EXP 	text: autoDraw = False
3483.4662 	EXP 	text: text = 3
3483.4662 	EXP 	text: autoDraw = False
3483.4662 	EXP 	text: text = 2
3483.4662 	EXP 	text: autoDraw = False
3483.4662 	EXP 	text: text = 1
3483.4662 	EXP 	text: autoDraw = False
3483.4662 	EXP 	text: text = 0
3483.4662 	EXP 	text: autoDraw = False
3483.6012 	EXP 	window1: mouseVisible = True
