4.0975 	WARNING 	We strongly recommend you activate the PTB sound engine in PsychoPy prefs as the preferred audio engine. Its timing is vastly superior. Your prefs are currently set to use ['sounddevice', 'PTB', 'pyo', 'pygame'] (in that order).
39.8453 	EXP 	Created window1 = Window(allowGUI=True, allowStencil=False, autoLog=True, backendConf=UNKNOWN, bitsMode=UNKNOWN, blendMode='avg', bpc=(8, 8, 8), color=array([0, 0, 0]), colorSpace='rgb', depthBits=8, fullscr=<method-wrapper '__getattribute__' of attributeSetter object at 0x000001E35396EF98>, gamma=None, gammaErrorPolicy='raise', lms=UNKNOWN, monitor=<psychopy.monitors.calibTools.Monitor object at 0x000001E3539D45C0>, multiSample=False, name='window1', numSamples=2, pos=[810.0, 290.0], screen=0, size=array([300, 500]), stencilBits=0, stereo=False, units='height', useFBO=True, useRetina=False, viewOri=0.0, viewPos=None, viewScale=None, waitBlanking=True, winType='pyglet')
39.8455 	EXP 	window1: mouseVisible = True
39.8456 	EXP 	window1: recordFrameIntervals = False
40.0106 	EXP 	window1: recordFrameIntervals = True
40.1948 	EXP 	window1: recordFrameIntervals = False
40.7060 	EXP 	Sound sound_exposure set volume 1.000
40.7794 	EXP 	Created text = TextStim(__class__=<class 'psychopy.visual.text.TextStim'>, alignHoriz=method-wrapper(...), alignText='center', alignVert=method-wrapper(...), anchorHoriz='center', anchorVert='center', antialias=True, autoLog=True, bold=False, color=array([1, 1, 1]), colorSpace='rgb', contrast=1.0, depth=0.0, flipHoriz=False, flipVert=False, font='Open Sans', fontFiles=[], height=0.1, italic=False, languageStyle='LTR', name='text', opacity=1, ori=0.0, pos=array([0., 0.]), rgb=UNKNOWN, text='', units='height', win=Window(...), wrapWidth=1)
40.7802 	EXP 	Created sequence: random, trialTypes=1, nReps=5, seed=None
40.7806 	EXP 	New trial (rep=0, index=0): None
40.8254 	EXP 	Imported stimuli.xlsx as conditions, 50 conditions, 2 params
40.8261 	EXP 	Created sequence: random, trialTypes=50, nReps=1, seed=None
40.8265 	EXP 	New trial (rep=0, index=0): {'word_stimuli': 'sounds/gauche.ogg', 'isi': 0.7}
42.3333 	EXP 	New trial (rep=0, index=1): {'word_stimuli': 'sounds/gauche.ogg', 'isi': 0.7}
43.8326 	EXP 	New trial (rep=0, index=2): {'word_stimuli': 'sounds/droite.ogg', 'isi': 0.7}
45.3497 	EXP 	New trial (rep=0, index=3): {'word_stimuli': 'sounds/gauche.ogg', 'isi': 0.7}
46.8507 	EXP 	New trial (rep=0, index=4): {'word_stimuli': 'sounds/droite.ogg', 'isi': 0.7}
48.3507 	EXP 	New trial (rep=0, index=5): {'word_stimuli': 'sounds/gauche.ogg', 'isi': 0.7}
49.8520 	EXP 	New trial (rep=0, index=6): {'word_stimuli': 'sounds/droite.ogg', 'isi': 0.7}
51.3508 	EXP 	New trial (rep=0, index=7): {'word_stimuli': 'sounds/droite.ogg', 'isi': 0.7}
52.8522 	EXP 	New trial (rep=0, index=8): {'word_stimuli': 'sounds/gauche.ogg', 'isi': 0.7}
54.3521 	EXP 	New trial (rep=0, index=9): {'word_stimuli': 'sounds/droite.ogg', 'isi': 0.7}
55.8527 	EXP 	New trial (rep=0, index=10): {'word_stimuli': 'sounds/droite.ogg', 'isi': 0.7}
57.3544 	EXP 	New trial (rep=0, index=11): {'word_stimuli': 'sounds/droite.ogg', 'isi': 0.7}
58.8540 	EXP 	New trial (rep=0, index=12): {'word_stimuli': 'sounds/gauche.ogg', 'isi': 0.7}
60.3546 	EXP 	New trial (rep=0, index=13): {'word_stimuli': 'sounds/droite.ogg', 'isi': 0.7}
61.5363 	WARNING 	Got keycode {} but that code isn't yet known
61.5364 	WARNING 	Keypress was given unknown key code (176)
61.8204 	WARNING 	Got keycode {} but that code isn't yet known
61.8205 	WARNING 	Keypress was given unknown key code (176)
61.8546 	EXP 	New trial (rep=0, index=14): {'word_stimuli': 'sounds/gauche.ogg', 'isi': 0.7}
63.3537 	EXP 	New trial (rep=0, index=15): {'word_stimuli': 'sounds/gauche.ogg', 'isi': 0.7}
64.8562 	EXP 	New trial (rep=0, index=16): {'word_stimuli': 'sounds/gauche.ogg', 'isi': 0.7}
66.3554 	EXP 	New trial (rep=0, index=17): {'word_stimuli': 'sounds/gauche.ogg', 'isi': 0.7}
67.8549 	EXP 	New trial (rep=0, index=18): {'word_stimuli': 'sounds/droite.ogg', 'isi': 0.7}
69.3569 	EXP 	New trial (rep=0, index=19): {'word_stimuli': 'sounds/droite.ogg', 'isi': 0.7}
70.8554 	EXP 	New trial (rep=0, index=20): {'word_stimuli': 'sounds/gauche.ogg', 'isi': 0.7}
72.3575 	EXP 	New trial (rep=0, index=21): {'word_stimuli': 'sounds/gauche.ogg', 'isi': 0.7}
73.8562 	EXP 	New trial (rep=0, index=22): {'word_stimuli': 'sounds/gauche.ogg', 'isi': 0.7}
75.3569 	EXP 	New trial (rep=0, index=23): {'word_stimuli': 'sounds/droite.ogg', 'isi': 0.7}
76.8575 	EXP 	New trial (rep=0, index=24): {'word_stimuli': 'sounds/droite.ogg', 'isi': 0.7}
78.3574 	EXP 	New trial (rep=0, index=25): {'word_stimuli': 'sounds/droite.ogg', 'isi': 0.7}
79.8578 	EXP 	New trial (rep=0, index=26): {'word_stimuli': 'sounds/gauche.ogg', 'isi': 0.7}
81.3572 	EXP 	New trial (rep=0, index=27): {'word_stimuli': 'sounds/gauche.ogg', 'isi': 0.7}
82.8574 	EXP 	New trial (rep=0, index=28): {'word_stimuli': 'sounds/gauche.ogg', 'isi': 0.7}
84.3578 	EXP 	New trial (rep=0, index=29): {'word_stimuli': 'sounds/droite.ogg', 'isi': 0.7}
85.8586 	EXP 	New trial (rep=0, index=30): {'word_stimuli': 'sounds/droite.ogg', 'isi': 0.7}
87.3585 	EXP 	New trial (rep=0, index=31): {'word_stimuli': 'sounds/droite.ogg', 'isi': 0.7}
88.8586 	EXP 	New trial (rep=0, index=32): {'word_stimuli': 'sounds/droite.ogg', 'isi': 0.7}
90.3588 	EXP 	New trial (rep=0, index=33): {'word_stimuli': 'sounds/droite.ogg', 'isi': 0.7}
91.8593 	EXP 	New trial (rep=0, index=34): {'word_stimuli': 'sounds/gauche.ogg', 'isi': 0.7}
93.3604 	EXP 	New trial (rep=0, index=35): {'word_stimuli': 'sounds/droite.ogg', 'isi': 0.7}
94.8604 	EXP 	New trial (rep=0, index=36): {'word_stimuli': 'sounds/droite.ogg', 'isi': 0.7}
96.3603 	EXP 	New trial (rep=0, index=37): {'word_stimuli': 'sounds/gauche.ogg', 'isi': 0.7}
97.8609 	EXP 	New trial (rep=0, index=38): {'word_stimuli': 'sounds/gauche.ogg', 'isi': 0.7}
99.3613 	EXP 	New trial (rep=0, index=39): {'word_stimuli': 'sounds/droite.ogg', 'isi': 0.7}
100.8622 	EXP 	New trial (rep=0, index=40): {'word_stimuli': 'sounds/gauche.ogg', 'isi': 0.7}
102.3621 	EXP 	New trial (rep=0, index=41): {'word_stimuli': 'sounds/gauche.ogg', 'isi': 0.7}
103.8624 	EXP 	New trial (rep=0, index=42): {'word_stimuli': 'sounds/droite.ogg', 'isi': 0.7}
105.3615 	EXP 	New trial (rep=0, index=43): {'word_stimuli': 'sounds/droite.ogg', 'isi': 0.7}
106.8629 	EXP 	New trial (rep=0, index=44): {'word_stimuli': 'sounds/gauche.ogg', 'isi': 0.7}
108.3645 	EXP 	New trial (rep=0, index=45): {'word_stimuli': 'sounds/droite.ogg', 'isi': 0.7}
109.8634 	EXP 	New trial (rep=0, index=46): {'word_stimuli': 'sounds/gauche.ogg', 'isi': 0.7}
111.3636 	EXP 	New trial (rep=0, index=47): {'word_stimuli': 'sounds/gauche.ogg', 'isi': 0.7}
112.8655 	EXP 	New trial (rep=0, index=48): {'word_stimuli': 'sounds/droite.ogg', 'isi': 0.7}
114.3649 	EXP 	New trial (rep=0, index=49): {'word_stimuli': 'sounds/gauche.ogg', 'isi': 0.7}
115.9055 	EXP 	Imported countdown.xlsx as conditions, 31 conditions, 1 params
115.9060 	EXP 	Created sequence: sequential, trialTypes=31, nReps=1, seed=None
115.9064 	EXP 	New trial (rep=0, index=0): {'countdown': 30}
116.1748 	EXP 	text: text = 30
116.1748 	EXP 	text: autoDraw = True
116.8797 	EXP 	New trial (rep=0, index=1): {'countdown': 29}
116.9106 	EXP 	text: autoDraw = False
116.9106 	EXP 	text: text = 29
116.9106 	EXP 	text: autoDraw = True
117.8792 	EXP 	New trial (rep=0, index=2): {'countdown': 28}
117.9105 	EXP 	text: autoDraw = False
117.9105 	EXP 	text: text = 28
117.9105 	EXP 	text: autoDraw = True
118.8795 	EXP 	New trial (rep=0, index=3): {'countdown': 27}
118.9107 	EXP 	text: autoDraw = False
118.9107 	EXP 	text: text = 27
118.9107 	EXP 	text: autoDraw = True
119.8804 	EXP 	New trial (rep=0, index=4): {'countdown': 26}
119.9112 	EXP 	text: autoDraw = False
119.9112 	EXP 	text: text = 26
119.9112 	EXP 	text: autoDraw = True
120.8805 	EXP 	New trial (rep=0, index=5): {'countdown': 25}
120.9109 	EXP 	text: autoDraw = False
120.9109 	EXP 	text: text = 25
120.9109 	EXP 	text: autoDraw = True
121.8811 	EXP 	New trial (rep=0, index=6): {'countdown': 24}
121.9111 	EXP 	text: autoDraw = False
121.9111 	EXP 	text: text = 24
121.9111 	EXP 	text: autoDraw = True
122.8802 	EXP 	New trial (rep=0, index=7): {'countdown': 23}
122.9111 	EXP 	text: autoDraw = False
122.9111 	EXP 	text: text = 23
122.9111 	EXP 	text: autoDraw = True
123.8805 	EXP 	New trial (rep=0, index=8): {'countdown': 22}
123.9118 	EXP 	text: autoDraw = False
123.9118 	EXP 	text: text = 22
123.9118 	EXP 	text: autoDraw = True
124.8809 	EXP 	New trial (rep=0, index=9): {'countdown': 21}
124.9121 	EXP 	text: autoDraw = False
124.9121 	EXP 	text: text = 21
124.9121 	EXP 	text: autoDraw = True
125.8808 	EXP 	New trial (rep=0, index=10): {'countdown': 20}
125.9121 	EXP 	text: autoDraw = False
125.9121 	EXP 	text: text = 20
125.9121 	EXP 	text: autoDraw = True
126.8822 	EXP 	New trial (rep=0, index=11): {'countdown': 19}
126.9123 	EXP 	text: autoDraw = False
126.9123 	EXP 	text: text = 19
126.9123 	EXP 	text: autoDraw = True
127.8822 	EXP 	New trial (rep=0, index=12): {'countdown': 18}
127.9127 	EXP 	text: autoDraw = False
127.9127 	EXP 	text: text = 18
127.9127 	EXP 	text: autoDraw = True
128.8815 	EXP 	New trial (rep=0, index=13): {'countdown': 17}
128.9117 	EXP 	text: autoDraw = False
128.9117 	EXP 	text: text = 17
128.9117 	EXP 	text: autoDraw = True
129.8824 	EXP 	New trial (rep=0, index=14): {'countdown': 16}
129.9120 	EXP 	text: autoDraw = False
129.9120 	EXP 	text: text = 16
129.9120 	EXP 	text: autoDraw = True
130.8823 	EXP 	New trial (rep=0, index=15): {'countdown': 15}
130.9122 	EXP 	text: autoDraw = False
130.9122 	EXP 	text: text = 15
130.9122 	EXP 	text: autoDraw = True
131.8823 	EXP 	New trial (rep=0, index=16): {'countdown': 14}
131.9124 	EXP 	text: autoDraw = False
131.9124 	EXP 	text: text = 14
131.9124 	EXP 	text: autoDraw = True
132.8826 	EXP 	New trial (rep=0, index=17): {'countdown': 13}
132.9134 	EXP 	text: autoDraw = False
132.9134 	EXP 	text: text = 13
132.9134 	EXP 	text: autoDraw = True
133.8825 	EXP 	New trial (rep=0, index=18): {'countdown': 12}
133.9136 	EXP 	text: autoDraw = False
133.9136 	EXP 	text: text = 12
133.9136 	EXP 	text: autoDraw = True
134.8828 	EXP 	New trial (rep=0, index=19): {'countdown': 11}
134.9137 	EXP 	text: autoDraw = False
134.9137 	EXP 	text: text = 11
134.9137 	EXP 	text: autoDraw = True
135.8832 	EXP 	New trial (rep=0, index=20): {'countdown': 10}
135.9140 	EXP 	text: autoDraw = False
135.9140 	EXP 	text: text = 10
135.9140 	EXP 	text: autoDraw = True
136.8668 	EXP 	New trial (rep=0, index=21): {'countdown': 9}
136.8971 	EXP 	text: autoDraw = False
136.8971 	EXP 	text: text = 9
136.8971 	EXP 	text: autoDraw = True
137.8833 	EXP 	New trial (rep=0, index=22): {'countdown': 8}
137.9143 	EXP 	text: autoDraw = False
137.9143 	EXP 	text: text = 8
137.9143 	EXP 	text: autoDraw = True
138.8674 	EXP 	New trial (rep=0, index=23): {'countdown': 7}
138.8981 	EXP 	text: autoDraw = False
138.8981 	EXP 	text: text = 7
138.8981 	EXP 	text: autoDraw = True
139.8671 	EXP 	New trial (rep=0, index=24): {'countdown': 6}
139.8985 	EXP 	text: autoDraw = False
139.8985 	EXP 	text: text = 6
139.8985 	EXP 	text: autoDraw = True
140.8674 	EXP 	New trial (rep=0, index=25): {'countdown': 5}
140.8979 	EXP 	text: autoDraw = False
140.8979 	EXP 	text: text = 5
140.8979 	EXP 	text: autoDraw = True
141.8674 	EXP 	New trial (rep=0, index=26): {'countdown': 4}
141.8992 	EXP 	text: autoDraw = False
141.8992 	EXP 	text: text = 4
141.8992 	EXP 	text: autoDraw = True
142.8677 	EXP 	New trial (rep=0, index=27): {'countdown': 3}
142.8985 	EXP 	text: autoDraw = False
142.8985 	EXP 	text: text = 3
142.8985 	EXP 	text: autoDraw = True
143.8681 	EXP 	New trial (rep=0, index=28): {'countdown': 2}
143.8992 	EXP 	text: autoDraw = False
143.8992 	EXP 	text: text = 2
143.8992 	EXP 	text: autoDraw = True
144.8680 	EXP 	New trial (rep=0, index=29): {'countdown': 1}
144.8985 	EXP 	text: autoDraw = False
144.8985 	EXP 	text: text = 1
144.8985 	EXP 	text: autoDraw = True
145.8682 	EXP 	New trial (rep=0, index=30): {'countdown': 0}
145.8988 	EXP 	text: autoDraw = False
145.8988 	EXP 	text: text = 0
145.8988 	EXP 	text: autoDraw = True
146.8694 	EXP 	New trial (rep=1, index=0): None
146.9067 	EXP 	Imported stimuli.xlsx as conditions, 50 conditions, 2 params
146.9079 	EXP 	Created sequence: random, trialTypes=50, nReps=1, seed=None
146.9086 	EXP 	New trial (rep=0, index=0): {'word_stimuli': 'sounds/droite.ogg', 'isi': 0.7}
146.9314 	EXP 	text: autoDraw = False
148.4072 	EXP 	New trial (rep=0, index=1): {'word_stimuli': 'sounds/gauche.ogg', 'isi': 0.7}
149.9042 	EXP 	New trial (rep=0, index=2): {'word_stimuli': 'sounds/gauche.ogg', 'isi': 0.7}
151.4070 	EXP 	New trial (rep=0, index=3): {'word_stimuli': 'sounds/droite.ogg', 'isi': 0.7}
152.9064 	EXP 	New trial (rep=0, index=4): {'word_stimuli': 'sounds/gauche.ogg', 'isi': 0.7}
154.4056 	EXP 	New trial (rep=0, index=5): {'word_stimuli': 'sounds/droite.ogg', 'isi': 0.7}
155.9064 	EXP 	New trial (rep=0, index=6): {'word_stimuli': 'sounds/droite.ogg', 'isi': 0.7}
157.4065 	EXP 	New trial (rep=0, index=7): {'word_stimuli': 'sounds/gauche.ogg', 'isi': 0.7}
158.9068 	EXP 	New trial (rep=0, index=8): {'word_stimuli': 'sounds/droite.ogg', 'isi': 0.7}
160.4081 	EXP 	New trial (rep=0, index=9): {'word_stimuli': 'sounds/droite.ogg', 'isi': 0.7}
161.9083 	EXP 	New trial (rep=0, index=10): {'word_stimuli': 'sounds/gauche.ogg', 'isi': 0.7}
163.4076 	EXP 	New trial (rep=0, index=11): {'word_stimuli': 'sounds/droite.ogg', 'isi': 0.7}
164.9078 	EXP 	New trial (rep=0, index=12): {'word_stimuli': 'sounds/gauche.ogg', 'isi': 0.7}
166.4074 	EXP 	New trial (rep=0, index=13): {'word_stimuli': 'sounds/gauche.ogg', 'isi': 0.7}
167.9056 	EXP 	New trial (rep=0, index=14): {'word_stimuli': 'sounds/droite.ogg', 'isi': 0.7}
169.4084 	EXP 	New trial (rep=0, index=15): {'word_stimuli': 'sounds/droite.ogg', 'isi': 0.7}
170.9084 	EXP 	New trial (rep=0, index=16): {'word_stimuli': 'sounds/droite.ogg', 'isi': 0.7}
172.4091 	EXP 	New trial (rep=0, index=17): {'word_stimuli': 'sounds/droite.ogg', 'isi': 0.7}
173.9099 	EXP 	New trial (rep=0, index=18): {'word_stimuli': 'sounds/gauche.ogg', 'isi': 0.7}
175.4096 	EXP 	New trial (rep=0, index=19): {'word_stimuli': 'sounds/gauche.ogg', 'isi': 0.7}
176.9103 	EXP 	New trial (rep=0, index=20): {'word_stimuli': 'sounds/gauche.ogg', 'isi': 0.7}
178.4117 	EXP 	New trial (rep=0, index=21): {'word_stimuli': 'sounds/droite.ogg', 'isi': 0.7}
179.9103 	EXP 	New trial (rep=0, index=22): {'word_stimuli': 'sounds/droite.ogg', 'isi': 0.7}
181.4113 	EXP 	New trial (rep=0, index=23): {'word_stimuli': 'sounds/droite.ogg', 'isi': 0.7}
182.9119 	EXP 	New trial (rep=0, index=24): {'word_stimuli': 'sounds/gauche.ogg', 'isi': 0.7}
184.4109 	EXP 	New trial (rep=0, index=25): {'word_stimuli': 'sounds/droite.ogg', 'isi': 0.7}
185.9119 	EXP 	New trial (rep=0, index=26): {'word_stimuli': 'sounds/gauche.ogg', 'isi': 0.7}
187.4126 	EXP 	New trial (rep=0, index=27): {'word_stimuli': 'sounds/droite.ogg', 'isi': 0.7}
188.9129 	EXP 	New trial (rep=0, index=28): {'word_stimuli': 'sounds/gauche.ogg', 'isi': 0.7}
190.4132 	EXP 	New trial (rep=0, index=29): {'word_stimuli': 'sounds/gauche.ogg', 'isi': 0.7}
191.9296 	EXP 	New trial (rep=0, index=30): {'word_stimuli': 'sounds/gauche.ogg', 'isi': 0.7}
193.4305 	EXP 	New trial (rep=0, index=31): {'word_stimuli': 'sounds/gauche.ogg', 'isi': 0.7}
194.9304 	EXP 	New trial (rep=0, index=32): {'word_stimuli': 'sounds/gauche.ogg', 'isi': 0.7}
196.4321 	EXP 	New trial (rep=0, index=33): {'word_stimuli': 'sounds/droite.ogg', 'isi': 0.7}
197.9309 	EXP 	New trial (rep=0, index=34): {'word_stimuli': 'sounds/gauche.ogg', 'isi': 0.7}
199.4318 	EXP 	New trial (rep=0, index=35): {'word_stimuli': 'sounds/droite.ogg', 'isi': 0.7}
200.9326 	EXP 	New trial (rep=0, index=36): {'word_stimuli': 'sounds/droite.ogg', 'isi': 0.7}
202.4329 	EXP 	New trial (rep=0, index=37): {'word_stimuli': 'sounds/droite.ogg', 'isi': 0.7}
203.9320 	EXP 	New trial (rep=0, index=38): {'word_stimuli': 'sounds/gauche.ogg', 'isi': 0.7}
205.4349 	EXP 	New trial (rep=0, index=39): {'word_stimuli': 'sounds/gauche.ogg', 'isi': 0.7}
206.9353 	EXP 	New trial (rep=0, index=40): {'word_stimuli': 'sounds/gauche.ogg', 'isi': 0.7}
208.4336 	EXP 	New trial (rep=0, index=41): {'word_stimuli': 'sounds/gauche.ogg', 'isi': 0.7}
209.9358 	EXP 	New trial (rep=0, index=42): {'word_stimuli': 'sounds/droite.ogg', 'isi': 0.7}
211.4359 	EXP 	New trial (rep=0, index=43): {'word_stimuli': 'sounds/droite.ogg', 'isi': 0.7}
212.9335 	EXP 	New trial (rep=0, index=44): {'word_stimuli': 'sounds/droite.ogg', 'isi': 0.7}
214.4358 	EXP 	New trial (rep=0, index=45): {'word_stimuli': 'sounds/gauche.ogg', 'isi': 0.7}
215.9358 	EXP 	New trial (rep=0, index=46): {'word_stimuli': 'sounds/gauche.ogg', 'isi': 0.7}
217.4365 	EXP 	New trial (rep=0, index=47): {'word_stimuli': 'sounds/gauche.ogg', 'isi': 0.7}
218.9380 	EXP 	New trial (rep=0, index=48): {'word_stimuli': 'sounds/droite.ogg', 'isi': 0.7}
220.4358 	EXP 	New trial (rep=0, index=49): {'word_stimuli': 'sounds/droite.ogg', 'isi': 0.7}
221.9678 	EXP 	Imported countdown.xlsx as conditions, 31 conditions, 1 params
221.9690 	EXP 	Created sequence: sequential, trialTypes=31, nReps=1, seed=None
221.9699 	EXP 	New trial (rep=0, index=0): {'countdown': 30}
221.9980 	EXP 	text: text = 30
221.9980 	EXP 	text: autoDraw = True
222.9512 	EXP 	New trial (rep=0, index=1): {'countdown': 29}
222.9820 	EXP 	text: autoDraw = False
222.9820 	EXP 	text: text = 29
222.9820 	EXP 	text: autoDraw = True
223.9509 	EXP 	New trial (rep=0, index=2): {'countdown': 28}
223.9812 	EXP 	text: autoDraw = False
223.9812 	EXP 	text: text = 28
223.9812 	EXP 	text: autoDraw = True
224.9510 	EXP 	New trial (rep=0, index=3): {'countdown': 27}
224.9821 	EXP 	text: autoDraw = False
224.9821 	EXP 	text: text = 27
224.9821 	EXP 	text: autoDraw = True
225.9514 	EXP 	New trial (rep=0, index=4): {'countdown': 26}
225.9825 	EXP 	text: autoDraw = False
225.9825 	EXP 	text: text = 26
225.9825 	EXP 	text: autoDraw = True
226.9524 	EXP 	New trial (rep=0, index=5): {'countdown': 25}
226.9827 	EXP 	text: autoDraw = False
226.9827 	EXP 	text: text = 25
226.9827 	EXP 	text: autoDraw = True
227.9519 	EXP 	New trial (rep=0, index=6): {'countdown': 24}
227.9822 	EXP 	text: autoDraw = False
227.9822 	EXP 	text: text = 24
227.9822 	EXP 	text: autoDraw = True
228.9522 	EXP 	New trial (rep=0, index=7): {'countdown': 23}
228.9833 	EXP 	text: autoDraw = False
228.9833 	EXP 	text: text = 23
228.9833 	EXP 	text: autoDraw = True
229.9521 	EXP 	New trial (rep=0, index=8): {'countdown': 22}
229.9828 	EXP 	text: autoDraw = False
229.9828 	EXP 	text: text = 22
229.9828 	EXP 	text: autoDraw = True
230.9524 	EXP 	New trial (rep=0, index=9): {'countdown': 21}
230.9834 	EXP 	text: autoDraw = False
230.9834 	EXP 	text: text = 21
230.9834 	EXP 	text: autoDraw = True
231.9526 	EXP 	New trial (rep=0, index=10): {'countdown': 20}
231.9828 	EXP 	text: autoDraw = False
231.9828 	EXP 	text: text = 20
231.9828 	EXP 	text: autoDraw = True
232.9529 	EXP 	New trial (rep=0, index=11): {'countdown': 19}
232.9834 	EXP 	text: autoDraw = False
232.9834 	EXP 	text: text = 19
232.9834 	EXP 	text: autoDraw = True
233.9532 	EXP 	New trial (rep=0, index=12): {'countdown': 18}
233.9841 	EXP 	text: autoDraw = False
233.9841 	EXP 	text: text = 18
233.9841 	EXP 	text: autoDraw = True
234.9535 	EXP 	New trial (rep=0, index=13): {'countdown': 17}
234.9846 	EXP 	text: autoDraw = False
234.9846 	EXP 	text: text = 17
234.9846 	EXP 	text: autoDraw = True
235.9532 	EXP 	New trial (rep=0, index=14): {'countdown': 16}
235.9849 	EXP 	text: autoDraw = False
235.9849 	EXP 	text: text = 16
235.9849 	EXP 	text: autoDraw = True
236.9534 	EXP 	New trial (rep=0, index=15): {'countdown': 15}
236.9848 	EXP 	text: autoDraw = False
236.9848 	EXP 	text: text = 15
236.9848 	EXP 	text: autoDraw = True
237.9538 	EXP 	New trial (rep=0, index=16): {'countdown': 14}
237.9853 	EXP 	text: autoDraw = False
237.9853 	EXP 	text: text = 14
237.9853 	EXP 	text: autoDraw = True
238.9541 	EXP 	New trial (rep=0, index=17): {'countdown': 13}
238.9849 	EXP 	text: autoDraw = False
238.9849 	EXP 	text: text = 13
238.9849 	EXP 	text: autoDraw = True
239.9547 	EXP 	New trial (rep=0, index=18): {'countdown': 12}
239.9852 	EXP 	text: autoDraw = False
239.9852 	EXP 	text: text = 12
239.9852 	EXP 	text: autoDraw = True
240.9542 	EXP 	New trial (rep=0, index=19): {'countdown': 11}
240.9852 	EXP 	text: autoDraw = False
240.9852 	EXP 	text: text = 11
240.9852 	EXP 	text: autoDraw = True
241.9379 	EXP 	New trial (rep=0, index=20): {'countdown': 10}
241.9692 	EXP 	text: autoDraw = False
241.9692 	EXP 	text: text = 10
241.9692 	EXP 	text: autoDraw = True
242.9381 	EXP 	New trial (rep=0, index=21): {'countdown': 9}
242.9695 	EXP 	text: autoDraw = False
242.9695 	EXP 	text: text = 9
242.9695 	EXP 	text: autoDraw = True
243.9387 	EXP 	New trial (rep=0, index=22): {'countdown': 8}
243.9692 	EXP 	text: autoDraw = False
243.9692 	EXP 	text: text = 8
243.9692 	EXP 	text: autoDraw = True
244.9384 	EXP 	New trial (rep=0, index=23): {'countdown': 7}
244.9695 	EXP 	text: autoDraw = False
244.9695 	EXP 	text: text = 7
244.9695 	EXP 	text: autoDraw = True
245.9386 	EXP 	New trial (rep=0, index=24): {'countdown': 6}
245.9707 	EXP 	text: autoDraw = False
245.9707 	EXP 	text: text = 6
245.9707 	EXP 	text: autoDraw = True
246.9388 	EXP 	New trial (rep=0, index=25): {'countdown': 5}
246.9705 	EXP 	text: autoDraw = False
246.9705 	EXP 	text: text = 5
246.9705 	EXP 	text: autoDraw = True
247.9401 	EXP 	New trial (rep=0, index=26): {'countdown': 4}
247.9708 	EXP 	text: autoDraw = False
247.9708 	EXP 	text: text = 4
247.9708 	EXP 	text: autoDraw = True
248.9394 	EXP 	New trial (rep=0, index=27): {'countdown': 3}
248.9704 	EXP 	text: autoDraw = False
248.9704 	EXP 	text: text = 3
248.9704 	EXP 	text: autoDraw = True
249.9391 	EXP 	New trial (rep=0, index=28): {'countdown': 2}
249.9707 	EXP 	text: autoDraw = False
249.9707 	EXP 	text: text = 2
249.9707 	EXP 	text: autoDraw = True
250.9400 	EXP 	New trial (rep=0, index=29): {'countdown': 1}
250.9707 	EXP 	text: autoDraw = False
250.9707 	EXP 	text: text = 1
250.9707 	EXP 	text: autoDraw = True
251.9403 	EXP 	New trial (rep=0, index=30): {'countdown': 0}
251.9706 	EXP 	text: autoDraw = False
251.9706 	EXP 	text: text = 0
251.9706 	EXP 	text: autoDraw = True
252.9409 	EXP 	New trial (rep=2, index=0): None
252.9736 	EXP 	Imported stimuli.xlsx as conditions, 50 conditions, 2 params
252.9746 	EXP 	Created sequence: random, trialTypes=50, nReps=1, seed=None
252.9753 	EXP 	New trial (rep=0, index=0): {'word_stimuli': 'sounds/gauche.ogg', 'isi': 0.7}
253.0030 	EXP 	text: autoDraw = False
254.4764 	EXP 	New trial (rep=0, index=1): {'word_stimuli': 'sounds/droite.ogg', 'isi': 0.7}
255.9760 	EXP 	New trial (rep=0, index=2): {'word_stimuli': 'sounds/droite.ogg', 'isi': 0.7}
257.4766 	EXP 	New trial (rep=0, index=3): {'word_stimuli': 'sounds/droite.ogg', 'isi': 0.7}
258.9774 	EXP 	New trial (rep=0, index=4): {'word_stimuli': 'sounds/droite.ogg', 'isi': 0.7}
260.4913 	EXP 	New trial (rep=0, index=5): {'word_stimuli': 'sounds/droite.ogg', 'isi': 0.7}
261.9951 	EXP 	New trial (rep=0, index=6): {'word_stimuli': 'sounds/droite.ogg', 'isi': 0.7}
263.4947 	EXP 	New trial (rep=0, index=7): {'word_stimuli': 'sounds/droite.ogg', 'isi': 0.7}
264.9957 	EXP 	New trial (rep=0, index=8): {'word_stimuli': 'sounds/gauche.ogg', 'isi': 0.7}
266.4953 	EXP 	New trial (rep=0, index=9): {'word_stimuli': 'sounds/droite.ogg', 'isi': 0.7}
267.9940 	EXP 	New trial (rep=0, index=10): {'word_stimuli': 'sounds/gauche.ogg', 'isi': 0.7}
269.4967 	EXP 	New trial (rep=0, index=11): {'word_stimuli': 'sounds/gauche.ogg', 'isi': 0.7}
270.9974 	EXP 	New trial (rep=0, index=12): {'word_stimuli': 'sounds/droite.ogg', 'isi': 0.7}
272.4968 	EXP 	New trial (rep=0, index=13): {'word_stimuli': 'sounds/droite.ogg', 'isi': 0.7}
273.9978 	EXP 	New trial (rep=0, index=14): {'word_stimuli': 'sounds/gauche.ogg', 'isi': 0.7}
275.4973 	EXP 	New trial (rep=0, index=15): {'word_stimuli': 'sounds/droite.ogg', 'isi': 0.7}
276.9971 	EXP 	New trial (rep=0, index=16): {'word_stimuli': 'sounds/droite.ogg', 'isi': 0.7}
278.4978 	EXP 	New trial (rep=0, index=17): {'word_stimuli': 'sounds/gauche.ogg', 'isi': 0.7}
279.9976 	EXP 	New trial (rep=0, index=18): {'word_stimuli': 'sounds/droite.ogg', 'isi': 0.7}
281.4976 	EXP 	New trial (rep=0, index=19): {'word_stimuli': 'sounds/gauche.ogg', 'isi': 0.7}
283.0133 	EXP 	New trial (rep=0, index=20): {'word_stimuli': 'sounds/droite.ogg', 'isi': 0.7}
284.5169 	EXP 	New trial (rep=0, index=21): {'word_stimuli': 'sounds/droite.ogg', 'isi': 0.7}
286.0166 	EXP 	New trial (rep=0, index=22): {'word_stimuli': 'sounds/gauche.ogg', 'isi': 0.7}
287.5171 	EXP 	New trial (rep=0, index=23): {'word_stimuli': 'sounds/droite.ogg', 'isi': 0.7}
289.0164 	EXP 	New trial (rep=0, index=24): {'word_stimuli': 'sounds/gauche.ogg', 'isi': 0.7}
290.5179 	EXP 	New trial (rep=0, index=25): {'word_stimuli': 'sounds/gauche.ogg', 'isi': 0.7}
292.0173 	EXP 	New trial (rep=0, index=26): {'word_stimuli': 'sounds/droite.ogg', 'isi': 0.7}
293.5175 	EXP 	New trial (rep=0, index=27): {'word_stimuli': 'sounds/droite.ogg', 'isi': 0.7}
295.0181 	EXP 	New trial (rep=0, index=28): {'word_stimuli': 'sounds/gauche.ogg', 'isi': 0.7}
296.5178 	EXP 	New trial (rep=0, index=29): {'word_stimuli': 'sounds/gauche.ogg', 'isi': 0.7}
298.0186 	EXP 	New trial (rep=0, index=30): {'word_stimuli': 'sounds/gauche.ogg', 'isi': 0.7}
299.5186 	EXP 	New trial (rep=0, index=31): {'word_stimuli': 'sounds/gauche.ogg', 'isi': 0.7}
301.0186 	EXP 	New trial (rep=0, index=32): {'word_stimuli': 'sounds/gauche.ogg', 'isi': 0.7}
302.5190 	EXP 	New trial (rep=0, index=33): {'word_stimuli': 'sounds/droite.ogg', 'isi': 0.7}
304.0196 	EXP 	New trial (rep=0, index=34): {'word_stimuli': 'sounds/droite.ogg', 'isi': 0.7}
305.5210 	EXP 	New trial (rep=0, index=35): {'word_stimuli': 'sounds/gauche.ogg', 'isi': 0.7}
307.0205 	EXP 	New trial (rep=0, index=36): {'word_stimuli': 'sounds/droite.ogg', 'isi': 0.7}
308.5205 	EXP 	New trial (rep=0, index=37): {'word_stimuli': 'sounds/gauche.ogg', 'isi': 0.7}
310.0205 	EXP 	New trial (rep=0, index=38): {'word_stimuli': 'sounds/gauche.ogg', 'isi': 0.7}
311.5206 	EXP 	New trial (rep=0, index=39): {'word_stimuli': 'sounds/gauche.ogg', 'isi': 0.7}
313.0218 	EXP 	New trial (rep=0, index=40): {'word_stimuli': 'sounds/droite.ogg', 'isi': 0.7}
314.5214 	EXP 	New trial (rep=0, index=41): {'word_stimuli': 'sounds/droite.ogg', 'isi': 0.7}
316.0221 	EXP 	New trial (rep=0, index=42): {'word_stimuli': 'sounds/gauche.ogg', 'isi': 0.7}
317.5230 	EXP 	New trial (rep=0, index=43): {'word_stimuli': 'sounds/gauche.ogg', 'isi': 0.7}
319.0227 	EXP 	New trial (rep=0, index=44): {'word_stimuli': 'sounds/droite.ogg', 'isi': 0.7}
320.5240 	EXP 	New trial (rep=0, index=45): {'word_stimuli': 'sounds/gauche.ogg', 'isi': 0.7}
322.0237 	EXP 	New trial (rep=0, index=46): {'word_stimuli': 'sounds/gauche.ogg', 'isi': 0.7}
323.5246 	EXP 	New trial (rep=0, index=47): {'word_stimuli': 'sounds/gauche.ogg', 'isi': 0.7}
325.0246 	EXP 	New trial (rep=0, index=48): {'word_stimuli': 'sounds/droite.ogg', 'isi': 0.7}
326.5245 	EXP 	New trial (rep=0, index=49): {'word_stimuli': 'sounds/gauche.ogg', 'isi': 0.7}
328.0550 	EXP 	Imported countdown.xlsx as conditions, 31 conditions, 1 params
328.0562 	EXP 	Created sequence: sequential, trialTypes=31, nReps=1, seed=None
328.0571 	EXP 	New trial (rep=0, index=0): {'countdown': 30}
328.0854 	EXP 	text: text = 30
328.0854 	EXP 	text: autoDraw = True
329.0398 	EXP 	New trial (rep=0, index=1): {'countdown': 29}
329.0694 	EXP 	text: autoDraw = False
329.0694 	EXP 	text: text = 29
329.0694 	EXP 	text: autoDraw = True
330.0390 	EXP 	New trial (rep=0, index=2): {'countdown': 28}
330.0709 	EXP 	text: autoDraw = False
330.0709 	EXP 	text: text = 28
330.0709 	EXP 	text: autoDraw = True
331.0393 	EXP 	New trial (rep=0, index=3): {'countdown': 27}
331.0709 	EXP 	text: autoDraw = False
331.0709 	EXP 	text: text = 27
331.0709 	EXP 	text: autoDraw = True
332.0397 	EXP 	New trial (rep=0, index=4): {'countdown': 26}
332.0711 	EXP 	text: autoDraw = False
332.0711 	EXP 	text: text = 26
332.0711 	EXP 	text: autoDraw = True
333.0403 	EXP 	New trial (rep=0, index=5): {'countdown': 25}
333.0703 	EXP 	text: autoDraw = False
333.0703 	EXP 	text: text = 25
333.0703 	EXP 	text: autoDraw = True
334.0399 	EXP 	New trial (rep=0, index=6): {'countdown': 24}
334.0708 	EXP 	text: autoDraw = False
334.0708 	EXP 	text: text = 24
334.0708 	EXP 	text: autoDraw = True
335.0402 	EXP 	New trial (rep=0, index=7): {'countdown': 23}
335.0708 	EXP 	text: autoDraw = False
335.0708 	EXP 	text: text = 23
335.0708 	EXP 	text: autoDraw = True
336.0413 	EXP 	New trial (rep=0, index=8): {'countdown': 22}
336.0715 	EXP 	text: autoDraw = False
336.0715 	EXP 	text: text = 22
336.0715 	EXP 	text: autoDraw = True
337.0406 	EXP 	New trial (rep=0, index=9): {'countdown': 21}
337.0725 	EXP 	text: autoDraw = False
337.0725 	EXP 	text: text = 21
337.0725 	EXP 	text: autoDraw = True
338.0405 	EXP 	New trial (rep=0, index=10): {'countdown': 20}
338.0721 	EXP 	text: autoDraw = False
338.0721 	EXP 	text: text = 20
338.0721 	EXP 	text: autoDraw = True
339.0408 	EXP 	New trial (rep=0, index=11): {'countdown': 19}
339.0724 	EXP 	text: autoDraw = False
339.0724 	EXP 	text: text = 19
339.0724 	EXP 	text: autoDraw = True
340.0424 	EXP 	New trial (rep=0, index=12): {'countdown': 18}
340.0722 	EXP 	text: autoDraw = False
340.0722 	EXP 	text: text = 18
340.0722 	EXP 	text: autoDraw = True
341.0421 	EXP 	New trial (rep=0, index=13): {'countdown': 17}
341.0715 	EXP 	text: autoDraw = False
341.0715 	EXP 	text: text = 17
341.0715 	EXP 	text: autoDraw = True
342.0413 	EXP 	New trial (rep=0, index=14): {'countdown': 16}
342.0721 	EXP 	text: autoDraw = False
342.0721 	EXP 	text: text = 16
342.0721 	EXP 	text: autoDraw = True
343.0425 	EXP 	New trial (rep=0, index=15): {'countdown': 15}
343.0721 	EXP 	text: autoDraw = False
343.0721 	EXP 	text: text = 15
343.0721 	EXP 	text: autoDraw = True
344.0406 	EXP 	New trial (rep=0, index=16): {'countdown': 14}
344.0557 	EXP 	text: autoDraw = False
344.0557 	EXP 	text: text = 14
344.0557 	EXP 	text: autoDraw = True
345.0426 	EXP 	New trial (rep=0, index=17): {'countdown': 13}
345.0732 	EXP 	text: autoDraw = False
345.0732 	EXP 	text: text = 13
345.0732 	EXP 	text: autoDraw = True
346.0424 	EXP 	New trial (rep=0, index=18): {'countdown': 12}
346.0732 	EXP 	text: autoDraw = False
346.0732 	EXP 	text: text = 12
346.0732 	EXP 	text: autoDraw = True
347.0406 	EXP 	New trial (rep=0, index=19): {'countdown': 11}
347.0563 	EXP 	text: autoDraw = False
347.0563 	EXP 	text: text = 11
347.0563 	EXP 	text: autoDraw = True
348.0429 	EXP 	New trial (rep=0, index=20): {'countdown': 10}
348.0739 	EXP 	text: autoDraw = False
348.0739 	EXP 	text: text = 10
348.0739 	EXP 	text: autoDraw = True
349.0431 	EXP 	New trial (rep=0, index=21): {'countdown': 9}
349.0753 	EXP 	text: autoDraw = False
349.0753 	EXP 	text: text = 9
349.0753 	EXP 	text: autoDraw = True
350.0404 	EXP 	New trial (rep=0, index=22): {'countdown': 8}
350.0561 	EXP 	text: autoDraw = False
350.0561 	EXP 	text: text = 8
350.0561 	EXP 	text: autoDraw = True
351.0431 	EXP 	New trial (rep=0, index=23): {'countdown': 7}
351.0742 	EXP 	text: autoDraw = False
351.0742 	EXP 	text: text = 7
351.0742 	EXP 	text: autoDraw = True
352.0436 	EXP 	New trial (rep=0, index=24): {'countdown': 6}
352.0757 	EXP 	text: autoDraw = False
352.0757 	EXP 	text: text = 6
352.0757 	EXP 	text: autoDraw = True
353.0435 	EXP 	New trial (rep=0, index=25): {'countdown': 5}
353.0747 	EXP 	text: autoDraw = False
353.0747 	EXP 	text: text = 5
353.0747 	EXP 	text: autoDraw = True
354.0443 	EXP 	New trial (rep=0, index=26): {'countdown': 4}
354.0752 	EXP 	text: autoDraw = False
354.0752 	EXP 	text: text = 4
354.0752 	EXP 	text: autoDraw = True
355.0444 	EXP 	New trial (rep=0, index=27): {'countdown': 3}
355.0754 	EXP 	text: autoDraw = False
355.0754 	EXP 	text: text = 3
355.0754 	EXP 	text: autoDraw = True
356.0278 	EXP 	New trial (rep=0, index=28): {'countdown': 2}
356.0580 	EXP 	text: autoDraw = False
356.0580 	EXP 	text: text = 2
356.0580 	EXP 	text: autoDraw = True
357.0279 	EXP 	New trial (rep=0, index=29): {'countdown': 1}
357.0593 	EXP 	text: autoDraw = False
357.0593 	EXP 	text: text = 1
357.0593 	EXP 	text: autoDraw = True
358.0281 	EXP 	New trial (rep=0, index=30): {'countdown': 0}
358.0600 	EXP 	text: autoDraw = False
358.0600 	EXP 	text: text = 0
358.0600 	EXP 	text: autoDraw = True
359.0287 	EXP 	New trial (rep=3, index=0): None
359.0618 	EXP 	Imported stimuli.xlsx as conditions, 50 conditions, 2 params
359.0624 	EXP 	Created sequence: random, trialTypes=50, nReps=1, seed=None
359.0628 	EXP 	New trial (rep=0, index=0): {'word_stimuli': 'sounds/droite.ogg', 'isi': 0.7}
359.0739 	EXP 	text: autoDraw = False
360.5487 	EXP 	New trial (rep=0, index=1): {'word_stimuli': 'sounds/droite.ogg', 'isi': 0.7}
362.0474 	EXP 	New trial (rep=0, index=2): {'word_stimuli': 'sounds/gauche.ogg', 'isi': 0.7}
363.5477 	EXP 	New trial (rep=0, index=3): {'word_stimuli': 'sounds/droite.ogg', 'isi': 0.7}
365.0486 	EXP 	New trial (rep=0, index=4): {'word_stimuli': 'sounds/gauche.ogg', 'isi': 0.7}
366.5470 	EXP 	New trial (rep=0, index=5): {'word_stimuli': 'sounds/gauche.ogg', 'isi': 0.7}
368.0491 	EXP 	New trial (rep=0, index=6): {'word_stimuli': 'sounds/gauche.ogg', 'isi': 0.7}
369.5492 	EXP 	New trial (rep=0, index=7): {'word_stimuli': 'sounds/droite.ogg', 'isi': 0.7}
371.0508 	EXP 	New trial (rep=0, index=8): {'word_stimuli': 'sounds/gauche.ogg', 'isi': 0.7}
372.5496 	EXP 	New trial (rep=0, index=9): {'word_stimuli': 'sounds/droite.ogg', 'isi': 0.7}
374.0512 	EXP 	New trial (rep=0, index=10): {'word_stimuli': 'sounds/droite.ogg', 'isi': 0.7}
375.5506 	EXP 	New trial (rep=0, index=11): {'word_stimuli': 'sounds/droite.ogg', 'isi': 0.7}
377.0504 	EXP 	New trial (rep=0, index=12): {'word_stimuli': 'sounds/droite.ogg', 'isi': 0.7}
378.5511 	EXP 	New trial (rep=0, index=13): {'word_stimuli': 'sounds/gauche.ogg', 'isi': 0.7}
380.0510 	EXP 	New trial (rep=0, index=14): {'word_stimuli': 'sounds/droite.ogg', 'isi': 0.7}
381.5515 	EXP 	New trial (rep=0, index=15): {'word_stimuli': 'sounds/gauche.ogg', 'isi': 0.7}
383.0526 	EXP 	New trial (rep=0, index=16): {'word_stimuli': 'sounds/gauche.ogg', 'isi': 0.7}
384.5528 	EXP 	New trial (rep=0, index=17): {'word_stimuli': 'sounds/droite.ogg', 'isi': 0.7}
386.0542 	EXP 	New trial (rep=0, index=18): {'word_stimuli': 'sounds/droite.ogg', 'isi': 0.7}
387.5537 	EXP 	New trial (rep=0, index=19): {'word_stimuli': 'sounds/gauche.ogg', 'isi': 0.7}
389.0533 	EXP 	New trial (rep=0, index=20): {'word_stimuli': 'sounds/droite.ogg', 'isi': 0.7}
390.5538 	EXP 	New trial (rep=0, index=21): {'word_stimuli': 'sounds/gauche.ogg', 'isi': 0.7}
392.0558 	EXP 	New trial (rep=0, index=22): {'word_stimuli': 'sounds/droite.ogg', 'isi': 0.7}
393.5548 	EXP 	New trial (rep=0, index=23): {'word_stimuli': 'sounds/gauche.ogg', 'isi': 0.7}
395.0560 	EXP 	New trial (rep=0, index=24): {'word_stimuli': 'sounds/droite.ogg', 'isi': 0.7}
396.5567 	EXP 	New trial (rep=0, index=25): {'word_stimuli': 'sounds/gauche.ogg', 'isi': 0.7}
398.0559 	EXP 	New trial (rep=0, index=26): {'word_stimuli': 'sounds/droite.ogg', 'isi': 0.7}
399.5565 	EXP 	New trial (rep=0, index=27): {'word_stimuli': 'sounds/droite.ogg', 'isi': 0.7}
401.0569 	EXP 	New trial (rep=0, index=28): {'word_stimuli': 'sounds/droite.ogg', 'isi': 0.7}
402.5574 	EXP 	New trial (rep=0, index=29): {'word_stimuli': 'sounds/gauche.ogg', 'isi': 0.7}
404.0575 	EXP 	New trial (rep=0, index=30): {'word_stimuli': 'sounds/droite.ogg', 'isi': 0.7}
405.5563 	EXP 	New trial (rep=0, index=31): {'word_stimuli': 'sounds/droite.ogg', 'isi': 0.7}
407.0568 	EXP 	New trial (rep=0, index=32): {'word_stimuli': 'sounds/gauche.ogg', 'isi': 0.7}
408.5587 	EXP 	New trial (rep=0, index=33): {'word_stimuli': 'sounds/droite.ogg', 'isi': 0.7}
410.0576 	EXP 	New trial (rep=0, index=34): {'word_stimuli': 'sounds/droite.ogg', 'isi': 0.7}
411.5583 	EXP 	New trial (rep=0, index=35): {'word_stimuli': 'sounds/gauche.ogg', 'isi': 0.7}
413.0574 	EXP 	New trial (rep=0, index=36): {'word_stimuli': 'sounds/gauche.ogg', 'isi': 0.7}
414.5589 	EXP 	New trial (rep=0, index=37): {'word_stimuli': 'sounds/droite.ogg', 'isi': 0.7}
416.0582 	EXP 	New trial (rep=0, index=38): {'word_stimuli': 'sounds/gauche.ogg', 'isi': 0.7}
417.5590 	EXP 	New trial (rep=0, index=39): {'word_stimuli': 'sounds/droite.ogg', 'isi': 0.7}
419.0592 	EXP 	New trial (rep=0, index=40): {'word_stimuli': 'sounds/gauche.ogg', 'isi': 0.7}
420.5594 	EXP 	New trial (rep=0, index=41): {'word_stimuli': 'sounds/gauche.ogg', 'isi': 0.7}
422.0612 	EXP 	New trial (rep=0, index=42): {'word_stimuli': 'sounds/gauche.ogg', 'isi': 0.7}
423.5603 	EXP 	New trial (rep=0, index=43): {'word_stimuli': 'sounds/droite.ogg', 'isi': 0.7}
425.0609 	EXP 	New trial (rep=0, index=44): {'word_stimuli': 'sounds/gauche.ogg', 'isi': 0.7}
426.5610 	EXP 	New trial (rep=0, index=45): {'word_stimuli': 'sounds/gauche.ogg', 'isi': 0.7}
428.0612 	EXP 	New trial (rep=0, index=46): {'word_stimuli': 'sounds/gauche.ogg', 'isi': 0.7}
429.5618 	EXP 	New trial (rep=0, index=47): {'word_stimuli': 'sounds/droite.ogg', 'isi': 0.7}
431.0622 	EXP 	New trial (rep=0, index=48): {'word_stimuli': 'sounds/gauche.ogg', 'isi': 0.7}
432.5618 	EXP 	New trial (rep=0, index=49): {'word_stimuli': 'sounds/gauche.ogg', 'isi': 0.7}
434.0919 	EXP 	Imported countdown.xlsx as conditions, 31 conditions, 1 params
434.0930 	EXP 	Created sequence: sequential, trialTypes=31, nReps=1, seed=None
434.0939 	EXP 	New trial (rep=0, index=0): {'countdown': 30}
434.1246 	EXP 	text: text = 30
434.1246 	EXP 	text: autoDraw = True
435.0775 	EXP 	New trial (rep=0, index=1): {'countdown': 29}
435.1092 	EXP 	text: autoDraw = False
435.1092 	EXP 	text: text = 29
435.1092 	EXP 	text: autoDraw = True
436.0778 	EXP 	New trial (rep=0, index=2): {'countdown': 28}
436.1087 	EXP 	text: autoDraw = False
436.1087 	EXP 	text: text = 28
436.1087 	EXP 	text: autoDraw = True
437.0780 	EXP 	New trial (rep=0, index=3): {'countdown': 27}
437.1093 	EXP 	text: autoDraw = False
437.1093 	EXP 	text: text = 27
437.1093 	EXP 	text: autoDraw = True
438.0758 	EXP 	New trial (rep=0, index=4): {'countdown': 26}
438.0912 	EXP 	text: autoDraw = False
438.0912 	EXP 	text: text = 26
438.0912 	EXP 	text: autoDraw = True
439.0781 	EXP 	New trial (rep=0, index=5): {'countdown': 25}
439.1094 	EXP 	text: autoDraw = False
439.1094 	EXP 	text: text = 25
439.1094 	EXP 	text: autoDraw = True
440.0765 	EXP 	New trial (rep=0, index=6): {'countdown': 24}
440.0917 	EXP 	text: autoDraw = False
440.0917 	EXP 	text: text = 24
440.0917 	EXP 	text: autoDraw = True
441.0782 	EXP 	New trial (rep=0, index=7): {'countdown': 23}
441.1093 	EXP 	text: autoDraw = False
441.1093 	EXP 	text: text = 23
441.1093 	EXP 	text: autoDraw = True
442.0785 	EXP 	New trial (rep=0, index=8): {'countdown': 22}
442.1096 	EXP 	text: autoDraw = False
442.1096 	EXP 	text: text = 22
442.1096 	EXP 	text: autoDraw = True
443.0759 	EXP 	New trial (rep=0, index=9): {'countdown': 21}
443.0917 	EXP 	text: autoDraw = False
443.0917 	EXP 	text: text = 21
443.0917 	EXP 	text: autoDraw = True
444.0789 	EXP 	New trial (rep=0, index=10): {'countdown': 20}
444.1104 	EXP 	text: autoDraw = False
444.1104 	EXP 	text: text = 20
444.1104 	EXP 	text: autoDraw = True
445.0790 	EXP 	New trial (rep=0, index=11): {'countdown': 19}
445.1106 	EXP 	text: autoDraw = False
445.1106 	EXP 	text: text = 19
445.1106 	EXP 	text: autoDraw = True
446.0765 	EXP 	New trial (rep=0, index=12): {'countdown': 18}
446.0926 	EXP 	text: autoDraw = False
446.0926 	EXP 	text: text = 18
446.0926 	EXP 	text: autoDraw = True
447.0795 	EXP 	New trial (rep=0, index=13): {'countdown': 17}
447.1109 	EXP 	text: autoDraw = False
447.1109 	EXP 	text: text = 17
447.1109 	EXP 	text: autoDraw = True
448.0798 	EXP 	New trial (rep=0, index=14): {'countdown': 16}
448.1114 	EXP 	text: autoDraw = False
448.1114 	EXP 	text: text = 16
448.1114 	EXP 	text: autoDraw = True
449.0776 	EXP 	New trial (rep=0, index=15): {'countdown': 15}
449.0929 	EXP 	text: autoDraw = False
449.0929 	EXP 	text: text = 15
449.0929 	EXP 	text: autoDraw = True
450.0804 	EXP 	New trial (rep=0, index=16): {'countdown': 14}
450.1111 	EXP 	text: autoDraw = False
450.1111 	EXP 	text: text = 14
450.1111 	EXP 	text: autoDraw = True
451.0805 	EXP 	New trial (rep=0, index=17): {'countdown': 13}
451.1108 	EXP 	text: autoDraw = False
451.1108 	EXP 	text: text = 13
451.1108 	EXP 	text: autoDraw = True
452.0806 	EXP 	New trial (rep=0, index=18): {'countdown': 12}
452.1103 	EXP 	text: autoDraw = False
452.1103 	EXP 	text: text = 12
452.1103 	EXP 	text: autoDraw = True
453.0810 	EXP 	New trial (rep=0, index=19): {'countdown': 11}
453.1123 	EXP 	text: autoDraw = False
453.1123 	EXP 	text: text = 11
453.1123 	EXP 	text: autoDraw = True
454.0810 	EXP 	New trial (rep=0, index=20): {'countdown': 10}
454.1127 	EXP 	text: autoDraw = False
454.1127 	EXP 	text: text = 10
454.1127 	EXP 	text: autoDraw = True
455.0812 	EXP 	New trial (rep=0, index=21): {'countdown': 9}
455.1122 	EXP 	text: autoDraw = False
455.1122 	EXP 	text: text = 9
455.1122 	EXP 	text: autoDraw = True
456.0813 	EXP 	New trial (rep=0, index=22): {'countdown': 8}
456.1116 	EXP 	text: autoDraw = False
456.1116 	EXP 	text: text = 8
456.1116 	EXP 	text: autoDraw = True
457.0825 	EXP 	New trial (rep=0, index=23): {'countdown': 7}
457.1123 	EXP 	text: autoDraw = False
457.1123 	EXP 	text: text = 7
457.1123 	EXP 	text: autoDraw = True
458.0654 	EXP 	New trial (rep=0, index=24): {'countdown': 6}
458.0965 	EXP 	text: autoDraw = False
458.0965 	EXP 	text: text = 6
458.0965 	EXP 	text: autoDraw = True
459.0650 	EXP 	New trial (rep=0, index=25): {'countdown': 5}
459.0965 	EXP 	text: autoDraw = False
459.0965 	EXP 	text: text = 5
459.0965 	EXP 	text: autoDraw = True
460.0656 	EXP 	New trial (rep=0, index=26): {'countdown': 4}
460.0968 	EXP 	text: autoDraw = False
460.0968 	EXP 	text: text = 4
460.0968 	EXP 	text: autoDraw = True
461.0659 	EXP 	New trial (rep=0, index=27): {'countdown': 3}
461.0962 	EXP 	text: autoDraw = False
461.0962 	EXP 	text: text = 3
461.0962 	EXP 	text: autoDraw = True
462.0660 	EXP 	New trial (rep=0, index=28): {'countdown': 2}
462.0975 	EXP 	text: autoDraw = False
462.0975 	EXP 	text: text = 2
462.0975 	EXP 	text: autoDraw = True
463.0664 	EXP 	New trial (rep=0, index=29): {'countdown': 1}
463.0974 	EXP 	text: autoDraw = False
463.0974 	EXP 	text: text = 1
463.0974 	EXP 	text: autoDraw = True
464.0660 	EXP 	New trial (rep=0, index=30): {'countdown': 0}
464.0964 	EXP 	text: autoDraw = False
464.0964 	EXP 	text: text = 0
464.0964 	EXP 	text: autoDraw = True
465.0666 	EXP 	New trial (rep=4, index=0): None
465.0962 	EXP 	Imported stimuli.xlsx as conditions, 50 conditions, 2 params
465.0972 	EXP 	Created sequence: random, trialTypes=50, nReps=1, seed=None
465.0979 	EXP 	New trial (rep=0, index=0): {'word_stimuli': 'sounds/droite.ogg', 'isi': 0.7}
465.1300 	EXP 	text: autoDraw = False
466.6038 	EXP 	New trial (rep=0, index=1): {'word_stimuli': 'sounds/droite.ogg', 'isi': 0.7}
468.1033 	EXP 	New trial (rep=0, index=2): {'word_stimuli': 'sounds/droite.ogg', 'isi': 0.7}
469.6047 	EXP 	New trial (rep=0, index=3): {'word_stimuli': 'sounds/droite.ogg', 'isi': 0.7}
471.1047 	EXP 	New trial (rep=0, index=4): {'word_stimuli': 'sounds/droite.ogg', 'isi': 0.7}
472.6025 	EXP 	New trial (rep=0, index=5): {'word_stimuli': 'sounds/gauche.ogg', 'isi': 0.7}
474.1058 	EXP 	New trial (rep=0, index=6): {'word_stimuli': 'sounds/droite.ogg', 'isi': 0.7}
475.6057 	EXP 	New trial (rep=0, index=7): {'word_stimuli': 'sounds/gauche.ogg', 'isi': 0.7}
477.1046 	EXP 	New trial (rep=0, index=8): {'word_stimuli': 'sounds/gauche.ogg', 'isi': 0.7}
478.6055 	EXP 	New trial (rep=0, index=9): {'word_stimuli': 'sounds/gauche.ogg', 'isi': 0.7}
480.1066 	EXP 	New trial (rep=0, index=10): {'word_stimuli': 'sounds/droite.ogg', 'isi': 0.7}
481.6067 	EXP 	New trial (rep=0, index=11): {'word_stimuli': 'sounds/droite.ogg', 'isi': 0.7}
483.1057 	EXP 	New trial (rep=0, index=12): {'word_stimuli': 'sounds/gauche.ogg', 'isi': 0.7}
484.6069 	EXP 	New trial (rep=0, index=13): {'word_stimuli': 'sounds/droite.ogg', 'isi': 0.7}
486.1067 	EXP 	New trial (rep=0, index=14): {'word_stimuli': 'sounds/droite.ogg', 'isi': 0.7}
487.6075 	EXP 	New trial (rep=0, index=15): {'word_stimuli': 'sounds/gauche.ogg', 'isi': 0.7}
489.1063 	EXP 	New trial (rep=0, index=16): {'word_stimuli': 'sounds/droite.ogg', 'isi': 0.7}
490.6071 	EXP 	New trial (rep=0, index=17): {'word_stimuli': 'sounds/gauche.ogg', 'isi': 0.7}
492.1086 	EXP 	New trial (rep=0, index=18): {'word_stimuli': 'sounds/droite.ogg', 'isi': 0.7}
493.6076 	EXP 	New trial (rep=0, index=19): {'word_stimuli': 'sounds/droite.ogg', 'isi': 0.7}
495.1085 	EXP 	New trial (rep=0, index=20): {'word_stimuli': 'sounds/droite.ogg', 'isi': 0.7}
496.6088 	EXP 	New trial (rep=0, index=21): {'word_stimuli': 'sounds/gauche.ogg', 'isi': 0.7}
498.1091 	EXP 	New trial (rep=0, index=22): {'word_stimuli': 'sounds/gauche.ogg', 'isi': 0.7}
499.6093 	EXP 	New trial (rep=0, index=23): {'word_stimuli': 'sounds/droite.ogg', 'isi': 0.7}
501.1098 	EXP 	New trial (rep=0, index=24): {'word_stimuli': 'sounds/droite.ogg', 'isi': 0.7}
502.6099 	EXP 	New trial (rep=0, index=25): {'word_stimuli': 'sounds/gauche.ogg', 'isi': 0.7}
504.1100 	EXP 	New trial (rep=0, index=26): {'word_stimuli': 'sounds/gauche.ogg', 'isi': 0.7}
505.6105 	EXP 	New trial (rep=0, index=27): {'word_stimuli': 'sounds/droite.ogg', 'isi': 0.7}
507.1103 	EXP 	New trial (rep=0, index=28): {'word_stimuli': 'sounds/gauche.ogg', 'isi': 0.7}
508.6117 	EXP 	New trial (rep=0, index=29): {'word_stimuli': 'sounds/gauche.ogg', 'isi': 0.7}
510.1114 	EXP 	New trial (rep=0, index=30): {'word_stimuli': 'sounds/droite.ogg', 'isi': 0.7}
511.6108 	EXP 	New trial (rep=0, index=31): {'word_stimuli': 'sounds/gauche.ogg', 'isi': 0.7}
513.1132 	EXP 	New trial (rep=0, index=32): {'word_stimuli': 'sounds/gauche.ogg', 'isi': 0.7}
514.6128 	EXP 	New trial (rep=0, index=33): {'word_stimuli': 'sounds/droite.ogg', 'isi': 0.7}
516.1123 	EXP 	New trial (rep=0, index=34): {'word_stimuli': 'sounds/gauche.ogg', 'isi': 0.7}
517.6135 	EXP 	New trial (rep=0, index=35): {'word_stimuli': 'sounds/droite.ogg', 'isi': 0.7}
519.1154 	EXP 	New trial (rep=0, index=36): {'word_stimuli': 'sounds/droite.ogg', 'isi': 0.7}
520.6150 	EXP 	New trial (rep=0, index=37): {'word_stimuli': 'sounds/droite.ogg', 'isi': 0.7}
522.1153 	EXP 	New trial (rep=0, index=38): {'word_stimuli': 'sounds/droite.ogg', 'isi': 0.7}
523.6146 	EXP 	New trial (rep=0, index=39): {'word_stimuli': 'sounds/gauche.ogg', 'isi': 0.7}
525.1154 	EXP 	New trial (rep=0, index=40): {'word_stimuli': 'sounds/gauche.ogg', 'isi': 0.7}
526.6153 	EXP 	New trial (rep=0, index=41): {'word_stimuli': 'sounds/gauche.ogg', 'isi': 0.7}
528.1157 	EXP 	New trial (rep=0, index=42): {'word_stimuli': 'sounds/gauche.ogg', 'isi': 0.7}
529.6308 	EXP 	New trial (rep=0, index=43): {'word_stimuli': 'sounds/gauche.ogg', 'isi': 0.7}
531.1322 	EXP 	New trial (rep=0, index=44): {'word_stimuli': 'sounds/droite.ogg', 'isi': 0.7}
532.6326 	EXP 	New trial (rep=0, index=45): {'word_stimuli': 'sounds/gauche.ogg', 'isi': 0.7}
534.1340 	EXP 	New trial (rep=0, index=46): {'word_stimuli': 'sounds/droite.ogg', 'isi': 0.7}
535.6335 	EXP 	New trial (rep=0, index=47): {'word_stimuli': 'sounds/gauche.ogg', 'isi': 0.7}
537.1342 	EXP 	New trial (rep=0, index=48): {'word_stimuli': 'sounds/gauche.ogg', 'isi': 0.7}
538.6334 	EXP 	New trial (rep=0, index=49): {'word_stimuli': 'sounds/gauche.ogg', 'isi': 0.7}
540.1576 	EXP 	Imported countdown.xlsx as conditions, 31 conditions, 1 params
540.1583 	EXP 	Created sequence: sequential, trialTypes=31, nReps=1, seed=None
540.1587 	EXP 	New trial (rep=0, index=0): {'countdown': 30}
540.1784 	EXP 	text: text = 30
540.1784 	EXP 	text: autoDraw = True
541.1498 	EXP 	New trial (rep=0, index=1): {'countdown': 29}
541.1805 	EXP 	text: autoDraw = False
541.1805 	EXP 	text: text = 29
541.1805 	EXP 	text: autoDraw = True
542.1488 	EXP 	New trial (rep=0, index=2): {'countdown': 28}
542.1805 	EXP 	text: autoDraw = False
542.1805 	EXP 	text: text = 28
542.1805 	EXP 	text: autoDraw = True
543.1498 	EXP 	New trial (rep=0, index=3): {'countdown': 27}
543.1806 	EXP 	text: autoDraw = False
543.1806 	EXP 	text: text = 27
543.1806 	EXP 	text: autoDraw = True
544.1493 	EXP 	New trial (rep=0, index=4): {'countdown': 26}
544.1805 	EXP 	text: autoDraw = False
544.1805 	EXP 	text: text = 26
544.1805 	EXP 	text: autoDraw = True
545.1467 	EXP 	New trial (rep=0, index=5): {'countdown': 25}
545.1621 	EXP 	text: autoDraw = False
545.1621 	EXP 	text: text = 25
545.1621 	EXP 	text: autoDraw = True
546.1494 	EXP 	New trial (rep=0, index=6): {'countdown': 24}
546.1642 	EXP 	text: autoDraw = False
546.1642 	EXP 	text: text = 24
546.1642 	EXP 	text: autoDraw = True
547.1413 	EXP 	New trial (rep=0, index=7): {'countdown': 23}
547.1715 	EXP 	text: autoDraw = False
547.1715 	EXP 	text: text = 23
547.1715 	EXP 	text: autoDraw = True
548.1375 	EXP 	New trial (rep=0, index=8): {'countdown': 22}
548.1685 	EXP 	text: autoDraw = False
548.1685 	EXP 	text: text = 22
548.1685 	EXP 	text: autoDraw = True
6185.6344 	EXP 	New trial (rep=0, index=9): {'countdown': 21}
6185.6377 	EXP 	New trial (rep=0, index=10): {'countdown': 20}
6185.6394 	EXP 	New trial (rep=0, index=11): {'countdown': 19}
6185.6407 	EXP 	New trial (rep=0, index=12): {'countdown': 18}
6185.6419 	EXP 	New trial (rep=0, index=13): {'countdown': 17}
6185.6430 	EXP 	New trial (rep=0, index=14): {'countdown': 16}
6185.6442 	EXP 	New trial (rep=0, index=15): {'countdown': 15}
6185.6453 	EXP 	New trial (rep=0, index=16): {'countdown': 14}
6185.6465 	EXP 	New trial (rep=0, index=17): {'countdown': 13}
6185.6476 	EXP 	New trial (rep=0, index=18): {'countdown': 12}
6185.6939 	EXP 	New trial (rep=0, index=19): {'countdown': 11}
6185.6994 	EXP 	New trial (rep=0, index=20): {'countdown': 10}
6185.7040 	EXP 	New trial (rep=0, index=21): {'countdown': 9}
6185.7094 	EXP 	New trial (rep=0, index=22): {'countdown': 8}
6185.7139 	EXP 	New trial (rep=0, index=23): {'countdown': 7}
6185.7224 	EXP 	New trial (rep=0, index=24): {'countdown': 6}
6185.7255 	EXP 	New trial (rep=0, index=25): {'countdown': 5}
6185.7309 	EXP 	New trial (rep=0, index=26): {'countdown': 4}
6185.7399 	EXP 	New trial (rep=0, index=27): {'countdown': 3}
6185.7438 	EXP 	New trial (rep=0, index=28): {'countdown': 2}
6185.7462 	EXP 	New trial (rep=0, index=29): {'countdown': 1}
6185.7502 	EXP 	New trial (rep=0, index=30): {'countdown': 0}
6185.7707 	EXP 	text: autoDraw = False
6185.7707 	EXP 	text: text = 21
6185.7707 	EXP 	text: autoDraw = False
6185.7707 	EXP 	text: text = 20
6185.7707 	EXP 	text: autoDraw = False
6185.7707 	EXP 	text: text = 19
6185.7707 	EXP 	text: autoDraw = False
6185.7707 	EXP 	text: text = 18
6185.7707 	EXP 	text: autoDraw = False
6185.7707 	EXP 	text: text = 17
6185.7707 	EXP 	text: autoDraw = False
6185.7707 	EXP 	text: text = 16
6185.7707 	EXP 	text: autoDraw = False
6185.7707 	EXP 	text: text = 15
6185.7707 	EXP 	text: autoDraw = False
6185.7707 	EXP 	text: text = 14
6185.7707 	EXP 	text: autoDraw = False
6185.7707 	EXP 	text: text = 13
6185.7707 	EXP 	text: autoDraw = False
6185.7707 	EXP 	text: text = 12
6185.7707 	EXP 	text: autoDraw = False
6185.7707 	EXP 	text: text = 11
6185.7707 	EXP 	text: autoDraw = False
6185.7707 	EXP 	text: text = 10
6185.7707 	EXP 	text: autoDraw = False
6185.7707 	EXP 	text: text = 9
6185.7707 	EXP 	text: autoDraw = False
6185.7707 	EXP 	text: text = 8
6185.7707 	EXP 	text: autoDraw = False
6185.7707 	EXP 	text: text = 7
6185.7707 	EXP 	text: autoDraw = False
6185.7707 	EXP 	text: text = 6
6185.7707 	EXP 	text: autoDraw = False
6185.7707 	EXP 	text: text = 5
6185.7707 	EXP 	text: autoDraw = False
6185.7707 	EXP 	text: text = 4
6185.7707 	EXP 	text: autoDraw = False
6185.7707 	EXP 	text: text = 3
6185.7707 	EXP 	text: autoDraw = False
6185.7707 	EXP 	text: text = 2
6185.7707 	EXP 	text: autoDraw = False
6185.7707 	EXP 	text: text = 1
6185.7707 	EXP 	text: autoDraw = False
6185.7707 	EXP 	text: text = 0
6185.7707 	EXP 	text: autoDraw = False
6185.8487 	EXP 	window1: mouseVisible = True
